<?xml version="1.0" encoding="UTF-8"?>
<TestRun id="7439d99f-e45b-43fe-82be-a0f9b95bd1fb" name="swalther@SWLAPTOP 2009-05-24 11:18:41" runUser="REDMOND\swalther" xmlns="http://microsoft.com/schemas/VisualStudio/TeamTest/2006">
  <TestRunConfiguration name="Default Run Configuration" id="b41bc105-9ce0-45c0-ac46-8a93df986c1d">
    <Deployment runDeploymentRoot="C:\Users\swalther\Documents\Books\AspNetMvcUnleashed\Chapter03 - Understanding Controllers\Code\CS\MvcApplication1\TestResults\swalther_SWLAPTOP 2009-05-24 11_18_41">
      <DeploymentItem filename="C:\Users\swalther\Documents\Books\AspNetMvcUnleashed\Chapter03 - Understanding Controllers\Code\CS\MvcApplication1\MvcApplication1\bin\MvcApplication1.dll" />
      <DeploymentItem filename="C:\Users\swalther\Documents\Books\AspNetMvcUnleashed\CommonCode\MvcFakes\MvcFakes\bin\Debug\MvcFakes.dll" />
    </Deployment>
    <Hosts skipUnhostableTests="false" />
    <TestTypeSpecific />
  </TestRunConfiguration>
  <ResultSummary outcome="Completed">
    <Counters total="2" executed="2" passed="2" error="0" failed="0" timeout="0" aborted="0" inconclusive="0" passedButRunAborted="0" notRunnable="0" notExecuted="0" disconnected="0" warning="0" completed="0" inProgress="0" pending="0" />
  </ResultSummary>
  <Times creation="2009-05-24T11:18:41.1876396-07:00" queuing="2009-05-24T11:18:44.5884614-07:00" start="2009-05-24T11:18:45.1032647-07:00" finish="2009-05-24T11:18:46.0704709-07:00" />
  <TestDefinitions>
    <UnitTest name="DetailsWithId" storage="c:\users\swalther\documents\books\aspnetmvcunleashed\chapter03 - understanding controllers\code\cs\mvcapplication1\mvcapplication1.tests\bin\debug\mvcapplication1.tests.dll" id="808a89bf-49ac-cfc8-7691-81f86c7c59d2">
      <Css projectStructure="" iteration="" />
      <Owners>
        <Owner name="" />
      </Owners>
      <Execution id="6ca1d321-5c04-4886-9b77-32e7ebb1b3c4" />
      <TestMethod codeBase="C:\Users\swalther\Documents\Books\AspNetMvcUnleashed\Chapter03 - Understanding Controllers\Code\CS\MvcApplication1\MvcApplication1.Tests\bin\Debug\MvcApplication1.Tests.dll" adapterTypeName="Microsoft.VisualStudio.TestTools.TestTypes.Unit.UnitTestAdapter, Microsoft.VisualStudio.QualityTools.Tips.UnitTest.Adapter, Version=9.0.0.0, Culture=neutral, PublicKeyToken=b03f5f7f11d50a3a" className="MvcApplication1.Tests.Controllers.PersonControllerTest, MvcApplication1.Tests" name="DetailsWithId" />
    </UnitTest>
    <UnitTest name="DetailsWithoutId" storage="c:\users\swalther\documents\books\aspnetmvcunleashed\chapter03 - understanding controllers\code\cs\mvcapplication1\mvcapplication1.tests\bin\debug\mvcapplication1.tests.dll" id="87f818f0-00e6-fee2-883a-0454d7044a56">
      <Css projectStructure="" iteration="" />
      <Owners>
        <Owner name="" />
      </Owners>
      <Execution id="56f6ff0e-ec5b-45cf-a733-46c381b067bd" />
      <TestMethod codeBase="C:\Users\swalther\Documents\Books\AspNetMvcUnleashed\Chapter03 - Understanding Controllers\Code\CS\MvcApplication1\MvcApplication1.Tests\bin\Debug\MvcApplication1.Tests.dll" adapterTypeName="Microsoft.VisualStudio.TestTools.TestTypes.Unit.UnitTestAdapter, Microsoft.VisualStudio.QualityTools.Tips.UnitTest.Adapter, Version=9.0.0.0, Culture=neutral, PublicKeyToken=b03f5f7f11d50a3a" className="MvcApplication1.Tests.Controllers.PersonControllerTest, MvcApplication1.Tests" name="DetailsWithoutId" />
    </UnitTest>
  </TestDefinitions>
  <TestLists>
    <TestList name="Results Not in a List" id="8c84fa94-04c1-424b-9868-57a2d4851a1d" />
    <TestList name="All Loaded Results" id="19431567-8539-422a-85d7-44ee4e166bda" />
  </TestLists>
  <TestEntries>
    <TestEntry testId="808a89bf-49ac-cfc8-7691-81f86c7c59d2" executionId="6ca1d321-5c04-4886-9b77-32e7ebb1b3c4" testListId="8c84fa94-04c1-424b-9868-57a2d4851a1d" />
    <TestEntry testId="87f818f0-00e6-fee2-883a-0454d7044a56" executionId="56f6ff0e-ec5b-45cf-a733-46c381b067bd" testListId="8c84fa94-04c1-424b-9868-57a2d4851a1d" />
  </TestEntries>
  <Results>
    <UnitTestResult executionId="6ca1d321-5c04-4886-9b77-32e7ebb1b3c4" testId="808a89bf-49ac-cfc8-7691-81f86c7c59d2" testName="DetailsWithId" computerName="SWLAPTOP" duration="00:00:00.0611833" startTime="2009-05-24T11:18:45.2280655-07:00" endTime="2009-05-24T11:18:45.9456701-07:00" testType="13cdc9d9-ddb5-4fa4-a97d-d965ccfc6d4b" outcome="Passed" testListId="8c84fa94-04c1-424b-9868-57a2d4851a1d">
      <Output>
      </Output>
    </UnitTestResult>
    <UnitTestResult executionId="56f6ff0e-ec5b-45cf-a733-46c381b067bd" testId="87f818f0-00e6-fee2-883a-0454d7044a56" testName="DetailsWithoutId" computerName="SWLAPTOP" duration="00:00:00.0206858" startTime="2009-05-24T11:18:45.9612702-07:00" endTime="2009-05-24T11:18:45.9924704-07:00" testType="13cdc9d9-ddb5-4fa4-a97d-d965ccfc6d4b" outcome="Passed" testListId="8c84fa94-04c1-424b-9868-57a2d4851a1d">
      <Output>
      </Output>
    </UnitTestResult>
  </Results>
</TestRun>