<?xml version="1.0" encoding="UTF-8"?>
<TestRun id="a0dbeba6-8854-4445-a531-894b02ac7ea4" name="swalther@SWLAPTOP 2009-02-13 17:39:08" runUser="REDMOND\swalther" xmlns="http://microsoft.com/schemas/VisualStudio/TeamTest/2006">
  <TestRunConfiguration name="Default Run Configuration" id="2711ea1f-b082-4235-a85d-6a477772e486">
    <Deployment runDeploymentRoot="C:\Users\swalther\Documents\Books\AspNetMvcUnleashed\Chapter03 - Understanding Controllers\Code\CS\MvcApplication1\TestResults\swalther_SWLAPTOP 2009-02-13 17_39_08">
      <DeploymentItem filename="C:\Users\swalther\Documents\Books\AspNetMvcUnleashed\Chapter03 - Understanding Controllers\Code\CS\MvcApplication1\MvcApplication1\bin\MvcApplication1.dll" />
    </Deployment>
    <Hosts skipUnhostableTests="false" />
    <TestTypeSpecific />
  </TestRunConfiguration>
  <ResultSummary outcome="Error">
    <Counters total="2" executed="2" passed="1" error="0" failed="0" timeout="0" aborted="1" inconclusive="0" passedButRunAborted="0" notRunnable="0" notExecuted="0" disconnected="0" warning="0" completed="0" inProgress="0" pending="0" />
    <RunInfos>
      <RunInfo computerName="SWLAPTOP" outcome="Error" timestamp="2009-02-13T17:39:29.4070000-08:00">
        <Text>Test host process exited unexpectedly.</Text>
      </RunInfo>
    </RunInfos>
  </ResultSummary>
  <Times creation="2009-02-13T17:39:08.8330000-08:00" queuing="2009-02-13T17:39:10.1080000-08:00" start="2009-02-13T17:39:10.3270000-08:00" finish="2009-02-13T17:39:29.4070000-08:00" />
  <TestDefinitions>
    <UnitTest name="DetailsWithId" storage="c:\users\swalther\documents\books\aspnetmvcunleashed\chapter03 - understanding controllers\code\cs\mvcapplication1\mvcapplication1.tests\bin\debug\mvcapplication1.tests.dll" id="808a89bf-49ac-cfc8-7691-81f86c7c59d2">
      <Css projectStructure="" iteration="" />
      <Owners>
        <Owner name="" />
      </Owners>
      <Execution id="6c4691a5-54a7-48c6-baf2-0f41718ff4b9" />
      <TestMethod codeBase="C:\Users\swalther\Documents\Books\AspNetMvcUnleashed\Chapter03 - Understanding Controllers\Code\CS\MvcApplication1\MvcApplication1.Tests\bin\Debug\MvcApplication1.Tests.dll" adapterTypeName="Microsoft.VisualStudio.TestTools.TestTypes.Unit.UnitTestAdapter, Microsoft.VisualStudio.QualityTools.Tips.UnitTest.Adapter, Version=9.0.0.0, Culture=neutral, PublicKeyToken=b03f5f7f11d50a3a" className="MvcApplication1.Tests.Controllers.PersonControllerTest, MvcApplication1.Tests" name="DetailsWithId" />
    </UnitTest>
    <UnitTest name="DetailsWithoutId" storage="c:\users\swalther\documents\books\aspnetmvcunleashed\chapter03 - understanding controllers\code\cs\mvcapplication1\mvcapplication1.tests\bin\debug\mvcapplication1.tests.dll" id="87f818f0-00e6-fee2-883a-0454d7044a56">
      <Css projectStructure="" iteration="" />
      <Owners>
        <Owner name="" />
      </Owners>
      <Execution id="b6ad8717-1294-4f3d-97ca-3f50f09101f7" />
      <TestMethod codeBase="C:\Users\swalther\Documents\Books\AspNetMvcUnleashed\Chapter03 - Understanding Controllers\Code\CS\MvcApplication1\MvcApplication1.Tests\bin\Debug\MvcApplication1.Tests.dll" adapterTypeName="Microsoft.VisualStudio.TestTools.TestTypes.Unit.UnitTestAdapter, Microsoft.VisualStudio.QualityTools.Tips.UnitTest.Adapter, Version=9.0.0.0, Culture=neutral, PublicKeyToken=b03f5f7f11d50a3a" className="MvcApplication1.Tests.Controllers.PersonControllerTest, MvcApplication1.Tests" name="DetailsWithoutId" />
    </UnitTest>
  </TestDefinitions>
  <TestLists>
    <TestList name="Results Not in a List" id="8c84fa94-04c1-424b-9868-57a2d4851a1d" />
    <TestList name="All Loaded Results" id="19431567-8539-422a-85d7-44ee4e166bda" />
  </TestLists>
  <TestEntries>
    <TestEntry testId="808a89bf-49ac-cfc8-7691-81f86c7c59d2" executionId="6c4691a5-54a7-48c6-baf2-0f41718ff4b9" testListId="8c84fa94-04c1-424b-9868-57a2d4851a1d" />
    <TestEntry testId="87f818f0-00e6-fee2-883a-0454d7044a56" executionId="4fd31add-1c3f-45b1-bd00-8ed15380acbc" testListId="8c84fa94-04c1-424b-9868-57a2d4851a1d" />
  </TestEntries>
  <Results>
    <UnitTestResult executionId="6c4691a5-54a7-48c6-baf2-0f41718ff4b9" testId="808a89bf-49ac-cfc8-7691-81f86c7c59d2" testName="DetailsWithId" computerName="SWLAPTOP" duration="00:00:00.0596371" startTime="2009-02-13T17:39:10.4250000-08:00" endTime="2009-02-13T17:39:10.9780000-08:00" testType="13cdc9d9-ddb5-4fa4-a97d-d965ccfc6d4b" outcome="Passed" testListId="8c84fa94-04c1-424b-9868-57a2d4851a1d">
      <Output>
      </Output>
    </UnitTestResult>
    <UnitTestResult executionId="4fd31add-1c3f-45b1-bd00-8ed15380acbc" testId="87f818f0-00e6-fee2-883a-0454d7044a56" testName="DetailsWithoutId" computerName="SWLAPTOP" duration="00:00:18.4260000" startTime="2009-02-13T17:39:10.9810000-08:00" endTime="2009-02-13T17:39:29.4070000-08:00" testType="13cdc9d9-ddb5-4fa4-a97d-d965ccfc6d4b" outcome="Aborted" testListId="8c84fa94-04c1-424b-9868-57a2d4851a1d">
    </UnitTestResult>
  </Results>
</TestRun>