<?xml version="1.0" encoding="UTF-8"?>
<TestRun id="fc8cb416-bbaa-4b67-81d5-26f0740806fa" name="swalther@SWLAPTOP 2009-02-13 17:36:33" runUser="REDMOND\swalther" xmlns="http://microsoft.com/schemas/VisualStudio/TeamTest/2006">
  <TestRunConfiguration name="Default Run Configuration" id="f0676fde-219e-429b-816c-347fa063acb6">
    <Deployment runDeploymentRoot="C:\Users\swalther\Documents\Books\AspNetMvcUnleashed\Chapter03 - Understanding Controllers\Code\CS\MvcApplication1\TestResults\swalther_SWLAPTOP 2009-02-13 17_36_33">
      <DeploymentItem filename="C:\Users\swalther\Documents\Books\AspNetMvcUnleashed\Chapter03 - Understanding Controllers\Code\CS\MvcApplication1\MvcApplication1\bin\MvcApplication1.dll" />
    </Deployment>
    <Hosts skipUnhostableTests="false" />
    <TestTypeSpecific />
  </TestRunConfiguration>
  <ResultSummary outcome="Failed">
    <Counters total="2" executed="2" passed="1" error="0" failed="1" timeout="0" aborted="0" inconclusive="0" passedButRunAborted="0" notRunnable="0" notExecuted="0" disconnected="0" warning="0" completed="0" inProgress="0" pending="0" />
  </ResultSummary>
  <Times creation="2009-02-13T17:36:33.6660000-08:00" queuing="2009-02-13T17:36:35.0430000-08:00" start="2009-02-13T17:36:35.2940000-08:00" finish="2009-02-13T17:36:36.1610000-08:00" />
  <TestDefinitions>
    <UnitTest name="DetailsWithId" storage="c:\users\swalther\documents\books\aspnetmvcunleashed\chapter03 - understanding controllers\code\cs\mvcapplication1\mvcapplication1.tests\bin\debug\mvcapplication1.tests.dll" id="808a89bf-49ac-cfc8-7691-81f86c7c59d2">
      <Css projectStructure="" iteration="" />
      <Owners>
        <Owner name="" />
      </Owners>
      <Execution id="89fba437-59e4-42ec-8f8d-0ca8f6e5e8f8" />
      <TestMethod codeBase="C:\Users\swalther\Documents\Books\AspNetMvcUnleashed\Chapter03 - Understanding Controllers\Code\CS\MvcApplication1\MvcApplication1.Tests\bin\Debug\MvcApplication1.Tests.dll" adapterTypeName="Microsoft.VisualStudio.TestTools.TestTypes.Unit.UnitTestAdapter, Microsoft.VisualStudio.QualityTools.Tips.UnitTest.Adapter, Version=9.0.0.0, Culture=neutral, PublicKeyToken=b03f5f7f11d50a3a" className="MvcApplication1.Tests.Controllers.PersonControllerTest, MvcApplication1.Tests" name="DetailsWithId" />
    </UnitTest>
    <UnitTest name="DetailsWithoutId" storage="c:\users\swalther\documents\books\aspnetmvcunleashed\chapter03 - understanding controllers\code\cs\mvcapplication1\mvcapplication1.tests\bin\debug\mvcapplication1.tests.dll" id="87f818f0-00e6-fee2-883a-0454d7044a56">
      <Css projectStructure="" iteration="" />
      <Owners>
        <Owner name="" />
      </Owners>
      <Execution id="b0806030-a7fd-42c3-9fd0-917ef5353119" />
      <TestMethod codeBase="C:\Users\swalther\Documents\Books\AspNetMvcUnleashed\Chapter03 - Understanding Controllers\Code\CS\MvcApplication1\MvcApplication1.Tests\bin\Debug\MvcApplication1.Tests.dll" adapterTypeName="Microsoft.VisualStudio.TestTools.TestTypes.Unit.UnitTestAdapter, Microsoft.VisualStudio.QualityTools.Tips.UnitTest.Adapter, Version=9.0.0.0, Culture=neutral, PublicKeyToken=b03f5f7f11d50a3a" className="MvcApplication1.Tests.Controllers.PersonControllerTest, MvcApplication1.Tests" name="DetailsWithoutId" />
    </UnitTest>
  </TestDefinitions>
  <TestLists>
    <TestList name="Results Not in a List" id="8c84fa94-04c1-424b-9868-57a2d4851a1d" />
    <TestList name="All Loaded Results" id="19431567-8539-422a-85d7-44ee4e166bda" />
  </TestLists>
  <TestEntries>
    <TestEntry testId="808a89bf-49ac-cfc8-7691-81f86c7c59d2" executionId="89fba437-59e4-42ec-8f8d-0ca8f6e5e8f8" testListId="8c84fa94-04c1-424b-9868-57a2d4851a1d" />
    <TestEntry testId="87f818f0-00e6-fee2-883a-0454d7044a56" executionId="b0806030-a7fd-42c3-9fd0-917ef5353119" testListId="8c84fa94-04c1-424b-9868-57a2d4851a1d" />
  </TestEntries>
  <Results>
    <UnitTestResult executionId="89fba437-59e4-42ec-8f8d-0ca8f6e5e8f8" testId="808a89bf-49ac-cfc8-7691-81f86c7c59d2" testName="DetailsWithId" computerName="SWLAPTOP" duration="00:00:00.0556564" startTime="2009-02-13T17:36:35.3870000-08:00" endTime="2009-02-13T17:36:35.9510000-08:00" testType="13cdc9d9-ddb5-4fa4-a97d-d965ccfc6d4b" outcome="Passed" testListId="8c84fa94-04c1-424b-9868-57a2d4851a1d">
      <Output>
      </Output>
    </UnitTestResult>
    <UnitTestResult executionId="b0806030-a7fd-42c3-9fd0-917ef5353119" testId="87f818f0-00e6-fee2-883a-0454d7044a56" testName="DetailsWithoutId" computerName="SWLAPTOP" duration="00:00:00.0833545" startTime="2009-02-13T17:36:35.9560000-08:00" endTime="2009-02-13T17:36:36.0450000-08:00" testType="13cdc9d9-ddb5-4fa4-a97d-d965ccfc6d4b" outcome="Failed" testListId="8c84fa94-04c1-424b-9868-57a2d4851a1d">
      <Output>
        <ErrorInfo>
          <Message>Test method MvcApplication1.Tests.Controllers.PersonControllerTest.DetailsWithoutId threw exception:  System.InvalidCastException: Unable to cast object of type 'System.Web.Mvc.RedirectToRouteResult' to type 'System.Web.Mvc.RedirectResult'..</Message>
          <StackTrace>    at MvcApplication1.Tests.Controllers.PersonControllerTest.DetailsWithoutId() in C:\Users\swalther\Documents\Books\AspNetMvcUnleashed\Chapter03 - Understanding Controllers\Code\CS\MvcApplication1\MvcApplication1.Tests\Controllers\PersonControllerTest.cs:line 36
</StackTrace>
        </ErrorInfo>
      </Output>
    </UnitTestResult>
  </Results>
</TestRun>