<?xml version="1.0" encoding="UTF-8"?>
<TestRun id="303bbb5b-6631-4603-804a-cf7fe656d9b1" name="swalther@SWLAPTOP 2009-02-13 19:00:25" runUser="REDMOND\swalther" xmlns="http://microsoft.com/schemas/VisualStudio/TeamTest/2006">
  <TestRunConfiguration name="Default Run Configuration" id="152f8de8-aab1-4026-814a-134404dde3fd">
    <Deployment runDeploymentRoot="C:\Users\swalther\Documents\Books\AspNetMvcUnleashed\Chapter03 - Understanding Controllers\Code\CS\MvcApplication1\TestResults\swalther_SWLAPTOP 2009-02-13 19_00_25">
      <DeploymentItem filename="C:\Users\swalther\Documents\Books\AspNetMvcUnleashed\Chapter03 - Understanding Controllers\Code\CS\MvcApplication1\MvcApplication1\bin\MvcApplication1.dll" />
      <DeploymentItem filename="C:\Users\swalther\Documents\Books\AspNetMvcUnleashed\CommonCode\MvcFakes\MvcFakes\bin\Debug\MvcFakes.dll" />
    </Deployment>
    <Hosts skipUnhostableTests="false" />
    <TestTypeSpecific />
  </TestRunConfiguration>
  <ResultSummary outcome="Failed">
    <Counters total="1" executed="1" error="0" failed="1" timeout="0" aborted="0" inconclusive="0" passedButRunAborted="0" notRunnable="0" notExecuted="0" disconnected="0" warning="0" passed="0" completed="0" inProgress="0" pending="0" />
  </ResultSummary>
  <Times creation="2009-02-13T19:00:25.9330000-08:00" queuing="2009-02-13T19:00:27.2680000-08:00" start="2009-02-13T19:00:27.5090000-08:00" finish="2009-02-13T19:00:28.4060000-08:00" />
  <TestDefinitions>
    <UnitTest name="TestMethod1" storage="c:\users\swalther\documents\books\aspnetmvcunleashed\chapter03 - understanding controllers\code\cs\mvcapplication1\mvcapplication1.tests\bin\debug\mvcapplication1.tests.dll" id="7065f294-a829-2179-9154-a9cb6a9a32b6">
      <Css projectStructure="" iteration="" />
      <Owners>
        <Owner name="" />
      </Owners>
      <Execution id="259edb4f-1705-44a0-b9bd-64c1defa9929" />
      <TestMethod codeBase="C:\Users\swalther\Documents\Books\AspNetMvcUnleashed\Chapter03 - Understanding Controllers\Code\CS\MvcApplication1\MvcApplication1.Tests\bin\Debug\MvcApplication1.Tests.dll" adapterTypeName="Microsoft.VisualStudio.TestTools.TestTypes.Unit.UnitTestAdapter, Microsoft.VisualStudio.QualityTools.Tips.UnitTest.Adapter, Version=9.0.0.0, Culture=neutral, PublicKeyToken=b03f5f7f11d50a3a" className="MvcApplication1.Tests.Controllers.WorkControllerTest, MvcApplication1.Tests" name="TestMethod1" />
    </UnitTest>
  </TestDefinitions>
  <TestLists>
    <TestList name="Results Not in a List" id="8c84fa94-04c1-424b-9868-57a2d4851a1d" />
    <TestList name="All Loaded Results" id="19431567-8539-422a-85d7-44ee4e166bda" />
  </TestLists>
  <TestEntries>
    <TestEntry testId="7065f294-a829-2179-9154-a9cb6a9a32b6" executionId="259edb4f-1705-44a0-b9bd-64c1defa9929" testListId="8c84fa94-04c1-424b-9868-57a2d4851a1d" />
  </TestEntries>
  <Results>
    <UnitTestResult executionId="259edb4f-1705-44a0-b9bd-64c1defa9929" testId="7065f294-a829-2179-9154-a9cb6a9a32b6" testName="TestMethod1" computerName="SWLAPTOP" duration="00:00:00.1796208" startTime="2009-02-13T19:00:27.6380000-08:00" endTime="2009-02-13T19:00:28.3350000-08:00" testType="13cdc9d9-ddb5-4fa4-a97d-d965ccfc6d4b" outcome="Failed" testListId="8c84fa94-04c1-424b-9868-57a2d4851a1d">
      <Output>
        <ErrorInfo>
          <Message>Test method MvcApplication1.Tests.Controllers.WorkControllerTest.TestMethod1 threw exception:  System.NotImplementedException: The method or operation is not implemented..</Message>
          <StackTrace>    at System.Web.HttpContextBase.get_Request()
   at System.Web.Mvc.AcceptVerbsAttribute.IsValidForRequest(ControllerContext controllerContext, MethodInfo methodInfo)
   at System.Web.Mvc.ActionMethodSelector.&lt;&gt;c__DisplayClass11.&lt;RunSelectionFilters&gt;b__d(ActionMethodSelectorAttribute attr)
   at System.Linq.Enumerable.All[TSource](IEnumerable`1 source, Func`2 predicate)
   at System.Web.Mvc.ActionMethodSelector.RunSelectionFilters(ControllerContext controllerContext, List`1 methodInfos)
   at System.Web.Mvc.ActionMethodSelector.FindActionMethod(ControllerContext controllerContext, String actionName)
   at System.Web.Mvc.ReflectedControllerDescriptor.FindAction(ControllerContext controllerContext, String actionName)
   at System.Web.Mvc.ControllerActionInvoker.FindAction(ControllerContext controllerContext, ControllerDescriptor controllerDescriptor, String actionName)
   at System.Web.Mvc.ControllerActionInvoker.InvokeAction(ControllerContext controllerContext, String actionName)
   at MvcApplication1.Tests.Controllers.WorkControllerTest.TestMethod1() in C:\Users\swalther\Documents\Books\AspNetMvcUnleashed\Chapter03 - Understanding Controllers\Code\CS\MvcApplication1\MvcApplication1.Tests\Controllers\WorkControllerTest.cs:line 27
</StackTrace>
        </ErrorInfo>
      </Output>
    </UnitTestResult>
  </Results>
</TestRun>