<?xml version="1.0" encoding="UTF-8"?>
<TestRun id="fd57d28c-df0b-4590-b1d8-baa528170af1" name="swalther@SWLAPTOP 2009-02-13 19:18:48" runUser="REDMOND\swalther" xmlns="http://microsoft.com/schemas/VisualStudio/TeamTest/2006">
  <TestRunConfiguration name="Default Run Configuration" id="668ee473-ca87-4797-943d-8f840832984e">
    <Deployment runDeploymentRoot="C:\Users\swalther\Documents\Books\AspNetMvcUnleashed\Chapter03 - Understanding Controllers\Code\CS\MvcApplication1\TestResults\swalther_SWLAPTOP 2009-02-13 19_18_48">
      <DeploymentItem filename="C:\Users\swalther\Documents\Books\AspNetMvcUnleashed\Chapter03 - Understanding Controllers\Code\CS\MvcApplication1\MvcApplication1\bin\MvcApplication1.dll" />
      <DeploymentItem filename="C:\Users\swalther\Documents\Books\AspNetMvcUnleashed\CommonCode\MvcFakes\MvcFakes\bin\Debug\MvcFakes.dll" />
    </Deployment>
    <Hosts skipUnhostableTests="false" />
    <TestTypeSpecific />
  </TestRunConfiguration>
  <ResultSummary outcome="Failed">
    <Counters total="3" executed="3" passed="2" error="0" failed="1" timeout="0" aborted="0" inconclusive="0" passedButRunAborted="0" notRunnable="0" notExecuted="0" disconnected="0" warning="0" completed="0" inProgress="0" pending="0" />
  </ResultSummary>
  <Times creation="2009-02-13T19:18:48.7130000-08:00" queuing="2009-02-13T19:18:50.0950000-08:00" start="2009-02-13T19:18:50.3480000-08:00" finish="2009-02-13T19:18:51.3580000-08:00" />
  <TestDefinitions>
    <UnitTest name="DetailsWithId" storage="c:\users\swalther\documents\books\aspnetmvcunleashed\chapter03 - understanding controllers\code\cs\mvcapplication1\mvcapplication1.tests\bin\debug\mvcapplication1.tests.dll" id="808a89bf-49ac-cfc8-7691-81f86c7c59d2">
      <Css projectStructure="" iteration="" />
      <Owners>
        <Owner name="" />
      </Owners>
      <Execution id="56aa1c63-089f-4e76-864c-0de0aefb18c4" />
      <TestMethod codeBase="C:\Users\swalther\Documents\Books\AspNetMvcUnleashed\Chapter03 - Understanding Controllers\Code\CS\MvcApplication1\MvcApplication1.Tests\bin\Debug\MvcApplication1.Tests.dll" adapterTypeName="Microsoft.VisualStudio.TestTools.TestTypes.Unit.UnitTestAdapter, Microsoft.VisualStudio.QualityTools.Tips.UnitTest.Adapter, Version=9.0.0.0, Culture=neutral, PublicKeyToken=b03f5f7f11d50a3a" className="MvcApplication1.Tests.Controllers.PersonControllerTest, MvcApplication1.Tests" name="DetailsWithId" />
    </UnitTest>
    <UnitTest name="DetailsWithoutId" storage="c:\users\swalther\documents\books\aspnetmvcunleashed\chapter03 - understanding controllers\code\cs\mvcapplication1\mvcapplication1.tests\bin\debug\mvcapplication1.tests.dll" id="87f818f0-00e6-fee2-883a-0454d7044a56">
      <Css projectStructure="" iteration="" />
      <Owners>
        <Owner name="" />
      </Owners>
      <Execution id="0f1ed9ce-245a-4e2a-a446-05261f953ac6" />
      <TestMethod codeBase="C:\Users\swalther\Documents\Books\AspNetMvcUnleashed\Chapter03 - Understanding Controllers\Code\CS\MvcApplication1\MvcApplication1.Tests\bin\Debug\MvcApplication1.Tests.dll" adapterTypeName="Microsoft.VisualStudio.TestTools.TestTypes.Unit.UnitTestAdapter, Microsoft.VisualStudio.QualityTools.Tips.UnitTest.Adapter, Version=9.0.0.0, Culture=neutral, PublicKeyToken=b03f5f7f11d50a3a" className="MvcApplication1.Tests.Controllers.PersonControllerTest, MvcApplication1.Tests" name="DetailsWithoutId" />
    </UnitTest>
    <UnitTest name="TestMethod1" storage="c:\users\swalther\documents\books\aspnetmvcunleashed\chapter03 - understanding controllers\code\cs\mvcapplication1\mvcapplication1.tests\bin\debug\mvcapplication1.tests.dll" id="7065f294-a829-2179-9154-a9cb6a9a32b6">
      <Css projectStructure="" iteration="" />
      <Owners>
        <Owner name="" />
      </Owners>
      <Execution id="a323229a-6f8e-433b-b23c-7cd6c881350a" />
      <TestMethod codeBase="C:\Users\swalther\Documents\Books\AspNetMvcUnleashed\Chapter03 - Understanding Controllers\Code\CS\MvcApplication1\MvcApplication1.Tests\bin\Debug\MvcApplication1.Tests.dll" adapterTypeName="Microsoft.VisualStudio.TestTools.TestTypes.Unit.UnitTestAdapter, Microsoft.VisualStudio.QualityTools.Tips.UnitTest.Adapter, Version=9.0.0.0, Culture=neutral, PublicKeyToken=b03f5f7f11d50a3a" className="MvcApplication1.Tests.Controllers.WorkControllerTest, MvcApplication1.Tests" name="TestMethod1" />
    </UnitTest>
  </TestDefinitions>
  <TestLists>
    <TestList name="Results Not in a List" id="8c84fa94-04c1-424b-9868-57a2d4851a1d" />
    <TestList name="All Loaded Results" id="19431567-8539-422a-85d7-44ee4e166bda" />
  </TestLists>
  <TestEntries>
    <TestEntry testId="808a89bf-49ac-cfc8-7691-81f86c7c59d2" executionId="56aa1c63-089f-4e76-864c-0de0aefb18c4" testListId="8c84fa94-04c1-424b-9868-57a2d4851a1d" />
    <TestEntry testId="87f818f0-00e6-fee2-883a-0454d7044a56" executionId="0f1ed9ce-245a-4e2a-a446-05261f953ac6" testListId="8c84fa94-04c1-424b-9868-57a2d4851a1d" />
    <TestEntry testId="7065f294-a829-2179-9154-a9cb6a9a32b6" executionId="a323229a-6f8e-433b-b23c-7cd6c881350a" testListId="8c84fa94-04c1-424b-9868-57a2d4851a1d" />
  </TestEntries>
  <Results>
    <UnitTestResult executionId="56aa1c63-089f-4e76-864c-0de0aefb18c4" testId="808a89bf-49ac-cfc8-7691-81f86c7c59d2" testName="DetailsWithId" computerName="SWLAPTOP" duration="00:00:00.0883390" startTime="2009-02-13T19:18:50.4590000-08:00" endTime="2009-02-13T19:18:51.0520000-08:00" testType="13cdc9d9-ddb5-4fa4-a97d-d965ccfc6d4b" outcome="Passed" testListId="8c84fa94-04c1-424b-9868-57a2d4851a1d">
      <Output>
      </Output>
    </UnitTestResult>
    <UnitTestResult executionId="0f1ed9ce-245a-4e2a-a446-05261f953ac6" testId="87f818f0-00e6-fee2-883a-0454d7044a56" testName="DetailsWithoutId" computerName="SWLAPTOP" duration="00:00:00.0153800" startTime="2009-02-13T19:18:51.0570000-08:00" endTime="2009-02-13T19:18:51.0760000-08:00" testType="13cdc9d9-ddb5-4fa4-a97d-d965ccfc6d4b" outcome="Passed" testListId="8c84fa94-04c1-424b-9868-57a2d4851a1d">
      <Output>
      </Output>
    </UnitTestResult>
    <UnitTestResult executionId="a323229a-6f8e-433b-b23c-7cd6c881350a" testId="7065f294-a829-2179-9154-a9cb6a9a32b6" testName="TestMethod1" computerName="SWLAPTOP" duration="00:00:00.1918361" startTime="2009-02-13T19:18:51.0830000-08:00" endTime="2009-02-13T19:18:51.2790000-08:00" testType="13cdc9d9-ddb5-4fa4-a97d-d965ccfc6d4b" outcome="Failed" testListId="8c84fa94-04c1-424b-9868-57a2d4851a1d">
      <Output>
        <ErrorInfo>
          <Message>Test method MvcApplication1.Tests.Controllers.WorkControllerTest.TestMethod1 threw exception:  System.InvalidOperationException: The view 'delete' or its master could not be found. The following locations were searched:
~/Views/work/delete.aspx
~/Views/work/delete.ascx
~/Views/Shared/delete.aspx
~/Views/Shared/delete.ascx.</Message>
          <StackTrace>    at System.Web.Mvc.ViewResult.FindView(ControllerContext context)
   at System.Web.Mvc.ViewResultBase.ExecuteResult(ControllerContext context)
   at System.Web.Mvc.ControllerActionInvoker.InvokeActionResult(ControllerContext controllerContext, ActionResult actionResult)
   at System.Web.Mvc.ControllerActionInvoker.&lt;&gt;c__DisplayClass11.&lt;InvokeActionResultWithFilters&gt;b__e()
   at System.Web.Mvc.ControllerActionInvoker.InvokeActionResultFilter(IResultFilter filter, ResultExecutingContext preContext, Func`1 continuation)
   at System.Web.Mvc.ControllerActionInvoker.&lt;&gt;c__DisplayClass11.&lt;&gt;c__DisplayClass13.&lt;InvokeActionResultWithFilters&gt;b__10()
   at System.Web.Mvc.ControllerActionInvoker.InvokeActionResultWithFilters(ControllerContext controllerContext, IList`1 filters, ActionResult actionResult)
   at System.Web.Mvc.ControllerActionInvoker.InvokeAction(ControllerContext controllerContext, String actionName)
   at MvcApplication1.Tests.Controllers.WorkControllerTest.TestMethod1() in C:\Users\swalther\Documents\Books\AspNetMvcUnleashed\Chapter03 - Understanding Controllers\Code\CS\MvcApplication1\MvcApplication1.Tests\Controllers\WorkControllerTest.cs:line 28
</StackTrace>
        </ErrorInfo>
      </Output>
    </UnitTestResult>
  </Results>
</TestRun>