<?xml version="1.0" encoding="UTF-8"?>
<TestRun id="49a3579d-4c16-4631-ba7f-e20fd0193451" name="swalther@SWLAPTOP 2009-05-02 22:57:59" runUser="REDMOND\swalther" xmlns="http://microsoft.com/schemas/VisualStudio/TeamTest/2006">
  <TestRunConfiguration name="Default Run Configuration" id="7124a82f-d5a7-4541-9673-f203985d9ab9">
    <Deployment runDeploymentRoot="C:\Users\swalther\Documents\Books\AspNetMvcUnleashed\Chapter12 - Authenticating Users\VB\MvcApplication1\TestResults\swalther_SWLAPTOP 2009-05-02 22_57_59">
      <DeploymentItem filename="C:\Users\swalther\Documents\Books\AspNetMvcUnleashed\Chapter12 - Authenticating Users\VB\MvcApplication1\MvcApplication1\bin\MvcApplication1.dll" />
    </Deployment>
    <Hosts skipUnhostableTests="false" />
    <TestTypeSpecific />
  </TestRunConfiguration>
  <ResultSummary outcome="Completed">
    <Counters total="1" executed="1" passed="1" error="0" failed="0" timeout="0" aborted="0" inconclusive="0" passedButRunAborted="0" notRunnable="0" notExecuted="0" disconnected="0" warning="0" completed="0" inProgress="0" pending="0" />
  </ResultSummary>
  <Times creation="2009-05-02T22:57:59.8332007-07:00" queuing="2009-05-02T22:58:01.6057323-07:00" start="2009-05-02T22:58:01.9828454-07:00" finish="2009-05-02T22:58:03.0611688-07:00" />
  <TestDefinitions>
    <UnitTest name="JackCanAccessIndex" storage="c:\users\swalther\documents\books\aspnetmvcunleashed\chapter12 - authenticating users\vb\mvcapplication1\mvcapplication1.tests\bin\debug\mvcapplication1.tests.dll" id="06db26a9-f81a-99fa-192e-ad198ca95276">
      <Css projectStructure="" iteration="" />
      <Owners>
        <Owner name="" />
      </Owners>
      <Execution id="00046605-d07e-4840-8a43-8dc59609730d" />
      <TestMethod codeBase="C:\Users\swalther\Documents\Books\AspNetMvcUnleashed\Chapter12 - Authenticating Users\VB\MvcApplication1\MvcApplication1.Tests\bin\Debug\MvcApplication1.Tests.dll" adapterTypeName="Microsoft.VisualStudio.TestTools.TestTypes.Unit.UnitTestAdapter, Microsoft.VisualStudio.QualityTools.Tips.UnitTest.Adapter, Version=9.0.0.0, Culture=neutral, PublicKeyToken=b03f5f7f11d50a3a" className="MvcApplication1.Tests.JackControllerTests, MvcApplication1.Tests" name="JackCanAccessIndex" />
    </UnitTest>
  </TestDefinitions>
  <TestLists>
    <TestList name="Results Not in a List" id="8c84fa94-04c1-424b-9868-57a2d4851a1d" />
    <TestList name="All Loaded Results" id="19431567-8539-422a-85d7-44ee4e166bda" />
  </TestLists>
  <TestEntries>
    <TestEntry testId="06db26a9-f81a-99fa-192e-ad198ca95276" executionId="00046605-d07e-4840-8a43-8dc59609730d" testListId="8c84fa94-04c1-424b-9868-57a2d4851a1d" />
  </TestEntries>
  <Results>
    <UnitTestResult executionId="00046605-d07e-4840-8a43-8dc59609730d" testId="06db26a9-f81a-99fa-192e-ad198ca95276" testName="JackCanAccessIndex" computerName="SWLAPTOP" duration="00:00:00.0585629" startTime="2009-05-02T22:58:02.1378919-07:00" endTime="2009-05-02T22:58:02.9821451-07:00" testType="13cdc9d9-ddb5-4fa4-a97d-d965ccfc6d4b" outcome="Passed" testListId="8c84fa94-04c1-424b-9868-57a2d4851a1d">
      <Output>
      </Output>
    </UnitTestResult>
  </Results>
</TestRun>