<?xml version="1.0" encoding="UTF-8"?>
<TestRun id="7fa9503d-f2f2-46c4-9879-1a138e98217b" name="swalther@SWLAPTOP 2009-05-02 22:55:52" runUser="REDMOND\swalther" xmlns="http://microsoft.com/schemas/VisualStudio/TeamTest/2006">
  <TestRunConfiguration name="Default Run Configuration" id="fe0ec328-dea7-4184-87bf-d0bdbce907d1">
    <Deployment runDeploymentRoot="C:\Users\swalther\Documents\Books\AspNetMvcUnleashed\Chapter12 - Authenticating Users\VB\MvcApplication1\TestResults\swalther_SWLAPTOP 2009-05-02 22_55_52">
      <DeploymentItem filename="C:\Users\swalther\Documents\Books\AspNetMvcUnleashed\Chapter12 - Authenticating Users\VB\MvcApplication1\MvcApplication1\bin\MvcApplication1.dll" />
    </Deployment>
    <Hosts skipUnhostableTests="false" />
    <TestTypeSpecific />
  </TestRunConfiguration>
  <ResultSummary outcome="Completed">
    <Counters total="1" executed="1" passed="1" error="0" failed="0" timeout="0" aborted="0" inconclusive="0" passedButRunAborted="0" notRunnable="0" notExecuted="0" disconnected="0" warning="0" completed="0" inProgress="0" pending="0" />
  </ResultSummary>
  <Times creation="2009-05-02T22:55:52.7430851-07:00" queuing="2009-05-02T22:55:55.7429848-07:00" start="2009-05-02T22:55:56.0190676-07:00" finish="2009-05-02T22:55:56.8373130-07:00" />
  <TestDefinitions>
    <UnitTest name="JackCanAccessIndex" storage="c:\users\swalther\documents\books\aspnetmvcunleashed\chapter12 - authenticating users\vb\mvcapplication1\mvcapplication1.tests\bin\debug\mvcapplication1.tests.dll" id="f3769181-deb5-50a0-04a5-9fc9f61f716b">
      <Css projectStructure="" iteration="" />
      <Owners>
        <Owner name="" />
      </Owners>
      <Execution id="3e0ba59a-4414-4ed6-935c-b62952bdccea" />
      <TestMethod codeBase="C:\Users\swalther\Documents\Books\AspNetMvcUnleashed\Chapter12 - Authenticating Users\VB\MvcApplication1\MvcApplication1.Tests\bin\Debug\MvcApplication1.Tests.dll" adapterTypeName="Microsoft.VisualStudio.TestTools.TestTypes.Unit.UnitTestAdapter, Microsoft.VisualStudio.QualityTools.Tips.UnitTest.Adapter, Version=9.0.0.0, Culture=neutral, PublicKeyToken=b03f5f7f11d50a3a" className="MvcApplication1.Tests.CompanyControllerTests, MvcApplication1.Tests" name="JackCanAccessIndex" />
    </UnitTest>
  </TestDefinitions>
  <TestLists>
    <TestList name="Results Not in a List" id="8c84fa94-04c1-424b-9868-57a2d4851a1d" />
    <TestList name="All Loaded Results" id="19431567-8539-422a-85d7-44ee4e166bda" />
  </TestLists>
  <TestEntries>
    <TestEntry testId="f3769181-deb5-50a0-04a5-9fc9f61f716b" executionId="3e0ba59a-4414-4ed6-935c-b62952bdccea" testListId="8c84fa94-04c1-424b-9868-57a2d4851a1d" />
  </TestEntries>
  <Results>
    <UnitTestResult executionId="3e0ba59a-4414-4ed6-935c-b62952bdccea" testId="f3769181-deb5-50a0-04a5-9fc9f61f716b" testName="JackCanAccessIndex" computerName="SWLAPTOP" duration="00:00:00.0563988" startTime="2009-05-02T22:55:56.1140961-07:00" endTime="2009-05-02T22:55:56.7442851-07:00" testType="13cdc9d9-ddb5-4fa4-a97d-d965ccfc6d4b" outcome="Passed" testListId="8c84fa94-04c1-424b-9868-57a2d4851a1d">
      <Output>
      </Output>
    </UnitTestResult>
  </Results>
</TestRun>