<?xml version="1.0" encoding="UTF-8"?>
<TestRun id="d4479f6d-8e31-4040-b827-063176979cb2" name="swalther@SWLAPTOP 2009-05-02 22:56:12" runUser="REDMOND\swalther" xmlns="http://microsoft.com/schemas/VisualStudio/TeamTest/2006">
  <TestRunConfiguration name="Default Run Configuration" id="970a9db4-5901-418d-a7f4-53df331971da">
    <Deployment runDeploymentRoot="C:\Users\swalther\Documents\Books\AspNetMvcUnleashed\Chapter12 - Authenticating Users\VB\MvcApplication1\TestResults\swalther_SWLAPTOP 2009-05-02 22_56_12">
      <DeploymentItem filename="C:\Users\swalther\Documents\Books\AspNetMvcUnleashed\Chapter12 - Authenticating Users\VB\MvcApplication1\MvcApplication1\bin\MvcApplication1.dll" />
    </Deployment>
    <Hosts skipUnhostableTests="false" />
    <TestTypeSpecific />
  </TestRunConfiguration>
  <ResultSummary outcome="Failed">
    <Counters total="1" executed="1" error="0" failed="1" timeout="0" aborted="0" inconclusive="0" passedButRunAborted="0" notRunnable="0" notExecuted="0" disconnected="0" warning="0" passed="0" completed="0" inProgress="0" pending="0" />
  </ResultSummary>
  <Times creation="2009-05-02T22:56:12.9541466-07:00" queuing="2009-05-02T22:56:15.1958189-07:00" start="2009-05-02T22:56:15.4478945-07:00" finish="2009-05-02T22:56:16.2381315-07:00" />
  <TestDefinitions>
    <UnitTest name="JackCanAccessIndex" storage="c:\users\swalther\documents\books\aspnetmvcunleashed\chapter12 - authenticating users\vb\mvcapplication1\mvcapplication1.tests\bin\debug\mvcapplication1.tests.dll" id="f3769181-deb5-50a0-04a5-9fc9f61f716b">
      <Css projectStructure="" iteration="" />
      <Owners>
        <Owner name="" />
      </Owners>
      <Execution id="6d808f0f-8be5-4e6e-a295-b1264b00c786" />
      <TestMethod codeBase="C:\Users\swalther\Documents\Books\AspNetMvcUnleashed\Chapter12 - Authenticating Users\VB\MvcApplication1\MvcApplication1.Tests\bin\Debug\MvcApplication1.Tests.dll" adapterTypeName="Microsoft.VisualStudio.TestTools.TestTypes.Unit.UnitTestAdapter, Microsoft.VisualStudio.QualityTools.Tips.UnitTest.Adapter, Version=9.0.0.0, Culture=neutral, PublicKeyToken=b03f5f7f11d50a3a" className="MvcApplication1.Tests.CompanyControllerTests, MvcApplication1.Tests" name="JackCanAccessIndex" />
    </UnitTest>
  </TestDefinitions>
  <TestLists>
    <TestList name="Results Not in a List" id="8c84fa94-04c1-424b-9868-57a2d4851a1d" />
    <TestList name="All Loaded Results" id="19431567-8539-422a-85d7-44ee4e166bda" />
  </TestLists>
  <TestEntries>
    <TestEntry testId="f3769181-deb5-50a0-04a5-9fc9f61f716b" executionId="6d808f0f-8be5-4e6e-a295-b1264b00c786" testListId="8c84fa94-04c1-424b-9868-57a2d4851a1d" />
  </TestEntries>
  <Results>
    <UnitTestResult executionId="6d808f0f-8be5-4e6e-a295-b1264b00c786" testId="f3769181-deb5-50a0-04a5-9fc9f61f716b" testName="JackCanAccessIndex" computerName="SWLAPTOP" duration="00:00:00.0788665" startTime="2009-05-02T22:56:15.5749326-07:00" endTime="2009-05-02T22:56:16.1631090-07:00" testType="13cdc9d9-ddb5-4fa4-a97d-d965ccfc6d4b" outcome="Failed" testListId="8c84fa94-04c1-424b-9868-57a2d4851a1d">
      <Output>
        <ErrorInfo>
          <Message>Assert.AreEqual failed. Expected:&lt;Jackk&gt;. Actual:&lt;Jack&gt;. </Message>
          <StackTrace>   at MvcApplication1.Tests.CompanyControllerTests.JackCanAccessIndex() in C:\Users\swalther\Documents\Books\AspNetMvcUnleashed\Chapter12 - Authenticating Users\VB\MvcApplication1\MvcApplication1.Tests\Controllers\CompanyControllerTests.vb:line 17
</StackTrace>
        </ErrorInfo>
      </Output>
    </UnitTestResult>
  </Results>
</TestRun>