<?xml version="1.0" encoding="UTF-8"?>
<TestRun id="ae9abc46-8fb5-4e6d-bbda-ba2830b24caf" name="swalther@SWLAPTOP 2009-05-02 19:24:25" runUser="REDMOND\swalther" xmlns="http://microsoft.com/schemas/VisualStudio/TeamTest/2006">
  <TestRunConfiguration name="Default Run Configuration" id="3a151719-c8af-453b-8836-6b4405e51105">
    <Deployment runDeploymentRoot="C:\Users\swalther\Documents\Books\AspNetMvcUnleashed\Chapter12 - Authenticating Users\CS\MvcApplication1\TestResults\swalther_SWLAPTOP 2009-05-02 19_24_25">
      <DeploymentItem filename="C:\Users\swalther\Documents\Books\AspNetMvcUnleashed\CommonCode\MvcFakes\MvcFakes\bin\Debug\MvcFakes.dll" />
      <DeploymentItem filename="C:\Users\swalther\Documents\Books\AspNetMvcUnleashed\Chapter12 - Authenticating Users\CS\MvcApplication1\MvcApplication1\bin\MvcApplication1.dll" />
    </Deployment>
    <Hosts skipUnhostableTests="false" />
    <TestTypeSpecific />
  </TestRunConfiguration>
  <ResultSummary outcome="Error">
    <Counters total="1" executed="1" error="0" failed="0" timeout="0" aborted="1" inconclusive="0" passedButRunAborted="0" notRunnable="0" notExecuted="0" disconnected="0" warning="0" passed="0" completed="0" inProgress="0" pending="0" />
    <RunInfos>
      <RunInfo computerName="SWLAPTOP" outcome="Error" timestamp="2009-05-02T19:24:42.2224799-07:00">
        <Text>Test host process exited unexpectedly.</Text>
      </RunInfo>
    </RunInfos>
  </ResultSummary>
  <Times creation="2009-05-02T19:24:25.0094799-07:00" queuing="2009-05-02T19:24:26.3024799-07:00" start="2009-05-02T19:24:26.6044799-07:00" finish="2009-05-02T19:24:42.2234799-07:00" />
  <TestDefinitions>
    <UnitTest name="JillCanAccessSuperSecrets" storage="c:\users\swalther\documents\books\aspnetmvcunleashed\chapter12 - authenticating users\cs\mvcapplication1\mvcapplication1.tests\bin\debug\mvcapplication1.tests.dll" id="65fab5fa-5fd6-16b7-e7ab-9d608189f2b1">
      <Css projectStructure="" iteration="" />
      <Owners>
        <Owner name="" />
      </Owners>
      <Execution id="550eb321-ef05-4127-bb2b-b6519f5c2d82" />
      <TestMethod codeBase="C:\Users\swalther\Documents\Books\AspNetMvcUnleashed\Chapter12 - Authenticating Users\CS\MvcApplication1\MvcApplication1.Tests\bin\Debug\MvcApplication1.Tests.dll" adapterTypeName="Microsoft.VisualStudio.TestTools.TestTypes.Unit.UnitTestAdapter, Microsoft.VisualStudio.QualityTools.Tips.UnitTest.Adapter, Version=9.0.0.0, Culture=neutral, PublicKeyToken=b03f5f7f11d50a3a" className="MvcApplication1.Tests.Controllers.CompanyControllerTests, MvcApplication1.Tests" name="JillCanAccessSuperSecrets" />
    </UnitTest>
  </TestDefinitions>
  <TestLists>
    <TestList name="Results Not in a List" id="8c84fa94-04c1-424b-9868-57a2d4851a1d" />
    <TestList name="All Loaded Results" id="19431567-8539-422a-85d7-44ee4e166bda" />
  </TestLists>
  <TestEntries>
    <TestEntry testId="65fab5fa-5fd6-16b7-e7ab-9d608189f2b1" executionId="6148da4a-40d8-47c1-9417-c2c8abb7f4bc" testListId="8c84fa94-04c1-424b-9868-57a2d4851a1d" />
  </TestEntries>
  <Results>
    <UnitTestResult executionId="6148da4a-40d8-47c1-9417-c2c8abb7f4bc" testId="65fab5fa-5fd6-16b7-e7ab-9d608189f2b1" testName="JillCanAccessSuperSecrets" computerName="SWLAPTOP" duration="00:00:15.5070000" startTime="2009-05-02T19:24:26.7164799-07:00" endTime="2009-05-02T19:24:42.2234799-07:00" testType="13cdc9d9-ddb5-4fa4-a97d-d965ccfc6d4b" outcome="Aborted" testListId="8c84fa94-04c1-424b-9868-57a2d4851a1d">
    </UnitTestResult>
  </Results>
</TestRun>