<?xml version="1.0" encoding="UTF-8"?>
<TestRun id="e551b81b-c8fa-4cec-bad0-6636caded68c" name="swalther@SWLAPTOP 2009-05-02 19:25:29" runUser="REDMOND\swalther" xmlns="http://microsoft.com/schemas/VisualStudio/TeamTest/2006">
  <TestRunConfiguration name="Default Run Configuration" id="b5ee12d2-adec-4256-95b5-9486e4f946ad">
    <Deployment runDeploymentRoot="C:\Users\swalther\Documents\Books\AspNetMvcUnleashed\Chapter12 - Authenticating Users\CS\MvcApplication1\TestResults\swalther_SWLAPTOP 2009-05-02 19_25_29">
      <DeploymentItem filename="C:\Users\swalther\Documents\Books\AspNetMvcUnleashed\CommonCode\MvcFakes\MvcFakes\bin\Debug\MvcFakes.dll" />
      <DeploymentItem filename="C:\Users\swalther\Documents\Books\AspNetMvcUnleashed\Chapter12 - Authenticating Users\CS\MvcApplication1\MvcApplication1\bin\MvcApplication1.dll" />
    </Deployment>
    <Hosts skipUnhostableTests="false" />
    <TestTypeSpecific />
  </TestRunConfiguration>
  <ResultSummary outcome="Error">
    <Counters total="1" executed="1" error="0" failed="0" timeout="0" aborted="1" inconclusive="0" passedButRunAborted="0" notRunnable="0" notExecuted="0" disconnected="0" warning="0" passed="0" completed="0" inProgress="0" pending="0" />
    <RunInfos>
      <RunInfo computerName="SWLAPTOP" outcome="Error" timestamp="2009-05-02T19:26:13.6644799-07:00">
        <Text>Test host process exited unexpectedly.</Text>
      </RunInfo>
    </RunInfos>
  </ResultSummary>
  <Times creation="2009-05-02T19:25:29.0614799-07:00" queuing="2009-05-02T19:25:30.3934799-07:00" start="2009-05-02T19:25:30.6844799-07:00" finish="2009-05-02T19:26:13.6654799-07:00" />
  <TestDefinitions>
    <UnitTest name="JillCanAccessSuperSecrets" storage="c:\users\swalther\documents\books\aspnetmvcunleashed\chapter12 - authenticating users\cs\mvcapplication1\mvcapplication1.tests\bin\debug\mvcapplication1.tests.dll" id="65fab5fa-5fd6-16b7-e7ab-9d608189f2b1">
      <Css projectStructure="" iteration="" />
      <Owners>
        <Owner name="" />
      </Owners>
      <Execution id="88cbbadc-ca2f-403e-bee2-6734c9255566" />
      <TestMethod codeBase="C:\Users\swalther\Documents\Books\AspNetMvcUnleashed\Chapter12 - Authenticating Users\CS\MvcApplication1\MvcApplication1.Tests\bin\Debug\MvcApplication1.Tests.dll" adapterTypeName="Microsoft.VisualStudio.TestTools.TestTypes.Unit.UnitTestAdapter, Microsoft.VisualStudio.QualityTools.Tips.UnitTest.Adapter, Version=9.0.0.0, Culture=neutral, PublicKeyToken=b03f5f7f11d50a3a" className="MvcApplication1.Tests.Controllers.CompanyControllerTests, MvcApplication1.Tests" name="JillCanAccessSuperSecrets" />
    </UnitTest>
  </TestDefinitions>
  <TestLists>
    <TestList name="Results Not in a List" id="8c84fa94-04c1-424b-9868-57a2d4851a1d" />
    <TestList name="All Loaded Results" id="19431567-8539-422a-85d7-44ee4e166bda" />
  </TestLists>
  <TestEntries>
    <TestEntry testId="65fab5fa-5fd6-16b7-e7ab-9d608189f2b1" executionId="bbf47d57-0a29-41c3-90c5-6d5b19ff2267" testListId="8c84fa94-04c1-424b-9868-57a2d4851a1d" />
  </TestEntries>
  <Results>
    <UnitTestResult executionId="bbf47d57-0a29-41c3-90c5-6d5b19ff2267" testId="65fab5fa-5fd6-16b7-e7ab-9d608189f2b1" testName="JillCanAccessSuperSecrets" computerName="SWLAPTOP" duration="00:00:42.8250000" startTime="2009-05-02T19:25:30.8394799-07:00" endTime="2009-05-02T19:26:13.6644799-07:00" testType="13cdc9d9-ddb5-4fa4-a97d-d965ccfc6d4b" outcome="Aborted" testListId="8c84fa94-04c1-424b-9868-57a2d4851a1d">
    </UnitTestResult>
  </Results>
</TestRun>