<?xml version="1.0" encoding="UTF-8"?>
<TestRun id="5f3b1519-ab30-4113-bb5a-4cb622ccf16f" name="swalther@SWLAPTOP 2009-05-02 19:20:41" runUser="REDMOND\swalther" xmlns="http://microsoft.com/schemas/VisualStudio/TeamTest/2006">
  <TestRunConfiguration name="Default Run Configuration" id="95c65ca9-8736-4fc6-9d50-2382ca20d3cd">
    <Deployment runDeploymentRoot="C:\Users\swalther\Documents\Books\AspNetMvcUnleashed\Chapter12 - Authenticating Users\CS\MvcApplication1\TestResults\swalther_SWLAPTOP 2009-05-02 19_20_41">
      <DeploymentItem filename="C:\Users\swalther\Documents\Books\AspNetMvcUnleashed\CommonCode\MvcFakes\MvcFakes\bin\Debug\MvcFakes.dll" />
      <DeploymentItem filename="C:\Users\swalther\Documents\Books\AspNetMvcUnleashed\Chapter12 - Authenticating Users\CS\MvcApplication1\MvcApplication1\bin\MvcApplication1.dll" />
    </Deployment>
    <Hosts skipUnhostableTests="false" />
    <TestTypeSpecific />
  </TestRunConfiguration>
  <ResultSummary outcome="Completed">
    <Counters total="1" executed="1" passed="1" error="0" failed="0" timeout="0" aborted="0" inconclusive="0" passedButRunAborted="0" notRunnable="0" notExecuted="0" disconnected="0" warning="0" completed="0" inProgress="0" pending="0" />
  </ResultSummary>
  <Times creation="2009-05-02T19:20:41.6224799-07:00" queuing="2009-05-02T19:20:42.8744799-07:00" start="2009-05-02T19:20:43.1354799-07:00" finish="2009-05-02T19:20:43.9984799-07:00" />
  <TestDefinitions>
    <UnitTest name="JillCanAccessSuperSecrets" storage="c:\users\swalther\documents\books\aspnetmvcunleashed\chapter12 - authenticating users\cs\mvcapplication1\mvcapplication1.tests\bin\debug\mvcapplication1.tests.dll" id="65fab5fa-5fd6-16b7-e7ab-9d608189f2b1">
      <Css projectStructure="" iteration="" />
      <Owners>
        <Owner name="" />
      </Owners>
      <Execution id="77ffe2a4-2498-4c61-b49a-3236fd233751" />
      <TestMethod codeBase="C:\Users\swalther\Documents\Books\AspNetMvcUnleashed\Chapter12 - Authenticating Users\CS\MvcApplication1\MvcApplication1.Tests\bin\Debug\MvcApplication1.Tests.dll" adapterTypeName="Microsoft.VisualStudio.TestTools.TestTypes.Unit.UnitTestAdapter, Microsoft.VisualStudio.QualityTools.Tips.UnitTest.Adapter, Version=9.0.0.0, Culture=neutral, PublicKeyToken=b03f5f7f11d50a3a" className="MvcApplication1.Tests.Controllers.CompanyControllerTests, MvcApplication1.Tests" name="JillCanAccessSuperSecrets" />
    </UnitTest>
  </TestDefinitions>
  <TestLists>
    <TestList name="Results Not in a List" id="8c84fa94-04c1-424b-9868-57a2d4851a1d" />
    <TestList name="All Loaded Results" id="19431567-8539-422a-85d7-44ee4e166bda" />
  </TestLists>
  <TestEntries>
    <TestEntry testId="65fab5fa-5fd6-16b7-e7ab-9d608189f2b1" executionId="77ffe2a4-2498-4c61-b49a-3236fd233751" testListId="8c84fa94-04c1-424b-9868-57a2d4851a1d" />
  </TestEntries>
  <Results>
    <UnitTestResult executionId="77ffe2a4-2498-4c61-b49a-3236fd233751" testId="65fab5fa-5fd6-16b7-e7ab-9d608189f2b1" testName="JillCanAccessSuperSecrets" computerName="SWLAPTOP" duration="00:00:00.1296726" startTime="2009-05-02T19:20:43.2384799-07:00" endTime="2009-05-02T19:20:43.9114799-07:00" testType="13cdc9d9-ddb5-4fa4-a97d-d965ccfc6d4b" outcome="Passed" testListId="8c84fa94-04c1-424b-9868-57a2d4851a1d">
      <Output>
      </Output>
    </UnitTestResult>
  </Results>
</TestRun>