<?xml version="1.0" encoding="UTF-8"?>
<TestRun id="efc88fe8-7dbe-4950-8fdb-46f8cf446988" name="swalther@SWLAPTOP 2009-05-02 19:35:39" runUser="REDMOND\swalther" xmlns="http://microsoft.com/schemas/VisualStudio/TeamTest/2006">
  <TestRunConfiguration name="Default Run Configuration" id="a6b9573b-045d-45da-ae9d-9daa5b8f378b">
    <Deployment runDeploymentRoot="C:\Users\swalther\Documents\Books\AspNetMvcUnleashed\Chapter12 - Authenticating Users\CS\MvcApplication1\TestResults\swalther_SWLAPTOP 2009-05-02 19_35_39">
      <DeploymentItem filename="C:\Users\swalther\Documents\Books\AspNetMvcUnleashed\CommonCode\MvcFakes\MvcFakes\bin\Debug\MvcFakes.dll" />
      <DeploymentItem filename="C:\Users\swalther\Documents\Books\AspNetMvcUnleashed\Chapter12 - Authenticating Users\CS\MvcApplication1\MvcApplication1\bin\MvcApplication1.dll" />
    </Deployment>
    <Hosts skipUnhostableTests="false" />
    <TestTypeSpecific />
  </TestRunConfiguration>
  <ResultSummary outcome="Failed">
    <Counters total="1" executed="1" error="0" failed="1" timeout="0" aborted="0" inconclusive="0" passedButRunAborted="0" notRunnable="0" notExecuted="0" disconnected="0" warning="0" passed="0" completed="0" inProgress="0" pending="0" />
  </ResultSummary>
  <Times creation="2009-05-02T19:35:39.5058602-07:00" queuing="2009-05-02T19:35:40.8589955-07:00" start="2009-05-02T19:35:41.1210217-07:00" finish="2009-05-02T19:35:42.0711167-07:00" />
  <TestDefinitions>
    <UnitTest name="JillCanAccessSuperSecrets" storage="c:\users\swalther\documents\books\aspnetmvcunleashed\chapter12 - authenticating users\cs\mvcapplication1\mvcapplication1.tests\bin\debug\mvcapplication1.tests.dll" id="65fab5fa-5fd6-16b7-e7ab-9d608189f2b1">
      <Css projectStructure="" iteration="" />
      <Owners>
        <Owner name="" />
      </Owners>
      <Execution id="8a8316ba-7000-47ff-9ca2-bc9f21614d90" />
      <TestMethod codeBase="C:\Users\swalther\Documents\Books\AspNetMvcUnleashed\Chapter12 - Authenticating Users\CS\MvcApplication1\MvcApplication1.Tests\bin\Debug\MvcApplication1.Tests.dll" adapterTypeName="Microsoft.VisualStudio.TestTools.TestTypes.Unit.UnitTestAdapter, Microsoft.VisualStudio.QualityTools.Tips.UnitTest.Adapter, Version=9.0.0.0, Culture=neutral, PublicKeyToken=b03f5f7f11d50a3a" className="MvcApplication1.Tests.Controllers.CompanyControllerTests, MvcApplication1.Tests" name="JillCanAccessSuperSecrets" />
    </UnitTest>
  </TestDefinitions>
  <TestLists>
    <TestList name="Results Not in a List" id="8c84fa94-04c1-424b-9868-57a2d4851a1d" />
    <TestList name="All Loaded Results" id="19431567-8539-422a-85d7-44ee4e166bda" />
  </TestLists>
  <TestEntries>
    <TestEntry testId="65fab5fa-5fd6-16b7-e7ab-9d608189f2b1" executionId="8a8316ba-7000-47ff-9ca2-bc9f21614d90" testListId="8c84fa94-04c1-424b-9868-57a2d4851a1d" />
  </TestEntries>
  <Results>
    <UnitTestResult executionId="8a8316ba-7000-47ff-9ca2-bc9f21614d90" testId="65fab5fa-5fd6-16b7-e7ab-9d608189f2b1" testName="JillCanAccessSuperSecrets" computerName="SWLAPTOP" duration="00:00:00.1872536" startTime="2009-05-02T19:35:41.2170313-07:00" endTime="2009-05-02T19:35:41.9741070-07:00" testType="13cdc9d9-ddb5-4fa4-a97d-d965ccfc6d4b" outcome="Failed" testListId="8c84fa94-04c1-424b-9868-57a2d4851a1d">
      <Output>
        <ErrorInfo>
          <Message>Test method MvcApplication1.Tests.Controllers.CompanyControllerTests.JillCanAccessSuperSecrets threw exception:  System.InvalidOperationException: The RouteData must contain an item named 'action' with a non-empty string value..</Message>
          <StackTrace>    at System.Web.Routing.RouteData.GetRequiredString(String valueName)
   at System.Web.Mvc.ViewResultBase.ExecuteResult(ControllerContext context)
   at System.Web.Mvc.ControllerActionInvoker.InvokeActionResult(ControllerContext controllerContext, ActionResult actionResult)
   at System.Web.Mvc.ControllerActionInvoker.&lt;&gt;c__DisplayClass11.&lt;InvokeActionResultWithFilters&gt;b__e()
   at System.Web.Mvc.ControllerActionInvoker.InvokeActionResultFilter(IResultFilter filter, ResultExecutingContext preContext, Func`1 continuation)
   at System.Web.Mvc.ControllerActionInvoker.&lt;&gt;c__DisplayClass11.&lt;&gt;c__DisplayClass13.&lt;InvokeActionResultWithFilters&gt;b__10()
   at System.Web.Mvc.ControllerActionInvoker.InvokeActionResultWithFilters(ControllerContext controllerContext, IList`1 filters, ActionResult actionResult)
   at System.Web.Mvc.ControllerActionInvoker.InvokeAction(ControllerContext controllerContext, String actionName)
   at MvcApplication1.Tests.Controllers.CompanyControllerTests.JillCanAccessSuperSecrets() in C:\Users\swalther\Documents\Books\AspNetMvcUnleashed\Chapter12 - Authenticating Users\CS\MvcApplication1\MvcApplication1.Tests\Controllers\CompanyControllerTests.cs:line 19
</StackTrace>
        </ErrorInfo>
      </Output>
    </UnitTestResult>
  </Results>
</TestRun>