<?xml version="1.0" encoding="UTF-8"?>
<TestRun id="33165178-78da-44e1-8624-20a941056201" name="swalther@SWLAPTOP 2009-05-25 00:02:48" runUser="REDMOND\swalther" xmlns="http://microsoft.com/schemas/VisualStudio/TeamTest/2006">
  <TestRunConfiguration name="Default Run Configuration" id="f33b9e54-743b-4897-94c5-d084be9be1e2">
    <Deployment runDeploymentRoot="C:\Users\swalther\Documents\Books\AspNetMvcUnleashed\Chapter12 - Authenticating Users\CS\MvcApplication1\TestResults\swalther_SWLAPTOP 2009-05-25 00_02_48">
      <DeploymentItem filename="C:\Users\swalther\Documents\Books\AspNetMvcUnleashed\Chapter12 - Authenticating Users\CS\MvcApplication1\MvcApplication1\bin\MvcApplication1.dll" />
    </Deployment>
    <Hosts skipUnhostableTests="false" />
    <TestTypeSpecific />
  </TestRunConfiguration>
  <ResultSummary outcome="Completed">
    <Counters total="2" executed="2" passed="2" error="0" failed="0" timeout="0" aborted="0" inconclusive="0" passedButRunAborted="0" notRunnable="0" notExecuted="0" disconnected="0" warning="0" completed="0" inProgress="0" pending="0" />
  </ResultSummary>
  <Times creation="2009-05-25T00:02:48.1286692-07:00" queuing="2009-05-25T00:02:49.6571850-07:00" start="2009-05-25T00:02:49.9379328-07:00" finish="2009-05-25T00:02:50.8113704-07:00" />
  <TestDefinitions>
    <UnitTest name="JackCannotAccessIndex" storage="c:\users\swalther\documents\books\aspnetmvcunleashed\chapter12 - authenticating users\cs\mvcapplication1\mvcapplication1.tests\bin\debug\mvcapplication1.tests.dll" id="64704359-1876-1f4e-c418-78b2eab94660">
      <Css projectStructure="" iteration="" />
      <Owners>
        <Owner name="" />
      </Owners>
      <Execution id="36132a2d-dde7-407a-a0d3-6ce5b7c02e61" />
      <TestMethod codeBase="C:\Users\swalther\Documents\Books\AspNetMvcUnleashed\Chapter12 - Authenticating Users\CS\MvcApplication1\MvcApplication1.Tests\bin\Debug\MvcApplication1.Tests.dll" adapterTypeName="Microsoft.VisualStudio.TestTools.TestTypes.Unit.UnitTestAdapter, Microsoft.VisualStudio.QualityTools.Tips.UnitTest.Adapter, Version=9.0.0.0, Culture=neutral, PublicKeyToken=b03f5f7f11d50a3a" className="MvcApplication1.Tests.Controllers.JillControllerTests, MvcApplication1.Tests" name="JackCannotAccessIndex" />
    </UnitTest>
    <UnitTest name="JillCanAccessIndex" storage="c:\users\swalther\documents\books\aspnetmvcunleashed\chapter12 - authenticating users\cs\mvcapplication1\mvcapplication1.tests\bin\debug\mvcapplication1.tests.dll" id="bf563958-347d-3f3b-4390-4d19188f0210">
      <Css projectStructure="" iteration="" />
      <Owners>
        <Owner name="" />
      </Owners>
      <Execution id="d8b68561-23d4-46c6-b5a4-aea701809dad" />
      <TestMethod codeBase="C:\Users\swalther\Documents\Books\AspNetMvcUnleashed\Chapter12 - Authenticating Users\CS\MvcApplication1\MvcApplication1.Tests\bin\Debug\MvcApplication1.Tests.dll" adapterTypeName="Microsoft.VisualStudio.TestTools.TestTypes.Unit.UnitTestAdapter, Microsoft.VisualStudio.QualityTools.Tips.UnitTest.Adapter, Version=9.0.0.0, Culture=neutral, PublicKeyToken=b03f5f7f11d50a3a" className="MvcApplication1.Tests.Controllers.JillControllerTests, MvcApplication1.Tests" name="JillCanAccessIndex" />
    </UnitTest>
  </TestDefinitions>
  <TestLists>
    <TestList name="Results Not in a List" id="8c84fa94-04c1-424b-9868-57a2d4851a1d" />
    <TestList name="All Loaded Results" id="19431567-8539-422a-85d7-44ee4e166bda" />
  </TestLists>
  <TestEntries>
    <TestEntry testId="64704359-1876-1f4e-c418-78b2eab94660" executionId="36132a2d-dde7-407a-a0d3-6ce5b7c02e61" testListId="8c84fa94-04c1-424b-9868-57a2d4851a1d" />
    <TestEntry testId="bf563958-347d-3f3b-4390-4d19188f0210" executionId="d8b68561-23d4-46c6-b5a4-aea701809dad" testListId="8c84fa94-04c1-424b-9868-57a2d4851a1d" />
  </TestEntries>
  <Results>
    <UnitTestResult executionId="36132a2d-dde7-407a-a0d3-6ce5b7c02e61" testId="64704359-1876-1f4e-c418-78b2eab94660" testName="JackCannotAccessIndex" computerName="SWLAPTOP" duration="00:00:00.0647352" startTime="2009-05-25T00:02:50.0471125-07:00" endTime="2009-05-25T00:02:50.7333849-07:00" testType="13cdc9d9-ddb5-4fa4-a97d-d965ccfc6d4b" outcome="Passed" testListId="8c84fa94-04c1-424b-9868-57a2d4851a1d">
      <Output>
      </Output>
    </UnitTestResult>
    <UnitTestResult executionId="d8b68561-23d4-46c6-b5a4-aea701809dad" testId="bf563958-347d-3f3b-4390-4d19188f0210" testName="JillCanAccessIndex" computerName="SWLAPTOP" duration="00:00:00.0003773" startTime="2009-05-25T00:02:50.7333849-07:00" endTime="2009-05-25T00:02:50.7489820-07:00" testType="13cdc9d9-ddb5-4fa4-a97d-d965ccfc6d4b" outcome="Passed" testListId="8c84fa94-04c1-424b-9868-57a2d4851a1d">
      <Output>
      </Output>
    </UnitTestResult>
  </Results>
</TestRun>