<?xml version="1.0" encoding="UTF-8"?>
<TestRun id="a2b50217-c57d-4987-8196-517d84dc5586" name="swalther@SWLAPTOP 2009-05-24 20:30:30" runUser="REDMOND\swalther" xmlns="http://microsoft.com/schemas/VisualStudio/TeamTest/2006">
  <TestRunConfiguration name="Default Run Configuration" id="0409d818-43b5-405d-817a-641d2dda5e64">
    <Deployment runDeploymentRoot="C:\Users\swalther\Documents\Books\AspNetMvcUnleashed\Chapter09 - Understanding Routing\Code\VB\MvcApplication1\TestResults\swalther_SWLAPTOP 2009-05-24 20_30_30">
      <DeploymentItem filename="C:\Users\swalther\Documents\Books\AspNetMvcUnleashed\Chapter09 - Understanding Routing\Code\VB\MvcApplication1\MvcApplication1\bin\MvcApplication1.dll" />
      <DeploymentItem filename="C:\Users\swalther\Documents\Books\AspNetMvcUnleashed\Chapter09 - Understanding Routing\Code\VB\MvcApplication1\MvcApplication1.Tests\bin\Debug\RouteDebugger.dll" />
      <DeploymentItem filename="C:\Users\swalther\Documents\Books\AspNetMvcUnleashed\CommonCode\MvcFakes\MvcFakes\bin\Debug\MvcFakes.dll" />
    </Deployment>
    <Hosts skipUnhostableTests="false" />
    <TestTypeSpecific />
  </TestRunConfiguration>
  <ResultSummary outcome="Completed">
    <Counters total="5" executed="5" passed="5" error="0" failed="0" timeout="0" aborted="0" inconclusive="0" passedButRunAborted="0" notRunnable="0" notExecuted="0" disconnected="0" warning="0" completed="0" inProgress="0" pending="0" />
  </ResultSummary>
  <Times creation="2009-05-24T20:30:30.7351298-07:00" queuing="2009-05-24T20:30:33.6991488-07:00" start="2009-05-24T20:30:33.9487504-07:00" finish="2009-05-24T20:30:34.8535562-07:00" />
  <TestDefinitions>
    <UnitTest name="ProductInsertDoesNotMatchGet" storage="c:\users\swalther\documents\books\aspnetmvcunleashed\chapter09 - understanding routing\code\vb\mvcapplication1\mvcapplication1.tests\bin\debug\mvcapplication1.tests.dll" id="bb7c259a-8579-b8fe-4721-247bc9de7a45">
      <Css projectStructure="" iteration="" />
      <Owners>
        <Owner name="" />
      </Owners>
      <Execution id="a36eddff-91c1-46a0-9d58-4ebef1a96f20" />
      <TestMethod codeBase="C:\Users\swalther\Documents\Books\AspNetMvcUnleashed\Chapter09 - Understanding Routing\Code\VB\MvcApplication1\MvcApplication1.Tests\bin\Debug\MvcApplication1.Tests.dll" adapterTypeName="Microsoft.VisualStudio.TestTools.TestTypes.Unit.UnitTestAdapter, Microsoft.VisualStudio.QualityTools.Tips.UnitTest.Adapter, Version=9.0.0.0, Culture=neutral, PublicKeyToken=b03f5f7f11d50a3a" className="MvcApplication1.Tests.RouteTest, MvcApplication1.Tests" name="ProductInsertDoesNotMatchGet" />
    </UnitTest>
    <UnitTest name="About" storage="c:\users\swalther\documents\books\aspnetmvcunleashed\chapter09 - understanding routing\code\vb\mvcapplication1\mvcapplication1.tests\bin\debug\mvcapplication1.tests.dll" id="84cb20e6-7c5a-b1e4-8bcc-861ca14077ea">
      <Css projectStructure="" iteration="" />
      <Owners>
        <Owner name="" />
      </Owners>
      <Execution id="d58d7552-eddd-4a2a-8adb-2eb47e77ef1f" />
      <TestMethod codeBase="C:\Users\swalther\Documents\Books\AspNetMvcUnleashed\Chapter09 - Understanding Routing\Code\VB\MvcApplication1\MvcApplication1.Tests\bin\Debug\MvcApplication1.Tests.dll" adapterTypeName="Microsoft.VisualStudio.TestTools.TestTypes.Unit.UnitTestAdapter, Microsoft.VisualStudio.QualityTools.Tips.UnitTest.Adapter, Version=9.0.0.0, Culture=neutral, PublicKeyToken=b03f5f7f11d50a3a" className="MvcApplication1.Tests.HomeControllerTest, MvcApplication1.Tests" name="About" />
    </UnitTest>
    <UnitTest name="Index" storage="c:\users\swalther\documents\books\aspnetmvcunleashed\chapter09 - understanding routing\code\vb\mvcapplication1\mvcapplication1.tests\bin\debug\mvcapplication1.tests.dll" id="1f7c289e-afd9-cfe7-7f87-0cbd220ea485">
      <Css projectStructure="" iteration="" />
      <Owners>
        <Owner name="" />
      </Owners>
      <Execution id="0f1ff1d8-7c5f-4a9d-82a6-0f7544329d5c" />
      <TestMethod codeBase="C:\Users\swalther\Documents\Books\AspNetMvcUnleashed\Chapter09 - Understanding Routing\Code\VB\MvcApplication1\MvcApplication1.Tests\bin\Debug\MvcApplication1.Tests.dll" adapterTypeName="Microsoft.VisualStudio.TestTools.TestTypes.Unit.UnitTestAdapter, Microsoft.VisualStudio.QualityTools.Tips.UnitTest.Adapter, Version=9.0.0.0, Culture=neutral, PublicKeyToken=b03f5f7f11d50a3a" className="MvcApplication1.Tests.HomeControllerTest, MvcApplication1.Tests" name="Index" />
    </UnitTest>
    <UnitTest name="DefaultRouteMatchesHome" storage="c:\users\swalther\documents\books\aspnetmvcunleashed\chapter09 - understanding routing\code\vb\mvcapplication1\mvcapplication1.tests\bin\debug\mvcapplication1.tests.dll" id="3e963d19-a368-7acb-847b-1c250a59c4d7">
      <Css projectStructure="" iteration="" />
      <Owners>
        <Owner name="" />
      </Owners>
      <Execution id="1be91751-c088-4ec8-b166-dbeac81e96d7" />
      <TestMethod codeBase="C:\Users\swalther\Documents\Books\AspNetMvcUnleashed\Chapter09 - Understanding Routing\Code\VB\MvcApplication1\MvcApplication1.Tests\bin\Debug\MvcApplication1.Tests.dll" adapterTypeName="Microsoft.VisualStudio.TestTools.TestTypes.Unit.UnitTestAdapter, Microsoft.VisualStudio.QualityTools.Tips.UnitTest.Adapter, Version=9.0.0.0, Culture=neutral, PublicKeyToken=b03f5f7f11d50a3a" className="MvcApplication1.Tests.RouteTest, MvcApplication1.Tests" name="DefaultRouteMatchesHome" />
    </UnitTest>
    <UnitTest name="ProductInsertMatchesPost" storage="c:\users\swalther\documents\books\aspnetmvcunleashed\chapter09 - understanding routing\code\vb\mvcapplication1\mvcapplication1.tests\bin\debug\mvcapplication1.tests.dll" id="6b719b5f-dffe-dec9-2902-17d58d2bbd0b">
      <Css projectStructure="" iteration="" />
      <Owners>
        <Owner name="" />
      </Owners>
      <Execution id="e83b9a8b-d0df-4065-ac7b-73be58f9da4e" />
      <TestMethod codeBase="C:\Users\swalther\Documents\Books\AspNetMvcUnleashed\Chapter09 - Understanding Routing\Code\VB\MvcApplication1\MvcApplication1.Tests\bin\Debug\MvcApplication1.Tests.dll" adapterTypeName="Microsoft.VisualStudio.TestTools.TestTypes.Unit.UnitTestAdapter, Microsoft.VisualStudio.QualityTools.Tips.UnitTest.Adapter, Version=9.0.0.0, Culture=neutral, PublicKeyToken=b03f5f7f11d50a3a" className="MvcApplication1.Tests.RouteTest, MvcApplication1.Tests" name="ProductInsertMatchesPost" />
    </UnitTest>
  </TestDefinitions>
  <TestLists>
    <TestList name="Results Not in a List" id="8c84fa94-04c1-424b-9868-57a2d4851a1d" />
    <TestList name="All Loaded Results" id="19431567-8539-422a-85d7-44ee4e166bda" />
  </TestLists>
  <TestEntries>
    <TestEntry testId="1f7c289e-afd9-cfe7-7f87-0cbd220ea485" executionId="0f1ff1d8-7c5f-4a9d-82a6-0f7544329d5c" testListId="8c84fa94-04c1-424b-9868-57a2d4851a1d" />
    <TestEntry testId="3e963d19-a368-7acb-847b-1c250a59c4d7" executionId="1be91751-c088-4ec8-b166-dbeac81e96d7" testListId="8c84fa94-04c1-424b-9868-57a2d4851a1d" />
    <TestEntry testId="6b719b5f-dffe-dec9-2902-17d58d2bbd0b" executionId="e83b9a8b-d0df-4065-ac7b-73be58f9da4e" testListId="8c84fa94-04c1-424b-9868-57a2d4851a1d" />
    <TestEntry testId="84cb20e6-7c5a-b1e4-8bcc-861ca14077ea" executionId="d58d7552-eddd-4a2a-8adb-2eb47e77ef1f" testListId="8c84fa94-04c1-424b-9868-57a2d4851a1d" />
    <TestEntry testId="bb7c259a-8579-b8fe-4721-247bc9de7a45" executionId="a36eddff-91c1-46a0-9d58-4ebef1a96f20" testListId="8c84fa94-04c1-424b-9868-57a2d4851a1d" />
  </TestEntries>
  <Results>
    <UnitTestResult executionId="0f1ff1d8-7c5f-4a9d-82a6-0f7544329d5c" testId="1f7c289e-afd9-cfe7-7f87-0cbd220ea485" testName="Index" computerName="SWLAPTOP" duration="00:00:00.0726708" startTime="2009-05-24T20:30:34.0111508-07:00" endTime="2009-05-24T20:30:34.7131553-07:00" testType="13cdc9d9-ddb5-4fa4-a97d-d965ccfc6d4b" outcome="Passed" testListId="8c84fa94-04c1-424b-9868-57a2d4851a1d">
      <Output>
      </Output>
    </UnitTestResult>
    <UnitTestResult executionId="1be91751-c088-4ec8-b166-dbeac81e96d7" testId="3e963d19-a368-7acb-847b-1c250a59c4d7" testName="DefaultRouteMatchesHome" computerName="SWLAPTOP" duration="00:00:00.0362303" startTime="2009-05-24T20:30:34.7131553-07:00" endTime="2009-05-24T20:30:34.7599556-07:00" testType="13cdc9d9-ddb5-4fa4-a97d-d965ccfc6d4b" outcome="Passed" testListId="8c84fa94-04c1-424b-9868-57a2d4851a1d">
      <Output>
      </Output>
    </UnitTestResult>
    <UnitTestResult executionId="e83b9a8b-d0df-4065-ac7b-73be58f9da4e" testId="6b719b5f-dffe-dec9-2902-17d58d2bbd0b" testName="ProductInsertMatchesPost" computerName="SWLAPTOP" duration="00:00:00.0009179" startTime="2009-05-24T20:30:34.7599556-07:00" endTime="2009-05-24T20:30:34.7599556-07:00" testType="13cdc9d9-ddb5-4fa4-a97d-d965ccfc6d4b" outcome="Passed" testListId="8c84fa94-04c1-424b-9868-57a2d4851a1d">
      <Output>
      </Output>
    </UnitTestResult>
    <UnitTestResult executionId="d58d7552-eddd-4a2a-8adb-2eb47e77ef1f" testId="84cb20e6-7c5a-b1e4-8bcc-861ca14077ea" testName="About" computerName="SWLAPTOP" duration="00:00:00.0005622" startTime="2009-05-24T20:30:34.7755557-07:00" endTime="2009-05-24T20:30:34.7755557-07:00" testType="13cdc9d9-ddb5-4fa4-a97d-d965ccfc6d4b" outcome="Passed" testListId="8c84fa94-04c1-424b-9868-57a2d4851a1d">
      <Output>
      </Output>
    </UnitTestResult>
    <UnitTestResult executionId="a36eddff-91c1-46a0-9d58-4ebef1a96f20" testId="bb7c259a-8579-b8fe-4721-247bc9de7a45" testName="ProductInsertDoesNotMatchGet" computerName="SWLAPTOP" duration="00:00:00.0012972" startTime="2009-05-24T20:30:34.7755557-07:00" endTime="2009-05-24T20:30:34.7911558-07:00" testType="13cdc9d9-ddb5-4fa4-a97d-d965ccfc6d4b" outcome="Passed" testListId="8c84fa94-04c1-424b-9868-57a2d4851a1d">
      <Output>
      </Output>
    </UnitTestResult>
  </Results>
</TestRun>