<?xml version="1.0" encoding="UTF-8"?>
<TestRun id="a5a0a519-e758-4283-823e-66a6a8dbdce2" name="swalther@SWLAPTOP 2009-05-24 20:27:39" runUser="REDMOND\swalther" xmlns="http://microsoft.com/schemas/VisualStudio/TeamTest/2006">
  <TestRunConfiguration name="Default Run Configuration" id="48f5683a-8c3c-44bb-a4f9-c10e9a70edd2">
    <Deployment runDeploymentRoot="C:\Users\swalther\Documents\Books\AspNetMvcUnleashed\Chapter09 - Understanding Routing\Code\VB\MvcApplication1\TestResults\swalther_SWLAPTOP 2009-05-24 20_27_39">
      <DeploymentItem filename="C:\Users\swalther\Documents\Books\AspNetMvcUnleashed\Chapter09 - Understanding Routing\Code\VB\MvcApplication1\MvcApplication1\bin\MvcApplication1.dll" />
      <DeploymentItem filename="C:\Users\swalther\Documents\Books\AspNetMvcUnleashed\Chapter09 - Understanding Routing\Code\VB\MvcApplication1\MvcApplication1.Tests\bin\Debug\RouteDebugger.dll" />
      <DeploymentItem filename="C:\Users\swalther\Documents\Books\AspNetMvcUnleashed\CommonCode\MvcFakes\MvcFakes\bin\Debug\MvcFakes.dll" />
    </Deployment>
    <Hosts skipUnhostableTests="false" />
    <TestTypeSpecific />
  </TestRunConfiguration>
  <ResultSummary outcome="Completed">
    <Counters total="5" executed="5" passed="5" error="0" failed="0" timeout="0" aborted="0" inconclusive="0" passedButRunAborted="0" notRunnable="0" notExecuted="0" disconnected="0" warning="0" completed="0" inProgress="0" pending="0" />
  </ResultSummary>
  <Times creation="2009-05-24T20:27:39.6332330-07:00" queuing="2009-05-24T20:27:42.5972520-07:00" start="2009-05-24T20:27:42.8780538-07:00" finish="2009-05-24T20:27:43.9544607-07:00" />
  <TestDefinitions>
    <UnitTest name="ProductInsertDoesNotMatchGet" storage="c:\users\swalther\documents\books\aspnetmvcunleashed\chapter09 - understanding routing\code\vb\mvcapplication1\mvcapplication1.tests\bin\debug\mvcapplication1.tests.dll" id="bb7c259a-8579-b8fe-4721-247bc9de7a45">
      <Css projectStructure="" iteration="" />
      <Owners>
        <Owner name="" />
      </Owners>
      <Execution id="fbf0838a-6ede-402e-8583-2d76421ee83b" />
      <TestMethod codeBase="C:\Users\swalther\Documents\Books\AspNetMvcUnleashed\Chapter09 - Understanding Routing\Code\VB\MvcApplication1\MvcApplication1.Tests\bin\Debug\MvcApplication1.Tests.dll" adapterTypeName="Microsoft.VisualStudio.TestTools.TestTypes.Unit.UnitTestAdapter, Microsoft.VisualStudio.QualityTools.Tips.UnitTest.Adapter, Version=9.0.0.0, Culture=neutral, PublicKeyToken=b03f5f7f11d50a3a" className="MvcApplication1.Tests.RouteTest, MvcApplication1.Tests" name="ProductInsertDoesNotMatchGet" />
    </UnitTest>
    <UnitTest name="About" storage="c:\users\swalther\documents\books\aspnetmvcunleashed\chapter09 - understanding routing\code\vb\mvcapplication1\mvcapplication1.tests\bin\debug\mvcapplication1.tests.dll" id="84cb20e6-7c5a-b1e4-8bcc-861ca14077ea">
      <Css projectStructure="" iteration="" />
      <Owners>
        <Owner name="" />
      </Owners>
      <Execution id="0a252385-9517-4f83-b380-b3b07d2f7740" />
      <TestMethod codeBase="C:\Users\swalther\Documents\Books\AspNetMvcUnleashed\Chapter09 - Understanding Routing\Code\VB\MvcApplication1\MvcApplication1.Tests\bin\Debug\MvcApplication1.Tests.dll" adapterTypeName="Microsoft.VisualStudio.TestTools.TestTypes.Unit.UnitTestAdapter, Microsoft.VisualStudio.QualityTools.Tips.UnitTest.Adapter, Version=9.0.0.0, Culture=neutral, PublicKeyToken=b03f5f7f11d50a3a" className="MvcApplication1.Tests.HomeControllerTest, MvcApplication1.Tests" name="About" />
    </UnitTest>
    <UnitTest name="Index" storage="c:\users\swalther\documents\books\aspnetmvcunleashed\chapter09 - understanding routing\code\vb\mvcapplication1\mvcapplication1.tests\bin\debug\mvcapplication1.tests.dll" id="1f7c289e-afd9-cfe7-7f87-0cbd220ea485">
      <Css projectStructure="" iteration="" />
      <Owners>
        <Owner name="" />
      </Owners>
      <Execution id="ba22433b-e127-4f66-b401-91666cf59ca7" />
      <TestMethod codeBase="C:\Users\swalther\Documents\Books\AspNetMvcUnleashed\Chapter09 - Understanding Routing\Code\VB\MvcApplication1\MvcApplication1.Tests\bin\Debug\MvcApplication1.Tests.dll" adapterTypeName="Microsoft.VisualStudio.TestTools.TestTypes.Unit.UnitTestAdapter, Microsoft.VisualStudio.QualityTools.Tips.UnitTest.Adapter, Version=9.0.0.0, Culture=neutral, PublicKeyToken=b03f5f7f11d50a3a" className="MvcApplication1.Tests.HomeControllerTest, MvcApplication1.Tests" name="Index" />
    </UnitTest>
    <UnitTest name="DefaultRouteMatchesHome" storage="c:\users\swalther\documents\books\aspnetmvcunleashed\chapter09 - understanding routing\code\vb\mvcapplication1\mvcapplication1.tests\bin\debug\mvcapplication1.tests.dll" id="3e963d19-a368-7acb-847b-1c250a59c4d7">
      <Css projectStructure="" iteration="" />
      <Owners>
        <Owner name="" />
      </Owners>
      <Execution id="e295e7c4-c900-4190-8e4f-bf0943720167" />
      <TestMethod codeBase="C:\Users\swalther\Documents\Books\AspNetMvcUnleashed\Chapter09 - Understanding Routing\Code\VB\MvcApplication1\MvcApplication1.Tests\bin\Debug\MvcApplication1.Tests.dll" adapterTypeName="Microsoft.VisualStudio.TestTools.TestTypes.Unit.UnitTestAdapter, Microsoft.VisualStudio.QualityTools.Tips.UnitTest.Adapter, Version=9.0.0.0, Culture=neutral, PublicKeyToken=b03f5f7f11d50a3a" className="MvcApplication1.Tests.RouteTest, MvcApplication1.Tests" name="DefaultRouteMatchesHome" />
    </UnitTest>
    <UnitTest name="ProductInsertMatchesPost" storage="c:\users\swalther\documents\books\aspnetmvcunleashed\chapter09 - understanding routing\code\vb\mvcapplication1\mvcapplication1.tests\bin\debug\mvcapplication1.tests.dll" id="6b719b5f-dffe-dec9-2902-17d58d2bbd0b">
      <Css projectStructure="" iteration="" />
      <Owners>
        <Owner name="" />
      </Owners>
      <Execution id="6e13643f-83e0-4043-8d4f-0b6ff292ab42" />
      <TestMethod codeBase="C:\Users\swalther\Documents\Books\AspNetMvcUnleashed\Chapter09 - Understanding Routing\Code\VB\MvcApplication1\MvcApplication1.Tests\bin\Debug\MvcApplication1.Tests.dll" adapterTypeName="Microsoft.VisualStudio.TestTools.TestTypes.Unit.UnitTestAdapter, Microsoft.VisualStudio.QualityTools.Tips.UnitTest.Adapter, Version=9.0.0.0, Culture=neutral, PublicKeyToken=b03f5f7f11d50a3a" className="MvcApplication1.Tests.RouteTest, MvcApplication1.Tests" name="ProductInsertMatchesPost" />
    </UnitTest>
  </TestDefinitions>
  <TestLists>
    <TestList name="Results Not in a List" id="8c84fa94-04c1-424b-9868-57a2d4851a1d" />
    <TestList name="All Loaded Results" id="19431567-8539-422a-85d7-44ee4e166bda" />
  </TestLists>
  <TestEntries>
    <TestEntry testId="1f7c289e-afd9-cfe7-7f87-0cbd220ea485" executionId="ba22433b-e127-4f66-b401-91666cf59ca7" testListId="8c84fa94-04c1-424b-9868-57a2d4851a1d" />
    <TestEntry testId="3e963d19-a368-7acb-847b-1c250a59c4d7" executionId="e295e7c4-c900-4190-8e4f-bf0943720167" testListId="8c84fa94-04c1-424b-9868-57a2d4851a1d" />
    <TestEntry testId="6b719b5f-dffe-dec9-2902-17d58d2bbd0b" executionId="6e13643f-83e0-4043-8d4f-0b6ff292ab42" testListId="8c84fa94-04c1-424b-9868-57a2d4851a1d" />
    <TestEntry testId="84cb20e6-7c5a-b1e4-8bcc-861ca14077ea" executionId="0a252385-9517-4f83-b380-b3b07d2f7740" testListId="8c84fa94-04c1-424b-9868-57a2d4851a1d" />
    <TestEntry testId="bb7c259a-8579-b8fe-4721-247bc9de7a45" executionId="fbf0838a-6ede-402e-8583-2d76421ee83b" testListId="8c84fa94-04c1-424b-9868-57a2d4851a1d" />
  </TestEntries>
  <Results>
    <UnitTestResult executionId="ba22433b-e127-4f66-b401-91666cf59ca7" testId="1f7c289e-afd9-cfe7-7f87-0cbd220ea485" testName="Index" computerName="SWLAPTOP" duration="00:00:00.1381469" startTime="2009-05-24T20:27:42.9716544-07:00" endTime="2009-05-24T20:27:43.7360593-07:00" testType="13cdc9d9-ddb5-4fa4-a97d-d965ccfc6d4b" outcome="Passed" testListId="8c84fa94-04c1-424b-9868-57a2d4851a1d">
      <Output>
      </Output>
    </UnitTestResult>
    <UnitTestResult executionId="e295e7c4-c900-4190-8e4f-bf0943720167" testId="3e963d19-a368-7acb-847b-1c250a59c4d7" testName="DefaultRouteMatchesHome" computerName="SWLAPTOP" duration="00:00:00.0750771" startTime="2009-05-24T20:27:43.7516594-07:00" endTime="2009-05-24T20:27:43.8296599-07:00" testType="13cdc9d9-ddb5-4fa4-a97d-d965ccfc6d4b" outcome="Passed" testListId="8c84fa94-04c1-424b-9868-57a2d4851a1d">
      <Output>
      </Output>
    </UnitTestResult>
    <UnitTestResult executionId="6e13643f-83e0-4043-8d4f-0b6ff292ab42" testId="6b719b5f-dffe-dec9-2902-17d58d2bbd0b" testName="ProductInsertMatchesPost" computerName="SWLAPTOP" duration="00:00:00.0008603" startTime="2009-05-24T20:27:43.8296599-07:00" endTime="2009-05-24T20:27:43.8296599-07:00" testType="13cdc9d9-ddb5-4fa4-a97d-d965ccfc6d4b" outcome="Passed" testListId="8c84fa94-04c1-424b-9868-57a2d4851a1d">
      <Output>
      </Output>
    </UnitTestResult>
    <UnitTestResult executionId="0a252385-9517-4f83-b380-b3b07d2f7740" testId="84cb20e6-7c5a-b1e4-8bcc-861ca14077ea" testName="About" computerName="SWLAPTOP" duration="00:00:00.0005680" startTime="2009-05-24T20:27:43.8452600-07:00" endTime="2009-05-24T20:27:43.8452600-07:00" testType="13cdc9d9-ddb5-4fa4-a97d-d965ccfc6d4b" outcome="Passed" testListId="8c84fa94-04c1-424b-9868-57a2d4851a1d">
      <Output>
      </Output>
    </UnitTestResult>
    <UnitTestResult executionId="fbf0838a-6ede-402e-8583-2d76421ee83b" testId="bb7c259a-8579-b8fe-4721-247bc9de7a45" testName="ProductInsertDoesNotMatchGet" computerName="SWLAPTOP" duration="00:00:00.0017271" startTime="2009-05-24T20:27:43.8608601-07:00" endTime="2009-05-24T20:27:43.8608601-07:00" testType="13cdc9d9-ddb5-4fa4-a97d-d965ccfc6d4b" outcome="Passed" testListId="8c84fa94-04c1-424b-9868-57a2d4851a1d">
      <Output>
      </Output>
    </UnitTestResult>
  </Results>
</TestRun>