<?xml version="1.0" encoding="UTF-8"?>
<TestRun id="f6171a29-51df-4b79-a585-beea567aa08d" name="swalther@SWLAPTOP 2009-02-06 11:33:38" runUser="REDMOND\swalther" xmlns="http://microsoft.com/schemas/VisualStudio/TeamTest/2006">
  <TestRunConfiguration name="Default Run Configuration" id="b286f20f-d52b-4bed-94bd-fcb6c8dd123d">
    <Deployment runDeploymentRoot="C:\Users\swalther\Documents\Books\AspNetMvcUnleashed\Chapter02 - Understanding Routing\Code\VB\MvcApplication1\TestResults\swalther_SWLAPTOP 2009-02-06 11_33_38">
      <DeploymentItem filename="C:\Users\swalther\Documents\Books\AspNetMvcUnleashed\Chapter02 - Understanding Routing\Code\RouteDebugger\RouteDebugger\bin\Debug\RouteDebugger.dll" />
      <DeploymentItem filename="C:\Users\swalther\Documents\Books\AspNetMvcUnleashed\Chapter02 - Understanding Routing\Code\VB\MvcApplication1\MvcApplication1\bin\MvcApplication1.dll" />
      <DeploymentItem filename="C:\Users\swalther\Documents\Books\AspNetMvcUnleashed\CommonCode\MvcFakes\MvcFakes\bin\Debug\MvcFakes.dll" />
    </Deployment>
    <Hosts skipUnhostableTests="false" />
    <TestTypeSpecific />
  </TestRunConfiguration>
  <ResultSummary outcome="Completed">
    <Counters total="28" executed="28" passed="28" error="0" failed="0" timeout="0" aborted="0" inconclusive="0" passedButRunAborted="0" notRunnable="0" notExecuted="0" disconnected="0" warning="0" completed="0" inProgress="0" pending="0" />
  </ResultSummary>
  <Times creation="2009-02-06T11:33:38.4148040-08:00" queuing="2009-02-06T11:33:39.2898915-08:00" start="2009-02-06T11:33:39.5729198-08:00" finish="2009-02-06T11:33:40.9830608-08:00" />
  <TestDefinitions>
    <UnitTest name="RegisterPostReturnsViewIfNewPasswordDoesNotMatchConfirmPassword" storage="c:\users\swalther\documents\books\aspnetmvcunleashed\chapter02 - understanding routing\code\vb\mvcapplication1\mvcapplication1.tests\bin\debug\mvcapplication1.tests.dll" id="3e5ce089-d9b3-a562-7245-0258f75f1ce4">
      <Css projectStructure="" iteration="" />
      <Owners>
        <Owner name="" />
      </Owners>
      <Execution id="ea63ac17-0625-482e-8c01-5da9c5b86501" />
      <TestMethod codeBase="C:\Users\swalther\Documents\Books\AspNetMvcUnleashed\Chapter02 - Understanding Routing\Code\VB\MvcApplication1\MvcApplication1.Tests\bin\Debug\MvcApplication1.Tests.dll" adapterTypeName="Microsoft.VisualStudio.TestTools.TestTypes.Unit.UnitTestAdapter, Microsoft.VisualStudio.QualityTools.Tips.UnitTest.Adapter, Version=9.0.0.0, Culture=neutral, PublicKeyToken=b03f5f7f11d50a3a" className="MvcApplication1.Tests.AccountControllerTest, MvcApplication1.Tests" name="RegisterPostReturnsViewIfNewPasswordDoesNotMatchConfirmPassword" />
    </UnitTest>
    <UnitTest name="ChangePasswordSuccess" storage="c:\users\swalther\documents\books\aspnetmvcunleashed\chapter02 - understanding routing\code\vb\mvcapplication1\mvcapplication1.tests\bin\debug\mvcapplication1.tests.dll" id="1d05c884-6989-a90f-bec1-9646af62660e">
      <Css projectStructure="" iteration="" />
      <Owners>
        <Owner name="" />
      </Owners>
      <Execution id="f3510c7d-6392-4f4e-b158-492708aa4148" />
      <TestMethod codeBase="C:\Users\swalther\Documents\Books\AspNetMvcUnleashed\Chapter02 - Understanding Routing\Code\VB\MvcApplication1\MvcApplication1.Tests\bin\Debug\MvcApplication1.Tests.dll" adapterTypeName="Microsoft.VisualStudio.TestTools.TestTypes.Unit.UnitTestAdapter, Microsoft.VisualStudio.QualityTools.Tips.UnitTest.Adapter, Version=9.0.0.0, Culture=neutral, PublicKeyToken=b03f5f7f11d50a3a" className="MvcApplication1.Tests.AccountControllerTest, MvcApplication1.Tests" name="ChangePasswordSuccess" />
    </UnitTest>
    <UnitTest name="LoginPostReturnsViewIfPasswordNotSpecified" storage="c:\users\swalther\documents\books\aspnetmvcunleashed\chapter02 - understanding routing\code\vb\mvcapplication1\mvcapplication1.tests\bin\debug\mvcapplication1.tests.dll" id="805cca92-f868-00d7-4f79-91b650f49c2e">
      <Css projectStructure="" iteration="" />
      <Owners>
        <Owner name="" />
      </Owners>
      <Execution id="96af9cea-3920-4626-85bf-47c32acf4b2f" />
      <TestMethod codeBase="C:\Users\swalther\Documents\Books\AspNetMvcUnleashed\Chapter02 - Understanding Routing\Code\VB\MvcApplication1\MvcApplication1.Tests\bin\Debug\MvcApplication1.Tests.dll" adapterTypeName="Microsoft.VisualStudio.TestTools.TestTypes.Unit.UnitTestAdapter, Microsoft.VisualStudio.QualityTools.Tips.UnitTest.Adapter, Version=9.0.0.0, Culture=neutral, PublicKeyToken=b03f5f7f11d50a3a" className="MvcApplication1.Tests.AccountControllerTest, MvcApplication1.Tests" name="LoginPostReturnsViewIfPasswordNotSpecified" />
    </UnitTest>
    <UnitTest name="RegisterGet" storage="c:\users\swalther\documents\books\aspnetmvcunleashed\chapter02 - understanding routing\code\vb\mvcapplication1\mvcapplication1.tests\bin\debug\mvcapplication1.tests.dll" id="c7788098-799a-3b2e-46e6-9fbbac923989">
      <Css projectStructure="" iteration="" />
      <Owners>
        <Owner name="" />
      </Owners>
      <Execution id="5dd9c40c-5d74-4237-aa5e-213cdf661075" />
      <TestMethod codeBase="C:\Users\swalther\Documents\Books\AspNetMvcUnleashed\Chapter02 - Understanding Routing\Code\VB\MvcApplication1\MvcApplication1.Tests\bin\Debug\MvcApplication1.Tests.dll" adapterTypeName="Microsoft.VisualStudio.TestTools.TestTypes.Unit.UnitTestAdapter, Microsoft.VisualStudio.QualityTools.Tips.UnitTest.Adapter, Version=9.0.0.0, Culture=neutral, PublicKeyToken=b03f5f7f11d50a3a" className="MvcApplication1.Tests.AccountControllerTest, MvcApplication1.Tests" name="RegisterGet" />
    </UnitTest>
    <UnitTest name="ChangePasswordPostReturnsViewIfCurrentPasswordNotSpecified" storage="c:\users\swalther\documents\books\aspnetmvcunleashed\chapter02 - understanding routing\code\vb\mvcapplication1\mvcapplication1.tests\bin\debug\mvcapplication1.tests.dll" id="fef46445-334b-60f5-796d-54dc572bf60b">
      <Css projectStructure="" iteration="" />
      <Owners>
        <Owner name="" />
      </Owners>
      <Execution id="c7be3aa4-5148-4931-87b6-944d3153b558" />
      <TestMethod codeBase="C:\Users\swalther\Documents\Books\AspNetMvcUnleashed\Chapter02 - Understanding Routing\Code\VB\MvcApplication1\MvcApplication1.Tests\bin\Debug\MvcApplication1.Tests.dll" adapterTypeName="Microsoft.VisualStudio.TestTools.TestTypes.Unit.UnitTestAdapter, Microsoft.VisualStudio.QualityTools.Tips.UnitTest.Adapter, Version=9.0.0.0, Culture=neutral, PublicKeyToken=b03f5f7f11d50a3a" className="MvcApplication1.Tests.AccountControllerTest, MvcApplication1.Tests" name="ChangePasswordPostReturnsViewIfCurrentPasswordNotSpecified" />
    </UnitTest>
    <UnitTest name="ChangePasswordGetReturnsView" storage="c:\users\swalther\documents\books\aspnetmvcunleashed\chapter02 - understanding routing\code\vb\mvcapplication1\mvcapplication1.tests\bin\debug\mvcapplication1.tests.dll" id="9b71f843-de34-d902-743e-9ae7738adbce">
      <Css projectStructure="" iteration="" />
      <Owners>
        <Owner name="" />
      </Owners>
      <Execution id="416effb3-f39c-4e5b-953e-5c182296e2c3" />
      <TestMethod codeBase="C:\Users\swalther\Documents\Books\AspNetMvcUnleashed\Chapter02 - Understanding Routing\Code\VB\MvcApplication1\MvcApplication1.Tests\bin\Debug\MvcApplication1.Tests.dll" adapterTypeName="Microsoft.VisualStudio.TestTools.TestTypes.Unit.UnitTestAdapter, Microsoft.VisualStudio.QualityTools.Tips.UnitTest.Adapter, Version=9.0.0.0, Culture=neutral, PublicKeyToken=b03f5f7f11d50a3a" className="MvcApplication1.Tests.AccountControllerTest, MvcApplication1.Tests" name="ChangePasswordGetReturnsView" />
    </UnitTest>
    <UnitTest name="ConstructorSetsPropertiesToDefaultValues" storage="c:\users\swalther\documents\books\aspnetmvcunleashed\chapter02 - understanding routing\code\vb\mvcapplication1\mvcapplication1.tests\bin\debug\mvcapplication1.tests.dll" id="d99ab20f-3321-dd14-17dc-1767d8b7df0e">
      <Css projectStructure="" iteration="" />
      <Owners>
        <Owner name="" />
      </Owners>
      <Execution id="5fa98537-97d0-408b-81ce-22a7066ec90d" />
      <TestMethod codeBase="C:\Users\swalther\Documents\Books\AspNetMvcUnleashed\Chapter02 - Understanding Routing\Code\VB\MvcApplication1\MvcApplication1.Tests\bin\Debug\MvcApplication1.Tests.dll" adapterTypeName="Microsoft.VisualStudio.TestTools.TestTypes.Unit.UnitTestAdapter, Microsoft.VisualStudio.QualityTools.Tips.UnitTest.Adapter, Version=9.0.0.0, Culture=neutral, PublicKeyToken=b03f5f7f11d50a3a" className="MvcApplication1.Tests.AccountControllerTest, MvcApplication1.Tests" name="ConstructorSetsPropertiesToDefaultValues" />
    </UnitTest>
    <UnitTest name="LoginPostReturnsViewIfUsernameOrPasswordIsIncorrect" storage="c:\users\swalther\documents\books\aspnetmvcunleashed\chapter02 - understanding routing\code\vb\mvcapplication1\mvcapplication1.tests\bin\debug\mvcapplication1.tests.dll" id="00ea5fac-2b09-d602-9397-2f4d0e881b62">
      <Css projectStructure="" iteration="" />
      <Owners>
        <Owner name="" />
      </Owners>
      <Execution id="6b4bb927-5467-4570-a60b-dfbb015eb15c" />
      <TestMethod codeBase="C:\Users\swalther\Documents\Books\AspNetMvcUnleashed\Chapter02 - Understanding Routing\Code\VB\MvcApplication1\MvcApplication1.Tests\bin\Debug\MvcApplication1.Tests.dll" adapterTypeName="Microsoft.VisualStudio.TestTools.TestTypes.Unit.UnitTestAdapter, Microsoft.VisualStudio.QualityTools.Tips.UnitTest.Adapter, Version=9.0.0.0, Culture=neutral, PublicKeyToken=b03f5f7f11d50a3a" className="MvcApplication1.Tests.AccountControllerTest, MvcApplication1.Tests" name="LoginPostReturnsViewIfUsernameOrPasswordIsIncorrect" />
    </UnitTest>
    <UnitTest name="LoginGet" storage="c:\users\swalther\documents\books\aspnetmvcunleashed\chapter02 - understanding routing\code\vb\mvcapplication1\mvcapplication1.tests\bin\debug\mvcapplication1.tests.dll" id="565100ab-7c3e-7bb5-ad92-12b195f92f4a">
      <Css projectStructure="" iteration="" />
      <Owners>
        <Owner name="" />
      </Owners>
      <Execution id="516c2c81-0f92-462e-937b-3028855c9afd" />
      <TestMethod codeBase="C:\Users\swalther\Documents\Books\AspNetMvcUnleashed\Chapter02 - Understanding Routing\Code\VB\MvcApplication1\MvcApplication1.Tests\bin\Debug\MvcApplication1.Tests.dll" adapterTypeName="Microsoft.VisualStudio.TestTools.TestTypes.Unit.UnitTestAdapter, Microsoft.VisualStudio.QualityTools.Tips.UnitTest.Adapter, Version=9.0.0.0, Culture=neutral, PublicKeyToken=b03f5f7f11d50a3a" className="MvcApplication1.Tests.AccountControllerTest, MvcApplication1.Tests" name="LoginGet" />
    </UnitTest>
    <UnitTest name="About" storage="c:\users\swalther\documents\books\aspnetmvcunleashed\chapter02 - understanding routing\code\vb\mvcapplication1\mvcapplication1.tests\bin\debug\mvcapplication1.tests.dll" id="84cb20e6-7c5a-b1e4-8bcc-861ca14077ea">
      <Css projectStructure="" iteration="" />
      <Owners>
        <Owner name="" />
      </Owners>
      <Execution id="4aeabcf3-028b-48a0-b6b3-4a2a98bed10c" />
      <TestMethod codeBase="C:\Users\swalther\Documents\Books\AspNetMvcUnleashed\Chapter02 - Understanding Routing\Code\VB\MvcApplication1\MvcApplication1.Tests\bin\Debug\MvcApplication1.Tests.dll" adapterTypeName="Microsoft.VisualStudio.TestTools.TestTypes.Unit.UnitTestAdapter, Microsoft.VisualStudio.QualityTools.Tips.UnitTest.Adapter, Version=9.0.0.0, Culture=neutral, PublicKeyToken=b03f5f7f11d50a3a" className="MvcApplication1.Tests.HomeControllerTest, MvcApplication1.Tests" name="About" />
    </UnitTest>
    <UnitTest name="RegisterPostReturnsViewIfEmailNotSpecified" storage="c:\users\swalther\documents\books\aspnetmvcunleashed\chapter02 - understanding routing\code\vb\mvcapplication1\mvcapplication1.tests\bin\debug\mvcapplication1.tests.dll" id="936e2432-61b4-151f-4b71-660595ab93d1">
      <Css projectStructure="" iteration="" />
      <Owners>
        <Owner name="" />
      </Owners>
      <Execution id="62e26f59-c102-42ba-94b5-abd78b03be9a" />
      <TestMethod codeBase="C:\Users\swalther\Documents\Books\AspNetMvcUnleashed\Chapter02 - Understanding Routing\Code\VB\MvcApplication1\MvcApplication1.Tests\bin\Debug\MvcApplication1.Tests.dll" adapterTypeName="Microsoft.VisualStudio.TestTools.TestTypes.Unit.UnitTestAdapter, Microsoft.VisualStudio.QualityTools.Tips.UnitTest.Adapter, Version=9.0.0.0, Culture=neutral, PublicKeyToken=b03f5f7f11d50a3a" className="MvcApplication1.Tests.AccountControllerTest, MvcApplication1.Tests" name="RegisterPostReturnsViewIfEmailNotSpecified" />
    </UnitTest>
    <UnitTest name="LoginPostRedirectsToReturnUrlIfLoginSuccessfulAndReturnUrlGiven" storage="c:\users\swalther\documents\books\aspnetmvcunleashed\chapter02 - understanding routing\code\vb\mvcapplication1\mvcapplication1.tests\bin\debug\mvcapplication1.tests.dll" id="2bd4db97-938b-bc7c-9f96-2e0524c781e1">
      <Css projectStructure="" iteration="" />
      <Owners>
        <Owner name="" />
      </Owners>
      <Execution id="bf41f27c-156b-4435-b316-22f9e92e4c9a" />
      <TestMethod codeBase="C:\Users\swalther\Documents\Books\AspNetMvcUnleashed\Chapter02 - Understanding Routing\Code\VB\MvcApplication1\MvcApplication1.Tests\bin\Debug\MvcApplication1.Tests.dll" adapterTypeName="Microsoft.VisualStudio.TestTools.TestTypes.Unit.UnitTestAdapter, Microsoft.VisualStudio.QualityTools.Tips.UnitTest.Adapter, Version=9.0.0.0, Culture=neutral, PublicKeyToken=b03f5f7f11d50a3a" className="MvcApplication1.Tests.AccountControllerTest, MvcApplication1.Tests" name="LoginPostRedirectsToReturnUrlIfLoginSuccessfulAndReturnUrlGiven" />
    </UnitTest>
    <UnitTest name="ChangePasswordPostReturnsViewIfNewPasswordIsTooShort" storage="c:\users\swalther\documents\books\aspnetmvcunleashed\chapter02 - understanding routing\code\vb\mvcapplication1\mvcapplication1.tests\bin\debug\mvcapplication1.tests.dll" id="39354425-2da1-8f60-7909-4a4851f9e520">
      <Css projectStructure="" iteration="" />
      <Owners>
        <Owner name="" />
      </Owners>
      <Execution id="5b1a6057-0078-48df-827d-d51a8583afaf" />
      <TestMethod codeBase="C:\Users\swalther\Documents\Books\AspNetMvcUnleashed\Chapter02 - Understanding Routing\Code\VB\MvcApplication1\MvcApplication1.Tests\bin\Debug\MvcApplication1.Tests.dll" adapterTypeName="Microsoft.VisualStudio.TestTools.TestTypes.Unit.UnitTestAdapter, Microsoft.VisualStudio.QualityTools.Tips.UnitTest.Adapter, Version=9.0.0.0, Culture=neutral, PublicKeyToken=b03f5f7f11d50a3a" className="MvcApplication1.Tests.AccountControllerTest, MvcApplication1.Tests" name="ChangePasswordPostReturnsViewIfNewPasswordIsTooShort" />
    </UnitTest>
    <UnitTest name="LoginPostReturnsViewIfUsernameNotSpecified" storage="c:\users\swalther\documents\books\aspnetmvcunleashed\chapter02 - understanding routing\code\vb\mvcapplication1\mvcapplication1.tests\bin\debug\mvcapplication1.tests.dll" id="d8a57955-2031-7761-265b-afb8a35e658c">
      <Css projectStructure="" iteration="" />
      <Owners>
        <Owner name="" />
      </Owners>
      <Execution id="7a0fafef-6433-4931-ba05-f76f493216af" />
      <TestMethod codeBase="C:\Users\swalther\Documents\Books\AspNetMvcUnleashed\Chapter02 - Understanding Routing\Code\VB\MvcApplication1\MvcApplication1.Tests\bin\Debug\MvcApplication1.Tests.dll" adapterTypeName="Microsoft.VisualStudio.TestTools.TestTypes.Unit.UnitTestAdapter, Microsoft.VisualStudio.QualityTools.Tips.UnitTest.Adapter, Version=9.0.0.0, Culture=neutral, PublicKeyToken=b03f5f7f11d50a3a" className="MvcApplication1.Tests.AccountControllerTest, MvcApplication1.Tests" name="LoginPostReturnsViewIfUsernameNotSpecified" />
    </UnitTest>
    <UnitTest name="ConstructorSetsProperties" storage="c:\users\swalther\documents\books\aspnetmvcunleashed\chapter02 - understanding routing\code\vb\mvcapplication1\mvcapplication1.tests\bin\debug\mvcapplication1.tests.dll" id="adf2178a-040c-56e1-9e50-2d3a5675cdca">
      <Css projectStructure="" iteration="" />
      <Owners>
        <Owner name="" />
      </Owners>
      <Execution id="aa76c7f3-c190-4845-bef1-e99b586cc507" />
      <TestMethod codeBase="C:\Users\swalther\Documents\Books\AspNetMvcUnleashed\Chapter02 - Understanding Routing\Code\VB\MvcApplication1\MvcApplication1.Tests\bin\Debug\MvcApplication1.Tests.dll" adapterTypeName="Microsoft.VisualStudio.TestTools.TestTypes.Unit.UnitTestAdapter, Microsoft.VisualStudio.QualityTools.Tips.UnitTest.Adapter, Version=9.0.0.0, Culture=neutral, PublicKeyToken=b03f5f7f11d50a3a" className="MvcApplication1.Tests.AccountControllerTest, MvcApplication1.Tests" name="ConstructorSetsProperties" />
    </UnitTest>
    <UnitTest name="LogOff" storage="c:\users\swalther\documents\books\aspnetmvcunleashed\chapter02 - understanding routing\code\vb\mvcapplication1\mvcapplication1.tests\bin\debug\mvcapplication1.tests.dll" id="7a43e370-da46-f962-399c-99097b036bec">
      <Css projectStructure="" iteration="" />
      <Owners>
        <Owner name="" />
      </Owners>
      <Execution id="d70741a0-0be3-45af-8702-04673579846a" />
      <TestMethod codeBase="C:\Users\swalther\Documents\Books\AspNetMvcUnleashed\Chapter02 - Understanding Routing\Code\VB\MvcApplication1\MvcApplication1.Tests\bin\Debug\MvcApplication1.Tests.dll" adapterTypeName="Microsoft.VisualStudio.TestTools.TestTypes.Unit.UnitTestAdapter, Microsoft.VisualStudio.QualityTools.Tips.UnitTest.Adapter, Version=9.0.0.0, Culture=neutral, PublicKeyToken=b03f5f7f11d50a3a" className="MvcApplication1.Tests.AccountControllerTest, MvcApplication1.Tests" name="LogOff" />
    </UnitTest>
    <UnitTest name="RegisterPostReturnsViewIfPasswordIsTooShort" storage="c:\users\swalther\documents\books\aspnetmvcunleashed\chapter02 - understanding routing\code\vb\mvcapplication1\mvcapplication1.tests\bin\debug\mvcapplication1.tests.dll" id="2ac230b4-0f6c-047f-c27e-06d4f0e94ca0">
      <Css projectStructure="" iteration="" />
      <Owners>
        <Owner name="" />
      </Owners>
      <Execution id="d6984053-7cf8-4f23-8d30-e9b3d71641eb" />
      <TestMethod codeBase="C:\Users\swalther\Documents\Books\AspNetMvcUnleashed\Chapter02 - Understanding Routing\Code\VB\MvcApplication1\MvcApplication1.Tests\bin\Debug\MvcApplication1.Tests.dll" adapterTypeName="Microsoft.VisualStudio.TestTools.TestTypes.Unit.UnitTestAdapter, Microsoft.VisualStudio.QualityTools.Tips.UnitTest.Adapter, Version=9.0.0.0, Culture=neutral, PublicKeyToken=b03f5f7f11d50a3a" className="MvcApplication1.Tests.AccountControllerTest, MvcApplication1.Tests" name="RegisterPostReturnsViewIfPasswordIsTooShort" />
    </UnitTest>
    <UnitTest name="Index" storage="c:\users\swalther\documents\books\aspnetmvcunleashed\chapter02 - understanding routing\code\vb\mvcapplication1\mvcapplication1.tests\bin\debug\mvcapplication1.tests.dll" id="1f7c289e-afd9-cfe7-7f87-0cbd220ea485">
      <Css projectStructure="" iteration="" />
      <Owners>
        <Owner name="" />
      </Owners>
      <Execution id="b389a42a-cfcc-45d1-8a6d-a2599797347f" />
      <TestMethod codeBase="C:\Users\swalther\Documents\Books\AspNetMvcUnleashed\Chapter02 - Understanding Routing\Code\VB\MvcApplication1\MvcApplication1.Tests\bin\Debug\MvcApplication1.Tests.dll" adapterTypeName="Microsoft.VisualStudio.TestTools.TestTypes.Unit.UnitTestAdapter, Microsoft.VisualStudio.QualityTools.Tips.UnitTest.Adapter, Version=9.0.0.0, Culture=neutral, PublicKeyToken=b03f5f7f11d50a3a" className="MvcApplication1.Tests.HomeControllerTest, MvcApplication1.Tests" name="Index" />
    </UnitTest>
    <UnitTest name="LoginPostRedirectsHomeIfLoginSuccessfulButNoReturnUrlGiven" storage="c:\users\swalther\documents\books\aspnetmvcunleashed\chapter02 - understanding routing\code\vb\mvcapplication1\mvcapplication1.tests\bin\debug\mvcapplication1.tests.dll" id="cbddc9b8-a8ce-280d-8aa4-e6c9021bdc2e">
      <Css projectStructure="" iteration="" />
      <Owners>
        <Owner name="" />
      </Owners>
      <Execution id="57fd28eb-2637-4857-b5f9-120c76a7a72a" />
      <TestMethod codeBase="C:\Users\swalther\Documents\Books\AspNetMvcUnleashed\Chapter02 - Understanding Routing\Code\VB\MvcApplication1\MvcApplication1.Tests\bin\Debug\MvcApplication1.Tests.dll" adapterTypeName="Microsoft.VisualStudio.TestTools.TestTypes.Unit.UnitTestAdapter, Microsoft.VisualStudio.QualityTools.Tips.UnitTest.Adapter, Version=9.0.0.0, Culture=neutral, PublicKeyToken=b03f5f7f11d50a3a" className="MvcApplication1.Tests.AccountControllerTest, MvcApplication1.Tests" name="LoginPostRedirectsHomeIfLoginSuccessfulButNoReturnUrlGiven" />
    </UnitTest>
    <UnitTest name="RegisterPostReturnsViewIfUsernameNotSpecified" storage="c:\users\swalther\documents\books\aspnetmvcunleashed\chapter02 - understanding routing\code\vb\mvcapplication1\mvcapplication1.tests\bin\debug\mvcapplication1.tests.dll" id="736d5758-a5ab-1cfd-7e38-ade06a46d4db">
      <Css projectStructure="" iteration="" />
      <Owners>
        <Owner name="" />
      </Owners>
      <Execution id="9336c842-f0ca-4777-8b96-293783a42c5c" />
      <TestMethod codeBase="C:\Users\swalther\Documents\Books\AspNetMvcUnleashed\Chapter02 - Understanding Routing\Code\VB\MvcApplication1\MvcApplication1.Tests\bin\Debug\MvcApplication1.Tests.dll" adapterTypeName="Microsoft.VisualStudio.TestTools.TestTypes.Unit.UnitTestAdapter, Microsoft.VisualStudio.QualityTools.Tips.UnitTest.Adapter, Version=9.0.0.0, Culture=neutral, PublicKeyToken=b03f5f7f11d50a3a" className="MvcApplication1.Tests.AccountControllerTest, MvcApplication1.Tests" name="RegisterPostReturnsViewIfUsernameNotSpecified" />
    </UnitTest>
    <UnitTest name="ChangePasswordPostReturnsViewIfNewPasswordIsNothing" storage="c:\users\swalther\documents\books\aspnetmvcunleashed\chapter02 - understanding routing\code\vb\mvcapplication1\mvcapplication1.tests\bin\debug\mvcapplication1.tests.dll" id="b4082959-81fc-6a54-05c9-08d08bae15c5">
      <Css projectStructure="" iteration="" />
      <Owners>
        <Owner name="" />
      </Owners>
      <Execution id="4dd98209-f078-4dbd-a171-0bd7994c0103" />
      <TestMethod codeBase="C:\Users\swalther\Documents\Books\AspNetMvcUnleashed\Chapter02 - Understanding Routing\Code\VB\MvcApplication1\MvcApplication1.Tests\bin\Debug\MvcApplication1.Tests.dll" adapterTypeName="Microsoft.VisualStudio.TestTools.TestTypes.Unit.UnitTestAdapter, Microsoft.VisualStudio.QualityTools.Tips.UnitTest.Adapter, Version=9.0.0.0, Culture=neutral, PublicKeyToken=b03f5f7f11d50a3a" className="MvcApplication1.Tests.AccountControllerTest, MvcApplication1.Tests" name="ChangePasswordPostReturnsViewIfNewPasswordIsNothing" />
    </UnitTest>
    <UnitTest name="ChangePasswordPostReturnsViewIfProviderRejectsPassword" storage="c:\users\swalther\documents\books\aspnetmvcunleashed\chapter02 - understanding routing\code\vb\mvcapplication1\mvcapplication1.tests\bin\debug\mvcapplication1.tests.dll" id="6c326838-8120-9a32-a63a-7e1a206e9dc4">
      <Css projectStructure="" iteration="" />
      <Owners>
        <Owner name="" />
      </Owners>
      <Execution id="13bb763c-94ab-425d-86ee-1ac20f3fbf89" />
      <TestMethod codeBase="C:\Users\swalther\Documents\Books\AspNetMvcUnleashed\Chapter02 - Understanding Routing\Code\VB\MvcApplication1\MvcApplication1.Tests\bin\Debug\MvcApplication1.Tests.dll" adapterTypeName="Microsoft.VisualStudio.TestTools.TestTypes.Unit.UnitTestAdapter, Microsoft.VisualStudio.QualityTools.Tips.UnitTest.Adapter, Version=9.0.0.0, Culture=neutral, PublicKeyToken=b03f5f7f11d50a3a" className="MvcApplication1.Tests.AccountControllerTest, MvcApplication1.Tests" name="ChangePasswordPostReturnsViewIfProviderRejectsPassword" />
    </UnitTest>
    <UnitTest name="ChangePasswordPostReturnsViewIfNewPasswordDoesNotMatchConfirmPassword" storage="c:\users\swalther\documents\books\aspnetmvcunleashed\chapter02 - understanding routing\code\vb\mvcapplication1\mvcapplication1.tests\bin\debug\mvcapplication1.tests.dll" id="3f54d0ba-f92d-0fdc-2601-46fa082ffd01">
      <Css projectStructure="" iteration="" />
      <Owners>
        <Owner name="" />
      </Owners>
      <Execution id="4f1ad680-cd75-4b32-99e8-ae3330507dd7" />
      <TestMethod codeBase="C:\Users\swalther\Documents\Books\AspNetMvcUnleashed\Chapter02 - Understanding Routing\Code\VB\MvcApplication1\MvcApplication1.Tests\bin\Debug\MvcApplication1.Tests.dll" adapterTypeName="Microsoft.VisualStudio.TestTools.TestTypes.Unit.UnitTestAdapter, Microsoft.VisualStudio.QualityTools.Tips.UnitTest.Adapter, Version=9.0.0.0, Culture=neutral, PublicKeyToken=b03f5f7f11d50a3a" className="MvcApplication1.Tests.AccountControllerTest, MvcApplication1.Tests" name="ChangePasswordPostReturnsViewIfNewPasswordDoesNotMatchConfirmPassword" />
    </UnitTest>
    <UnitTest name="RegisterPostReturnsViewIfRegistrationFails" storage="c:\users\swalther\documents\books\aspnetmvcunleashed\chapter02 - understanding routing\code\vb\mvcapplication1\mvcapplication1.tests\bin\debug\mvcapplication1.tests.dll" id="10560c36-6c20-f064-d572-fc78fdcadc13">
      <Css projectStructure="" iteration="" />
      <Owners>
        <Owner name="" />
      </Owners>
      <Execution id="cadd4426-9306-4fa5-a32f-54fa4fd93cf7" />
      <TestMethod codeBase="C:\Users\swalther\Documents\Books\AspNetMvcUnleashed\Chapter02 - Understanding Routing\Code\VB\MvcApplication1\MvcApplication1.Tests\bin\Debug\MvcApplication1.Tests.dll" adapterTypeName="Microsoft.VisualStudio.TestTools.TestTypes.Unit.UnitTestAdapter, Microsoft.VisualStudio.QualityTools.Tips.UnitTest.Adapter, Version=9.0.0.0, Culture=neutral, PublicKeyToken=b03f5f7f11d50a3a" className="MvcApplication1.Tests.AccountControllerTest, MvcApplication1.Tests" name="RegisterPostReturnsViewIfRegistrationFails" />
    </UnitTest>
    <UnitTest name="DefaultRouteMatchesHome" storage="c:\users\swalther\documents\books\aspnetmvcunleashed\chapter02 - understanding routing\code\vb\mvcapplication1\mvcapplication1.tests\bin\debug\mvcapplication1.tests.dll" id="3e963d19-a368-7acb-847b-1c250a59c4d7">
      <Css projectStructure="" iteration="" />
      <Owners>
        <Owner name="" />
      </Owners>
      <Execution id="44e149d6-f488-4096-a689-307fe44c075a" />
      <TestMethod codeBase="C:\Users\swalther\Documents\Books\AspNetMvcUnleashed\Chapter02 - Understanding Routing\Code\VB\MvcApplication1\MvcApplication1.Tests\bin\Debug\MvcApplication1.Tests.dll" adapterTypeName="Microsoft.VisualStudio.TestTools.TestTypes.Unit.UnitTestAdapter, Microsoft.VisualStudio.QualityTools.Tips.UnitTest.Adapter, Version=9.0.0.0, Culture=neutral, PublicKeyToken=b03f5f7f11d50a3a" className="MvcApplication1.Tests.RouteTest, MvcApplication1.Tests" name="DefaultRouteMatchesHome" />
    </UnitTest>
    <UnitTest name="RegisterPostReturnsViewIfPasswordIsNothing" storage="c:\users\swalther\documents\books\aspnetmvcunleashed\chapter02 - understanding routing\code\vb\mvcapplication1\mvcapplication1.tests\bin\debug\mvcapplication1.tests.dll" id="55a10668-537a-3d59-5ff2-169b72ec0a08">
      <Css projectStructure="" iteration="" />
      <Owners>
        <Owner name="" />
      </Owners>
      <Execution id="0410ae51-eb2c-47f8-9c13-2196ce87ddfb" />
      <TestMethod codeBase="C:\Users\swalther\Documents\Books\AspNetMvcUnleashed\Chapter02 - Understanding Routing\Code\VB\MvcApplication1\MvcApplication1.Tests\bin\Debug\MvcApplication1.Tests.dll" adapterTypeName="Microsoft.VisualStudio.TestTools.TestTypes.Unit.UnitTestAdapter, Microsoft.VisualStudio.QualityTools.Tips.UnitTest.Adapter, Version=9.0.0.0, Culture=neutral, PublicKeyToken=b03f5f7f11d50a3a" className="MvcApplication1.Tests.AccountControllerTest, MvcApplication1.Tests" name="RegisterPostReturnsViewIfPasswordIsNothing" />
    </UnitTest>
    <UnitTest name="RegisterPostRedirectsHomeIfRegistrationSuccessful" storage="c:\users\swalther\documents\books\aspnetmvcunleashed\chapter02 - understanding routing\code\vb\mvcapplication1\mvcapplication1.tests\bin\debug\mvcapplication1.tests.dll" id="6adf0474-54d1-e260-5bf3-53052c7e6588">
      <Css projectStructure="" iteration="" />
      <Owners>
        <Owner name="" />
      </Owners>
      <Execution id="ec02e097-2cf9-4a26-9c0f-ed4e48031961" />
      <TestMethod codeBase="C:\Users\swalther\Documents\Books\AspNetMvcUnleashed\Chapter02 - Understanding Routing\Code\VB\MvcApplication1\MvcApplication1.Tests\bin\Debug\MvcApplication1.Tests.dll" adapterTypeName="Microsoft.VisualStudio.TestTools.TestTypes.Unit.UnitTestAdapter, Microsoft.VisualStudio.QualityTools.Tips.UnitTest.Adapter, Version=9.0.0.0, Culture=neutral, PublicKeyToken=b03f5f7f11d50a3a" className="MvcApplication1.Tests.AccountControllerTest, MvcApplication1.Tests" name="RegisterPostRedirectsHomeIfRegistrationSuccessful" />
    </UnitTest>
    <UnitTest name="ChangePasswordPostRedirectsOnSuccess" storage="c:\users\swalther\documents\books\aspnetmvcunleashed\chapter02 - understanding routing\code\vb\mvcapplication1\mvcapplication1.tests\bin\debug\mvcapplication1.tests.dll" id="935ff67c-8ab2-26e0-1d50-83bbb6efc06b">
      <Css projectStructure="" iteration="" />
      <Owners>
        <Owner name="" />
      </Owners>
      <Execution id="b5e053fb-5c7f-4d34-bbc7-720faf3ac0fe" />
      <TestMethod codeBase="C:\Users\swalther\Documents\Books\AspNetMvcUnleashed\Chapter02 - Understanding Routing\Code\VB\MvcApplication1\MvcApplication1.Tests\bin\Debug\MvcApplication1.Tests.dll" adapterTypeName="Microsoft.VisualStudio.TestTools.TestTypes.Unit.UnitTestAdapter, Microsoft.VisualStudio.QualityTools.Tips.UnitTest.Adapter, Version=9.0.0.0, Culture=neutral, PublicKeyToken=b03f5f7f11d50a3a" className="MvcApplication1.Tests.AccountControllerTest, MvcApplication1.Tests" name="ChangePasswordPostRedirectsOnSuccess" />
    </UnitTest>
  </TestDefinitions>
  <TestLists>
    <TestList name="Results Not in a List" id="8c84fa94-04c1-424b-9868-57a2d4851a1d" />
    <TestList name="All Loaded Results" id="19431567-8539-422a-85d7-44ee4e166bda" />
  </TestLists>
  <TestEntries>
    <TestEntry testId="00ea5fac-2b09-d602-9397-2f4d0e881b62" executionId="6b4bb927-5467-4570-a60b-dfbb015eb15c" testListId="8c84fa94-04c1-424b-9868-57a2d4851a1d" />
    <TestEntry testId="10560c36-6c20-f064-d572-fc78fdcadc13" executionId="cadd4426-9306-4fa5-a32f-54fa4fd93cf7" testListId="8c84fa94-04c1-424b-9868-57a2d4851a1d" />
    <TestEntry testId="1d05c884-6989-a90f-bec1-9646af62660e" executionId="f3510c7d-6392-4f4e-b158-492708aa4148" testListId="8c84fa94-04c1-424b-9868-57a2d4851a1d" />
    <TestEntry testId="1f7c289e-afd9-cfe7-7f87-0cbd220ea485" executionId="b389a42a-cfcc-45d1-8a6d-a2599797347f" testListId="8c84fa94-04c1-424b-9868-57a2d4851a1d" />
    <TestEntry testId="2ac230b4-0f6c-047f-c27e-06d4f0e94ca0" executionId="d6984053-7cf8-4f23-8d30-e9b3d71641eb" testListId="8c84fa94-04c1-424b-9868-57a2d4851a1d" />
    <TestEntry testId="2bd4db97-938b-bc7c-9f96-2e0524c781e1" executionId="bf41f27c-156b-4435-b316-22f9e92e4c9a" testListId="8c84fa94-04c1-424b-9868-57a2d4851a1d" />
    <TestEntry testId="39354425-2da1-8f60-7909-4a4851f9e520" executionId="5b1a6057-0078-48df-827d-d51a8583afaf" testListId="8c84fa94-04c1-424b-9868-57a2d4851a1d" />
    <TestEntry testId="3e5ce089-d9b3-a562-7245-0258f75f1ce4" executionId="ea63ac17-0625-482e-8c01-5da9c5b86501" testListId="8c84fa94-04c1-424b-9868-57a2d4851a1d" />
    <TestEntry testId="3e963d19-a368-7acb-847b-1c250a59c4d7" executionId="44e149d6-f488-4096-a689-307fe44c075a" testListId="8c84fa94-04c1-424b-9868-57a2d4851a1d" />
    <TestEntry testId="3f54d0ba-f92d-0fdc-2601-46fa082ffd01" executionId="4f1ad680-cd75-4b32-99e8-ae3330507dd7" testListId="8c84fa94-04c1-424b-9868-57a2d4851a1d" />
    <TestEntry testId="55a10668-537a-3d59-5ff2-169b72ec0a08" executionId="0410ae51-eb2c-47f8-9c13-2196ce87ddfb" testListId="8c84fa94-04c1-424b-9868-57a2d4851a1d" />
    <TestEntry testId="565100ab-7c3e-7bb5-ad92-12b195f92f4a" executionId="516c2c81-0f92-462e-937b-3028855c9afd" testListId="8c84fa94-04c1-424b-9868-57a2d4851a1d" />
    <TestEntry testId="6adf0474-54d1-e260-5bf3-53052c7e6588" executionId="ec02e097-2cf9-4a26-9c0f-ed4e48031961" testListId="8c84fa94-04c1-424b-9868-57a2d4851a1d" />
    <TestEntry testId="6c326838-8120-9a32-a63a-7e1a206e9dc4" executionId="13bb763c-94ab-425d-86ee-1ac20f3fbf89" testListId="8c84fa94-04c1-424b-9868-57a2d4851a1d" />
    <TestEntry testId="736d5758-a5ab-1cfd-7e38-ade06a46d4db" executionId="9336c842-f0ca-4777-8b96-293783a42c5c" testListId="8c84fa94-04c1-424b-9868-57a2d4851a1d" />
    <TestEntry testId="7a43e370-da46-f962-399c-99097b036bec" executionId="d70741a0-0be3-45af-8702-04673579846a" testListId="8c84fa94-04c1-424b-9868-57a2d4851a1d" />
    <TestEntry testId="805cca92-f868-00d7-4f79-91b650f49c2e" executionId="96af9cea-3920-4626-85bf-47c32acf4b2f" testListId="8c84fa94-04c1-424b-9868-57a2d4851a1d" />
    <TestEntry testId="84cb20e6-7c5a-b1e4-8bcc-861ca14077ea" executionId="4aeabcf3-028b-48a0-b6b3-4a2a98bed10c" testListId="8c84fa94-04c1-424b-9868-57a2d4851a1d" />
    <TestEntry testId="935ff67c-8ab2-26e0-1d50-83bbb6efc06b" executionId="b5e053fb-5c7f-4d34-bbc7-720faf3ac0fe" testListId="8c84fa94-04c1-424b-9868-57a2d4851a1d" />
    <TestEntry testId="936e2432-61b4-151f-4b71-660595ab93d1" executionId="62e26f59-c102-42ba-94b5-abd78b03be9a" testListId="8c84fa94-04c1-424b-9868-57a2d4851a1d" />
    <TestEntry testId="9b71f843-de34-d902-743e-9ae7738adbce" executionId="416effb3-f39c-4e5b-953e-5c182296e2c3" testListId="8c84fa94-04c1-424b-9868-57a2d4851a1d" />
    <TestEntry testId="adf2178a-040c-56e1-9e50-2d3a5675cdca" executionId="aa76c7f3-c190-4845-bef1-e99b586cc507" testListId="8c84fa94-04c1-424b-9868-57a2d4851a1d" />
    <TestEntry testId="b4082959-81fc-6a54-05c9-08d08bae15c5" executionId="4dd98209-f078-4dbd-a171-0bd7994c0103" testListId="8c84fa94-04c1-424b-9868-57a2d4851a1d" />
    <TestEntry testId="c7788098-799a-3b2e-46e6-9fbbac923989" executionId="5dd9c40c-5d74-4237-aa5e-213cdf661075" testListId="8c84fa94-04c1-424b-9868-57a2d4851a1d" />
    <TestEntry testId="cbddc9b8-a8ce-280d-8aa4-e6c9021bdc2e" executionId="57fd28eb-2637-4857-b5f9-120c76a7a72a" testListId="8c84fa94-04c1-424b-9868-57a2d4851a1d" />
    <TestEntry testId="d8a57955-2031-7761-265b-afb8a35e658c" executionId="7a0fafef-6433-4931-ba05-f76f493216af" testListId="8c84fa94-04c1-424b-9868-57a2d4851a1d" />
    <TestEntry testId="d99ab20f-3321-dd14-17dc-1767d8b7df0e" executionId="5fa98537-97d0-408b-81ce-22a7066ec90d" testListId="8c84fa94-04c1-424b-9868-57a2d4851a1d" />
    <TestEntry testId="fef46445-334b-60f5-796d-54dc572bf60b" executionId="c7be3aa4-5148-4931-87b6-944d3153b558" testListId="8c84fa94-04c1-424b-9868-57a2d4851a1d" />
  </TestEntries>
  <Results>
    <UnitTestResult executionId="6b4bb927-5467-4570-a60b-dfbb015eb15c" testId="00ea5fac-2b09-d602-9397-2f4d0e881b62" testName="LoginPostReturnsViewIfUsernameOrPasswordIsIncorrect" computerName="SWLAPTOP" duration="00:00:00.2011537" startTime="2009-02-06T11:33:39.6539279-08:00" endTime="2009-02-06T11:33:40.3359961-08:00" testType="13cdc9d9-ddb5-4fa4-a97d-d965ccfc6d4b" outcome="Passed" testListId="8c84fa94-04c1-424b-9868-57a2d4851a1d">
      <Output>
      </Output>
    </UnitTestResult>
    <UnitTestResult executionId="cadd4426-9306-4fa5-a32f-54fa4fd93cf7" testId="10560c36-6c20-f064-d572-fc78fdcadc13" testName="RegisterPostReturnsViewIfRegistrationFails" computerName="SWLAPTOP" duration="00:00:00.1686699" startTime="2009-02-06T11:33:40.3369962-08:00" endTime="2009-02-06T11:33:40.5080133-08:00" testType="13cdc9d9-ddb5-4fa4-a97d-d965ccfc6d4b" outcome="Passed" testListId="8c84fa94-04c1-424b-9868-57a2d4851a1d">
      <Output>
      </Output>
    </UnitTestResult>
    <UnitTestResult executionId="f3510c7d-6392-4f4e-b158-492708aa4148" testId="1d05c884-6989-a90f-bec1-9646af62660e" testName="ChangePasswordSuccess" computerName="SWLAPTOP" duration="00:00:00.0004834" startTime="2009-02-06T11:33:40.5090134-08:00" endTime="2009-02-06T11:33:40.5120137-08:00" testType="13cdc9d9-ddb5-4fa4-a97d-d965ccfc6d4b" outcome="Passed" testListId="8c84fa94-04c1-424b-9868-57a2d4851a1d">
      <Output>
      </Output>
    </UnitTestResult>
    <UnitTestResult executionId="b389a42a-cfcc-45d1-8a6d-a2599797347f" testId="1f7c289e-afd9-cfe7-7f87-0cbd220ea485" testName="Index" computerName="SWLAPTOP" duration="00:00:00.0006685" startTime="2009-02-06T11:33:40.5130138-08:00" endTime="2009-02-06T11:33:40.5160141-08:00" testType="13cdc9d9-ddb5-4fa4-a97d-d965ccfc6d4b" outcome="Passed" testListId="8c84fa94-04c1-424b-9868-57a2d4851a1d">
      <Output>
      </Output>
    </UnitTestResult>
    <UnitTestResult executionId="d6984053-7cf8-4f23-8d30-e9b3d71641eb" testId="2ac230b4-0f6c-047f-c27e-06d4f0e94ca0" testName="RegisterPostReturnsViewIfPasswordIsTooShort" computerName="SWLAPTOP" duration="00:00:00.0005047" startTime="2009-02-06T11:33:40.5160141-08:00" endTime="2009-02-06T11:33:40.5180143-08:00" testType="13cdc9d9-ddb5-4fa4-a97d-d965ccfc6d4b" outcome="Passed" testListId="8c84fa94-04c1-424b-9868-57a2d4851a1d">
      <Output>
      </Output>
    </UnitTestResult>
    <UnitTestResult executionId="bf41f27c-156b-4435-b316-22f9e92e4c9a" testId="2bd4db97-938b-bc7c-9f96-2e0524c781e1" testName="LoginPostRedirectsToReturnUrlIfLoginSuccessfulAndReturnUrlGiven" computerName="SWLAPTOP" duration="00:00:00.0004244" startTime="2009-02-06T11:33:40.5180143-08:00" endTime="2009-02-06T11:33:40.5200145-08:00" testType="13cdc9d9-ddb5-4fa4-a97d-d965ccfc6d4b" outcome="Passed" testListId="8c84fa94-04c1-424b-9868-57a2d4851a1d">
      <Output>
      </Output>
    </UnitTestResult>
    <UnitTestResult executionId="5b1a6057-0078-48df-827d-d51a8583afaf" testId="39354425-2da1-8f60-7909-4a4851f9e520" testName="ChangePasswordPostReturnsViewIfNewPasswordIsTooShort" computerName="SWLAPTOP" duration="00:00:00.0340759" startTime="2009-02-06T11:33:40.5210146-08:00" endTime="2009-02-06T11:33:40.5560181-08:00" testType="13cdc9d9-ddb5-4fa4-a97d-d965ccfc6d4b" outcome="Passed" testListId="8c84fa94-04c1-424b-9868-57a2d4851a1d">
      <Output>
      </Output>
    </UnitTestResult>
    <UnitTestResult executionId="ea63ac17-0625-482e-8c01-5da9c5b86501" testId="3e5ce089-d9b3-a562-7245-0258f75f1ce4" testName="RegisterPostReturnsViewIfNewPasswordDoesNotMatchConfirmPassword" computerName="SWLAPTOP" duration="00:00:00.0004770" startTime="2009-02-06T11:33:40.5580183-08:00" endTime="2009-02-06T11:33:40.5610186-08:00" testType="13cdc9d9-ddb5-4fa4-a97d-d965ccfc6d4b" outcome="Passed" testListId="8c84fa94-04c1-424b-9868-57a2d4851a1d">
      <Output>
      </Output>
    </UnitTestResult>
    <UnitTestResult executionId="44e149d6-f488-4096-a689-307fe44c075a" testId="3e963d19-a368-7acb-847b-1c250a59c4d7" testName="DefaultRouteMatchesHome" computerName="SWLAPTOP" duration="00:00:00.0112762" startTime="2009-02-06T11:33:40.5610186-08:00" endTime="2009-02-06T11:33:40.5750200-08:00" testType="13cdc9d9-ddb5-4fa4-a97d-d965ccfc6d4b" outcome="Passed" testListId="8c84fa94-04c1-424b-9868-57a2d4851a1d">
      <Output>
      </Output>
    </UnitTestResult>
    <UnitTestResult executionId="4f1ad680-cd75-4b32-99e8-ae3330507dd7" testId="3f54d0ba-f92d-0fdc-2601-46fa082ffd01" testName="ChangePasswordPostReturnsViewIfNewPasswordDoesNotMatchConfirmPassword" computerName="SWLAPTOP" duration="00:00:00.0005852" startTime="2009-02-06T11:33:40.5770202-08:00" endTime="2009-02-06T11:33:40.5970222-08:00" testType="13cdc9d9-ddb5-4fa4-a97d-d965ccfc6d4b" outcome="Passed" testListId="8c84fa94-04c1-424b-9868-57a2d4851a1d">
      <Output>
      </Output>
    </UnitTestResult>
    <UnitTestResult executionId="0410ae51-eb2c-47f8-9c13-2196ce87ddfb" testId="55a10668-537a-3d59-5ff2-169b72ec0a08" testName="RegisterPostReturnsViewIfPasswordIsNothing" computerName="SWLAPTOP" duration="00:00:00.0004819" startTime="2009-02-06T11:33:40.5970222-08:00" endTime="2009-02-06T11:33:40.6000225-08:00" testType="13cdc9d9-ddb5-4fa4-a97d-d965ccfc6d4b" outcome="Passed" testListId="8c84fa94-04c1-424b-9868-57a2d4851a1d">
      <Output>
      </Output>
    </UnitTestResult>
    <UnitTestResult executionId="516c2c81-0f92-462e-937b-3028855c9afd" testId="565100ab-7c3e-7bb5-ad92-12b195f92f4a" testName="LoginGet" computerName="SWLAPTOP" duration="00:00:00.0003456" startTime="2009-02-06T11:33:40.6010226-08:00" endTime="2009-02-06T11:33:40.6040229-08:00" testType="13cdc9d9-ddb5-4fa4-a97d-d965ccfc6d4b" outcome="Passed" testListId="8c84fa94-04c1-424b-9868-57a2d4851a1d">
      <Output>
      </Output>
    </UnitTestResult>
    <UnitTestResult executionId="ec02e097-2cf9-4a26-9c0f-ed4e48031961" testId="6adf0474-54d1-e260-5bf3-53052c7e6588" testName="RegisterPostRedirectsHomeIfRegistrationSuccessful" computerName="SWLAPTOP" duration="00:00:00.0004188" startTime="2009-02-06T11:33:40.6040229-08:00" endTime="2009-02-06T11:33:40.6070232-08:00" testType="13cdc9d9-ddb5-4fa4-a97d-d965ccfc6d4b" outcome="Passed" testListId="8c84fa94-04c1-424b-9868-57a2d4851a1d">
      <Output>
      </Output>
    </UnitTestResult>
    <UnitTestResult executionId="13bb763c-94ab-425d-86ee-1ac20f3fbf89" testId="6c326838-8120-9a32-a63a-7e1a206e9dc4" testName="ChangePasswordPostReturnsViewIfProviderRejectsPassword" computerName="SWLAPTOP" duration="00:00:00.0013445" startTime="2009-02-06T11:33:40.6080233-08:00" endTime="2009-02-06T11:33:40.6120237-08:00" testType="13cdc9d9-ddb5-4fa4-a97d-d965ccfc6d4b" outcome="Passed" testListId="8c84fa94-04c1-424b-9868-57a2d4851a1d">
      <Output>
      </Output>
    </UnitTestResult>
    <UnitTestResult executionId="9336c842-f0ca-4777-8b96-293783a42c5c" testId="736d5758-a5ab-1cfd-7e38-ade06a46d4db" testName="RegisterPostReturnsViewIfUsernameNotSpecified" computerName="SWLAPTOP" duration="00:00:00.0004643" startTime="2009-02-06T11:33:40.6120237-08:00" endTime="2009-02-06T11:33:40.6150240-08:00" testType="13cdc9d9-ddb5-4fa4-a97d-d965ccfc6d4b" outcome="Passed" testListId="8c84fa94-04c1-424b-9868-57a2d4851a1d">
      <Output>
      </Output>
    </UnitTestResult>
    <UnitTestResult executionId="d70741a0-0be3-45af-8702-04673579846a" testId="7a43e370-da46-f962-399c-99097b036bec" testName="LogOff" computerName="SWLAPTOP" duration="00:00:00.0005085" startTime="2009-02-06T11:33:40.6160241-08:00" endTime="2009-02-06T11:33:40.6190244-08:00" testType="13cdc9d9-ddb5-4fa4-a97d-d965ccfc6d4b" outcome="Passed" testListId="8c84fa94-04c1-424b-9868-57a2d4851a1d">
      <Output>
      </Output>
    </UnitTestResult>
    <UnitTestResult executionId="96af9cea-3920-4626-85bf-47c32acf4b2f" testId="805cca92-f868-00d7-4f79-91b650f49c2e" testName="LoginPostReturnsViewIfPasswordNotSpecified" computerName="SWLAPTOP" duration="00:00:00.0004906" startTime="2009-02-06T11:33:40.6200245-08:00" endTime="2009-02-06T11:33:40.6230248-08:00" testType="13cdc9d9-ddb5-4fa4-a97d-d965ccfc6d4b" outcome="Passed" testListId="8c84fa94-04c1-424b-9868-57a2d4851a1d">
      <Output>
      </Output>
    </UnitTestResult>
    <UnitTestResult executionId="4aeabcf3-028b-48a0-b6b3-4a2a98bed10c" testId="84cb20e6-7c5a-b1e4-8bcc-861ca14077ea" testName="About" computerName="SWLAPTOP" duration="00:00:00.0003163" startTime="2009-02-06T11:33:40.6230248-08:00" endTime="2009-02-06T11:33:40.6270252-08:00" testType="13cdc9d9-ddb5-4fa4-a97d-d965ccfc6d4b" outcome="Passed" testListId="8c84fa94-04c1-424b-9868-57a2d4851a1d">
      <Output>
      </Output>
    </UnitTestResult>
    <UnitTestResult executionId="b5e053fb-5c7f-4d34-bbc7-720faf3ac0fe" testId="935ff67c-8ab2-26e0-1d50-83bbb6efc06b" testName="ChangePasswordPostRedirectsOnSuccess" computerName="SWLAPTOP" duration="00:00:00.0003055" startTime="2009-02-06T11:33:40.6270252-08:00" endTime="2009-02-06T11:33:40.6300255-08:00" testType="13cdc9d9-ddb5-4fa4-a97d-d965ccfc6d4b" outcome="Passed" testListId="8c84fa94-04c1-424b-9868-57a2d4851a1d">
      <Output>
      </Output>
    </UnitTestResult>
    <UnitTestResult executionId="62e26f59-c102-42ba-94b5-abd78b03be9a" testId="936e2432-61b4-151f-4b71-660595ab93d1" testName="RegisterPostReturnsViewIfEmailNotSpecified" computerName="SWLAPTOP" duration="00:00:00.0004736" startTime="2009-02-06T11:33:40.6310256-08:00" endTime="2009-02-06T11:33:40.6340259-08:00" testType="13cdc9d9-ddb5-4fa4-a97d-d965ccfc6d4b" outcome="Passed" testListId="8c84fa94-04c1-424b-9868-57a2d4851a1d">
      <Output>
      </Output>
    </UnitTestResult>
    <UnitTestResult executionId="416effb3-f39c-4e5b-953e-5c182296e2c3" testId="9b71f843-de34-d902-743e-9ae7738adbce" testName="ChangePasswordGetReturnsView" computerName="SWLAPTOP" duration="00:00:00.0004733" startTime="2009-02-06T11:33:40.6340259-08:00" endTime="2009-02-06T11:33:40.6370262-08:00" testType="13cdc9d9-ddb5-4fa4-a97d-d965ccfc6d4b" outcome="Passed" testListId="8c84fa94-04c1-424b-9868-57a2d4851a1d">
      <Output>
      </Output>
    </UnitTestResult>
    <UnitTestResult executionId="aa76c7f3-c190-4845-bef1-e99b586cc507" testId="adf2178a-040c-56e1-9e50-2d3a5675cdca" testName="ConstructorSetsProperties" computerName="SWLAPTOP" duration="00:00:00.2549383" startTime="2009-02-06T11:33:40.6380263-08:00" endTime="2009-02-06T11:33:40.8960521-08:00" testType="13cdc9d9-ddb5-4fa4-a97d-d965ccfc6d4b" outcome="Passed" testListId="8c84fa94-04c1-424b-9868-57a2d4851a1d">
      <Output>
      </Output>
    </UnitTestResult>
    <UnitTestResult executionId="4dd98209-f078-4dbd-a171-0bd7994c0103" testId="b4082959-81fc-6a54-05c9-08d08bae15c5" testName="ChangePasswordPostReturnsViewIfNewPasswordIsNothing" computerName="SWLAPTOP" duration="00:00:00.0005682" startTime="2009-02-06T11:33:40.8970522-08:00" endTime="2009-02-06T11:33:40.9000525-08:00" testType="13cdc9d9-ddb5-4fa4-a97d-d965ccfc6d4b" outcome="Passed" testListId="8c84fa94-04c1-424b-9868-57a2d4851a1d">
      <Output>
      </Output>
    </UnitTestResult>
    <UnitTestResult executionId="5dd9c40c-5d74-4237-aa5e-213cdf661075" testId="c7788098-799a-3b2e-46e6-9fbbac923989" testName="RegisterGet" computerName="SWLAPTOP" duration="00:00:00.0005129" startTime="2009-02-06T11:33:40.9010526-08:00" endTime="2009-02-06T11:33:40.9050530-08:00" testType="13cdc9d9-ddb5-4fa4-a97d-d965ccfc6d4b" outcome="Passed" testListId="8c84fa94-04c1-424b-9868-57a2d4851a1d">
      <Output>
      </Output>
    </UnitTestResult>
    <UnitTestResult executionId="57fd28eb-2637-4857-b5f9-120c76a7a72a" testId="cbddc9b8-a8ce-280d-8aa4-e6c9021bdc2e" testName="LoginPostRedirectsHomeIfLoginSuccessfulButNoReturnUrlGiven" computerName="SWLAPTOP" duration="00:00:00.0003270" startTime="2009-02-06T11:33:40.9050530-08:00" endTime="2009-02-06T11:33:40.9090534-08:00" testType="13cdc9d9-ddb5-4fa4-a97d-d965ccfc6d4b" outcome="Passed" testListId="8c84fa94-04c1-424b-9868-57a2d4851a1d">
      <Output>
      </Output>
    </UnitTestResult>
    <UnitTestResult executionId="7a0fafef-6433-4931-ba05-f76f493216af" testId="d8a57955-2031-7761-265b-afb8a35e658c" testName="LoginPostReturnsViewIfUsernameNotSpecified" computerName="SWLAPTOP" duration="00:00:00.0004656" startTime="2009-02-06T11:33:40.9100535-08:00" endTime="2009-02-06T11:33:40.9130538-08:00" testType="13cdc9d9-ddb5-4fa4-a97d-d965ccfc6d4b" outcome="Passed" testListId="8c84fa94-04c1-424b-9868-57a2d4851a1d">
      <Output>
      </Output>
    </UnitTestResult>
    <UnitTestResult executionId="5fa98537-97d0-408b-81ce-22a7066ec90d" testId="d99ab20f-3321-dd14-17dc-1767d8b7df0e" testName="ConstructorSetsPropertiesToDefaultValues" computerName="SWLAPTOP" duration="00:00:00.0005076" startTime="2009-02-06T11:33:40.9140539-08:00" endTime="2009-02-06T11:33:40.9170542-08:00" testType="13cdc9d9-ddb5-4fa4-a97d-d965ccfc6d4b" outcome="Passed" testListId="8c84fa94-04c1-424b-9868-57a2d4851a1d">
      <Output>
      </Output>
    </UnitTestResult>
    <UnitTestResult executionId="c7be3aa4-5148-4931-87b6-944d3153b558" testId="fef46445-334b-60f5-796d-54dc572bf60b" testName="ChangePasswordPostReturnsViewIfCurrentPasswordNotSpecified" computerName="SWLAPTOP" duration="00:00:00.0004632" startTime="2009-02-06T11:33:40.9180543-08:00" endTime="2009-02-06T11:33:40.9210546-08:00" testType="13cdc9d9-ddb5-4fa4-a97d-d965ccfc6d4b" outcome="Passed" testListId="8c84fa94-04c1-424b-9868-57a2d4851a1d">
      <Output>
      </Output>
    </UnitTestResult>
  </Results>
</TestRun>