<?xml version="1.0" encoding="UTF-8"?>
<TestRun id="8f201a50-8122-430b-af26-fbdaf69a7883" name="swalther@SWLAPTOP 2009-03-03 10:08:19" runUser="REDMOND\swalther" xmlns="http://microsoft.com/schemas/VisualStudio/TeamTest/2006">
  <TestRunConfiguration name="Default Run Configuration" id="bacf0754-28fe-4925-9fa2-4041527a874c">
    <Deployment runDeploymentRoot="C:\Users\swalther\Documents\Books\AspNetMvcUnleashed\Chapter06 - Understanding HTML Helpers\Code\CS\MvcApplication1\TestResults\swalther_SWLAPTOP 2009-03-03 10_08_19">
      <DeploymentItem filename="C:\Users\swalther\Documents\Books\AspNetMvcUnleashed\Chapter06 - Understanding HTML Helpers\Code\CS\MvcApplication1\MvcApplication1\bin\MvcApplication1.dll" />
      <DeploymentItem filename="C:\Users\swalther\Documents\Books\AspNetMvcUnleashed\CommonCode\MvcFakes\MvcFakes\bin\Debug\MvcFakes.dll" />
    </Deployment>
    <Hosts skipUnhostableTests="false" />
    <TestTypeSpecific />
  </TestRunConfiguration>
  <ResultSummary outcome="Completed">
    <Counters total="2" executed="2" passed="2" error="0" failed="0" timeout="0" aborted="0" inconclusive="0" passedButRunAborted="0" notRunnable="0" notExecuted="0" disconnected="0" warning="0" completed="0" inProgress="0" pending="0" />
  </ResultSummary>
  <Times creation="2009-03-03T10:08:19.5198334-08:00" queuing="2009-03-03T10:08:20.9238334-08:00" start="2009-03-03T10:08:21.1734334-08:00" finish="2009-03-03T10:08:22.0158334-08:00" />
  <TestDefinitions>
    <UnitTest name="SecondPageNumberSelected" storage="c:\users\swalther\documents\books\aspnetmvcunleashed\chapter06 - understanding html helpers\code\cs\mvcapplication1\mvcapplication1.tests\bin\debug\mvcapplication1.tests.dll" id="e4a3272b-e1d5-b255-7e89-bde3af6a4106">
      <Css projectStructure="" iteration="" />
      <Owners>
        <Owner name="" />
      </Owners>
      <Execution id="738e00c3-7098-4ba7-ad9e-7fc480bf708b" />
      <TestMethod codeBase="C:\Users\swalther\Documents\Books\AspNetMvcUnleashed\Chapter06 - Understanding HTML Helpers\Code\CS\MvcApplication1\MvcApplication1.Tests\bin\Debug\MvcApplication1.Tests.dll" adapterTypeName="Microsoft.VisualStudio.TestTools.TestTypes.Unit.UnitTestAdapter, Microsoft.VisualStudio.QualityTools.Tips.UnitTest.Adapter, Version=9.0.0.0, Culture=neutral, PublicKeyToken=b03f5f7f11d50a3a" className="MvcApplication1.Tests.Helpers.DataGridHelperTests, MvcApplication1.Tests" name="SecondPageNumberSelected" />
    </UnitTest>
    <UnitTest name="CorrectNumberOfRows" storage="c:\users\swalther\documents\books\aspnetmvcunleashed\chapter06 - understanding html helpers\code\cs\mvcapplication1\mvcapplication1.tests\bin\debug\mvcapplication1.tests.dll" id="f390032b-216c-47e2-9810-c1195ce3d717">
      <Css projectStructure="" iteration="" />
      <Owners>
        <Owner name="" />
      </Owners>
      <Execution id="79a9e8cf-ed53-4f17-952d-4c23c0078f8b" />
      <TestMethod codeBase="C:\Users\swalther\Documents\Books\AspNetMvcUnleashed\Chapter06 - Understanding HTML Helpers\Code\CS\MvcApplication1\MvcApplication1.Tests\bin\Debug\MvcApplication1.Tests.dll" adapterTypeName="Microsoft.VisualStudio.TestTools.TestTypes.Unit.UnitTestAdapter, Microsoft.VisualStudio.QualityTools.Tips.UnitTest.Adapter, Version=9.0.0.0, Culture=neutral, PublicKeyToken=b03f5f7f11d50a3a" className="MvcApplication1.Tests.Helpers.DataGridHelperTests, MvcApplication1.Tests" name="CorrectNumberOfRows" />
    </UnitTest>
  </TestDefinitions>
  <TestLists>
    <TestList name="Results Not in a List" id="8c84fa94-04c1-424b-9868-57a2d4851a1d" />
    <TestList name="All Loaded Results" id="19431567-8539-422a-85d7-44ee4e166bda" />
  </TestLists>
  <TestEntries>
    <TestEntry testId="e4a3272b-e1d5-b255-7e89-bde3af6a4106" executionId="738e00c3-7098-4ba7-ad9e-7fc480bf708b" testListId="8c84fa94-04c1-424b-9868-57a2d4851a1d" />
    <TestEntry testId="f390032b-216c-47e2-9810-c1195ce3d717" executionId="79a9e8cf-ed53-4f17-952d-4c23c0078f8b" testListId="8c84fa94-04c1-424b-9868-57a2d4851a1d" />
  </TestEntries>
  <Results>
    <UnitTestResult executionId="738e00c3-7098-4ba7-ad9e-7fc480bf708b" testId="e4a3272b-e1d5-b255-7e89-bde3af6a4106" testName="SecondPageNumberSelected" computerName="SWLAPTOP" duration="00:00:00.1379012" startTime="2009-03-03T10:08:21.2826334-08:00" endTime="2009-03-03T10:08:21.9066334-08:00" testType="13cdc9d9-ddb5-4fa4-a97d-d965ccfc6d4b" outcome="Passed" testListId="8c84fa94-04c1-424b-9868-57a2d4851a1d">
      <Output>
      </Output>
    </UnitTestResult>
    <UnitTestResult executionId="79a9e8cf-ed53-4f17-952d-4c23c0078f8b" testId="f390032b-216c-47e2-9810-c1195ce3d717" testName="CorrectNumberOfRows" computerName="SWLAPTOP" duration="00:00:00.0041479" startTime="2009-03-03T10:08:21.9222334-08:00" endTime="2009-03-03T10:08:21.9222334-08:00" testType="13cdc9d9-ddb5-4fa4-a97d-d965ccfc6d4b" outcome="Passed" testListId="8c84fa94-04c1-424b-9868-57a2d4851a1d">
      <Output>
      </Output>
    </UnitTestResult>
  </Results>
</TestRun>