<?xml version="1.0" encoding="UTF-8"?>
<TestRun id="21cfcd0c-705f-488d-9e0c-1d86493ea8d2" name="swalther@SWLAPTOP 2009-05-24 16:15:32" runUser="REDMOND\swalther" xmlns="http://microsoft.com/schemas/VisualStudio/TeamTest/2006">
  <TestRunConfiguration name="Default Run Configuration" id="ea707d37-13d4-4c3b-b2c8-8be3497936d7">
    <Deployment runDeploymentRoot="C:\Users\swalther\Documents\Books\AspNetMvcUnleashed\Chapter06 - Understanding HTML Helpers\Code\CS\MvcApplication1\TestResults\swalther_SWLAPTOP 2009-05-24 16_15_32">
      <DeploymentItem filename="C:\Users\swalther\Documents\Books\AspNetMvcUnleashed\Chapter06 - Understanding HTML Helpers\Code\CS\MvcApplication1\MvcApplication1\bin\MvcApplication1.dll" />
      <DeploymentItem filename="C:\Users\swalther\Documents\Books\AspNetMvcUnleashed\CommonCode\MvcFakes\MvcFakes\bin\Debug\MvcFakes.dll" />
    </Deployment>
    <Hosts skipUnhostableTests="false" />
    <TestTypeSpecific />
  </TestRunConfiguration>
  <ResultSummary outcome="Failed">
    <Counters total="2" executed="2" error="0" failed="2" timeout="0" aborted="0" inconclusive="0" passedButRunAborted="0" notRunnable="0" notExecuted="0" disconnected="0" warning="0" passed="0" completed="0" inProgress="0" pending="0" />
  </ResultSummary>
  <Times creation="2009-05-24T16:15:32.4503054-07:00" queuing="2009-05-24T16:15:34.7033054-07:00" start="2009-05-24T16:15:34.9643054-07:00" finish="2009-05-24T16:15:36.1913054-07:00" />
  <TestDefinitions>
    <UnitTest name="SecondPageNumberSelected" storage="c:\users\swalther\documents\books\aspnetmvcunleashed\chapter06 - understanding html helpers\code\cs\mvcapplication1\mvcapplication1.tests\bin\debug\mvcapplication1.tests.dll" id="e4a3272b-e1d5-b255-7e89-bde3af6a4106">
      <Css projectStructure="" iteration="" />
      <Owners>
        <Owner name="" />
      </Owners>
      <Execution id="fbb7b3f9-cf09-4505-adc3-71a33488153c" />
      <TestMethod codeBase="C:\Users\swalther\Documents\Books\AspNetMvcUnleashed\Chapter06 - Understanding HTML Helpers\Code\CS\MvcApplication1\MvcApplication1.Tests\bin\Debug\MvcApplication1.Tests.dll" adapterTypeName="Microsoft.VisualStudio.TestTools.TestTypes.Unit.UnitTestAdapter, Microsoft.VisualStudio.QualityTools.Tips.UnitTest.Adapter, Version=9.0.0.0, Culture=neutral, PublicKeyToken=b03f5f7f11d50a3a" className="MvcApplication1.Tests.Helpers.DataGridHelperTests, MvcApplication1.Tests" name="SecondPageNumberSelected" />
    </UnitTest>
    <UnitTest name="CorrectNumberOfRows" storage="c:\users\swalther\documents\books\aspnetmvcunleashed\chapter06 - understanding html helpers\code\cs\mvcapplication1\mvcapplication1.tests\bin\debug\mvcapplication1.tests.dll" id="f390032b-216c-47e2-9810-c1195ce3d717">
      <Css projectStructure="" iteration="" />
      <Owners>
        <Owner name="" />
      </Owners>
      <Execution id="c8aa0d65-bae0-41f5-9213-c686eb5e846e" />
      <TestMethod codeBase="C:\Users\swalther\Documents\Books\AspNetMvcUnleashed\Chapter06 - Understanding HTML Helpers\Code\CS\MvcApplication1\MvcApplication1.Tests\bin\Debug\MvcApplication1.Tests.dll" adapterTypeName="Microsoft.VisualStudio.TestTools.TestTypes.Unit.UnitTestAdapter, Microsoft.VisualStudio.QualityTools.Tips.UnitTest.Adapter, Version=9.0.0.0, Culture=neutral, PublicKeyToken=b03f5f7f11d50a3a" className="MvcApplication1.Tests.Helpers.DataGridHelperTests, MvcApplication1.Tests" name="CorrectNumberOfRows" />
    </UnitTest>
  </TestDefinitions>
  <TestLists>
    <TestList name="Results Not in a List" id="8c84fa94-04c1-424b-9868-57a2d4851a1d" />
    <TestList name="All Loaded Results" id="19431567-8539-422a-85d7-44ee4e166bda" />
  </TestLists>
  <TestEntries>
    <TestEntry testId="e4a3272b-e1d5-b255-7e89-bde3af6a4106" executionId="fbb7b3f9-cf09-4505-adc3-71a33488153c" testListId="8c84fa94-04c1-424b-9868-57a2d4851a1d" />
    <TestEntry testId="f390032b-216c-47e2-9810-c1195ce3d717" executionId="c8aa0d65-bae0-41f5-9213-c686eb5e846e" testListId="8c84fa94-04c1-424b-9868-57a2d4851a1d" />
  </TestEntries>
  <Results>
    <UnitTestResult executionId="fbb7b3f9-cf09-4505-adc3-71a33488153c" testId="e4a3272b-e1d5-b255-7e89-bde3af6a4106" testName="SecondPageNumberSelected" computerName="SWLAPTOP" duration="00:00:00.3909970" startTime="2009-05-24T16:15:35.0573054-07:00" endTime="2009-05-24T16:15:36.0733054-07:00" testType="13cdc9d9-ddb5-4fa4-a97d-d965ccfc6d4b" outcome="Failed" testListId="8c84fa94-04c1-424b-9868-57a2d4851a1d">
      <Output>
        <ErrorInfo>
          <Message>StringAssert.Contains failed. String '&lt;table&gt;
	&lt;thead&gt;
		&lt;tr&gt;
			&lt;th&gt;Id&lt;/th&gt;&lt;th&gt;Name&lt;/th&gt;&lt;th&gt;Price&lt;/th&gt;
		&lt;/tr&gt;
	&lt;/thead&gt;&lt;tbody&gt;
		&lt;tr&gt;
			&lt;td&gt;2&lt;/td&gt;&lt;td&gt;Product 2&lt;/td&gt;&lt;td&gt;3&lt;/td&gt;
		&lt;/tr&gt;&lt;tr&gt;
			&lt;td&gt;3&lt;/td&gt;&lt;td&gt;Product 3&lt;/td&gt;&lt;td&gt;2&lt;/td&gt;
		&lt;/tr&gt;
	&lt;/tbody&gt;
&lt;/table&gt;' does not contain string '&lt;strong&gt;2&lt;/strong&gt;'. .</Message>
          <StackTrace>   at MvcApplication1.Tests.Helpers.DataGridHelperTests.SecondPageNumberSelected() in C:\Users\swalther\Documents\Books\AspNetMvcUnleashed\Chapter06 - Understanding HTML Helpers\Code\CS\MvcApplication1\MvcApplication1.Tests\Helpers\DataGridHelperTests.cs:line 43
</StackTrace>
        </ErrorInfo>
      </Output>
    </UnitTestResult>
    <UnitTestResult executionId="c8aa0d65-bae0-41f5-9213-c686eb5e846e" testId="f390032b-216c-47e2-9810-c1195ce3d717" testName="CorrectNumberOfRows" computerName="SWLAPTOP" duration="00:00:00.0136374" startTime="2009-05-24T16:15:36.0893054-07:00" endTime="2009-05-24T16:15:36.1073054-07:00" testType="13cdc9d9-ddb5-4fa4-a97d-d965ccfc6d4b" outcome="Failed" testListId="8c84fa94-04c1-424b-9868-57a2d4851a1d">
      <Output>
        <ErrorInfo>
          <Message>Assert.AreEqual failed. Expected:&lt;4&gt;. Actual:&lt;3&gt;. </Message>
          <StackTrace>   at MvcApplication1.Tests.Helpers.DataGridHelperTests.CorrectNumberOfRows() in C:\Users\swalther\Documents\Books\AspNetMvcUnleashed\Chapter06 - Understanding HTML Helpers\Code\CS\MvcApplication1\MvcApplication1.Tests\Helpers\DataGridHelperTests.cs:line 60
</StackTrace>
        </ErrorInfo>
      </Output>
    </UnitTestResult>
  </Results>
</TestRun>