<?xml version="1.0" encoding="UTF-8"?>
<TestRun id="a92a76fc-d131-4490-8d29-f8fd387dd325" name="swalther@SWLAPTOP 2009-03-03 10:03:37" runUser="REDMOND\swalther" xmlns="http://microsoft.com/schemas/VisualStudio/TeamTest/2006">
  <TestRunConfiguration name="Default Run Configuration" id="3a379ea0-8091-4db1-a06b-6c7f929b7b7c">
    <Deployment runDeploymentRoot="C:\Users\swalther\Documents\Books\AspNetMvcUnleashed\Chapter06 - Understanding HTML Helpers\Code\CS\MvcApplication1\TestResults\swalther_SWLAPTOP 2009-03-03 10_03_37">
      <DeploymentItem filename="C:\Users\swalther\Documents\Books\AspNetMvcUnleashed\Chapter06 - Understanding HTML Helpers\Code\CS\MvcApplication1\MvcApplication1\bin\MvcApplication1.dll" />
      <DeploymentItem filename="C:\Users\swalther\Documents\Books\AspNetMvcUnleashed\CommonCode\MvcFakes\MvcFakes\bin\Debug\MvcFakes.dll" />
    </Deployment>
    <Hosts skipUnhostableTests="false" />
    <TestTypeSpecific />
  </TestRunConfiguration>
  <ResultSummary outcome="Error">
    <Counters total="1" error="0" failed="0" timeout="0" aborted="0" inconclusive="0" passedButRunAborted="0" notRunnable="0" notExecuted="1" disconnected="0" warning="0" passed="0" completed="0" inProgress="0" pending="0" />
    <RunInfos>
      <RunInfo computerName="SWLAPTOP" outcome="Warning" timestamp="2009-03-03T10:03:39.1062334-08:00">
        <Text>The process cannot access the file 'C:\Users\swalther\Documents\Books\AspNetMvcUnleashed\Chapter06 - Understanding HTML Helpers\Code\CS\MvcApplication1\TestResults\swalther_SWLAPTOP 2009-03-03 10_03_37\Out\mvcapplication1.tests.dll' because it is being used by another process.</Text>
        <Exception>System.IO.IOException: The process cannot access the file 'C:\Users\swalther\Documents\Books\AspNetMvcUnleashed\Chapter06 - Understanding HTML Helpers\Code\CS\MvcApplication1\TestResults\swalther_SWLAPTOP 2009-03-03 10_03_37\Out\mvcapplication1.tests.dll' because it is being used by another process.

Server stack trace: 
   at System.IO.__Error.WinIOError(Int32 errorCode, String maybeFullPath)
   at System.IO.FileStream.Init(String path, FileMode mode, FileAccess access, Int32 rights, Boolean useRights, FileShare share, Int32 bufferSize, FileOptions options, SECURITY_ATTRIBUTES secAttrs, String msgPath, Boolean bFromProxy)
   at System.IO.FileStream..ctor(String path, FileMode mode, FileAccess access, FileShare share, Int32 bufferSize, FileOptions options, String msgPath, Boolean bFromProxy)
   at Microsoft.VisualStudio.TestTools.Common.QTFileStream..ctor(String path, FileMode mode, FileAccess access, FileShare share, Int32 bufferSize, IQTFileStreamCallback callback)
   at Microsoft.VisualStudio.TestTools.Common.FileCopyService.OpenQTFile(String fileNameAndPath)
   at System.Runtime.Remoting.Messaging.StackBuilderSink._PrivateProcessMessage(IntPtr md, Object[] args, Object server, Int32 methodPtr, Boolean fExecuteInContext, Object[]&amp; outArgs)
   at System.Runtime.Remoting.Messaging.StackBuilderSink.PrivateProcessMessage(RuntimeMethodHandle md, Object[] args, Object server, Int32 methodPtr, Boolean fExecuteInContext, Object[]&amp; outArgs)
   at System.Runtime.Remoting.Messaging.StackBuilderSink.SyncProcessMessage(IMessage msg, Int32 methodPtr, Boolean fExecuteInContext)

Exception rethrown at [0]: 
   at System.Runtime.Remoting.Proxies.RealProxy.HandleReturnMessage(IMessage reqMsg, IMessage retMsg)
   at System.Runtime.Remoting.Proxies.RealProxy.PrivateInvoke(MessageData&amp; msgData, Int32 type)
   at Microsoft.VisualStudio.TestTools.Common.FileCopyService.OpenQTFile(String fileNameAndPath)
   at Microsoft.VisualStudio.TestTools.Execution.DeploymentQueue.CopyFiles(DeploymentJob job)
   at Microsoft.VisualStudio.TestTools.Execution.DeploymentQueue.DeploymentQueueThread()</Exception>
      </RunInfo>
    </RunInfos>
  </ResultSummary>
  <Times creation="2009-03-03T10:03:37.4682334-08:00" queuing="2009-03-03T10:03:38.8410334-08:00" start="2009-03-03T10:03:37.4682334-08:00" finish="2009-03-03T10:03:39.1062334-08:00" />
  <TestDefinitions>
    <UnitTest name="SecondPageSelected" storage="c:\users\swalther\documents\books\aspnetmvcunleashed\chapter06 - understanding html helpers\code\cs\mvcapplication1\mvcapplication1.tests\bin\debug\mvcapplication1.tests.dll" id="bfb47f5d-aa98-c1fc-7070-4d6187bc6dac">
      <Css projectStructure="" iteration="" />
      <Owners>
        <Owner name="" />
      </Owners>
      <Execution id="777ac102-13a0-4f7f-8929-74a01d4e0f92" />
      <TestMethod codeBase="C:\Users\swalther\Documents\Books\AspNetMvcUnleashed\Chapter06 - Understanding HTML Helpers\Code\CS\MvcApplication1\MvcApplication1.Tests\bin\Debug\MvcApplication1.Tests.dll" adapterTypeName="Microsoft.VisualStudio.TestTools.TestTypes.Unit.UnitTestAdapter, Microsoft.VisualStudio.QualityTools.Tips.UnitTest.Adapter, Version=9.0.0.0, Culture=neutral, PublicKeyToken=b03f5f7f11d50a3a" className="MvcApplication1.Tests.Helpers.DataGridHelperTests, MvcApplication1.Tests" name="SecondPageSelected" />
    </UnitTest>
  </TestDefinitions>
  <TestLists>
    <TestList name="Results Not in a List" id="8c84fa94-04c1-424b-9868-57a2d4851a1d" />
    <TestList name="All Loaded Results" id="19431567-8539-422a-85d7-44ee4e166bda" />
  </TestLists>
  <TestEntries>
    <TestEntry testId="bfb47f5d-aa98-c1fc-7070-4d6187bc6dac" executionId="f93f8e54-d2e7-4202-8334-b02709eba059" testListId="8c84fa94-04c1-424b-9868-57a2d4851a1d" />
  </TestEntries>
  <Results>
    <UnitTestResult executionId="f93f8e54-d2e7-4202-8334-b02709eba059" testId="bfb47f5d-aa98-c1fc-7070-4d6187bc6dac" testName="SecondPageSelected" computerName="SWLAPTOP" duration="00:00:00" startTime="0001-01-01T00:00:00.0000000-08:00" endTime="0001-01-01T00:00:00.0000000-08:00" testType="13cdc9d9-ddb5-4fa4-a97d-d965ccfc6d4b" outcome="NotExecuted" testListId="8c84fa94-04c1-424b-9868-57a2d4851a1d">
    </UnitTestResult>
  </Results>
</TestRun>