<?xml version="1.0" encoding="UTF-8"?>
<TestRun id="eba22fee-8952-4cb3-bdf5-8036ee1ac233" name="swalther@SWLAPTOP 2009-03-03 10:02:56" runUser="REDMOND\swalther" xmlns="http://microsoft.com/schemas/VisualStudio/TeamTest/2006">
  <TestRunConfiguration name="Default Run Configuration" id="241a50af-9a34-4544-9243-973a618f2ef0">
    <Deployment runDeploymentRoot="C:\Users\swalther\Documents\Books\AspNetMvcUnleashed\Chapter06 - Understanding HTML Helpers\Code\CS\MvcApplication1\TestResults\swalther_SWLAPTOP 2009-03-03 10_02_56">
      <DeploymentItem filename="C:\Users\swalther\Documents\Books\AspNetMvcUnleashed\Chapter06 - Understanding HTML Helpers\Code\CS\MvcApplication1\MvcApplication1\bin\MvcApplication1.dll" />
      <DeploymentItem filename="C:\Users\swalther\Documents\Books\AspNetMvcUnleashed\CommonCode\MvcFakes\MvcFakes\bin\Debug\MvcFakes.dll" />
    </Deployment>
    <Hosts skipUnhostableTests="false" />
    <TestTypeSpecific />
  </TestRunConfiguration>
  <ResultSummary outcome="Failed">
    <Counters total="1" executed="1" error="0" failed="1" timeout="0" aborted="0" inconclusive="0" passedButRunAborted="0" notRunnable="0" notExecuted="0" disconnected="0" warning="0" passed="0" completed="0" inProgress="0" pending="0" />
  </ResultSummary>
  <Times creation="2009-03-03T10:02:56.9082334-08:00" queuing="2009-03-03T10:02:58.3434334-08:00" start="2009-03-03T10:02:58.5930334-08:00" finish="2009-03-03T10:02:59.6694334-08:00" />
  <TestDefinitions>
    <UnitTest name="SecondPageSelected" storage="c:\users\swalther\documents\books\aspnetmvcunleashed\chapter06 - understanding html helpers\code\cs\mvcapplication1\mvcapplication1.tests\bin\debug\mvcapplication1.tests.dll" id="bfb47f5d-aa98-c1fc-7070-4d6187bc6dac">
      <Css projectStructure="" iteration="" />
      <Owners>
        <Owner name="" />
      </Owners>
      <Execution id="7d10b540-7454-4d44-b107-c88edd2e5927" />
      <TestMethod codeBase="C:\Users\swalther\Documents\Books\AspNetMvcUnleashed\Chapter06 - Understanding HTML Helpers\Code\CS\MvcApplication1\MvcApplication1.Tests\bin\Debug\MvcApplication1.Tests.dll" adapterTypeName="Microsoft.VisualStudio.TestTools.TestTypes.Unit.UnitTestAdapter, Microsoft.VisualStudio.QualityTools.Tips.UnitTest.Adapter, Version=9.0.0.0, Culture=neutral, PublicKeyToken=b03f5f7f11d50a3a" className="MvcApplication1.Tests.Helpers.DataGridHelperTests, MvcApplication1.Tests" name="SecondPageSelected" />
    </UnitTest>
  </TestDefinitions>
  <TestLists>
    <TestList name="Results Not in a List" id="8c84fa94-04c1-424b-9868-57a2d4851a1d" />
    <TestList name="All Loaded Results" id="19431567-8539-422a-85d7-44ee4e166bda" />
  </TestLists>
  <TestEntries>
    <TestEntry testId="bfb47f5d-aa98-c1fc-7070-4d6187bc6dac" executionId="7d10b540-7454-4d44-b107-c88edd2e5927" testListId="8c84fa94-04c1-424b-9868-57a2d4851a1d" />
  </TestEntries>
  <Results>
    <UnitTestResult executionId="7d10b540-7454-4d44-b107-c88edd2e5927" testId="bfb47f5d-aa98-c1fc-7070-4d6187bc6dac" testName="SecondPageSelected" computerName="SWLAPTOP" duration="00:00:00.1998350" startTime="2009-03-03T10:02:58.6554334-08:00" endTime="2009-03-03T10:02:59.4354334-08:00" testType="13cdc9d9-ddb5-4fa4-a97d-d965ccfc6d4b" outcome="Failed" testListId="8c84fa94-04c1-424b-9868-57a2d4851a1d">
      <Output>
        <ErrorInfo>
          <Message>Test method MvcApplication1.Tests.Helpers.DataGridHelperTests.SecondPageSelected threw exception:  System.IO.FileLoadException: Could not load file or assembly 'MvcFakes, Version=1.0.0.0, Culture=neutral, PublicKeyToken=null' or one of its dependencies. The process cannot access the file because it is being used by another process. (Exception from HRESULT: 0x80070020).</Message>
          <StackTrace>    at MvcApplication1.Tests.Helpers.DataGridHelperTests.SecondPageSelected()
</StackTrace>
        </ErrorInfo>
      </Output>
    </UnitTestResult>
  </Results>
</TestRun>