<?xml version="1.0" encoding="UTF-8"?>
<TestRun id="e7b910c9-6aa7-46d3-8765-143b73323bee" name="swalther@SWLAPTOP 2009-05-24 16:20:11" runUser="REDMOND\swalther" xmlns="http://microsoft.com/schemas/VisualStudio/TeamTest/2006">
  <TestRunConfiguration name="Default Run Configuration" id="53a08483-1266-4e15-95c2-9e1b516d4e08">
    <Deployment runDeploymentRoot="C:\Users\swalther\Documents\Books\AspNetMvcUnleashed\Chapter06 - Understanding HTML Helpers\Code\VB\MvcApplication1\TestResults\swalther_SWLAPTOP 2009-05-24 16_20_11">
      <DeploymentItem filename="C:\Users\swalther\Documents\Books\AspNetMvcUnleashed\CommonCode\MvcFakes\MvcFakes\bin\Debug\MvcFakes.dll" />
      <DeploymentItem filename="C:\Users\swalther\Documents\Books\AspNetMvcUnleashed\Chapter06 - Understanding HTML Helpers\Code\VB\MvcApplication1\MvcApplication1\bin\MvcApplication1.dll" />
    </Deployment>
    <Hosts skipUnhostableTests="false" />
    <TestTypeSpecific />
  </TestRunConfiguration>
  <ResultSummary outcome="Failed">
    <Counters total="2" executed="2" error="0" failed="2" timeout="0" aborted="0" inconclusive="0" passedButRunAborted="0" notRunnable="0" notExecuted="0" disconnected="0" warning="0" passed="0" completed="0" inProgress="0" pending="0" />
  </ResultSummary>
  <Times creation="2009-05-24T16:20:11.7984185-07:00" queuing="2009-05-24T16:20:15.2207607-07:00" start="2009-05-24T16:20:15.4957882-07:00" finish="2009-05-24T16:20:16.4978884-07:00" />
  <TestDefinitions>
    <UnitTest name="SecondPageNumberSelected" storage="c:\users\swalther\documents\books\aspnetmvcunleashed\chapter06 - understanding html helpers\code\vb\mvcapplication1\mvcapplication1.tests\bin\debug\mvcapplication1.tests.dll" id="af7ab75e-708a-0152-a583-bda14b926a7e">
      <Css projectStructure="" iteration="" />
      <Owners>
        <Owner name="" />
      </Owners>
      <Execution id="0eee1324-576e-4791-b9b4-d0431367852e" />
      <TestMethod codeBase="C:\Users\swalther\Documents\Books\AspNetMvcUnleashed\Chapter06 - Understanding HTML Helpers\Code\VB\MvcApplication1\MvcApplication1.Tests\bin\Debug\MvcApplication1.Tests.dll" adapterTypeName="Microsoft.VisualStudio.TestTools.TestTypes.Unit.UnitTestAdapter, Microsoft.VisualStudio.QualityTools.Tips.UnitTest.Adapter, Version=9.0.0.0, Culture=neutral, PublicKeyToken=b03f5f7f11d50a3a" className="MvcApplication1.Tests.DataGridHelperTests, MvcApplication1.Tests" name="SecondPageNumberSelected" />
    </UnitTest>
    <UnitTest name="CorrectNumberOfRows" storage="c:\users\swalther\documents\books\aspnetmvcunleashed\chapter06 - understanding html helpers\code\vb\mvcapplication1\mvcapplication1.tests\bin\debug\mvcapplication1.tests.dll" id="6a033cb4-f2eb-80f9-60b9-7a73c6d8c06b">
      <Css projectStructure="" iteration="" />
      <Owners>
        <Owner name="" />
      </Owners>
      <Execution id="0d98cd49-f862-47b2-8ba1-b33d5800ad2f" />
      <TestMethod codeBase="C:\Users\swalther\Documents\Books\AspNetMvcUnleashed\Chapter06 - Understanding HTML Helpers\Code\VB\MvcApplication1\MvcApplication1.Tests\bin\Debug\MvcApplication1.Tests.dll" adapterTypeName="Microsoft.VisualStudio.TestTools.TestTypes.Unit.UnitTestAdapter, Microsoft.VisualStudio.QualityTools.Tips.UnitTest.Adapter, Version=9.0.0.0, Culture=neutral, PublicKeyToken=b03f5f7f11d50a3a" className="MvcApplication1.Tests.DataGridHelperTests, MvcApplication1.Tests" name="CorrectNumberOfRows" />
    </UnitTest>
  </TestDefinitions>
  <TestLists>
    <TestList name="Results Not in a List" id="8c84fa94-04c1-424b-9868-57a2d4851a1d" />
    <TestList name="All Loaded Results" id="19431567-8539-422a-85d7-44ee4e166bda" />
  </TestLists>
  <TestEntries>
    <TestEntry testId="6a033cb4-f2eb-80f9-60b9-7a73c6d8c06b" executionId="0d98cd49-f862-47b2-8ba1-b33d5800ad2f" testListId="8c84fa94-04c1-424b-9868-57a2d4851a1d" />
    <TestEntry testId="af7ab75e-708a-0152-a583-bda14b926a7e" executionId="0eee1324-576e-4791-b9b4-d0431367852e" testListId="8c84fa94-04c1-424b-9868-57a2d4851a1d" />
  </TestEntries>
  <Results>
    <UnitTestResult executionId="0d98cd49-f862-47b2-8ba1-b33d5800ad2f" testId="6a033cb4-f2eb-80f9-60b9-7a73c6d8c06b" testName="CorrectNumberOfRows" computerName="SWLAPTOP" duration="00:00:00.1651711" startTime="2009-05-24T16:20:15.6158002-07:00" endTime="2009-05-24T16:20:16.3478734-07:00" testType="13cdc9d9-ddb5-4fa4-a97d-d965ccfc6d4b" outcome="Failed" testListId="8c84fa94-04c1-424b-9868-57a2d4851a1d">
      <Output>
        <ErrorInfo>
          <Message>Assert.AreEqual failed. Expected:&lt;4&gt;. Actual:&lt;3&gt;. </Message>
          <StackTrace>   at MvcApplication1.Tests.DataGridHelperTests.CorrectNumberOfRows() in C:\Users\swalther\Documents\Books\AspNetMvcUnleashed\Chapter06 - Understanding HTML Helpers\Code\VB\MvcApplication1\MvcApplication1.Tests\Helpers\DataGridHelperTests.vb:line 48
</StackTrace>
        </ErrorInfo>
      </Output>
    </UnitTestResult>
    <UnitTestResult executionId="0eee1324-576e-4791-b9b4-d0431367852e" testId="af7ab75e-708a-0152-a583-bda14b926a7e" testName="SecondPageNumberSelected" computerName="SWLAPTOP" duration="00:00:00.0136481" startTime="2009-05-24T16:20:16.3708757-07:00" endTime="2009-05-24T16:20:16.3888775-07:00" testType="13cdc9d9-ddb5-4fa4-a97d-d965ccfc6d4b" outcome="Failed" testListId="8c84fa94-04c1-424b-9868-57a2d4851a1d">
      <Output>
        <ErrorInfo>
          <Message>StringAssert.Contains failed. String '&lt;table&gt;
	&lt;thead&gt;
		&lt;tr&gt;
			&lt;th&gt;Id&lt;/th&gt;&lt;th&gt;Name&lt;/th&gt;&lt;th&gt;Price&lt;/th&gt;
		&lt;/tr&gt;
	&lt;/thead&gt;&lt;tbody&gt;
		&lt;tr&gt;
			&lt;td&gt;2&lt;/td&gt;&lt;td&gt;Product 2&lt;/td&gt;&lt;td&gt;3&lt;/td&gt;
		&lt;/tr&gt;&lt;tr&gt;
			&lt;td&gt;3&lt;/td&gt;&lt;td&gt;Product 3&lt;/td&gt;&lt;td&gt;2&lt;/td&gt;
		&lt;/tr&gt;
	&lt;/tbody&gt;
&lt;/table&gt;' does not contain string '&lt;strong&gt;2&lt;/strong&gt;'. .</Message>
          <StackTrace>   at MvcApplication1.Tests.DataGridHelperTests.SecondPageNumberSelected() in C:\Users\swalther\Documents\Books\AspNetMvcUnleashed\Chapter06 - Understanding HTML Helpers\Code\VB\MvcApplication1\MvcApplication1.Tests\Helpers\DataGridHelperTests.vb:line 32
</StackTrace>
        </ErrorInfo>
      </Output>
    </UnitTestResult>
  </Results>
</TestRun>