<?xml version="1.0" encoding="UTF-8"?>
<TestRun id="7171aca1-cc1d-483a-84b8-aff665c6aee5" name="swalther@SWLAPTOP 2009-05-24 16:21:31" runUser="REDMOND\swalther" xmlns="http://microsoft.com/schemas/VisualStudio/TeamTest/2006">
  <TestRunConfiguration name="Default Run Configuration" id="474dbda1-e544-4d5c-9209-cc5ba8ba2f4d">
    <Deployment runDeploymentRoot="C:\Users\swalther\Documents\Books\AspNetMvcUnleashed\Chapter06 - Understanding HTML Helpers\Code\VB\MvcApplication1\TestResults\swalther_SWLAPTOP 2009-05-24 16_21_31">
      <DeploymentItem filename="C:\Users\swalther\Documents\Books\AspNetMvcUnleashed\Chapter06 - Understanding HTML Helpers\Code\VB\MvcApplication1\MvcApplication1\bin\MvcApplication1.dll" />
      <DeploymentItem filename="C:\Users\swalther\Documents\Books\AspNetMvcUnleashed\CommonCode\MvcFakes\MvcFakes\bin\Debug\MvcFakes.dll" />
    </Deployment>
    <Hosts skipUnhostableTests="false" />
    <TestTypeSpecific />
  </TestRunConfiguration>
  <ResultSummary outcome="Completed">
    <Counters total="2" executed="2" passed="2" error="0" failed="0" timeout="0" aborted="0" inconclusive="0" passedButRunAborted="0" notRunnable="0" notExecuted="0" disconnected="0" warning="0" completed="0" inProgress="0" pending="0" />
  </ResultSummary>
  <Times creation="2009-05-24T16:21:31.5413920-07:00" queuing="2009-05-24T16:21:32.7015080-07:00" start="2009-05-24T16:21:32.9325311-07:00" finish="2009-05-24T16:21:33.8126191-07:00" />
  <TestDefinitions>
    <UnitTest name="SecondPageNumberSelected" storage="c:\users\swalther\documents\books\aspnetmvcunleashed\chapter06 - understanding html helpers\code\vb\mvcapplication1\mvcapplication1.tests\bin\debug\mvcapplication1.tests.dll" id="af7ab75e-708a-0152-a583-bda14b926a7e">
      <Css projectStructure="" iteration="" />
      <Owners>
        <Owner name="" />
      </Owners>
      <Execution id="5d2b5166-20e4-432a-85b1-7ffb992ccb48" />
      <TestMethod codeBase="C:\Users\swalther\Documents\Books\AspNetMvcUnleashed\Chapter06 - Understanding HTML Helpers\Code\VB\MvcApplication1\MvcApplication1.Tests\bin\Debug\MvcApplication1.Tests.dll" adapterTypeName="Microsoft.VisualStudio.TestTools.TestTypes.Unit.UnitTestAdapter, Microsoft.VisualStudio.QualityTools.Tips.UnitTest.Adapter, Version=9.0.0.0, Culture=neutral, PublicKeyToken=b03f5f7f11d50a3a" className="MvcApplication1.Tests.DataGridHelperTests, MvcApplication1.Tests" name="SecondPageNumberSelected" />
    </UnitTest>
    <UnitTest name="CorrectNumberOfRows" storage="c:\users\swalther\documents\books\aspnetmvcunleashed\chapter06 - understanding html helpers\code\vb\mvcapplication1\mvcapplication1.tests\bin\debug\mvcapplication1.tests.dll" id="6a033cb4-f2eb-80f9-60b9-7a73c6d8c06b">
      <Css projectStructure="" iteration="" />
      <Owners>
        <Owner name="" />
      </Owners>
      <Execution id="94d9faae-29c7-4343-b6c9-25c983d8d760" />
      <TestMethod codeBase="C:\Users\swalther\Documents\Books\AspNetMvcUnleashed\Chapter06 - Understanding HTML Helpers\Code\VB\MvcApplication1\MvcApplication1.Tests\bin\Debug\MvcApplication1.Tests.dll" adapterTypeName="Microsoft.VisualStudio.TestTools.TestTypes.Unit.UnitTestAdapter, Microsoft.VisualStudio.QualityTools.Tips.UnitTest.Adapter, Version=9.0.0.0, Culture=neutral, PublicKeyToken=b03f5f7f11d50a3a" className="MvcApplication1.Tests.DataGridHelperTests, MvcApplication1.Tests" name="CorrectNumberOfRows" />
    </UnitTest>
  </TestDefinitions>
  <TestLists>
    <TestList name="Results Not in a List" id="8c84fa94-04c1-424b-9868-57a2d4851a1d" />
    <TestList name="All Loaded Results" id="19431567-8539-422a-85d7-44ee4e166bda" />
  </TestLists>
  <TestEntries>
    <TestEntry testId="6a033cb4-f2eb-80f9-60b9-7a73c6d8c06b" executionId="94d9faae-29c7-4343-b6c9-25c983d8d760" testListId="8c84fa94-04c1-424b-9868-57a2d4851a1d" />
    <TestEntry testId="af7ab75e-708a-0152-a583-bda14b926a7e" executionId="5d2b5166-20e4-432a-85b1-7ffb992ccb48" testListId="8c84fa94-04c1-424b-9868-57a2d4851a1d" />
  </TestEntries>
  <Results>
    <UnitTestResult executionId="94d9faae-29c7-4343-b6c9-25c983d8d760" testId="6a033cb4-f2eb-80f9-60b9-7a73c6d8c06b" testName="CorrectNumberOfRows" computerName="SWLAPTOP" duration="00:00:00.1380499" startTime="2009-05-24T16:21:33.0185397-07:00" endTime="2009-05-24T16:21:33.7146093-07:00" testType="13cdc9d9-ddb5-4fa4-a97d-d965ccfc6d4b" outcome="Passed" testListId="8c84fa94-04c1-424b-9868-57a2d4851a1d">
      <Output>
      </Output>
    </UnitTestResult>
    <UnitTestResult executionId="5d2b5166-20e4-432a-85b1-7ffb992ccb48" testId="af7ab75e-708a-0152-a583-bda14b926a7e" testName="SecondPageNumberSelected" computerName="SWLAPTOP" duration="00:00:00.0025193" startTime="2009-05-24T16:21:33.7226101-07:00" endTime="2009-05-24T16:21:33.7286107-07:00" testType="13cdc9d9-ddb5-4fa4-a97d-d965ccfc6d4b" outcome="Passed" testListId="8c84fa94-04c1-424b-9868-57a2d4851a1d">
      <Output>
      </Output>
    </UnitTestResult>
  </Results>
</TestRun>