<?xml version="1.0" encoding="UTF-8"?>
<TestRun id="81daa858-db9b-4ac7-b030-607d88d8284b" name="swalther@SWLAPTOP 2009-04-05 14:38:07" runUser="REDMOND\swalther" xmlns="http://microsoft.com/schemas/VisualStudio/TeamTest/2006">
  <TestRunConfiguration name="Default Run Configuration" id="22862975-b5e5-4791-9f7a-21d1ab4f1828">
    <Deployment runDeploymentRoot="C:\Users\swalther\Documents\Books\AspNetMvcUnleashed\Chapter17 - Database Access\CS\UnleashedBlog\TestResults\swalther_SWLAPTOP 2009-04-05 14_38_07">
      <DeploymentItem filename="C:\Users\swalther\Documents\Books\AspNetMvcUnleashed\Chapter17 - Database Access\CS\UnleashedBlog\UnleashedBlog\bin\UnleashedBlog.dll" />
    </Deployment>
    <Hosts skipUnhostableTests="false" />
    <TestTypeSpecific />
  </TestRunConfiguration>
  <ResultSummary outcome="Completed">
    <Counters total="2" executed="2" passed="2" error="0" failed="0" timeout="0" aborted="0" inconclusive="0" passedButRunAborted="0" notRunnable="0" notExecuted="0" disconnected="0" warning="0" completed="0" inProgress="0" pending="0" />
  </ResultSummary>
  <Times creation="2009-04-05T14:38:07.7962741-07:00" queuing="2009-04-05T14:38:09.1482741-07:00" start="2009-04-05T14:38:09.4032741-07:00" finish="2009-04-05T14:38:10.1892741-07:00" />
  <TestDefinitions>
    <UnitTest name="ShowNewBlogEntries" storage="c:\users\swalther\documents\books\aspnetmvcunleashed\chapter17 - database access\cs\unleashedblog\unleashedblog.tests\bin\debug\unleashedblog.tests.dll" id="9a1a712c-80f0-6dd6-fcde-89e2b48a68f1">
      <Css projectStructure="" iteration="" />
      <Owners>
        <Owner name="" />
      </Owners>
      <Execution id="88bfadeb-0f68-47e0-9c76-4a8363ff899f" />
      <TestMethod codeBase="C:\Users\swalther\Documents\Books\AspNetMvcUnleashed\Chapter17 - Database Access\CS\UnleashedBlog\UnleashedBlog.Tests\bin\Debug\UnleashedBlog.Tests.dll" adapterTypeName="Microsoft.VisualStudio.TestTools.TestTypes.Unit.UnitTestAdapter, Microsoft.VisualStudio.QualityTools.Tips.UnitTest.Adapter, Version=9.0.0.0, Culture=neutral, PublicKeyToken=b03f5f7f11d50a3a" className="UnleashedBlog.Tests.Controllers.BlogControllerTests, UnleashedBlog.Tests" name="ShowNewBlogEntries" />
    </UnitTest>
    <UnitTest name="CreateBlogEntry" storage="c:\users\swalther\documents\books\aspnetmvcunleashed\chapter17 - database access\cs\unleashedblog\unleashedblog.tests\bin\debug\unleashedblog.tests.dll" id="cddc7caf-da78-b76d-6452-22ab4badf897">
      <Css projectStructure="" iteration="" />
      <Owners>
        <Owner name="" />
      </Owners>
      <Execution id="ca0f707a-c527-4d4c-a872-e72209c0ec05" />
      <TestMethod codeBase="C:\Users\swalther\Documents\Books\AspNetMvcUnleashed\Chapter17 - Database Access\CS\UnleashedBlog\UnleashedBlog.Tests\bin\Debug\UnleashedBlog.Tests.dll" adapterTypeName="Microsoft.VisualStudio.TestTools.TestTypes.Unit.UnitTestAdapter, Microsoft.VisualStudio.QualityTools.Tips.UnitTest.Adapter, Version=9.0.0.0, Culture=neutral, PublicKeyToken=b03f5f7f11d50a3a" className="UnleashedBlog.Tests.Controllers.BlogControllerTests, UnleashedBlog.Tests" name="CreateBlogEntry" />
    </UnitTest>
  </TestDefinitions>
  <TestLists>
    <TestList name="Results Not in a List" id="8c84fa94-04c1-424b-9868-57a2d4851a1d" />
    <TestList name="All Loaded Results" id="19431567-8539-422a-85d7-44ee4e166bda" />
  </TestLists>
  <TestEntries>
    <TestEntry testId="9a1a712c-80f0-6dd6-fcde-89e2b48a68f1" executionId="88bfadeb-0f68-47e0-9c76-4a8363ff899f" testListId="8c84fa94-04c1-424b-9868-57a2d4851a1d" />
    <TestEntry testId="cddc7caf-da78-b76d-6452-22ab4badf897" executionId="ca0f707a-c527-4d4c-a872-e72209c0ec05" testListId="8c84fa94-04c1-424b-9868-57a2d4851a1d" />
  </TestEntries>
  <Results>
    <UnitTestResult executionId="88bfadeb-0f68-47e0-9c76-4a8363ff899f" testId="9a1a712c-80f0-6dd6-fcde-89e2b48a68f1" testName="ShowNewBlogEntries" computerName="SWLAPTOP" duration="00:00:00.0503879" startTime="2009-04-05T14:38:09.4852741-07:00" endTime="2009-04-05T14:38:10.0592741-07:00" testType="13cdc9d9-ddb5-4fa4-a97d-d965ccfc6d4b" outcome="Passed" testListId="8c84fa94-04c1-424b-9868-57a2d4851a1d">
      <Output>
      </Output>
    </UnitTestResult>
    <UnitTestResult executionId="ca0f707a-c527-4d4c-a872-e72209c0ec05" testId="cddc7caf-da78-b76d-6452-22ab4badf897" testName="CreateBlogEntry" computerName="SWLAPTOP" duration="00:00:00.0155704" startTime="2009-04-05T14:38:10.0642741-07:00" endTime="2009-04-05T14:38:10.0832741-07:00" testType="13cdc9d9-ddb5-4fa4-a97d-d965ccfc6d4b" outcome="Passed" testListId="8c84fa94-04c1-424b-9868-57a2d4851a1d">
      <Output>
      </Output>
    </UnitTestResult>
  </Results>
</TestRun>