<?xml version="1.0" encoding="UTF-8"?>
<TestRun id="bbf87965-745d-40d8-a217-6f07951a54b9" name="swalther@SWLAPTOP 2009-04-15 11:41:55" runUser="REDMOND\swalther" xmlns="http://microsoft.com/schemas/VisualStudio/TeamTest/2006">
  <TestRunConfiguration name="Default Run Configuration" id="c5e118ba-c820-4cc6-b765-82fb73d9f809">
    <Deployment runDeploymentRoot="C:\Users\swalther\Documents\Books\AspNetMvcUnleashed\Chapter19 - Adding Validation\VB\UnleashedBlog\TestResults\swalther_SWLAPTOP 2009-04-15 11_41_55">
      <DeploymentItem filename="C:\Users\swalther\Documents\Books\AspNetMvcUnleashed\Chapter19 - Adding Validation\VB\UnleashedBlog\UnleashedBlog\bin\UnleashedBlog.dll" />
      <DeploymentItem filename="C:\Users\swalther\Documents\Books\AspNetMvcUnleashed\CommonCode\RouteDebugger\RouteDebugger\bin\Debug\RouteDebugger.dll" />
      <DeploymentItem filename="C:\Users\swalther\Documents\Books\AspNetMvcUnleashed\CommonCode\MvcFakes\MvcFakes\bin\Debug\MvcFakes.dll" />
    </Deployment>
    <Hosts skipUnhostableTests="false" />
    <TestTypeSpecific />
  </TestRunConfiguration>
  <ResultSummary outcome="Failed">
    <Counters total="13" executed="13" passed="12" error="0" failed="1" timeout="0" aborted="0" inconclusive="0" passedButRunAborted="0" notRunnable="0" notExecuted="0" disconnected="0" warning="0" completed="0" inProgress="0" pending="0" />
  </ResultSummary>
  <Times creation="2009-04-15T11:41:55.4156203-07:00" queuing="2009-04-15T11:41:56.8540643-07:00" start="2009-04-15T11:41:57.2460027-07:00" finish="2009-04-15T11:41:58.4438707-07:00" />
  <TestDefinitions>
    <UnitTest name="IndexReturnsBlogEntriesByYear" storage="c:\users\swalther\documents\books\aspnetmvcunleashed\chapter19 - adding validation\vb\unleashedblog\unleashedblog.tests\bin\debug\unleashedblog.tests.dll" id="6c8c66f0-684e-7c39-5959-1c504aed450a">
      <Css projectStructure="" iteration="" />
      <Owners>
        <Owner name="" />
      </Owners>
      <Execution id="13be7a90-6e6d-4a7f-b877-13f28066c576" />
      <TestMethod codeBase="C:\Users\swalther\Documents\Books\AspNetMvcUnleashed\Chapter19 - Adding Validation\VB\UnleashedBlog\UnleashedBlog.Tests\bin\Debug\UnleashedBlog.Tests.dll" adapterTypeName="Microsoft.VisualStudio.TestTools.TestTypes.Unit.UnitTestAdapter, Microsoft.VisualStudio.QualityTools.Tips.UnitTest.Adapter, Version=9.0.0.0, Culture=neutral, PublicKeyToken=b03f5f7f11d50a3a" className="UnleashedBlog.Tests.ArchiveControllerTests, UnleashedBlog.Tests" name="IndexReturnsBlogEntriesByYear" />
    </UnitTest>
    <UnitTest name="IndexReturnsBlogEntriesByDay" storage="c:\users\swalther\documents\books\aspnetmvcunleashed\chapter19 - adding validation\vb\unleashedblog\unleashedblog.tests\bin\debug\unleashedblog.tests.dll" id="af204010-4a90-5f4e-550f-6c15b2bce1f7">
      <Css projectStructure="" iteration="" />
      <Owners>
        <Owner name="" />
      </Owners>
      <Execution id="646f22da-7afa-4797-be6a-e59c7c412b59" />
      <TestMethod codeBase="C:\Users\swalther\Documents\Books\AspNetMvcUnleashed\Chapter19 - Adding Validation\VB\UnleashedBlog\UnleashedBlog.Tests\bin\Debug\UnleashedBlog.Tests.dll" adapterTypeName="Microsoft.VisualStudio.TestTools.TestTypes.Unit.UnitTestAdapter, Microsoft.VisualStudio.QualityTools.Tips.UnitTest.Adapter, Version=9.0.0.0, Culture=neutral, PublicKeyToken=b03f5f7f11d50a3a" className="UnleashedBlog.Tests.ArchiveControllerTests, UnleashedBlog.Tests" name="IndexReturnsBlogEntriesByDay" />
    </UnitTest>
    <UnitTest name="CreateTitleRequired" storage="c:\users\swalther\documents\books\aspnetmvcunleashed\chapter19 - adding validation\vb\unleashedblog\unleashedblog.tests\bin\debug\unleashedblog.tests.dll" id="2b8a9527-ef33-89d0-311f-70824e8a073e">
      <Css projectStructure="" iteration="" />
      <Owners>
        <Owner name="" />
      </Owners>
      <Execution id="d4d74e4f-7aa5-41e0-a018-f9ea364806f3" />
      <TestMethod codeBase="C:\Users\swalther\Documents\Books\AspNetMvcUnleashed\Chapter19 - Adding Validation\VB\UnleashedBlog\UnleashedBlog.Tests\bin\Debug\UnleashedBlog.Tests.dll" adapterTypeName="Microsoft.VisualStudio.TestTools.TestTypes.Unit.UnitTestAdapter, Microsoft.VisualStudio.QualityTools.Tips.UnitTest.Adapter, Version=9.0.0.0, Culture=neutral, PublicKeyToken=b03f5f7f11d50a3a" className="UnleashedBlog.Tests.BlogControllerTests, UnleashedBlog.Tests" name="CreateTitleRequired" />
    </UnitTest>
    <UnitTest name="IndexReturnsBlogEntryByName" storage="c:\users\swalther\documents\books\aspnetmvcunleashed\chapter19 - adding validation\vb\unleashedblog\unleashedblog.tests\bin\debug\unleashedblog.tests.dll" id="4d187e8f-0397-8aa2-e993-61c2514155aa">
      <Css projectStructure="" iteration="" />
      <Owners>
        <Owner name="" />
      </Owners>
      <Execution id="f384fd27-b134-4361-96cb-61295c035dcd" />
      <TestMethod codeBase="C:\Users\swalther\Documents\Books\AspNetMvcUnleashed\Chapter19 - Adding Validation\VB\UnleashedBlog\UnleashedBlog.Tests\bin\Debug\UnleashedBlog.Tests.dll" adapterTypeName="Microsoft.VisualStudio.TestTools.TestTypes.Unit.UnitTestAdapter, Microsoft.VisualStudio.QualityTools.Tips.UnitTest.Adapter, Version=9.0.0.0, Culture=neutral, PublicKeyToken=b03f5f7f11d50a3a" className="UnleashedBlog.Tests.ArchiveControllerTests, UnleashedBlog.Tests" name="IndexReturnsBlogEntryByName" />
    </UnitTest>
    <UnitTest name="CreateTitleMaximumLength500" storage="c:\users\swalther\documents\books\aspnetmvcunleashed\chapter19 - adding validation\vb\unleashedblog\unleashedblog.tests\bin\debug\unleashedblog.tests.dll" id="aeae9ec9-7c37-b9e8-1cce-65c8f216d49d">
      <Css projectStructure="" iteration="" />
      <Owners>
        <Owner name="" />
      </Owners>
      <Execution id="cee0d198-8ad7-48c6-80f9-0203902e372b" />
      <TestMethod codeBase="C:\Users\swalther\Documents\Books\AspNetMvcUnleashed\Chapter19 - Adding Validation\VB\UnleashedBlog\UnleashedBlog.Tests\bin\Debug\UnleashedBlog.Tests.dll" adapterTypeName="Microsoft.VisualStudio.TestTools.TestTypes.Unit.UnitTestAdapter, Microsoft.VisualStudio.QualityTools.Tips.UnitTest.Adapter, Version=9.0.0.0, Culture=neutral, PublicKeyToken=b03f5f7f11d50a3a" className="UnleashedBlog.Tests.BlogControllerTests, UnleashedBlog.Tests" name="CreateTitleMaximumLength500" />
    </UnitTest>
    <UnitTest name="ArchiveYearMonth" storage="c:\users\swalther\documents\books\aspnetmvcunleashed\chapter19 - adding validation\vb\unleashedblog\unleashedblog.tests\bin\debug\unleashedblog.tests.dll" id="355130d8-598a-83c1-df35-ebf160d85abc">
      <Css projectStructure="" iteration="" />
      <Owners>
        <Owner name="" />
      </Owners>
      <Execution id="562509c2-ed0b-43f2-b797-49f95b47fbdd" />
      <TestMethod codeBase="C:\Users\swalther\Documents\Books\AspNetMvcUnleashed\Chapter19 - Adding Validation\VB\UnleashedBlog\UnleashedBlog.Tests\bin\Debug\UnleashedBlog.Tests.dll" adapterTypeName="Microsoft.VisualStudio.TestTools.TestTypes.Unit.UnitTestAdapter, Microsoft.VisualStudio.QualityTools.Tips.UnitTest.Adapter, Version=9.0.0.0, Culture=neutral, PublicKeyToken=b03f5f7f11d50a3a" className="UnleashedBlog.Tests.RouteTests, UnleashedBlog.Tests" name="ArchiveYearMonth" />
    </UnitTest>
    <UnitTest name="IndexReturnsBlogEntriesByMonth" storage="c:\users\swalther\documents\books\aspnetmvcunleashed\chapter19 - adding validation\vb\unleashedblog\unleashedblog.tests\bin\debug\unleashedblog.tests.dll" id="3bb81d9b-0fca-a52c-f916-bc086d10bc1e">
      <Css projectStructure="" iteration="" />
      <Owners>
        <Owner name="" />
      </Owners>
      <Execution id="8fbf9fac-9623-445d-a2f0-e7c7ec3bb56c" />
      <TestMethod codeBase="C:\Users\swalther\Documents\Books\AspNetMvcUnleashed\Chapter19 - Adding Validation\VB\UnleashedBlog\UnleashedBlog.Tests\bin\Debug\UnleashedBlog.Tests.dll" adapterTypeName="Microsoft.VisualStudio.TestTools.TestTypes.Unit.UnitTestAdapter, Microsoft.VisualStudio.QualityTools.Tips.UnitTest.Adapter, Version=9.0.0.0, Culture=neutral, PublicKeyToken=b03f5f7f11d50a3a" className="UnleashedBlog.Tests.ArchiveControllerTests, UnleashedBlog.Tests" name="IndexReturnsBlogEntriesByMonth" />
    </UnitTest>
    <UnitTest name="CreateBlogEntry" storage="c:\users\swalther\documents\books\aspnetmvcunleashed\chapter19 - adding validation\vb\unleashedblog\unleashedblog.tests\bin\debug\unleashedblog.tests.dll" id="53abb6ba-e0eb-c900-8e80-8a422fd5dcfa">
      <Css projectStructure="" iteration="" />
      <Owners>
        <Owner name="" />
      </Owners>
      <Execution id="24c5a1a8-993c-471a-8c78-dbff1b58dff5" />
      <TestMethod codeBase="C:\Users\swalther\Documents\Books\AspNetMvcUnleashed\Chapter19 - Adding Validation\VB\UnleashedBlog\UnleashedBlog.Tests\bin\Debug\UnleashedBlog.Tests.dll" adapterTypeName="Microsoft.VisualStudio.TestTools.TestTypes.Unit.UnitTestAdapter, Microsoft.VisualStudio.QualityTools.Tips.UnitTest.Adapter, Version=9.0.0.0, Culture=neutral, PublicKeyToken=b03f5f7f11d50a3a" className="UnleashedBlog.Tests.BlogControllerTests, UnleashedBlog.Tests" name="CreateBlogEntry" />
    </UnitTest>
    <UnitTest name="ArchiveYearMonthDayName" storage="c:\users\swalther\documents\books\aspnetmvcunleashed\chapter19 - adding validation\vb\unleashedblog\unleashedblog.tests\bin\debug\unleashedblog.tests.dll" id="df07a596-7e6d-c02e-823f-fe7062312347">
      <Css projectStructure="" iteration="" />
      <Owners>
        <Owner name="" />
      </Owners>
      <Execution id="334dbf10-1f2a-4e43-8310-5055905474cd" />
      <TestMethod codeBase="C:\Users\swalther\Documents\Books\AspNetMvcUnleashed\Chapter19 - Adding Validation\VB\UnleashedBlog\UnleashedBlog.Tests\bin\Debug\UnleashedBlog.Tests.dll" adapterTypeName="Microsoft.VisualStudio.TestTools.TestTypes.Unit.UnitTestAdapter, Microsoft.VisualStudio.QualityTools.Tips.UnitTest.Adapter, Version=9.0.0.0, Culture=neutral, PublicKeyToken=b03f5f7f11d50a3a" className="UnleashedBlog.Tests.RouteTests, UnleashedBlog.Tests" name="ArchiveYearMonthDayName" />
    </UnitTest>
    <UnitTest name="DefaultRoute" storage="c:\users\swalther\documents\books\aspnetmvcunleashed\chapter19 - adding validation\vb\unleashedblog\unleashedblog.tests\bin\debug\unleashedblog.tests.dll" id="be9839c3-6da0-3afa-1128-5cf4d1a20fa9">
      <Css projectStructure="" iteration="" />
      <Owners>
        <Owner name="" />
      </Owners>
      <Execution id="c5b45d28-81a6-4db7-b43a-18a165e57a33" />
      <TestMethod codeBase="C:\Users\swalther\Documents\Books\AspNetMvcUnleashed\Chapter19 - Adding Validation\VB\UnleashedBlog\UnleashedBlog.Tests\bin\Debug\UnleashedBlog.Tests.dll" adapterTypeName="Microsoft.VisualStudio.TestTools.TestTypes.Unit.UnitTestAdapter, Microsoft.VisualStudio.QualityTools.Tips.UnitTest.Adapter, Version=9.0.0.0, Culture=neutral, PublicKeyToken=b03f5f7f11d50a3a" className="UnleashedBlog.Tests.RouteTests, UnleashedBlog.Tests" name="DefaultRoute" />
    </UnitTest>
    <UnitTest name="ArchiveYearMonthDay" storage="c:\users\swalther\documents\books\aspnetmvcunleashed\chapter19 - adding validation\vb\unleashedblog\unleashedblog.tests\bin\debug\unleashedblog.tests.dll" id="bc759681-b9de-918d-c7be-b64f31944942">
      <Css projectStructure="" iteration="" />
      <Owners>
        <Owner name="" />
      </Owners>
      <Execution id="354fb3f6-7981-472a-adc1-3a03e38463f9" />
      <TestMethod codeBase="C:\Users\swalther\Documents\Books\AspNetMvcUnleashed\Chapter19 - Adding Validation\VB\UnleashedBlog\UnleashedBlog.Tests\bin\Debug\UnleashedBlog.Tests.dll" adapterTypeName="Microsoft.VisualStudio.TestTools.TestTypes.Unit.UnitTestAdapter, Microsoft.VisualStudio.QualityTools.Tips.UnitTest.Adapter, Version=9.0.0.0, Culture=neutral, PublicKeyToken=b03f5f7f11d50a3a" className="UnleashedBlog.Tests.RouteTests, UnleashedBlog.Tests" name="ArchiveYearMonthDay" />
    </UnitTest>
    <UnitTest name="ArchiveYear" storage="c:\users\swalther\documents\books\aspnetmvcunleashed\chapter19 - adding validation\vb\unleashedblog\unleashedblog.tests\bin\debug\unleashedblog.tests.dll" id="34bf8981-8595-fbb9-702b-14c78eb42274">
      <Css projectStructure="" iteration="" />
      <Owners>
        <Owner name="" />
      </Owners>
      <Execution id="cee9cfbd-7241-4f4b-9f88-4e53fdb2ba76" />
      <TestMethod codeBase="C:\Users\swalther\Documents\Books\AspNetMvcUnleashed\Chapter19 - Adding Validation\VB\UnleashedBlog\UnleashedBlog.Tests\bin\Debug\UnleashedBlog.Tests.dll" adapterTypeName="Microsoft.VisualStudio.TestTools.TestTypes.Unit.UnitTestAdapter, Microsoft.VisualStudio.QualityTools.Tips.UnitTest.Adapter, Version=9.0.0.0, Culture=neutral, PublicKeyToken=b03f5f7f11d50a3a" className="UnleashedBlog.Tests.RouteTests, UnleashedBlog.Tests" name="ArchiveYear" />
    </UnitTest>
    <UnitTest name="ShowNewBlogEntries" storage="c:\users\swalther\documents\books\aspnetmvcunleashed\chapter19 - adding validation\vb\unleashedblog\unleashedblog.tests\bin\debug\unleashedblog.tests.dll" id="9d685191-81df-c621-a3ae-5e9f3eb979d1">
      <Css projectStructure="" iteration="" />
      <Owners>
        <Owner name="" />
      </Owners>
      <Execution id="e77214b5-527f-4a68-bf99-f1944f3a923c" />
      <TestMethod codeBase="C:\Users\swalther\Documents\Books\AspNetMvcUnleashed\Chapter19 - Adding Validation\VB\UnleashedBlog\UnleashedBlog.Tests\bin\Debug\UnleashedBlog.Tests.dll" adapterTypeName="Microsoft.VisualStudio.TestTools.TestTypes.Unit.UnitTestAdapter, Microsoft.VisualStudio.QualityTools.Tips.UnitTest.Adapter, Version=9.0.0.0, Culture=neutral, PublicKeyToken=b03f5f7f11d50a3a" className="UnleashedBlog.Tests.BlogControllerTests, UnleashedBlog.Tests" name="ShowNewBlogEntries" />
    </UnitTest>
  </TestDefinitions>
  <TestLists>
    <TestList name="Results Not in a List" id="8c84fa94-04c1-424b-9868-57a2d4851a1d" />
    <TestList name="All Loaded Results" id="19431567-8539-422a-85d7-44ee4e166bda" />
  </TestLists>
  <TestEntries>
    <TestEntry testId="2b8a9527-ef33-89d0-311f-70824e8a073e" executionId="d4d74e4f-7aa5-41e0-a018-f9ea364806f3" testListId="8c84fa94-04c1-424b-9868-57a2d4851a1d" />
    <TestEntry testId="34bf8981-8595-fbb9-702b-14c78eb42274" executionId="cee9cfbd-7241-4f4b-9f88-4e53fdb2ba76" testListId="8c84fa94-04c1-424b-9868-57a2d4851a1d" />
    <TestEntry testId="355130d8-598a-83c1-df35-ebf160d85abc" executionId="562509c2-ed0b-43f2-b797-49f95b47fbdd" testListId="8c84fa94-04c1-424b-9868-57a2d4851a1d" />
    <TestEntry testId="3bb81d9b-0fca-a52c-f916-bc086d10bc1e" executionId="8fbf9fac-9623-445d-a2f0-e7c7ec3bb56c" testListId="8c84fa94-04c1-424b-9868-57a2d4851a1d" />
    <TestEntry testId="4d187e8f-0397-8aa2-e993-61c2514155aa" executionId="f384fd27-b134-4361-96cb-61295c035dcd" testListId="8c84fa94-04c1-424b-9868-57a2d4851a1d" />
    <TestEntry testId="53abb6ba-e0eb-c900-8e80-8a422fd5dcfa" executionId="24c5a1a8-993c-471a-8c78-dbff1b58dff5" testListId="8c84fa94-04c1-424b-9868-57a2d4851a1d" />
    <TestEntry testId="6c8c66f0-684e-7c39-5959-1c504aed450a" executionId="13be7a90-6e6d-4a7f-b877-13f28066c576" testListId="8c84fa94-04c1-424b-9868-57a2d4851a1d" />
    <TestEntry testId="9d685191-81df-c621-a3ae-5e9f3eb979d1" executionId="e77214b5-527f-4a68-bf99-f1944f3a923c" testListId="8c84fa94-04c1-424b-9868-57a2d4851a1d" />
    <TestEntry testId="aeae9ec9-7c37-b9e8-1cce-65c8f216d49d" executionId="cee0d198-8ad7-48c6-80f9-0203902e372b" testListId="8c84fa94-04c1-424b-9868-57a2d4851a1d" />
    <TestEntry testId="af204010-4a90-5f4e-550f-6c15b2bce1f7" executionId="646f22da-7afa-4797-be6a-e59c7c412b59" testListId="8c84fa94-04c1-424b-9868-57a2d4851a1d" />
    <TestEntry testId="bc759681-b9de-918d-c7be-b64f31944942" executionId="354fb3f6-7981-472a-adc1-3a03e38463f9" testListId="8c84fa94-04c1-424b-9868-57a2d4851a1d" />
    <TestEntry testId="be9839c3-6da0-3afa-1128-5cf4d1a20fa9" executionId="c5b45d28-81a6-4db7-b43a-18a165e57a33" testListId="8c84fa94-04c1-424b-9868-57a2d4851a1d" />
    <TestEntry testId="df07a596-7e6d-c02e-823f-fe7062312347" executionId="334dbf10-1f2a-4e43-8310-5055905474cd" testListId="8c84fa94-04c1-424b-9868-57a2d4851a1d" />
  </TestEntries>
  <Results>
    <UnitTestResult executionId="d4d74e4f-7aa5-41e0-a018-f9ea364806f3" testId="2b8a9527-ef33-89d0-311f-70824e8a073e" testName="CreateTitleRequired" computerName="SWLAPTOP" duration="00:00:00.0344728" startTime="2009-04-15T11:41:57.3221851-07:00" endTime="2009-04-15T11:41:57.9356539-07:00" testType="13cdc9d9-ddb5-4fa4-a97d-d965ccfc6d4b" outcome="Failed" testListId="8c84fa94-04c1-424b-9868-57a2d4851a1d">
      <Output>
        <ErrorInfo>
          <Message>Test method UnleashedBlog.Tests.BlogControllerTests.CreateTitleRequired threw exception:  System.NullReferenceException: Object reference not set to an instance of an object..</Message>
          <StackTrace>    at UnleashedBlog.BlogService.CreateBlogEntry(BlogEntry blogEntryToCreate) in C:\Users\swalther\Documents\Books\AspNetMvcUnleashed\Chapter19 - Adding Validation\VB\UnleashedBlog\UnleashedBlog\Models\BlogService.vb:line 31
   at UnleashedBlog.BlogController.Create(BlogEntry blogEntryToCreate) in C:\Users\swalther\Documents\Books\AspNetMvcUnleashed\Chapter19 - Adding Validation\VB\UnleashedBlog\UnleashedBlog\Controllers\BlogController.vb:line 25
   at UnleashedBlog.Tests.BlogControllerTests.CreateTitleRequired() in C:\Users\swalther\Documents\Books\AspNetMvcUnleashed\Chapter19 - Adding Validation\VB\UnleashedBlog\UnleashedBlog.Tests\Controllers\BlogControllerTests.vb:line 47
</StackTrace>
        </ErrorInfo>
      </Output>
    </UnitTestResult>
    <UnitTestResult executionId="cee9cfbd-7241-4f4b-9f88-4e53fdb2ba76" testId="34bf8981-8595-fbb9-702b-14c78eb42274" testName="ArchiveYear" computerName="SWLAPTOP" duration="00:00:00.0656679" startTime="2009-04-15T11:41:57.9486851-07:00" endTime="2009-04-15T11:41:58.0188531-07:00" testType="13cdc9d9-ddb5-4fa4-a97d-d965ccfc6d4b" outcome="Passed" testListId="8c84fa94-04c1-424b-9868-57a2d4851a1d">
      <Output>
      </Output>
    </UnitTestResult>
    <UnitTestResult executionId="562509c2-ed0b-43f2-b797-49f95b47fbdd" testId="355130d8-598a-83c1-df35-ebf160d85abc" testName="ArchiveYearMonth" computerName="SWLAPTOP" duration="00:00:00.0007947" startTime="2009-04-15T11:41:58.0238651-07:00" endTime="2009-04-15T11:41:58.0288771-07:00" testType="13cdc9d9-ddb5-4fa4-a97d-d965ccfc6d4b" outcome="Passed" testListId="8c84fa94-04c1-424b-9868-57a2d4851a1d">
      <Output>
      </Output>
    </UnitTestResult>
    <UnitTestResult executionId="8fbf9fac-9623-445d-a2f0-e7c7ec3bb56c" testId="3bb81d9b-0fca-a52c-f916-bc086d10bc1e" testName="IndexReturnsBlogEntriesByMonth" computerName="SWLAPTOP" duration="00:00:00.0186113" startTime="2009-04-15T11:41:58.0358939-07:00" endTime="2009-04-15T11:41:58.0569443-07:00" testType="13cdc9d9-ddb5-4fa4-a97d-d965ccfc6d4b" outcome="Passed" testListId="8c84fa94-04c1-424b-9868-57a2d4851a1d">
      <Output>
      </Output>
    </UnitTestResult>
    <UnitTestResult executionId="f384fd27-b134-4361-96cb-61295c035dcd" testId="4d187e8f-0397-8aa2-e993-61c2514155aa" testName="IndexReturnsBlogEntryByName" computerName="SWLAPTOP" duration="00:00:00.0025111" startTime="2009-04-15T11:41:58.0639611-07:00" endTime="2009-04-15T11:41:58.0699755-07:00" testType="13cdc9d9-ddb5-4fa4-a97d-d965ccfc6d4b" outcome="Passed" testListId="8c84fa94-04c1-424b-9868-57a2d4851a1d">
      <Output>
      </Output>
    </UnitTestResult>
    <UnitTestResult executionId="24c5a1a8-993c-471a-8c78-dbff1b58dff5" testId="53abb6ba-e0eb-c900-8e80-8a422fd5dcfa" testName="CreateBlogEntry" computerName="SWLAPTOP" duration="00:00:00.0017986" startTime="2009-04-15T11:41:58.0960379-07:00" endTime="2009-04-15T11:41:58.1030547-07:00" testType="13cdc9d9-ddb5-4fa4-a97d-d965ccfc6d4b" outcome="Passed" testListId="8c84fa94-04c1-424b-9868-57a2d4851a1d">
      <Output>
      </Output>
    </UnitTestResult>
    <UnitTestResult executionId="13be7a90-6e6d-4a7f-b877-13f28066c576" testId="6c8c66f0-684e-7c39-5959-1c504aed450a" testName="IndexReturnsBlogEntriesByYear" computerName="SWLAPTOP" duration="00:00:00.0022564" startTime="2009-04-15T11:41:58.1241051-07:00" endTime="2009-04-15T11:41:58.1331267-07:00" testType="13cdc9d9-ddb5-4fa4-a97d-d965ccfc6d4b" outcome="Passed" testListId="8c84fa94-04c1-424b-9868-57a2d4851a1d">
      <Output>
      </Output>
    </UnitTestResult>
    <UnitTestResult executionId="e77214b5-527f-4a68-bf99-f1944f3a923c" testId="9d685191-81df-c621-a3ae-5e9f3eb979d1" testName="ShowNewBlogEntries" computerName="SWLAPTOP" duration="00:00:00.0014768" startTime="2009-04-15T11:41:58.1451555-07:00" endTime="2009-04-15T11:41:58.1631987-07:00" testType="13cdc9d9-ddb5-4fa4-a97d-d965ccfc6d4b" outcome="Passed" testListId="8c84fa94-04c1-424b-9868-57a2d4851a1d">
      <Output>
      </Output>
    </UnitTestResult>
    <UnitTestResult executionId="cee0d198-8ad7-48c6-80f9-0203902e372b" testId="aeae9ec9-7c37-b9e8-1cce-65c8f216d49d" testName="CreateTitleMaximumLength500" computerName="SWLAPTOP" duration="00:00:00.0015238" startTime="2009-04-15T11:41:58.1822443-07:00" endTime="2009-04-15T11:41:58.1922683-07:00" testType="13cdc9d9-ddb5-4fa4-a97d-d965ccfc6d4b" outcome="Passed" testListId="8c84fa94-04c1-424b-9868-57a2d4851a1d">
      <Output>
      </Output>
    </UnitTestResult>
    <UnitTestResult executionId="646f22da-7afa-4797-be6a-e59c7c412b59" testId="af204010-4a90-5f4e-550f-6c15b2bce1f7" testName="IndexReturnsBlogEntriesByDay" computerName="SWLAPTOP" duration="00:00:00.0049301" startTime="2009-04-15T11:41:58.2022923-07:00" endTime="2009-04-15T11:41:58.2213379-07:00" testType="13cdc9d9-ddb5-4fa4-a97d-d965ccfc6d4b" outcome="Passed" testListId="8c84fa94-04c1-424b-9868-57a2d4851a1d">
      <Output>
      </Output>
    </UnitTestResult>
    <UnitTestResult executionId="354fb3f6-7981-472a-adc1-3a03e38463f9" testId="bc759681-b9de-918d-c7be-b64f31944942" testName="ArchiveYearMonthDay" computerName="SWLAPTOP" duration="00:00:00.0008867" startTime="2009-04-15T11:41:58.2373763-07:00" endTime="2009-04-15T11:41:58.2844891-07:00" testType="13cdc9d9-ddb5-4fa4-a97d-d965ccfc6d4b" outcome="Passed" testListId="8c84fa94-04c1-424b-9868-57a2d4851a1d">
      <Output>
      </Output>
    </UnitTestResult>
    <UnitTestResult executionId="c5b45d28-81a6-4db7-b43a-18a165e57a33" testId="be9839c3-6da0-3afa-1128-5cf4d1a20fa9" testName="DefaultRoute" computerName="SWLAPTOP" duration="00:00:00.0006820" startTime="2009-04-15T11:41:58.2955155-07:00" endTime="2009-04-15T11:41:58.3185707-07:00" testType="13cdc9d9-ddb5-4fa4-a97d-d965ccfc6d4b" outcome="Passed" testListId="8c84fa94-04c1-424b-9868-57a2d4851a1d">
      <Output>
      </Output>
    </UnitTestResult>
    <UnitTestResult executionId="334dbf10-1f2a-4e43-8310-5055905474cd" testId="df07a596-7e6d-c02e-823f-fe7062312347" testName="ArchiveYearMonthDayName" computerName="SWLAPTOP" duration="00:00:00.0008922" startTime="2009-04-15T11:41:58.3305995-07:00" endTime="2009-04-15T11:41:58.3466379-07:00" testType="13cdc9d9-ddb5-4fa4-a97d-d965ccfc6d4b" outcome="Passed" testListId="8c84fa94-04c1-424b-9868-57a2d4851a1d">
      <Output>
      </Output>
    </UnitTestResult>
  </Results>
</TestRun>