<?xml version="1.0" encoding="UTF-8"?>
<TestRun id="4b80f1ef-6f81-41c8-acb1-62f4954c3c75" name="swalther@SWLAPTOP 2009-04-25 21:58:48" runUser="REDMOND\swalther" xmlns="http://microsoft.com/schemas/VisualStudio/TeamTest/2006">
  <TestRunConfiguration name="Default Run Configuration" id="8593793c-7141-43c6-97f7-b33daeedb353">
    <Deployment runDeploymentRoot="C:\Users\swalther\Documents\Books\AspNetMvcUnleashed\Chapter19 - Adding Validation\VB\UnleashedBlog\TestResults\swalther_SWLAPTOP 2009-04-25 21_58_48">
      <DeploymentItem filename="C:\Users\swalther\Documents\Books\AspNetMvcUnleashed\Chapter19 - Adding Validation\VB\UnleashedBlog\UnleashedBlog\bin\UnleashedBlog.dll" />
      <DeploymentItem filename="C:\Users\swalther\Documents\Books\AspNetMvcUnleashed\CommonCode\RouteDebugger\RouteDebugger\bin\Debug\RouteDebugger.dll" />
      <DeploymentItem filename="C:\Users\swalther\Documents\Books\AspNetMvcUnleashed\CommonCode\MvcFakes\MvcFakes\bin\Debug\MvcFakes.dll" />
    </Deployment>
    <Hosts skipUnhostableTests="false" />
    <TestTypeSpecific />
  </TestRunConfiguration>
  <ResultSummary outcome="Completed">
    <Counters total="16" executed="16" passed="16" error="0" failed="0" timeout="0" aborted="0" inconclusive="0" passedButRunAborted="0" notRunnable="0" notExecuted="0" disconnected="0" warning="0" completed="0" inProgress="0" pending="0" />
  </ResultSummary>
  <Times creation="2009-04-25T21:58:48.6650000-07:00" queuing="2009-04-25T21:58:51.3990000-07:00" start="2009-04-25T21:58:51.7500000-07:00" finish="2009-04-25T21:58:52.9730000-07:00" />
  <TestDefinitions>
    <UnitTest name="IndexReturnsBlogEntriesByYear" storage="c:\users\swalther\documents\books\aspnetmvcunleashed\chapter19 - adding validation\vb\unleashedblog\unleashedblog.tests\bin\debug\unleashedblog.tests.dll" id="6c8c66f0-684e-7c39-5959-1c504aed450a">
      <Css projectStructure="" iteration="" />
      <Owners>
        <Owner name="" />
      </Owners>
      <Execution id="7600c0c1-c311-4823-a1cf-ed52d6509187" />
      <TestMethod codeBase="C:\Users\swalther\Documents\Books\AspNetMvcUnleashed\Chapter19 - Adding Validation\VB\UnleashedBlog\UnleashedBlog.Tests\bin\Debug\UnleashedBlog.Tests.dll" adapterTypeName="Microsoft.VisualStudio.TestTools.TestTypes.Unit.UnitTestAdapter, Microsoft.VisualStudio.QualityTools.Tips.UnitTest.Adapter, Version=9.0.0.0, Culture=neutral, PublicKeyToken=b03f5f7f11d50a3a" className="UnleashedBlog.Tests.ArchiveControllerTests, UnleashedBlog.Tests" name="IndexReturnsBlogEntriesByYear" />
    </UnitTest>
    <UnitTest name="IndexReturnsBlogEntriesByDay" storage="c:\users\swalther\documents\books\aspnetmvcunleashed\chapter19 - adding validation\vb\unleashedblog\unleashedblog.tests\bin\debug\unleashedblog.tests.dll" id="af204010-4a90-5f4e-550f-6c15b2bce1f7">
      <Css projectStructure="" iteration="" />
      <Owners>
        <Owner name="" />
      </Owners>
      <Execution id="3451b791-afe4-4bbf-835d-7d7e22096d9d" />
      <TestMethod codeBase="C:\Users\swalther\Documents\Books\AspNetMvcUnleashed\Chapter19 - Adding Validation\VB\UnleashedBlog\UnleashedBlog.Tests\bin\Debug\UnleashedBlog.Tests.dll" adapterTypeName="Microsoft.VisualStudio.TestTools.TestTypes.Unit.UnitTestAdapter, Microsoft.VisualStudio.QualityTools.Tips.UnitTest.Adapter, Version=9.0.0.0, Culture=neutral, PublicKeyToken=b03f5f7f11d50a3a" className="UnleashedBlog.Tests.ArchiveControllerTests, UnleashedBlog.Tests" name="IndexReturnsBlogEntriesByDay" />
    </UnitTest>
    <UnitTest name="CreateTitleRequired" storage="c:\users\swalther\documents\books\aspnetmvcunleashed\chapter19 - adding validation\vb\unleashedblog\unleashedblog.tests\bin\debug\unleashedblog.tests.dll" id="2b8a9527-ef33-89d0-311f-70824e8a073e">
      <Css projectStructure="" iteration="" />
      <Owners>
        <Owner name="" />
      </Owners>
      <Execution id="9a02e143-6c44-464d-8642-c295e0b147bd" />
      <TestMethod codeBase="C:\Users\swalther\Documents\Books\AspNetMvcUnleashed\Chapter19 - Adding Validation\VB\UnleashedBlog\UnleashedBlog.Tests\bin\Debug\UnleashedBlog.Tests.dll" adapterTypeName="Microsoft.VisualStudio.TestTools.TestTypes.Unit.UnitTestAdapter, Microsoft.VisualStudio.QualityTools.Tips.UnitTest.Adapter, Version=9.0.0.0, Culture=neutral, PublicKeyToken=b03f5f7f11d50a3a" className="UnleashedBlog.Tests.BlogControllerTests, UnleashedBlog.Tests" name="CreateTitleRequired" />
    </UnitTest>
    <UnitTest name="IndexReturnsBlogEntryByName" storage="c:\users\swalther\documents\books\aspnetmvcunleashed\chapter19 - adding validation\vb\unleashedblog\unleashedblog.tests\bin\debug\unleashedblog.tests.dll" id="4d187e8f-0397-8aa2-e993-61c2514155aa">
      <Css projectStructure="" iteration="" />
      <Owners>
        <Owner name="" />
      </Owners>
      <Execution id="64f6e1de-008a-4259-8575-dfd6f647764b" />
      <TestMethod codeBase="C:\Users\swalther\Documents\Books\AspNetMvcUnleashed\Chapter19 - Adding Validation\VB\UnleashedBlog\UnleashedBlog.Tests\bin\Debug\UnleashedBlog.Tests.dll" adapterTypeName="Microsoft.VisualStudio.TestTools.TestTypes.Unit.UnitTestAdapter, Microsoft.VisualStudio.QualityTools.Tips.UnitTest.Adapter, Version=9.0.0.0, Culture=neutral, PublicKeyToken=b03f5f7f11d50a3a" className="UnleashedBlog.Tests.ArchiveControllerTests, UnleashedBlog.Tests" name="IndexReturnsBlogEntryByName" />
    </UnitTest>
    <UnitTest name="ShowNewBlogEntries" storage="c:\users\swalther\documents\books\aspnetmvcunleashed\chapter19 - adding validation\vb\unleashedblog\unleashedblog.tests\bin\debug\unleashedblog.tests.dll" id="9d685191-81df-c621-a3ae-5e9f3eb979d1">
      <Css projectStructure="" iteration="" />
      <Owners>
        <Owner name="" />
      </Owners>
      <Execution id="cc138a5f-01bc-4e91-b4c6-cbd098e224ed" />
      <TestMethod codeBase="C:\Users\swalther\Documents\Books\AspNetMvcUnleashed\Chapter19 - Adding Validation\VB\UnleashedBlog\UnleashedBlog.Tests\bin\Debug\UnleashedBlog.Tests.dll" adapterTypeName="Microsoft.VisualStudio.TestTools.TestTypes.Unit.UnitTestAdapter, Microsoft.VisualStudio.QualityTools.Tips.UnitTest.Adapter, Version=9.0.0.0, Culture=neutral, PublicKeyToken=b03f5f7f11d50a3a" className="UnleashedBlog.Tests.BlogControllerTests, UnleashedBlog.Tests" name="ShowNewBlogEntries" />
    </UnitTest>
    <UnitTest name="CreateTitleMaximumLength500" storage="c:\users\swalther\documents\books\aspnetmvcunleashed\chapter19 - adding validation\vb\unleashedblog\unleashedblog.tests\bin\debug\unleashedblog.tests.dll" id="aeae9ec9-7c37-b9e8-1cce-65c8f216d49d">
      <Css projectStructure="" iteration="" />
      <Owners>
        <Owner name="" />
      </Owners>
      <Execution id="9a7ee431-4baf-41e0-abf7-ff9c0c1961fc" />
      <TestMethod codeBase="C:\Users\swalther\Documents\Books\AspNetMvcUnleashed\Chapter19 - Adding Validation\VB\UnleashedBlog\UnleashedBlog.Tests\bin\Debug\UnleashedBlog.Tests.dll" adapterTypeName="Microsoft.VisualStudio.TestTools.TestTypes.Unit.UnitTestAdapter, Microsoft.VisualStudio.QualityTools.Tips.UnitTest.Adapter, Version=9.0.0.0, Culture=neutral, PublicKeyToken=b03f5f7f11d50a3a" className="UnleashedBlog.Tests.BlogControllerTests, UnleashedBlog.Tests" name="CreateTitleMaximumLength500" />
    </UnitTest>
    <UnitTest name="ArchiveYearMonthDayName" storage="c:\users\swalther\documents\books\aspnetmvcunleashed\chapter19 - adding validation\vb\unleashedblog\unleashedblog.tests\bin\debug\unleashedblog.tests.dll" id="df07a596-7e6d-c02e-823f-fe7062312347">
      <Css projectStructure="" iteration="" />
      <Owners>
        <Owner name="" />
      </Owners>
      <Execution id="fcd3fc3b-43d7-4789-a20a-087b23c67f8f" />
      <TestMethod codeBase="C:\Users\swalther\Documents\Books\AspNetMvcUnleashed\Chapter19 - Adding Validation\VB\UnleashedBlog\UnleashedBlog.Tests\bin\Debug\UnleashedBlog.Tests.dll" adapterTypeName="Microsoft.VisualStudio.TestTools.TestTypes.Unit.UnitTestAdapter, Microsoft.VisualStudio.QualityTools.Tips.UnitTest.Adapter, Version=9.0.0.0, Culture=neutral, PublicKeyToken=b03f5f7f11d50a3a" className="UnleashedBlog.Tests.RouteTests, UnleashedBlog.Tests" name="ArchiveYearMonthDayName" />
    </UnitTest>
    <UnitTest name="ArchiveYearMonth" storage="c:\users\swalther\documents\books\aspnetmvcunleashed\chapter19 - adding validation\vb\unleashedblog\unleashedblog.tests\bin\debug\unleashedblog.tests.dll" id="355130d8-598a-83c1-df35-ebf160d85abc">
      <Css projectStructure="" iteration="" />
      <Owners>
        <Owner name="" />
      </Owners>
      <Execution id="71325832-3ec6-4141-b3d7-deaad689af6f" />
      <TestMethod codeBase="C:\Users\swalther\Documents\Books\AspNetMvcUnleashed\Chapter19 - Adding Validation\VB\UnleashedBlog\UnleashedBlog.Tests\bin\Debug\UnleashedBlog.Tests.dll" adapterTypeName="Microsoft.VisualStudio.TestTools.TestTypes.Unit.UnitTestAdapter, Microsoft.VisualStudio.QualityTools.Tips.UnitTest.Adapter, Version=9.0.0.0, Culture=neutral, PublicKeyToken=b03f5f7f11d50a3a" className="UnleashedBlog.Tests.RouteTests, UnleashedBlog.Tests" name="ArchiveYearMonth" />
    </UnitTest>
    <UnitTest name="IndexReturnsBlogEntriesByMonth" storage="c:\users\swalther\documents\books\aspnetmvcunleashed\chapter19 - adding validation\vb\unleashedblog\unleashedblog.tests\bin\debug\unleashedblog.tests.dll" id="3bb81d9b-0fca-a52c-f916-bc086d10bc1e">
      <Css projectStructure="" iteration="" />
      <Owners>
        <Owner name="" />
      </Owners>
      <Execution id="0bc0bf77-cc3d-4883-b92b-afd6440b4091" />
      <TestMethod codeBase="C:\Users\swalther\Documents\Books\AspNetMvcUnleashed\Chapter19 - Adding Validation\VB\UnleashedBlog\UnleashedBlog.Tests\bin\Debug\UnleashedBlog.Tests.dll" adapterTypeName="Microsoft.VisualStudio.TestTools.TestTypes.Unit.UnitTestAdapter, Microsoft.VisualStudio.QualityTools.Tips.UnitTest.Adapter, Version=9.0.0.0, Culture=neutral, PublicKeyToken=b03f5f7f11d50a3a" className="UnleashedBlog.Tests.ArchiveControllerTests, UnleashedBlog.Tests" name="IndexReturnsBlogEntriesByMonth" />
    </UnitTest>
    <UnitTest name="CreateBlogEntry" storage="c:\users\swalther\documents\books\aspnetmvcunleashed\chapter19 - adding validation\vb\unleashedblog\unleashedblog.tests\bin\debug\unleashedblog.tests.dll" id="53abb6ba-e0eb-c900-8e80-8a422fd5dcfa">
      <Css projectStructure="" iteration="" />
      <Owners>
        <Owner name="" />
      </Owners>
      <Execution id="2d92a870-e55d-4bd0-a081-617e7c56fdd1" />
      <TestMethod codeBase="C:\Users\swalther\Documents\Books\AspNetMvcUnleashed\Chapter19 - Adding Validation\VB\UnleashedBlog\UnleashedBlog.Tests\bin\Debug\UnleashedBlog.Tests.dll" adapterTypeName="Microsoft.VisualStudio.TestTools.TestTypes.Unit.UnitTestAdapter, Microsoft.VisualStudio.QualityTools.Tips.UnitTest.Adapter, Version=9.0.0.0, Culture=neutral, PublicKeyToken=b03f5f7f11d50a3a" className="UnleashedBlog.Tests.BlogControllerTests, UnleashedBlog.Tests" name="CreateBlogEntry" />
    </UnitTest>
    <UnitTest name="ArchiveYearMonthDay" storage="c:\users\swalther\documents\books\aspnetmvcunleashed\chapter19 - adding validation\vb\unleashedblog\unleashedblog.tests\bin\debug\unleashedblog.tests.dll" id="bc759681-b9de-918d-c7be-b64f31944942">
      <Css projectStructure="" iteration="" />
      <Owners>
        <Owner name="" />
      </Owners>
      <Execution id="529c614f-f775-4d9b-b0e0-b4de997ee58f" />
      <TestMethod codeBase="C:\Users\swalther\Documents\Books\AspNetMvcUnleashed\Chapter19 - Adding Validation\VB\UnleashedBlog\UnleashedBlog.Tests\bin\Debug\UnleashedBlog.Tests.dll" adapterTypeName="Microsoft.VisualStudio.TestTools.TestTypes.Unit.UnitTestAdapter, Microsoft.VisualStudio.QualityTools.Tips.UnitTest.Adapter, Version=9.0.0.0, Culture=neutral, PublicKeyToken=b03f5f7f11d50a3a" className="UnleashedBlog.Tests.RouteTests, UnleashedBlog.Tests" name="ArchiveYearMonthDay" />
    </UnitTest>
    <UnitTest name="DefaultRoute" storage="c:\users\swalther\documents\books\aspnetmvcunleashed\chapter19 - adding validation\vb\unleashedblog\unleashedblog.tests\bin\debug\unleashedblog.tests.dll" id="be9839c3-6da0-3afa-1128-5cf4d1a20fa9">
      <Css projectStructure="" iteration="" />
      <Owners>
        <Owner name="" />
      </Owners>
      <Execution id="3dca14f0-8e31-4b37-a380-e0e8dc4462fd" />
      <TestMethod codeBase="C:\Users\swalther\Documents\Books\AspNetMvcUnleashed\Chapter19 - Adding Validation\VB\UnleashedBlog\UnleashedBlog.Tests\bin\Debug\UnleashedBlog.Tests.dll" adapterTypeName="Microsoft.VisualStudio.TestTools.TestTypes.Unit.UnitTestAdapter, Microsoft.VisualStudio.QualityTools.Tips.UnitTest.Adapter, Version=9.0.0.0, Culture=neutral, PublicKeyToken=b03f5f7f11d50a3a" className="UnleashedBlog.Tests.RouteTests, UnleashedBlog.Tests" name="DefaultRoute" />
    </UnitTest>
    <UnitTest name="CreateNameIsValid" storage="c:\users\swalther\documents\books\aspnetmvcunleashed\chapter19 - adding validation\vb\unleashedblog\unleashedblog.tests\bin\debug\unleashedblog.tests.dll" id="b460a0e7-2100-2dca-97ba-9f426dbbecfd">
      <Css projectStructure="" iteration="" />
      <Owners>
        <Owner name="" />
      </Owners>
      <Execution id="848867b9-d76f-4cc4-83a7-02a6cf0077d3" />
      <TestMethod codeBase="C:\Users\swalther\Documents\Books\AspNetMvcUnleashed\Chapter19 - Adding Validation\VB\UnleashedBlog\UnleashedBlog.Tests\bin\Debug\UnleashedBlog.Tests.dll" adapterTypeName="Microsoft.VisualStudio.TestTools.TestTypes.Unit.UnitTestAdapter, Microsoft.VisualStudio.QualityTools.Tips.UnitTest.Adapter, Version=9.0.0.0, Culture=neutral, PublicKeyToken=b03f5f7f11d50a3a" className="UnleashedBlog.Tests.BlogControllerTests, UnleashedBlog.Tests" name="CreateNameIsValid" />
    </UnitTest>
    <UnitTest name="CreateNameFromTitle" storage="c:\users\swalther\documents\books\aspnetmvcunleashed\chapter19 - adding validation\vb\unleashedblog\unleashedblog.tests\bin\debug\unleashedblog.tests.dll" id="383a9b4c-8610-d106-bb03-82b9b8f8e606">
      <Css projectStructure="" iteration="" />
      <Owners>
        <Owner name="" />
      </Owners>
      <Execution id="fedb20e5-bf67-41e0-8562-d0ee21ad382a" />
      <TestMethod codeBase="C:\Users\swalther\Documents\Books\AspNetMvcUnleashed\Chapter19 - Adding Validation\VB\UnleashedBlog\UnleashedBlog.Tests\bin\Debug\UnleashedBlog.Tests.dll" adapterTypeName="Microsoft.VisualStudio.TestTools.TestTypes.Unit.UnitTestAdapter, Microsoft.VisualStudio.QualityTools.Tips.UnitTest.Adapter, Version=9.0.0.0, Culture=neutral, PublicKeyToken=b03f5f7f11d50a3a" className="UnleashedBlog.Tests.BlogControllerTests, UnleashedBlog.Tests" name="CreateNameFromTitle" />
    </UnitTest>
    <UnitTest name="ArchiveYear" storage="c:\users\swalther\documents\books\aspnetmvcunleashed\chapter19 - adding validation\vb\unleashedblog\unleashedblog.tests\bin\debug\unleashedblog.tests.dll" id="34bf8981-8595-fbb9-702b-14c78eb42274">
      <Css projectStructure="" iteration="" />
      <Owners>
        <Owner name="" />
      </Owners>
      <Execution id="9459b26b-397e-4290-8c45-52ca2f3e668c" />
      <TestMethod codeBase="C:\Users\swalther\Documents\Books\AspNetMvcUnleashed\Chapter19 - Adding Validation\VB\UnleashedBlog\UnleashedBlog.Tests\bin\Debug\UnleashedBlog.Tests.dll" adapterTypeName="Microsoft.VisualStudio.TestTools.TestTypes.Unit.UnitTestAdapter, Microsoft.VisualStudio.QualityTools.Tips.UnitTest.Adapter, Version=9.0.0.0, Culture=neutral, PublicKeyToken=b03f5f7f11d50a3a" className="UnleashedBlog.Tests.RouteTests, UnleashedBlog.Tests" name="ArchiveYear" />
    </UnitTest>
    <UnitTest name="CreateTextRequired" storage="c:\users\swalther\documents\books\aspnetmvcunleashed\chapter19 - adding validation\vb\unleashedblog\unleashedblog.tests\bin\debug\unleashedblog.tests.dll" id="7d1e9db4-b71d-92c5-a7ce-51b434089875">
      <Css projectStructure="" iteration="" />
      <Owners>
        <Owner name="" />
      </Owners>
      <Execution id="447675bf-dabe-4a63-8fbf-7fa8496462e6" />
      <TestMethod codeBase="C:\Users\swalther\Documents\Books\AspNetMvcUnleashed\Chapter19 - Adding Validation\VB\UnleashedBlog\UnleashedBlog.Tests\bin\Debug\UnleashedBlog.Tests.dll" adapterTypeName="Microsoft.VisualStudio.TestTools.TestTypes.Unit.UnitTestAdapter, Microsoft.VisualStudio.QualityTools.Tips.UnitTest.Adapter, Version=9.0.0.0, Culture=neutral, PublicKeyToken=b03f5f7f11d50a3a" className="UnleashedBlog.Tests.BlogControllerTests, UnleashedBlog.Tests" name="CreateTextRequired" />
    </UnitTest>
  </TestDefinitions>
  <TestLists>
    <TestList name="Results Not in a List" id="8c84fa94-04c1-424b-9868-57a2d4851a1d" />
    <TestList name="All Loaded Results" id="19431567-8539-422a-85d7-44ee4e166bda" />
  </TestLists>
  <TestEntries>
    <TestEntry testId="2b8a9527-ef33-89d0-311f-70824e8a073e" executionId="9a02e143-6c44-464d-8642-c295e0b147bd" testListId="8c84fa94-04c1-424b-9868-57a2d4851a1d" />
    <TestEntry testId="34bf8981-8595-fbb9-702b-14c78eb42274" executionId="9459b26b-397e-4290-8c45-52ca2f3e668c" testListId="8c84fa94-04c1-424b-9868-57a2d4851a1d" />
    <TestEntry testId="355130d8-598a-83c1-df35-ebf160d85abc" executionId="71325832-3ec6-4141-b3d7-deaad689af6f" testListId="8c84fa94-04c1-424b-9868-57a2d4851a1d" />
    <TestEntry testId="383a9b4c-8610-d106-bb03-82b9b8f8e606" executionId="fedb20e5-bf67-41e0-8562-d0ee21ad382a" testListId="8c84fa94-04c1-424b-9868-57a2d4851a1d" />
    <TestEntry testId="3bb81d9b-0fca-a52c-f916-bc086d10bc1e" executionId="0bc0bf77-cc3d-4883-b92b-afd6440b4091" testListId="8c84fa94-04c1-424b-9868-57a2d4851a1d" />
    <TestEntry testId="4d187e8f-0397-8aa2-e993-61c2514155aa" executionId="64f6e1de-008a-4259-8575-dfd6f647764b" testListId="8c84fa94-04c1-424b-9868-57a2d4851a1d" />
    <TestEntry testId="53abb6ba-e0eb-c900-8e80-8a422fd5dcfa" executionId="2d92a870-e55d-4bd0-a081-617e7c56fdd1" testListId="8c84fa94-04c1-424b-9868-57a2d4851a1d" />
    <TestEntry testId="6c8c66f0-684e-7c39-5959-1c504aed450a" executionId="7600c0c1-c311-4823-a1cf-ed52d6509187" testListId="8c84fa94-04c1-424b-9868-57a2d4851a1d" />
    <TestEntry testId="7d1e9db4-b71d-92c5-a7ce-51b434089875" executionId="447675bf-dabe-4a63-8fbf-7fa8496462e6" testListId="8c84fa94-04c1-424b-9868-57a2d4851a1d" />
    <TestEntry testId="9d685191-81df-c621-a3ae-5e9f3eb979d1" executionId="cc138a5f-01bc-4e91-b4c6-cbd098e224ed" testListId="8c84fa94-04c1-424b-9868-57a2d4851a1d" />
    <TestEntry testId="aeae9ec9-7c37-b9e8-1cce-65c8f216d49d" executionId="9a7ee431-4baf-41e0-abf7-ff9c0c1961fc" testListId="8c84fa94-04c1-424b-9868-57a2d4851a1d" />
    <TestEntry testId="af204010-4a90-5f4e-550f-6c15b2bce1f7" executionId="3451b791-afe4-4bbf-835d-7d7e22096d9d" testListId="8c84fa94-04c1-424b-9868-57a2d4851a1d" />
    <TestEntry testId="b460a0e7-2100-2dca-97ba-9f426dbbecfd" executionId="848867b9-d76f-4cc4-83a7-02a6cf0077d3" testListId="8c84fa94-04c1-424b-9868-57a2d4851a1d" />
    <TestEntry testId="bc759681-b9de-918d-c7be-b64f31944942" executionId="529c614f-f775-4d9b-b0e0-b4de997ee58f" testListId="8c84fa94-04c1-424b-9868-57a2d4851a1d" />
    <TestEntry testId="be9839c3-6da0-3afa-1128-5cf4d1a20fa9" executionId="3dca14f0-8e31-4b37-a380-e0e8dc4462fd" testListId="8c84fa94-04c1-424b-9868-57a2d4851a1d" />
    <TestEntry testId="df07a596-7e6d-c02e-823f-fe7062312347" executionId="fcd3fc3b-43d7-4789-a20a-087b23c67f8f" testListId="8c84fa94-04c1-424b-9868-57a2d4851a1d" />
  </TestEntries>
  <Results>
    <UnitTestResult executionId="9a02e143-6c44-464d-8642-c295e0b147bd" testId="2b8a9527-ef33-89d0-311f-70824e8a073e" testName="CreateTitleRequired" computerName="SWLAPTOP" duration="00:00:00.0143903" startTime="2009-04-25T21:58:51.8440000-07:00" endTime="2009-04-25T21:58:52.4520000-07:00" testType="13cdc9d9-ddb5-4fa4-a97d-d965ccfc6d4b" outcome="Passed" testListId="8c84fa94-04c1-424b-9868-57a2d4851a1d">
      <Output>
      </Output>
    </UnitTestResult>
    <UnitTestResult executionId="9459b26b-397e-4290-8c45-52ca2f3e668c" testId="34bf8981-8595-fbb9-702b-14c78eb42274" testName="ArchiveYear" computerName="SWLAPTOP" duration="00:00:00.1594411" startTime="2009-04-25T21:58:52.4760000-07:00" endTime="2009-04-25T21:58:52.6410000-07:00" testType="13cdc9d9-ddb5-4fa4-a97d-d965ccfc6d4b" outcome="Passed" testListId="8c84fa94-04c1-424b-9868-57a2d4851a1d">
      <Output>
      </Output>
    </UnitTestResult>
    <UnitTestResult executionId="71325832-3ec6-4141-b3d7-deaad689af6f" testId="355130d8-598a-83c1-df35-ebf160d85abc" testName="ArchiveYearMonth" computerName="SWLAPTOP" duration="00:00:00.0007531" startTime="2009-04-25T21:58:52.6470000-07:00" endTime="2009-04-25T21:58:52.6510000-07:00" testType="13cdc9d9-ddb5-4fa4-a97d-d965ccfc6d4b" outcome="Passed" testListId="8c84fa94-04c1-424b-9868-57a2d4851a1d">
      <Output>
      </Output>
    </UnitTestResult>
    <UnitTestResult executionId="fedb20e5-bf67-41e0-8562-d0ee21ad382a" testId="383a9b4c-8610-d106-bb03-82b9b8f8e606" testName="CreateNameFromTitle" computerName="SWLAPTOP" duration="00:00:00.0149329" startTime="2009-04-25T21:58:52.6570000-07:00" endTime="2009-04-25T21:58:52.6760000-07:00" testType="13cdc9d9-ddb5-4fa4-a97d-d965ccfc6d4b" outcome="Passed" testListId="8c84fa94-04c1-424b-9868-57a2d4851a1d">
      <Output>
      </Output>
    </UnitTestResult>
    <UnitTestResult executionId="0bc0bf77-cc3d-4883-b92b-afd6440b4091" testId="3bb81d9b-0fca-a52c-f916-bc086d10bc1e" testName="IndexReturnsBlogEntriesByMonth" computerName="SWLAPTOP" duration="00:00:00.0043921" startTime="2009-04-25T21:58:52.6830000-07:00" endTime="2009-04-25T21:58:52.6930000-07:00" testType="13cdc9d9-ddb5-4fa4-a97d-d965ccfc6d4b" outcome="Passed" testListId="8c84fa94-04c1-424b-9868-57a2d4851a1d">
      <Output>
      </Output>
    </UnitTestResult>
    <UnitTestResult executionId="64f6e1de-008a-4259-8575-dfd6f647764b" testId="4d187e8f-0397-8aa2-e993-61c2514155aa" testName="IndexReturnsBlogEntryByName" computerName="SWLAPTOP" duration="00:00:00.0022306" startTime="2009-04-25T21:58:52.7110000-07:00" endTime="2009-04-25T21:58:52.7260000-07:00" testType="13cdc9d9-ddb5-4fa4-a97d-d965ccfc6d4b" outcome="Passed" testListId="8c84fa94-04c1-424b-9868-57a2d4851a1d">
      <Output>
      </Output>
    </UnitTestResult>
    <UnitTestResult executionId="2d92a870-e55d-4bd0-a081-617e7c56fdd1" testId="53abb6ba-e0eb-c900-8e80-8a422fd5dcfa" testName="CreateBlogEntry" computerName="SWLAPTOP" duration="00:00:00.0013787" startTime="2009-04-25T21:58:52.7330000-07:00" endTime="2009-04-25T21:58:52.7390000-07:00" testType="13cdc9d9-ddb5-4fa4-a97d-d965ccfc6d4b" outcome="Passed" testListId="8c84fa94-04c1-424b-9868-57a2d4851a1d">
      <Output>
      </Output>
    </UnitTestResult>
    <UnitTestResult executionId="7600c0c1-c311-4823-a1cf-ed52d6509187" testId="6c8c66f0-684e-7c39-5959-1c504aed450a" testName="IndexReturnsBlogEntriesByYear" computerName="SWLAPTOP" duration="00:00:00.0021697" startTime="2009-04-25T21:58:52.7450000-07:00" endTime="2009-04-25T21:58:52.7510000-07:00" testType="13cdc9d9-ddb5-4fa4-a97d-d965ccfc6d4b" outcome="Passed" testListId="8c84fa94-04c1-424b-9868-57a2d4851a1d">
      <Output>
      </Output>
    </UnitTestResult>
    <UnitTestResult executionId="447675bf-dabe-4a63-8fbf-7fa8496462e6" testId="7d1e9db4-b71d-92c5-a7ce-51b434089875" testName="CreateTextRequired" computerName="SWLAPTOP" duration="00:00:00.0005027" startTime="2009-04-25T21:58:52.7570000-07:00" endTime="2009-04-25T21:58:52.7670000-07:00" testType="13cdc9d9-ddb5-4fa4-a97d-d965ccfc6d4b" outcome="Passed" testListId="8c84fa94-04c1-424b-9868-57a2d4851a1d">
      <Output>
      </Output>
    </UnitTestResult>
    <UnitTestResult executionId="cc138a5f-01bc-4e91-b4c6-cbd098e224ed" testId="9d685191-81df-c621-a3ae-5e9f3eb979d1" testName="ShowNewBlogEntries" computerName="SWLAPTOP" duration="00:00:00.0013813" startTime="2009-04-25T21:58:52.7760000-07:00" endTime="2009-04-25T21:58:52.7800000-07:00" testType="13cdc9d9-ddb5-4fa4-a97d-d965ccfc6d4b" outcome="Passed" testListId="8c84fa94-04c1-424b-9868-57a2d4851a1d">
      <Output>
      </Output>
    </UnitTestResult>
    <UnitTestResult executionId="9a7ee431-4baf-41e0-abf7-ff9c0c1961fc" testId="aeae9ec9-7c37-b9e8-1cce-65c8f216d49d" testName="CreateTitleMaximumLength500" computerName="SWLAPTOP" duration="00:00:00.0004075" startTime="2009-04-25T21:58:52.7860000-07:00" endTime="2009-04-25T21:58:52.7900000-07:00" testType="13cdc9d9-ddb5-4fa4-a97d-d965ccfc6d4b" outcome="Passed" testListId="8c84fa94-04c1-424b-9868-57a2d4851a1d">
      <Output>
      </Output>
    </UnitTestResult>
    <UnitTestResult executionId="3451b791-afe4-4bbf-835d-7d7e22096d9d" testId="af204010-4a90-5f4e-550f-6c15b2bce1f7" testName="IndexReturnsBlogEntriesByDay" computerName="SWLAPTOP" duration="00:00:00.0046827" startTime="2009-04-25T21:58:52.7980000-07:00" endTime="2009-04-25T21:58:52.8060000-07:00" testType="13cdc9d9-ddb5-4fa4-a97d-d965ccfc6d4b" outcome="Passed" testListId="8c84fa94-04c1-424b-9868-57a2d4851a1d">
      <Output>
      </Output>
    </UnitTestResult>
    <UnitTestResult executionId="848867b9-d76f-4cc4-83a7-02a6cf0077d3" testId="b460a0e7-2100-2dca-97ba-9f426dbbecfd" testName="CreateNameIsValid" computerName="SWLAPTOP" duration="00:00:00.0012097" startTime="2009-04-25T21:58:52.8120000-07:00" endTime="2009-04-25T21:58:52.8160000-07:00" testType="13cdc9d9-ddb5-4fa4-a97d-d965ccfc6d4b" outcome="Passed" testListId="8c84fa94-04c1-424b-9868-57a2d4851a1d">
      <Output>
      </Output>
    </UnitTestResult>
    <UnitTestResult executionId="529c614f-f775-4d9b-b0e0-b4de997ee58f" testId="bc759681-b9de-918d-c7be-b64f31944942" testName="ArchiveYearMonthDay" computerName="SWLAPTOP" duration="00:00:00.0008522" startTime="2009-04-25T21:58:52.8570000-07:00" endTime="2009-04-25T21:58:52.8610000-07:00" testType="13cdc9d9-ddb5-4fa4-a97d-d965ccfc6d4b" outcome="Passed" testListId="8c84fa94-04c1-424b-9868-57a2d4851a1d">
      <Output>
      </Output>
    </UnitTestResult>
    <UnitTestResult executionId="3dca14f0-8e31-4b37-a380-e0e8dc4462fd" testId="be9839c3-6da0-3afa-1128-5cf4d1a20fa9" testName="DefaultRoute" computerName="SWLAPTOP" duration="00:00:00.0006294" startTime="2009-04-25T21:58:52.8670000-07:00" endTime="2009-04-25T21:58:52.8720000-07:00" testType="13cdc9d9-ddb5-4fa4-a97d-d965ccfc6d4b" outcome="Passed" testListId="8c84fa94-04c1-424b-9868-57a2d4851a1d">
      <Output>
      </Output>
    </UnitTestResult>
    <UnitTestResult executionId="fcd3fc3b-43d7-4789-a20a-087b23c67f8f" testId="df07a596-7e6d-c02e-823f-fe7062312347" testName="ArchiveYearMonthDayName" computerName="SWLAPTOP" duration="00:00:00.0008547" startTime="2009-04-25T21:58:52.8780000-07:00" endTime="2009-04-25T21:58:52.8820000-07:00" testType="13cdc9d9-ddb5-4fa4-a97d-d965ccfc6d4b" outcome="Passed" testListId="8c84fa94-04c1-424b-9868-57a2d4851a1d">
      <Output>
      </Output>
    </UnitTestResult>
  </Results>
</TestRun>