<?xml version="1.0" encoding="UTF-8"?>
<TestRun id="41ab5758-1737-4eeb-8bbc-e6eda6181fcf" name="swalther@SWLAPTOP 2009-02-26 20:45:28" runUser="REDMOND\swalther" xmlns="http://microsoft.com/schemas/VisualStudio/TeamTest/2006">
  <TestRunConfiguration name="Default Run Configuration" id="a004b4cc-ee05-4418-a7d8-61e5134f89f0">
    <Deployment runDeploymentRoot="C:\Users\swalther\Documents\Books\AspNetMvcUnleashed\Chapter05 - Understanding Models\Code\VB\EFMvcApplication\TestResults\swalther_SWLAPTOP 2009-02-26 20_45_28">
      <DeploymentItem filename="C:\Users\swalther\Downloads\Moq.2.6.1014.1-bin\Moq.dll" />
      <DeploymentItem filename="C:\Users\swalther\Documents\Books\AspNetMvcUnleashed\Chapter05 - Understanding Models\Code\VB\EFMvcApplication\EFMvcApplication\bin\EFMvcApplication.dll" />
      <DeploymentItem filename="C:\Users\swalther\Documents\Books\AspNetMvcUnleashed\CommonCode\GenericRepository\GenericRepository\bin\Debug\GenericRepository.dll" />
    </Deployment>
    <Hosts skipUnhostableTests="false" />
    <TestTypeSpecific />
  </TestRunConfiguration>
  <ResultSummary outcome="Completed">
    <Counters total="1" executed="1" passed="1" error="0" failed="0" timeout="0" aborted="0" inconclusive="0" passedButRunAborted="0" notRunnable="0" notExecuted="0" disconnected="0" warning="0" completed="0" inProgress="0" pending="0" />
  </ResultSummary>
  <Times creation="2009-02-26T20:45:28.4120000-08:00" queuing="2009-02-26T20:45:30.4490000-08:00" start="2009-02-26T20:45:30.9940000-08:00" finish="2009-02-26T20:45:32.2340000-08:00" />
  <TestDefinitions>
    <UnitTest name="TestMethod1" storage="c:\users\swalther\documents\books\aspnetmvcunleashed\chapter05 - understanding models\code\vb\efmvcapplication\efmvcapplication.tests\bin\debug\efmvcapplication.tests.dll" id="00dfa91a-d3e5-d4c2-c866-b921adbe0ced">
      <Css projectStructure="" iteration="" />
      <Owners>
        <Owner name="" />
      </Owners>
      <Execution id="b886cda4-357b-4eb6-8973-9355325f6c53" />
      <TestMethod codeBase="C:\Users\swalther\Documents\Books\AspNetMvcUnleashed\Chapter05 - Understanding Models\Code\VB\EFMvcApplication\EFMvcApplication.Tests\bin\Debug\EFMvcApplication.Tests.dll" adapterTypeName="Microsoft.VisualStudio.TestTools.TestTypes.Unit.UnitTestAdapter, Microsoft.VisualStudio.QualityTools.Tips.UnitTest.Adapter, Version=9.0.0.0, Culture=neutral, PublicKeyToken=b03f5f7f11d50a3a" className="EFMvcApplication.Tests.HomeControllerTestMock, EFMvcApplication.Tests" name="TestMethod1" />
    </UnitTest>
  </TestDefinitions>
  <TestLists>
    <TestList name="Results Not in a List" id="8c84fa94-04c1-424b-9868-57a2d4851a1d" />
    <TestList name="All Loaded Results" id="19431567-8539-422a-85d7-44ee4e166bda" />
  </TestLists>
  <TestEntries>
    <TestEntry testId="00dfa91a-d3e5-d4c2-c866-b921adbe0ced" executionId="b886cda4-357b-4eb6-8973-9355325f6c53" testListId="8c84fa94-04c1-424b-9868-57a2d4851a1d" />
  </TestEntries>
  <Results>
    <UnitTestResult executionId="b886cda4-357b-4eb6-8973-9355325f6c53" testId="00dfa91a-d3e5-d4c2-c866-b921adbe0ced" testName="TestMethod1" computerName="SWLAPTOP" duration="00:00:00.2235301" startTime="2009-02-26T20:45:31.3160000-08:00" endTime="2009-02-26T20:45:32.1570000-08:00" testType="13cdc9d9-ddb5-4fa4-a97d-d965ccfc6d4b" outcome="Passed" testListId="8c84fa94-04c1-424b-9868-57a2d4851a1d">
      <Output>
      </Output>
    </UnitTestResult>
  </Results>
</TestRun>