<?xml version="1.0" encoding="UTF-8"?>
<TestRun id="02764dce-9383-4c8a-a6b2-1e5480de7b50" name="swalther@SWLAPTOP 2009-05-24 15:32:14" runUser="REDMOND\swalther" xmlns="http://microsoft.com/schemas/VisualStudio/TeamTest/2006">
  <TestRunConfiguration name="Default Run Configuration" id="7ab45fa7-ab32-4097-82af-5a0f846bb362">
    <Deployment runDeploymentRoot="C:\Users\swalther\Documents\Books\AspNetMvcUnleashed\Chapter05 - Understanding Models\Code\VB\EFMvcApplication\TestResults\swalther_SWLAPTOP 2009-05-24 15_32_14">
      <DeploymentItem filename="C:\Users\swalther\Documents\Books\AspNetMvcUnleashed\Chapter05 - Understanding Models\Code\VB\EFMvcApplication\EFMvcApplication\bin\EFMvcApplication.dll" />
      <DeploymentItem filename="C:\Users\swalther\Downloads\Moq.3.1.416.3-bin\Moq.dll" />
      <DeploymentItem filename="C:\Users\swalther\Documents\Books\AspNetMvcUnleashed\CommonCode\GenericRepository\GenericRepository\bin\Debug\GenericRepository.dll" />
    </Deployment>
    <Hosts skipUnhostableTests="false" />
    <TestTypeSpecific />
  </TestRunConfiguration>
  <ResultSummary outcome="Completed">
    <Counters total="2" executed="2" passed="2" error="0" failed="0" timeout="0" aborted="0" inconclusive="0" passedButRunAborted="0" notRunnable="0" notExecuted="0" disconnected="0" warning="0" completed="0" inProgress="0" pending="0" />
  </ResultSummary>
  <Times creation="2009-05-24T15:32:14.7446621-07:00" queuing="2009-05-24T15:32:17.7398813-07:00" start="2009-05-24T15:32:18.0206831-07:00" finish="2009-05-24T15:32:19.2374909-07:00" />
  <TestDefinitions>
    <UnitTest name="CreateThenList" storage="c:\users\swalther\documents\books\aspnetmvcunleashed\chapter05 - understanding models\code\vb\efmvcapplication\efmvcapplication.tests\bin\debug\efmvcapplication.tests.dll" id="15382eb0-fb48-7bef-5810-50450da359ec">
      <Css projectStructure="" iteration="" />
      <Owners>
        <Owner name="" />
      </Owners>
      <Execution id="eaed4f0a-9108-4cbb-94e1-d90dcfb35a38" />
      <TestMethod codeBase="C:\Users\swalther\Documents\Books\AspNetMvcUnleashed\Chapter05 - Understanding Models\Code\VB\EFMvcApplication\EFMvcApplication.Tests\bin\Debug\EFMvcApplication.Tests.dll" adapterTypeName="Microsoft.VisualStudio.TestTools.TestTypes.Unit.UnitTestAdapter, Microsoft.VisualStudio.QualityTools.Tips.UnitTest.Adapter, Version=9.0.0.0, Culture=neutral, PublicKeyToken=b03f5f7f11d50a3a" className="EFMvcApplication.Tests.HomeControllerTestFake, EFMvcApplication.Tests" name="CreateThenList" />
    </UnitTest>
    <UnitTest name="NameIsRequired" storage="c:\users\swalther\documents\books\aspnetmvcunleashed\chapter05 - understanding models\code\vb\efmvcapplication\efmvcapplication.tests\bin\debug\efmvcapplication.tests.dll" id="bf7796e6-6690-4ad8-12cd-222b2a9fe9b8">
      <Css projectStructure="" iteration="" />
      <Owners>
        <Owner name="" />
      </Owners>
      <Execution id="7a106665-81fb-41a9-a438-6fc2363873f2" />
      <TestMethod codeBase="C:\Users\swalther\Documents\Books\AspNetMvcUnleashed\Chapter05 - Understanding Models\Code\VB\EFMvcApplication\EFMvcApplication.Tests\bin\Debug\EFMvcApplication.Tests.dll" adapterTypeName="Microsoft.VisualStudio.TestTools.TestTypes.Unit.UnitTestAdapter, Microsoft.VisualStudio.QualityTools.Tips.UnitTest.Adapter, Version=9.0.0.0, Culture=neutral, PublicKeyToken=b03f5f7f11d50a3a" className="EFMvcApplication.Tests.HomeControllerTestMock, EFMvcApplication.Tests" name="NameIsRequired" />
    </UnitTest>
  </TestDefinitions>
  <TestLists>
    <TestList name="Results Not in a List" id="8c84fa94-04c1-424b-9868-57a2d4851a1d" />
    <TestList name="All Loaded Results" id="19431567-8539-422a-85d7-44ee4e166bda" />
  </TestLists>
  <TestEntries>
    <TestEntry testId="15382eb0-fb48-7bef-5810-50450da359ec" executionId="eaed4f0a-9108-4cbb-94e1-d90dcfb35a38" testListId="8c84fa94-04c1-424b-9868-57a2d4851a1d" />
    <TestEntry testId="bf7796e6-6690-4ad8-12cd-222b2a9fe9b8" executionId="7a106665-81fb-41a9-a438-6fc2363873f2" testListId="8c84fa94-04c1-424b-9868-57a2d4851a1d" />
  </TestEntries>
  <Results>
    <UnitTestResult executionId="eaed4f0a-9108-4cbb-94e1-d90dcfb35a38" testId="15382eb0-fb48-7bef-5810-50450da359ec" testName="CreateThenList" computerName="SWLAPTOP" duration="00:00:00.1079799" startTime="2009-05-24T15:32:18.0830835-07:00" endTime="2009-05-24T15:32:18.8318883-07:00" testType="13cdc9d9-ddb5-4fa4-a97d-d965ccfc6d4b" outcome="Passed" testListId="8c84fa94-04c1-424b-9868-57a2d4851a1d">
      <Output>
      </Output>
    </UnitTestResult>
    <UnitTestResult executionId="7a106665-81fb-41a9-a438-6fc2363873f2" testId="bf7796e6-6690-4ad8-12cd-222b2a9fe9b8" testName="NameIsRequired" computerName="SWLAPTOP" duration="00:00:00.2574035" startTime="2009-05-24T15:32:18.8474884-07:00" endTime="2009-05-24T15:32:19.1438903-07:00" testType="13cdc9d9-ddb5-4fa4-a97d-d965ccfc6d4b" outcome="Passed" testListId="8c84fa94-04c1-424b-9868-57a2d4851a1d">
      <Output>
      </Output>
    </UnitTestResult>
  </Results>
</TestRun>