<?xml version="1.0" encoding="UTF-8"?>
<TestRun id="65724eab-1349-4ab9-8ee6-afcc642049d1" name="swalther@SWLAPTOP 2009-02-26 21:36:28" runUser="REDMOND\swalther" xmlns="http://microsoft.com/schemas/VisualStudio/TeamTest/2006">
  <TestRunConfiguration name="Default Run Configuration" id="71ad5b71-5ac4-41d4-b92e-76afc7f8cd53">
    <Deployment runDeploymentRoot="C:\Users\swalther\Documents\Books\AspNetMvcUnleashed\Chapter05 - Understanding Models\Code\VB\EFMvcApplication\TestResults\swalther_SWLAPTOP 2009-02-26 21_36_28">
      <DeploymentItem filename="C:\Users\swalther\Downloads\Moq.2.6.1014.1-bin\Moq.dll" />
      <DeploymentItem filename="C:\Users\swalther\Documents\Books\AspNetMvcUnleashed\Chapter05 - Understanding Models\Code\VB\EFMvcApplication\EFMvcApplication\bin\EFMvcApplication.dll" />
      <DeploymentItem filename="C:\Users\swalther\Documents\Books\AspNetMvcUnleashed\CommonCode\GenericRepository\GenericRepository\bin\Debug\GenericRepository.dll" />
    </Deployment>
    <Hosts skipUnhostableTests="false" />
    <TestTypeSpecific />
  </TestRunConfiguration>
  <ResultSummary outcome="Completed">
    <Counters total="1" executed="1" passed="1" error="0" failed="0" timeout="0" aborted="0" inconclusive="0" passedButRunAborted="0" notRunnable="0" notExecuted="0" disconnected="0" warning="0" completed="0" inProgress="0" pending="0" />
  </ResultSummary>
  <Times creation="2009-02-26T21:36:28.3500000-08:00" queuing="2009-02-26T21:36:30.1080000-08:00" start="2009-02-26T21:36:30.5960000-08:00" finish="2009-02-26T21:36:31.8930000-08:00" />
  <TestDefinitions>
    <UnitTest name="CreateThenList" storage="c:\users\swalther\documents\books\aspnetmvcunleashed\chapter05 - understanding models\code\vb\efmvcapplication\efmvcapplication.tests\bin\debug\efmvcapplication.tests.dll" id="15382eb0-fb48-7bef-5810-50450da359ec">
      <Css projectStructure="" iteration="" />
      <Owners>
        <Owner name="" />
      </Owners>
      <Execution id="4ad920a9-45a6-4d93-9b16-b96252a7d7ff" />
      <TestMethod codeBase="C:\Users\swalther\Documents\Books\AspNetMvcUnleashed\Chapter05 - Understanding Models\Code\VB\EFMvcApplication\EFMvcApplication.Tests\bin\Debug\EFMvcApplication.Tests.dll" adapterTypeName="Microsoft.VisualStudio.TestTools.TestTypes.Unit.UnitTestAdapter, Microsoft.VisualStudio.QualityTools.Tips.UnitTest.Adapter, Version=9.0.0.0, Culture=neutral, PublicKeyToken=b03f5f7f11d50a3a" className="EFMvcApplication.Tests.HomeControllerTestFake, EFMvcApplication.Tests" name="CreateThenList" />
    </UnitTest>
  </TestDefinitions>
  <TestLists>
    <TestList name="Results Not in a List" id="8c84fa94-04c1-424b-9868-57a2d4851a1d" />
    <TestList name="All Loaded Results" id="19431567-8539-422a-85d7-44ee4e166bda" />
  </TestLists>
  <TestEntries>
    <TestEntry testId="15382eb0-fb48-7bef-5810-50450da359ec" executionId="4ad920a9-45a6-4d93-9b16-b96252a7d7ff" testListId="8c84fa94-04c1-424b-9868-57a2d4851a1d" />
  </TestEntries>
  <Results>
    <UnitTestResult executionId="4ad920a9-45a6-4d93-9b16-b96252a7d7ff" testId="15382eb0-fb48-7bef-5810-50450da359ec" testName="CreateThenList" computerName="SWLAPTOP" duration="00:00:00.0837261" startTime="2009-02-26T21:36:30.9130000-08:00" endTime="2009-02-26T21:36:31.8020000-08:00" testType="13cdc9d9-ddb5-4fa4-a97d-d965ccfc6d4b" outcome="Passed" testListId="8c84fa94-04c1-424b-9868-57a2d4851a1d">
      <Output>
      </Output>
    </UnitTestResult>
  </Results>
</TestRun>