<?xml version="1.0" encoding="UTF-8"?>
<TestRun id="e2273cc6-1467-4154-9fa6-61c02759091f" name="swalther@SWLAPTOP 2009-02-26 20:39:45" runUser="REDMOND\swalther" xmlns="http://microsoft.com/schemas/VisualStudio/TeamTest/2006">
  <TestRunConfiguration name="Default Run Configuration" id="4044809f-ba86-4646-83f1-2b0c813adb9a">
    <Deployment runDeploymentRoot="C:\Users\swalther\Documents\Books\AspNetMvcUnleashed\Chapter05 - Understanding Models\Code\VB\EFMvcApplication\TestResults\swalther_SWLAPTOP 2009-02-26 20_39_45">
      <DeploymentItem filename="C:\Users\swalther\Downloads\Moq.2.6.1014.1-bin\Moq.dll" />
      <DeploymentItem filename="C:\Users\swalther\Documents\Books\AspNetMvcUnleashed\Chapter05 - Understanding Models\Code\VB\EFMvcApplication\EFMvcApplication\bin\EFMvcApplication.dll" />
      <DeploymentItem filename="C:\Users\swalther\Documents\Books\AspNetMvcUnleashed\CommonCode\GenericRepository\GenericRepository\bin\Debug\GenericRepository.dll" />
    </Deployment>
    <Hosts skipUnhostableTests="false" />
    <TestTypeSpecific />
  </TestRunConfiguration>
  <ResultSummary outcome="Failed">
    <Counters total="1" executed="1" error="0" failed="1" timeout="0" aborted="0" inconclusive="0" passedButRunAborted="0" notRunnable="0" notExecuted="0" disconnected="0" warning="0" passed="0" completed="0" inProgress="0" pending="0" />
  </ResultSummary>
  <Times creation="2009-02-26T20:39:45.4570000-08:00" queuing="2009-02-26T20:39:46.9760000-08:00" start="2009-02-26T20:39:47.5780000-08:00" finish="2009-02-26T20:39:49.4870000-08:00" />
  <TestDefinitions>
    <UnitTest name="TestMethod1" storage="c:\users\swalther\documents\books\aspnetmvcunleashed\chapter05 - understanding models\code\vb\efmvcapplication\efmvcapplication.tests\bin\debug\efmvcapplication.tests.dll" id="00dfa91a-d3e5-d4c2-c866-b921adbe0ced">
      <Css projectStructure="" iteration="" />
      <Owners>
        <Owner name="" />
      </Owners>
      <Execution id="06d84812-a69f-423b-b135-4273efefb73e" />
      <TestMethod codeBase="C:\Users\swalther\Documents\Books\AspNetMvcUnleashed\Chapter05 - Understanding Models\Code\VB\EFMvcApplication\EFMvcApplication.Tests\bin\Debug\EFMvcApplication.Tests.dll" adapterTypeName="Microsoft.VisualStudio.TestTools.TestTypes.Unit.UnitTestAdapter, Microsoft.VisualStudio.QualityTools.Tips.UnitTest.Adapter, Version=9.0.0.0, Culture=neutral, PublicKeyToken=b03f5f7f11d50a3a" className="EFMvcApplication.Tests.HomeControllerTestMock, EFMvcApplication.Tests" name="TestMethod1" />
    </UnitTest>
  </TestDefinitions>
  <TestLists>
    <TestList name="Results Not in a List" id="8c84fa94-04c1-424b-9868-57a2d4851a1d" />
    <TestList name="All Loaded Results" id="19431567-8539-422a-85d7-44ee4e166bda" />
  </TestLists>
  <TestEntries>
    <TestEntry testId="00dfa91a-d3e5-d4c2-c866-b921adbe0ced" executionId="06d84812-a69f-423b-b135-4273efefb73e" testListId="8c84fa94-04c1-424b-9868-57a2d4851a1d" />
  </TestEntries>
  <Results>
    <UnitTestResult executionId="06d84812-a69f-423b-b135-4273efefb73e" testId="00dfa91a-d3e5-d4c2-c866-b921adbe0ced" testName="TestMethod1" computerName="SWLAPTOP" duration="00:00:00.6382330" startTime="2009-02-26T20:39:47.8770000-08:00" endTime="2009-02-26T20:39:49.4150000-08:00" testType="13cdc9d9-ddb5-4fa4-a97d-d965ccfc6d4b" outcome="Failed" testListId="8c84fa94-04c1-424b-9868-57a2d4851a1d">
      <Output>
        <ErrorInfo>
          <Message>Test method EFMvcApplication.Tests.HomeControllerTestMock.TestMethod1 threw exception:  System.NullReferenceException: Object reference not set to an instance of an object..</Message>
          <StackTrace>    at EFMvcApplication.HomeController.Create(Product productToCreate) in C:\Users\swalther\Documents\Books\AspNetMvcUnleashed\Chapter05 - Understanding Models\Code\VB\EFMvcApplication\EFMvcApplication\Controllers\HomeController.vb:line 37
   at EFMvcApplication.Tests.HomeControllerTestMock.TestMethod1() in C:\Users\swalther\Documents\Books\AspNetMvcUnleashed\Chapter05 - Understanding Models\Code\VB\EFMvcApplication\EFMvcApplication.Tests\Controllers\HomeControllerTestMock.vb:line 17
</StackTrace>
        </ErrorInfo>
      </Output>
    </UnitTestResult>
  </Results>
</TestRun>