<?xml version="1.0" encoding="UTF-8"?>
<TestRun id="fb01fbc5-c4a8-4409-b3bc-ee4dbf44192f" name="swalther@SWLAPTOP 2009-04-17 18:09:24" runUser="REDMOND\swalther" xmlns="http://microsoft.com/schemas/VisualStudio/TeamTest/2006">
  <TestRunConfiguration name="Default Run Configuration" id="648fb53a-d7a0-4431-b20e-38d639fc9a19">
    <Deployment runDeploymentRoot="C:\Users\swalther\Documents\Books\AspNetMvcUnleashed\Chapter21 - Adding Comments and Tags\CS\UnleashedBlog\TestResults\swalther_SWLAPTOP 2009-04-17 18_09_24">
      <DeploymentItem filename="C:\Users\swalther\Downloads\AspNetMvcReleases\RTM\DataAnnotationsModelBinder\src\bin\Debug\System.ComponentModel.DataAnnotations.dll" />
      <DeploymentItem filename="C:\Users\swalther\Downloads\AspNetMvcReleases\RTM\DataAnnotationsModelBinder\src\bin\Debug\Microsoft.Web.Mvc.DataAnnotations.dll" />
      <DeploymentItem filename="C:\Users\swalther\Documents\Books\AspNetMvcUnleashed\CommonCode\RouteDebugger\RouteDebugger\bin\Debug\RouteDebugger.dll" />
      <DeploymentItem filename="C:\Users\swalther\Documents\Books\AspNetMvcUnleashed\Chapter21 - Adding Comments and Tags\CS\UnleashedBlog\UnleashedBlog\bin\UnleashedBlog.dll" />
      <DeploymentItem filename="C:\Users\swalther\Documents\Books\AspNetMvcUnleashed\CommonCode\MvcFakes\MvcFakes\bin\Debug\MvcFakes.dll" />
    </Deployment>
    <Hosts skipUnhostableTests="false" />
    <TestTypeSpecific />
  </TestRunConfiguration>
  <ResultSummary outcome="Failed">
    <Counters total="1" executed="1" error="0" failed="1" timeout="0" aborted="0" inconclusive="0" passedButRunAborted="0" notRunnable="0" notExecuted="0" disconnected="0" warning="0" passed="0" completed="0" inProgress="0" pending="0" />
  </ResultSummary>
  <Times creation="2009-04-17T18:09:24.7245506-07:00" queuing="2009-04-17T18:09:26.8857667-07:00" start="2009-04-17T18:09:27.1707952-07:00" finish="2009-04-17T18:09:27.9748756-07:00" />
  <TestDefinitions>
    <UnitTest name="AddsArchiveInfoToViewData" storage="c:\users\swalther\documents\books\aspnetmvcunleashed\chapter21 - adding comments and tags\cs\unleashedblog\unleashedblog.tests\bin\debug\unleashedblog.tests.dll" id="db2d1280-7ba1-9953-d446-058363ba24b8">
      <Css projectStructure="" iteration="" />
      <Owners>
        <Owner name="" />
      </Owners>
      <Execution id="d2a811d7-f25f-48ac-b861-9454371a0cab" />
      <TestMethod codeBase="C:\Users\swalther\Documents\Books\AspNetMvcUnleashed\Chapter21 - Adding Comments and Tags\CS\UnleashedBlog\UnleashedBlog.Tests\bin\Debug\UnleashedBlog.Tests.dll" adapterTypeName="Microsoft.VisualStudio.TestTools.TestTypes.Unit.UnitTestAdapter, Microsoft.VisualStudio.QualityTools.Tips.UnitTest.Adapter, Version=9.0.0.0, Culture=neutral, PublicKeyToken=b03f5f7f11d50a3a" className="UnleashedBlog.Tests.Controllers.ApplicationControllerTests, UnleashedBlog.Tests" name="AddsArchiveInfoToViewData" />
    </UnitTest>
  </TestDefinitions>
  <TestLists>
    <TestList name="Results Not in a List" id="8c84fa94-04c1-424b-9868-57a2d4851a1d" />
    <TestList name="All Loaded Results" id="19431567-8539-422a-85d7-44ee4e166bda" />
  </TestLists>
  <TestEntries>
    <TestEntry testId="db2d1280-7ba1-9953-d446-058363ba24b8" executionId="d2a811d7-f25f-48ac-b861-9454371a0cab" testListId="8c84fa94-04c1-424b-9868-57a2d4851a1d" />
  </TestEntries>
  <Results>
    <UnitTestResult executionId="d2a811d7-f25f-48ac-b861-9454371a0cab" testId="db2d1280-7ba1-9953-d446-058363ba24b8" testName="AddsArchiveInfoToViewData" computerName="SWLAPTOP" duration="00:00:00.0836792" startTime="2009-04-17T18:09:27.2498031-07:00" endTime="2009-04-17T18:09:27.9018683-07:00" testType="13cdc9d9-ddb5-4fa4-a97d-d965ccfc6d4b" outcome="Failed" testListId="8c84fa94-04c1-424b-9868-57a2d4851a1d">
      <Output>
        <ErrorInfo>
          <Message>Assert.IsInstanceOfType failed. Expected type:&lt;System.Collections.Generic.IList`1[UnleashedBlog.Models.ArchiveInfo]&gt;. Actual type:&lt;(null)&gt;.</Message>
          <StackTrace>   at UnleashedBlog.Tests.Controllers.ApplicationControllerTests.AddsArchiveInfoToViewData() in C:\Users\swalther\Documents\Books\AspNetMvcUnleashed\Chapter21 - Adding Comments and Tags\CS\UnleashedBlog\UnleashedBlog.Tests\Controllers\ApplicationControllerTests.cs:line 30
</StackTrace>
        </ErrorInfo>
      </Output>
    </UnitTestResult>
  </Results>
</TestRun>