<?xml version="1.0" encoding="UTF-8"?>
<TestRun id="2ac71459-6eca-47d0-be84-49df23938f6f" name="swalther@SWLAPTOP 2009-02-06 11:55:45" runUser="REDMOND\swalther" xmlns="http://microsoft.com/schemas/VisualStudio/TeamTest/2006">
  <TestRunConfiguration name="Default Run Configuration" id="95ed4444-171d-4fa0-81ea-60624d815d91">
    <Deployment runDeploymentRoot="C:\Users\swalther\Documents\Books\AspNetMvcUnleashed\Chapter02 - Understanding Routing\Code\CS\MvcApplication1\TestResults\swalther_SWLAPTOP 2009-02-06 11_55_45">
      <DeploymentItem filename="C:\Users\swalther\Documents\Books\AspNetMvcUnleashed\Chapter02 - Understanding Routing\Code\RouteDebugger\RouteDebugger\bin\Debug\RouteDebugger.dll" />
      <DeploymentItem filename="C:\Users\swalther\Documents\Books\AspNetMvcUnleashed\Chapter02 - Understanding Routing\Code\CS\MvcApplication1\MvcApplication1\bin\MvcApplication1.dll" />
      <DeploymentItem filename="C:\Users\swalther\Documents\Books\AspNetMvcUnleashed\CommonCode\MvcFakes\MvcFakes\bin\Debug\MvcFakes.dll" />
    </Deployment>
    <Hosts skipUnhostableTests="false" />
    <TestTypeSpecific />
  </TestRunConfiguration>
  <ResultSummary outcome="Completed">
    <Counters total="1" executed="1" passed="1" error="0" failed="0" timeout="0" aborted="0" inconclusive="0" passedButRunAborted="0" notRunnable="0" notExecuted="0" disconnected="0" warning="0" completed="0" inProgress="0" pending="0" />
  </ResultSummary>
  <Times creation="2009-02-06T11:55:45.4526221-08:00" queuing="2009-02-06T11:55:45.8606221-08:00" start="2009-02-06T11:55:45.9686221-08:00" finish="2009-02-06T11:55:46.5036221-08:00" />
  <TestDefinitions>
    <UnitTest name="ProductInsertMatchesPost" storage="c:\users\swalther\documents\books\aspnetmvcunleashed\chapter02 - understanding routing\code\cs\mvcapplication1\mvcapplication1.tests\bin\debug\mvcapplication1.tests.dll" id="b4a8ca0c-aa4a-d2eb-f728-b8a0e7779514">
      <Css projectStructure="" iteration="" />
      <Owners>
        <Owner name="" />
      </Owners>
      <Execution id="c05bbfc4-720a-4d5c-ab4e-a3f49ffc6e68" />
      <TestMethod codeBase="C:\Users\swalther\Documents\Books\AspNetMvcUnleashed\Chapter02 - Understanding Routing\Code\CS\MvcApplication1\MvcApplication1.Tests\bin\Debug\MvcApplication1.Tests.dll" adapterTypeName="Microsoft.VisualStudio.TestTools.TestTypes.Unit.UnitTestAdapter, Microsoft.VisualStudio.QualityTools.Tips.UnitTest.Adapter, Version=9.0.0.0, Culture=neutral, PublicKeyToken=b03f5f7f11d50a3a" className="MvcApplication1.Tests.Routes.RouteTest, MvcApplication1.Tests" name="ProductInsertMatchesPost" />
    </UnitTest>
  </TestDefinitions>
  <TestLists>
    <TestList name="Results Not in a List" id="8c84fa94-04c1-424b-9868-57a2d4851a1d" />
    <TestList name="All Loaded Results" id="19431567-8539-422a-85d7-44ee4e166bda" />
  </TestLists>
  <TestEntries>
    <TestEntry testId="b4a8ca0c-aa4a-d2eb-f728-b8a0e7779514" executionId="c05bbfc4-720a-4d5c-ab4e-a3f49ffc6e68" testListId="8c84fa94-04c1-424b-9868-57a2d4851a1d" />
  </TestEntries>
  <Results>
    <UnitTestResult executionId="c05bbfc4-720a-4d5c-ab4e-a3f49ffc6e68" testId="b4a8ca0c-aa4a-d2eb-f728-b8a0e7779514" testName="ProductInsertMatchesPost" computerName="SWLAPTOP" duration="00:00:00.0785266" startTime="2009-02-06T11:55:45.9886221-08:00" endTime="2009-02-06T11:55:46.4936221-08:00" testType="13cdc9d9-ddb5-4fa4-a97d-d965ccfc6d4b" outcome="Passed" testListId="8c84fa94-04c1-424b-9868-57a2d4851a1d">
      <Output>
      </Output>
    </UnitTestResult>
  </Results>
</TestRun>