<?xml version="1.0" encoding="UTF-8"?>
<TestRun id="4208b0c2-31b7-4af8-9b2f-3b1e7515d077" name="swalther@SWLAPTOP 2009-02-06 11:55:13" runUser="REDMOND\swalther" xmlns="http://microsoft.com/schemas/VisualStudio/TeamTest/2006">
  <TestRunConfiguration name="Default Run Configuration" id="506ef3b5-17ac-4ce8-8a5f-3db02e5f7c10">
    <Deployment runDeploymentRoot="C:\Users\swalther\Documents\Books\AspNetMvcUnleashed\Chapter02 - Understanding Routing\Code\CS\MvcApplication1\TestResults\swalther_SWLAPTOP 2009-02-06 11_55_13">
      <DeploymentItem filename="C:\Users\swalther\Documents\Books\AspNetMvcUnleashed\Chapter02 - Understanding Routing\Code\RouteDebugger\RouteDebugger\bin\Debug\RouteDebugger.dll" />
      <DeploymentItem filename="C:\Users\swalther\Documents\Books\AspNetMvcUnleashed\Chapter02 - Understanding Routing\Code\CS\MvcApplication1\MvcApplication1\bin\MvcApplication1.dll" />
      <DeploymentItem filename="C:\Users\swalther\Documents\Books\AspNetMvcUnleashed\CommonCode\MvcFakes\MvcFakes\bin\Debug\MvcFakes.dll" />
    </Deployment>
    <Hosts skipUnhostableTests="false" />
    <TestTypeSpecific />
  </TestRunConfiguration>
  <ResultSummary outcome="Failed">
    <Counters total="1" executed="1" error="0" failed="1" timeout="0" aborted="0" inconclusive="0" passedButRunAborted="0" notRunnable="0" notExecuted="0" disconnected="0" warning="0" passed="0" completed="0" inProgress="0" pending="0" />
  </ResultSummary>
  <Times creation="2009-02-06T11:55:13.3366221-08:00" queuing="2009-02-06T11:55:14.0256221-08:00" start="2009-02-06T11:55:14.2536221-08:00" finish="2009-02-06T11:55:14.9256221-08:00" />
  <TestDefinitions>
    <UnitTest name="ProductInsertMatchesPost" storage="c:\users\swalther\documents\books\aspnetmvcunleashed\chapter02 - understanding routing\code\cs\mvcapplication1\mvcapplication1.tests\bin\debug\mvcapplication1.tests.dll" id="b4a8ca0c-aa4a-d2eb-f728-b8a0e7779514">
      <Css projectStructure="" iteration="" />
      <Owners>
        <Owner name="" />
      </Owners>
      <Execution id="d8b79a3d-96ec-44d5-818e-727c473c4d3c" />
      <TestMethod codeBase="C:\Users\swalther\Documents\Books\AspNetMvcUnleashed\Chapter02 - Understanding Routing\Code\CS\MvcApplication1\MvcApplication1.Tests\bin\Debug\MvcApplication1.Tests.dll" adapterTypeName="Microsoft.VisualStudio.TestTools.TestTypes.Unit.UnitTestAdapter, Microsoft.VisualStudio.QualityTools.Tips.UnitTest.Adapter, Version=9.0.0.0, Culture=neutral, PublicKeyToken=b03f5f7f11d50a3a" className="MvcApplication1.Tests.Routes.RouteTest, MvcApplication1.Tests" name="ProductInsertMatchesPost" />
    </UnitTest>
  </TestDefinitions>
  <TestLists>
    <TestList name="Results Not in a List" id="8c84fa94-04c1-424b-9868-57a2d4851a1d" />
    <TestList name="All Loaded Results" id="19431567-8539-422a-85d7-44ee4e166bda" />
  </TestLists>
  <TestEntries>
    <TestEntry testId="b4a8ca0c-aa4a-d2eb-f728-b8a0e7779514" executionId="d8b79a3d-96ec-44d5-818e-727c473c4d3c" testListId="8c84fa94-04c1-424b-9868-57a2d4851a1d" />
  </TestEntries>
  <Results>
    <UnitTestResult executionId="d8b79a3d-96ec-44d5-818e-727c473c4d3c" testId="b4a8ca0c-aa4a-d2eb-f728-b8a0e7779514" testName="ProductInsertMatchesPost" computerName="SWLAPTOP" duration="00:00:00.1224604" startTime="2009-02-06T11:55:14.2936221-08:00" endTime="2009-02-06T11:55:14.8856221-08:00" testType="13cdc9d9-ddb5-4fa4-a97d-d965ccfc6d4b" outcome="Failed" testListId="8c84fa94-04c1-424b-9868-57a2d4851a1d">
      <Output>
        <ErrorInfo>
          <Message>Assert.AreEqual failed. Expected:&lt;ProductInsert&gt;. Actual:&lt;Default&gt;. </Message>
          <StackTrace>   at MvcApplication1.Tests.Routes.RouteTest.ProductInsertMatchesPost() in C:\Users\swalther\Documents\Books\AspNetMvcUnleashed\Chapter02 - Understanding Routing\Code\CS\MvcApplication1\MvcApplication1.Tests\Routes\RouteTest.cs:line 43
</StackTrace>
        </ErrorInfo>
      </Output>
    </UnitTestResult>
  </Results>
</TestRun>