<?xml version="1.0" encoding="UTF-8"?>
<TestRun id="78da523b-db9d-4640-8c93-3992020c2fef" name="swalther@SWLAPTOP 2009-05-24 20:25:40" runUser="REDMOND\swalther" xmlns="http://microsoft.com/schemas/VisualStudio/TeamTest/2006">
  <TestRunConfiguration name="Default Run Configuration" id="13cb86f6-ad6c-40ca-a9a0-7c90f78f3032">
    <Deployment runDeploymentRoot="C:\Users\swalther\Documents\Books\AspNetMvcUnleashed\Chapter09 - Understanding Routing\Code\CS\MvcApplication1\TestResults\swalther_SWLAPTOP 2009-05-24 20_25_40">
      <DeploymentItem filename="C:\Users\swalther\Documents\Books\AspNetMvcUnleashed\CommonCode\MvcFakes\MvcFakes\bin\Debug\MvcFakes.dll" />
      <DeploymentItem filename="C:\Users\swalther\Documents\Books\AspNetMvcUnleashed\CommonCode\RouteDebugger\RouteDebugger\bin\Debug\RouteDebugger.dll" />
      <DeploymentItem filename="C:\Users\swalther\Documents\Books\AspNetMvcUnleashed\Chapter09 - Understanding Routing\Code\CS\MvcApplication1\MvcApplication1\bin\MvcApplication1.dll" />
    </Deployment>
    <Hosts skipUnhostableTests="false" />
    <TestTypeSpecific />
  </TestRunConfiguration>
  <ResultSummary outcome="Completed">
    <Counters total="5" executed="5" passed="5" error="0" failed="0" timeout="0" aborted="0" inconclusive="0" passedButRunAborted="0" notRunnable="0" notExecuted="0" disconnected="0" warning="0" completed="0" inProgress="0" pending="0" />
  </ResultSummary>
  <Times creation="2009-05-24T20:25:40.7528352-07:00" queuing="2009-05-24T20:25:43.6232536-07:00" start="2009-05-24T20:25:43.8728552-07:00" finish="2009-05-24T20:25:44.7464608-07:00" />
  <TestDefinitions>
    <UnitTest name="ProductInsertMatchesPost" storage="c:\users\swalther\documents\books\aspnetmvcunleashed\chapter09 - understanding routing\code\cs\mvcapplication1\mvcapplication1.tests\bin\debug\mvcapplication1.tests.dll" id="b4a8ca0c-aa4a-d2eb-f728-b8a0e7779514">
      <Css projectStructure="" iteration="" />
      <Owners>
        <Owner name="" />
      </Owners>
      <Execution id="0683a2a8-28ca-44ae-9ef5-d28bc504c79d" />
      <TestMethod codeBase="C:\Users\swalther\Documents\Books\AspNetMvcUnleashed\Chapter09 - Understanding Routing\Code\CS\MvcApplication1\MvcApplication1.Tests\bin\Debug\MvcApplication1.Tests.dll" adapterTypeName="Microsoft.VisualStudio.TestTools.TestTypes.Unit.UnitTestAdapter, Microsoft.VisualStudio.QualityTools.Tips.UnitTest.Adapter, Version=9.0.0.0, Culture=neutral, PublicKeyToken=b03f5f7f11d50a3a" className="MvcApplication1.Tests.Routes.RouteTest, MvcApplication1.Tests" name="ProductInsertMatchesPost" />
    </UnitTest>
    <UnitTest name="DefaultRouteMatchesHome" storage="c:\users\swalther\documents\books\aspnetmvcunleashed\chapter09 - understanding routing\code\cs\mvcapplication1\mvcapplication1.tests\bin\debug\mvcapplication1.tests.dll" id="e7fbbce7-5696-8b93-de2f-01da1d650e5c">
      <Css projectStructure="" iteration="" />
      <Owners>
        <Owner name="" />
      </Owners>
      <Execution id="8f3c5570-a57f-4f92-8bb7-8bb405378139" />
      <TestMethod codeBase="C:\Users\swalther\Documents\Books\AspNetMvcUnleashed\Chapter09 - Understanding Routing\Code\CS\MvcApplication1\MvcApplication1.Tests\bin\Debug\MvcApplication1.Tests.dll" adapterTypeName="Microsoft.VisualStudio.TestTools.TestTypes.Unit.UnitTestAdapter, Microsoft.VisualStudio.QualityTools.Tips.UnitTest.Adapter, Version=9.0.0.0, Culture=neutral, PublicKeyToken=b03f5f7f11d50a3a" className="MvcApplication1.Tests.Routes.RouteTest, MvcApplication1.Tests" name="DefaultRouteMatchesHome" />
    </UnitTest>
    <UnitTest name="Index" storage="c:\users\swalther\documents\books\aspnetmvcunleashed\chapter09 - understanding routing\code\cs\mvcapplication1\mvcapplication1.tests\bin\debug\mvcapplication1.tests.dll" id="b4c0bc32-3442-179b-e136-f075ec347ddb">
      <Css projectStructure="" iteration="" />
      <Owners>
        <Owner name="" />
      </Owners>
      <Execution id="264481ae-9051-4b83-8a6a-96789a79988a" />
      <TestMethod codeBase="C:\Users\swalther\Documents\Books\AspNetMvcUnleashed\Chapter09 - Understanding Routing\Code\CS\MvcApplication1\MvcApplication1.Tests\bin\Debug\MvcApplication1.Tests.dll" adapterTypeName="Microsoft.VisualStudio.TestTools.TestTypes.Unit.UnitTestAdapter, Microsoft.VisualStudio.QualityTools.Tips.UnitTest.Adapter, Version=9.0.0.0, Culture=neutral, PublicKeyToken=b03f5f7f11d50a3a" className="MvcApplication1.Tests.Controllers.HomeControllerTest, MvcApplication1.Tests" name="Index" />
    </UnitTest>
    <UnitTest name="About" storage="c:\users\swalther\documents\books\aspnetmvcunleashed\chapter09 - understanding routing\code\cs\mvcapplication1\mvcapplication1.tests\bin\debug\mvcapplication1.tests.dll" id="57c7d842-8e92-230c-c2d9-2be5b6a3e4fa">
      <Css projectStructure="" iteration="" />
      <Owners>
        <Owner name="" />
      </Owners>
      <Execution id="a55dcddb-3e12-4a2b-8687-373b6149d684" />
      <TestMethod codeBase="C:\Users\swalther\Documents\Books\AspNetMvcUnleashed\Chapter09 - Understanding Routing\Code\CS\MvcApplication1\MvcApplication1.Tests\bin\Debug\MvcApplication1.Tests.dll" adapterTypeName="Microsoft.VisualStudio.TestTools.TestTypes.Unit.UnitTestAdapter, Microsoft.VisualStudio.QualityTools.Tips.UnitTest.Adapter, Version=9.0.0.0, Culture=neutral, PublicKeyToken=b03f5f7f11d50a3a" className="MvcApplication1.Tests.Controllers.HomeControllerTest, MvcApplication1.Tests" name="About" />
    </UnitTest>
    <UnitTest name="ProductInsertDoesNotMatchGet" storage="c:\users\swalther\documents\books\aspnetmvcunleashed\chapter09 - understanding routing\code\cs\mvcapplication1\mvcapplication1.tests\bin\debug\mvcapplication1.tests.dll" id="8381dc9d-8440-c730-e761-3b8e166d017a">
      <Css projectStructure="" iteration="" />
      <Owners>
        <Owner name="" />
      </Owners>
      <Execution id="4edc982f-aa5a-424f-8841-f82231182b45" />
      <TestMethod codeBase="C:\Users\swalther\Documents\Books\AspNetMvcUnleashed\Chapter09 - Understanding Routing\Code\CS\MvcApplication1\MvcApplication1.Tests\bin\Debug\MvcApplication1.Tests.dll" adapterTypeName="Microsoft.VisualStudio.TestTools.TestTypes.Unit.UnitTestAdapter, Microsoft.VisualStudio.QualityTools.Tips.UnitTest.Adapter, Version=9.0.0.0, Culture=neutral, PublicKeyToken=b03f5f7f11d50a3a" className="MvcApplication1.Tests.Routes.RouteTest, MvcApplication1.Tests" name="ProductInsertDoesNotMatchGet" />
    </UnitTest>
  </TestDefinitions>
  <TestLists>
    <TestList name="Results Not in a List" id="8c84fa94-04c1-424b-9868-57a2d4851a1d" />
    <TestList name="All Loaded Results" id="19431567-8539-422a-85d7-44ee4e166bda" />
  </TestLists>
  <TestEntries>
    <TestEntry testId="57c7d842-8e92-230c-c2d9-2be5b6a3e4fa" executionId="a55dcddb-3e12-4a2b-8687-373b6149d684" testListId="8c84fa94-04c1-424b-9868-57a2d4851a1d" />
    <TestEntry testId="8381dc9d-8440-c730-e761-3b8e166d017a" executionId="4edc982f-aa5a-424f-8841-f82231182b45" testListId="8c84fa94-04c1-424b-9868-57a2d4851a1d" />
    <TestEntry testId="b4a8ca0c-aa4a-d2eb-f728-b8a0e7779514" executionId="0683a2a8-28ca-44ae-9ef5-d28bc504c79d" testListId="8c84fa94-04c1-424b-9868-57a2d4851a1d" />
    <TestEntry testId="b4c0bc32-3442-179b-e136-f075ec347ddb" executionId="264481ae-9051-4b83-8a6a-96789a79988a" testListId="8c84fa94-04c1-424b-9868-57a2d4851a1d" />
    <TestEntry testId="e7fbbce7-5696-8b93-de2f-01da1d650e5c" executionId="8f3c5570-a57f-4f92-8bb7-8bb405378139" testListId="8c84fa94-04c1-424b-9868-57a2d4851a1d" />
  </TestEntries>
  <Results>
    <UnitTestResult executionId="a55dcddb-3e12-4a2b-8687-373b6149d684" testId="57c7d842-8e92-230c-c2d9-2be5b6a3e4fa" testName="About" computerName="SWLAPTOP" duration="00:00:00.0553779" startTime="2009-05-24T20:25:43.9508557-07:00" endTime="2009-05-24T20:25:44.5904598-07:00" testType="13cdc9d9-ddb5-4fa4-a97d-d965ccfc6d4b" outcome="Passed" testListId="8c84fa94-04c1-424b-9868-57a2d4851a1d">
      <Output>
      </Output>
    </UnitTestResult>
    <UnitTestResult executionId="4edc982f-aa5a-424f-8841-f82231182b45" testId="8381dc9d-8440-c730-e761-3b8e166d017a" testName="ProductInsertDoesNotMatchGet" computerName="SWLAPTOP" duration="00:00:00.0411619" startTime="2009-05-24T20:25:44.5904598-07:00" endTime="2009-05-24T20:25:44.6372601-07:00" testType="13cdc9d9-ddb5-4fa4-a97d-d965ccfc6d4b" outcome="Passed" testListId="8c84fa94-04c1-424b-9868-57a2d4851a1d">
      <Output>
      </Output>
    </UnitTestResult>
    <UnitTestResult executionId="0683a2a8-28ca-44ae-9ef5-d28bc504c79d" testId="b4a8ca0c-aa4a-d2eb-f728-b8a0e7779514" testName="ProductInsertMatchesPost" computerName="SWLAPTOP" duration="00:00:00.0026666" startTime="2009-05-24T20:25:44.6372601-07:00" endTime="2009-05-24T20:25:44.6528602-07:00" testType="13cdc9d9-ddb5-4fa4-a97d-d965ccfc6d4b" outcome="Passed" testListId="8c84fa94-04c1-424b-9868-57a2d4851a1d">
      <Output>
      </Output>
    </UnitTestResult>
    <UnitTestResult executionId="264481ae-9051-4b83-8a6a-96789a79988a" testId="b4c0bc32-3442-179b-e136-f075ec347ddb" testName="Index" computerName="SWLAPTOP" duration="00:00:00.0008408" startTime="2009-05-24T20:25:44.6528602-07:00" endTime="2009-05-24T20:25:44.6684603-07:00" testType="13cdc9d9-ddb5-4fa4-a97d-d965ccfc6d4b" outcome="Passed" testListId="8c84fa94-04c1-424b-9868-57a2d4851a1d">
      <Output>
      </Output>
    </UnitTestResult>
    <UnitTestResult executionId="8f3c5570-a57f-4f92-8bb7-8bb405378139" testId="e7fbbce7-5696-8b93-de2f-01da1d650e5c" testName="DefaultRouteMatchesHome" computerName="SWLAPTOP" duration="00:00:00.0007082" startTime="2009-05-24T20:25:44.6684603-07:00" endTime="2009-05-24T20:25:44.6684603-07:00" testType="13cdc9d9-ddb5-4fa4-a97d-d965ccfc6d4b" outcome="Passed" testListId="8c84fa94-04c1-424b-9868-57a2d4851a1d">
      <Output>
      </Output>
    </UnitTestResult>
  </Results>
</TestRun>