<?xml version="1.0" encoding="UTF-8"?>
<TestRun id="19ec4d7e-ac86-4b95-8447-498a40b28f7d" name="swalther@SWLAPTOP 2009-02-06 11:55:52" runUser="REDMOND\swalther" xmlns="http://microsoft.com/schemas/VisualStudio/TeamTest/2006">
  <TestRunConfiguration name="Default Run Configuration" id="8a6875c4-d05b-46dd-8f7d-301bbc4a78a4">
    <Deployment runDeploymentRoot="C:\Users\swalther\Documents\Books\AspNetMvcUnleashed\Chapter02 - Understanding Routing\Code\CS\MvcApplication1\TestResults\swalther_SWLAPTOP 2009-02-06 11_55_52">
      <DeploymentItem filename="C:\Users\swalther\Documents\Books\AspNetMvcUnleashed\Chapter02 - Understanding Routing\Code\RouteDebugger\RouteDebugger\bin\Debug\RouteDebugger.dll" />
      <DeploymentItem filename="C:\Users\swalther\Documents\Books\AspNetMvcUnleashed\Chapter02 - Understanding Routing\Code\CS\MvcApplication1\MvcApplication1\bin\MvcApplication1.dll" />
      <DeploymentItem filename="C:\Users\swalther\Documents\Books\AspNetMvcUnleashed\CommonCode\MvcFakes\MvcFakes\bin\Debug\MvcFakes.dll" />
    </Deployment>
    <Hosts skipUnhostableTests="false" />
    <TestTypeSpecific />
  </TestRunConfiguration>
  <ResultSummary outcome="Completed">
    <Counters total="1" executed="1" passed="1" error="0" failed="0" timeout="0" aborted="0" inconclusive="0" passedButRunAborted="0" notRunnable="0" notExecuted="0" disconnected="0" warning="0" completed="0" inProgress="0" pending="0" />
  </ResultSummary>
  <Times creation="2009-02-06T11:55:52.0856221-08:00" queuing="2009-02-06T11:55:52.4326221-08:00" start="2009-02-06T11:55:52.5486221-08:00" finish="2009-02-06T11:55:53.0186221-08:00" />
  <TestDefinitions>
    <UnitTest name="ProductInsertDoesNotMatchGet" storage="c:\users\swalther\documents\books\aspnetmvcunleashed\chapter02 - understanding routing\code\cs\mvcapplication1\mvcapplication1.tests\bin\debug\mvcapplication1.tests.dll" id="8381dc9d-8440-c730-e761-3b8e166d017a">
      <Css projectStructure="" iteration="" />
      <Owners>
        <Owner name="" />
      </Owners>
      <Execution id="23ab1696-1859-4d02-bbcf-5fac737ef559" />
      <TestMethod codeBase="C:\Users\swalther\Documents\Books\AspNetMvcUnleashed\Chapter02 - Understanding Routing\Code\CS\MvcApplication1\MvcApplication1.Tests\bin\Debug\MvcApplication1.Tests.dll" adapterTypeName="Microsoft.VisualStudio.TestTools.TestTypes.Unit.UnitTestAdapter, Microsoft.VisualStudio.QualityTools.Tips.UnitTest.Adapter, Version=9.0.0.0, Culture=neutral, PublicKeyToken=b03f5f7f11d50a3a" className="MvcApplication1.Tests.Routes.RouteTest, MvcApplication1.Tests" name="ProductInsertDoesNotMatchGet" />
    </UnitTest>
  </TestDefinitions>
  <TestLists>
    <TestList name="Results Not in a List" id="8c84fa94-04c1-424b-9868-57a2d4851a1d" />
    <TestList name="All Loaded Results" id="19431567-8539-422a-85d7-44ee4e166bda" />
  </TestLists>
  <TestEntries>
    <TestEntry testId="8381dc9d-8440-c730-e761-3b8e166d017a" executionId="23ab1696-1859-4d02-bbcf-5fac737ef559" testListId="8c84fa94-04c1-424b-9868-57a2d4851a1d" />
  </TestEntries>
  <Results>
    <UnitTestResult executionId="23ab1696-1859-4d02-bbcf-5fac737ef559" testId="8381dc9d-8440-c730-e761-3b8e166d017a" testName="ProductInsertDoesNotMatchGet" computerName="SWLAPTOP" duration="00:00:00.0438200" startTime="2009-02-06T11:55:52.5736221-08:00" endTime="2009-02-06T11:55:53.0046221-08:00" testType="13cdc9d9-ddb5-4fa4-a97d-d965ccfc6d4b" outcome="Passed" testListId="8c84fa94-04c1-424b-9868-57a2d4851a1d">
      <Output>
      </Output>
    </UnitTestResult>
  </Results>
</TestRun>