<?xml version="1.0" encoding="UTF-8"?>
<TestRun id="a362207a-c586-4099-b413-b3df400bd34f" name="swalther@SWLAPTOP 2009-04-18 14:19:51" runUser="REDMOND\swalther" xmlns="http://microsoft.com/schemas/VisualStudio/TeamTest/2006">
  <TestRunConfiguration name="Default Run Configuration" id="c0b6de68-819a-43d5-bf58-072ec129c9f3">
    <Deployment runDeploymentRoot="C:\Users\swalther\Documents\Books\AspNetMvcUnleashed\Chapter21 - Adding Comments and Tags\VB\TestResults\swalther_SWLAPTOP 2009-04-18 14_19_51">
      <DeploymentItem filename="C:\Users\swalther\Documents\Books\AspNetMvcUnleashed\CommonCode\RouteDebugger\RouteDebugger\bin\Debug\RouteDebugger.dll" />
      <DeploymentItem filename="C:\Users\swalther\Documents\Books\AspNetMvcUnleashed\Chapter21 - Adding Comments and Tags\VB\UnleashedBlog\bin\UnleashedBlog.dll" />
      <DeploymentItem filename="C:\Users\swalther\Documents\Books\AspNetMvcUnleashed\CommonCode\MvcFakes\MvcFakes\bin\Debug\MvcFakes.dll" />
    </Deployment>
    <Hosts skipUnhostableTests="false" />
    <TestTypeSpecific />
  </TestRunConfiguration>
  <ResultSummary outcome="Completed">
    <Counters total="31" executed="31" passed="31" error="0" failed="0" timeout="0" aborted="0" inconclusive="0" passedButRunAborted="0" notRunnable="0" notExecuted="0" disconnected="0" warning="0" completed="0" inProgress="0" pending="0" />
  </ResultSummary>
  <Times creation="2009-04-18T14:19:51.0449275-07:00" queuing="2009-04-18T14:19:59.2401145-07:00" start="2009-04-18T14:19:59.5684425-07:00" finish="2009-04-18T14:20:02.1650365-07:00" />
  <TestDefinitions>
    <UnitTest name="CommentsOrderByDatePublished" storage="c:\users\swalther\documents\books\aspnetmvcunleashed\chapter21 - adding comments and tags\vb\unleashedblog.tests\bin\debug\unleashedblog.tests.dll" id="a18d074c-594d-05e6-a215-aef9bd1b8a5c">
      <Css projectStructure="" iteration="" />
      <Owners>
        <Owner name="" />
      </Owners>
      <Execution id="b2bcf03b-3f36-4754-9812-ac094704a909" />
      <TestMethod codeBase="C:\Users\swalther\Documents\Books\AspNetMvcUnleashed\Chapter21 - Adding Comments and Tags\VB\UnleashedBlog.Tests\bin\Debug\UnleashedBlog.Tests.dll" adapterTypeName="Microsoft.VisualStudio.TestTools.TestTypes.Unit.UnitTestAdapter, Microsoft.VisualStudio.QualityTools.Tips.UnitTest.Adapter, Version=9.0.0.0, Culture=neutral, PublicKeyToken=b03f5f7f11d50a3a" className="UnleashedBlog.Tests.CommentControllerTests, UnleashedBlog.Tests" name="CommentsOrderByDatePublished" />
    </UnitTest>
    <UnitTest name="IndexReturnsPagedListForPage" storage="c:\users\swalther\documents\books\aspnetmvcunleashed\chapter21 - adding comments and tags\vb\unleashedblog.tests\bin\debug\unleashedblog.tests.dll" id="fc9c9098-d46c-b80f-7726-681b36382b6b">
      <Css projectStructure="" iteration="" />
      <Owners>
        <Owner name="" />
      </Owners>
      <Execution id="f11f6435-af85-4391-a78f-30ce6cdad7a6" />
      <TestMethod codeBase="C:\Users\swalther\Documents\Books\AspNetMvcUnleashed\Chapter21 - Adding Comments and Tags\VB\UnleashedBlog.Tests\bin\Debug\UnleashedBlog.Tests.dll" adapterTypeName="Microsoft.VisualStudio.TestTools.TestTypes.Unit.UnitTestAdapter, Microsoft.VisualStudio.QualityTools.Tips.UnitTest.Adapter, Version=9.0.0.0, Culture=neutral, PublicKeyToken=b03f5f7f11d50a3a" className="UnleashedBlog.Tests.BlogControllerTests, UnleashedBlog.Tests" name="IndexReturnsPagedListForPage" />
    </UnitTest>
    <UnitTest name="CreateTitleRequired" storage="c:\users\swalther\documents\books\aspnetmvcunleashed\chapter21 - adding comments and tags\vb\unleashedblog.tests\bin\debug\unleashedblog.tests.dll" id="2b8a9527-ef33-89d0-311f-70824e8a073e">
      <Css projectStructure="" iteration="" />
      <Owners>
        <Owner name="" />
      </Owners>
      <Execution id="6e01f74f-ae45-483e-9118-1e5e2e6253f7" />
      <TestMethod codeBase="C:\Users\swalther\Documents\Books\AspNetMvcUnleashed\Chapter21 - Adding Comments and Tags\VB\UnleashedBlog.Tests\bin\Debug\UnleashedBlog.Tests.dll" adapterTypeName="Microsoft.VisualStudio.TestTools.TestTypes.Unit.UnitTestAdapter, Microsoft.VisualStudio.QualityTools.Tips.UnitTest.Adapter, Version=9.0.0.0, Culture=neutral, PublicKeyToken=b03f5f7f11d50a3a" className="UnleashedBlog.Tests.BlogControllerTests, UnleashedBlog.Tests" name="CreateTitleRequired" />
    </UnitTest>
    <UnitTest name="Index_AjaxReturnsPartialViewResult" storage="c:\users\swalther\documents\books\aspnetmvcunleashed\chapter21 - adding comments and tags\vb\unleashedblog.tests\bin\debug\unleashedblog.tests.dll" id="c22ea9f4-42e6-ef20-14c0-caf5827f6e1e">
      <Css projectStructure="" iteration="" />
      <Owners>
        <Owner name="" />
      </Owners>
      <Execution id="771de6f8-8a8d-4721-930f-b4d6b663008d" />
      <TestMethod codeBase="C:\Users\swalther\Documents\Books\AspNetMvcUnleashed\Chapter21 - Adding Comments and Tags\VB\UnleashedBlog.Tests\bin\Debug\UnleashedBlog.Tests.dll" adapterTypeName="Microsoft.VisualStudio.TestTools.TestTypes.Unit.UnitTestAdapter, Microsoft.VisualStudio.QualityTools.Tips.UnitTest.Adapter, Version=9.0.0.0, Culture=neutral, PublicKeyToken=b03f5f7f11d50a3a" className="UnleashedBlog.Tests.ArchiveControllerTests, UnleashedBlog.Tests" name="Index_AjaxReturnsPartialViewResult" />
    </UnitTest>
    <UnitTest name="IndexReturnsBlogEntriesByMonth" storage="c:\users\swalther\documents\books\aspnetmvcunleashed\chapter21 - adding comments and tags\vb\unleashedblog.tests\bin\debug\unleashedblog.tests.dll" id="3bb81d9b-0fca-a52c-f916-bc086d10bc1e">
      <Css projectStructure="" iteration="" />
      <Owners>
        <Owner name="" />
      </Owners>
      <Execution id="5a55a9a6-6630-469a-b657-e66b16df49b2" />
      <TestMethod codeBase="C:\Users\swalther\Documents\Books\AspNetMvcUnleashed\Chapter21 - Adding Comments and Tags\VB\UnleashedBlog.Tests\bin\Debug\UnleashedBlog.Tests.dll" adapterTypeName="Microsoft.VisualStudio.TestTools.TestTypes.Unit.UnitTestAdapter, Microsoft.VisualStudio.QualityTools.Tips.UnitTest.Adapter, Version=9.0.0.0, Culture=neutral, PublicKeyToken=b03f5f7f11d50a3a" className="UnleashedBlog.Tests.ArchiveControllerTests, UnleashedBlog.Tests" name="IndexReturnsBlogEntriesByMonth" />
    </UnitTest>
    <UnitTest name="CreateAndThenGetComment" storage="c:\users\swalther\documents\books\aspnetmvcunleashed\chapter21 - adding comments and tags\vb\unleashedblog.tests\bin\debug\unleashedblog.tests.dll" id="7b7a6f02-d107-f88b-5ebf-2e6aff54c8e2">
      <Css projectStructure="" iteration="" />
      <Owners>
        <Owner name="" />
      </Owners>
      <Execution id="641e6280-9620-460e-b987-51c8fb309b70" />
      <TestMethod codeBase="C:\Users\swalther\Documents\Books\AspNetMvcUnleashed\Chapter21 - Adding Comments and Tags\VB\UnleashedBlog.Tests\bin\Debug\UnleashedBlog.Tests.dll" adapterTypeName="Microsoft.VisualStudio.TestTools.TestTypes.Unit.UnitTestAdapter, Microsoft.VisualStudio.QualityTools.Tips.UnitTest.Adapter, Version=9.0.0.0, Culture=neutral, PublicKeyToken=b03f5f7f11d50a3a" className="UnleashedBlog.Tests.CommentControllerTests, UnleashedBlog.Tests" name="CreateAndThenGetComment" />
    </UnitTest>
    <UnitTest name="BlogEntriesIncludeCommentCount" storage="c:\users\swalther\documents\books\aspnetmvcunleashed\chapter21 - adding comments and tags\vb\unleashedblog.tests\bin\debug\unleashedblog.tests.dll" id="e1a6b14d-c0a3-d862-ac95-765d8eefc3e8">
      <Css projectStructure="" iteration="" />
      <Owners>
        <Owner name="" />
      </Owners>
      <Execution id="7acfcc40-f00e-42cb-b38e-b1313247ad25" />
      <TestMethod codeBase="C:\Users\swalther\Documents\Books\AspNetMvcUnleashed\Chapter21 - Adding Comments and Tags\VB\UnleashedBlog.Tests\bin\Debug\UnleashedBlog.Tests.dll" adapterTypeName="Microsoft.VisualStudio.TestTools.TestTypes.Unit.UnitTestAdapter, Microsoft.VisualStudio.QualityTools.Tips.UnitTest.Adapter, Version=9.0.0.0, Culture=neutral, PublicKeyToken=b03f5f7f11d50a3a" className="UnleashedBlog.Tests.CommentControllerTests, UnleashedBlog.Tests" name="BlogEntriesIncludeCommentCount" />
    </UnitTest>
    <UnitTest name="IndexReturnsLessThan6BlogEntries" storage="c:\users\swalther\documents\books\aspnetmvcunleashed\chapter21 - adding comments and tags\vb\unleashedblog.tests\bin\debug\unleashedblog.tests.dll" id="43ebd8f9-734e-df62-3422-baff51801171">
      <Css projectStructure="" iteration="" />
      <Owners>
        <Owner name="" />
      </Owners>
      <Execution id="d6c7d834-caa7-44ed-a605-a28e879c686b" />
      <TestMethod codeBase="C:\Users\swalther\Documents\Books\AspNetMvcUnleashed\Chapter21 - Adding Comments and Tags\VB\UnleashedBlog.Tests\bin\Debug\UnleashedBlog.Tests.dll" adapterTypeName="Microsoft.VisualStudio.TestTools.TestTypes.Unit.UnitTestAdapter, Microsoft.VisualStudio.QualityTools.Tips.UnitTest.Adapter, Version=9.0.0.0, Culture=neutral, PublicKeyToken=b03f5f7f11d50a3a" className="UnleashedBlog.Tests.BlogControllerTests, UnleashedBlog.Tests" name="IndexReturnsLessThan6BlogEntries" />
    </UnitTest>
    <UnitTest name="IndexReturnsBlogEntriesInOrderOfDatePublished" storage="c:\users\swalther\documents\books\aspnetmvcunleashed\chapter21 - adding comments and tags\vb\unleashedblog.tests\bin\debug\unleashedblog.tests.dll" id="5f2d0f7b-7ff4-5273-004b-aa92b77dc0a1">
      <Css projectStructure="" iteration="" />
      <Owners>
        <Owner name="" />
      </Owners>
      <Execution id="65cdb61e-0390-4795-9b17-30702abc8031" />
      <TestMethod codeBase="C:\Users\swalther\Documents\Books\AspNetMvcUnleashed\Chapter21 - Adding Comments and Tags\VB\UnleashedBlog.Tests\bin\Debug\UnleashedBlog.Tests.dll" adapterTypeName="Microsoft.VisualStudio.TestTools.TestTypes.Unit.UnitTestAdapter, Microsoft.VisualStudio.QualityTools.Tips.UnitTest.Adapter, Version=9.0.0.0, Culture=neutral, PublicKeyToken=b03f5f7f11d50a3a" className="UnleashedBlog.Tests.BlogControllerTests, UnleashedBlog.Tests" name="IndexReturnsBlogEntriesInOrderOfDatePublished" />
    </UnitTest>
    <UnitTest name="IndexReturnsBlogEntryByName" storage="c:\users\swalther\documents\books\aspnetmvcunleashed\chapter21 - adding comments and tags\vb\unleashedblog.tests\bin\debug\unleashedblog.tests.dll" id="4d187e8f-0397-8aa2-e993-61c2514155aa">
      <Css projectStructure="" iteration="" />
      <Owners>
        <Owner name="" />
      </Owners>
      <Execution id="48160aed-488f-41be-a525-0a61d11e2098" />
      <TestMethod codeBase="C:\Users\swalther\Documents\Books\AspNetMvcUnleashed\Chapter21 - Adding Comments and Tags\VB\UnleashedBlog.Tests\bin\Debug\UnleashedBlog.Tests.dll" adapterTypeName="Microsoft.VisualStudio.TestTools.TestTypes.Unit.UnitTestAdapter, Microsoft.VisualStudio.QualityTools.Tips.UnitTest.Adapter, Version=9.0.0.0, Culture=neutral, PublicKeyToken=b03f5f7f11d50a3a" className="UnleashedBlog.Tests.ArchiveControllerTests, UnleashedBlog.Tests" name="IndexReturnsBlogEntryByName" />
    </UnitTest>
    <UnitTest name="ArchiveYearMonth" storage="c:\users\swalther\documents\books\aspnetmvcunleashed\chapter21 - adding comments and tags\vb\unleashedblog.tests\bin\debug\unleashedblog.tests.dll" id="07db397d-ba40-1cbd-dfb4-c36d9ca4e1b0">
      <Css projectStructure="" iteration="" />
      <Owners>
        <Owner name="" />
      </Owners>
      <Execution id="7ba15420-c493-482e-899c-d53d61778e1a" />
      <TestMethod codeBase="C:\Users\swalther\Documents\Books\AspNetMvcUnleashed\Chapter21 - Adding Comments and Tags\VB\UnleashedBlog.Tests\bin\Debug\UnleashedBlog.Tests.dll" adapterTypeName="Microsoft.VisualStudio.TestTools.TestTypes.Unit.UnitTestAdapter, Microsoft.VisualStudio.QualityTools.Tips.UnitTest.Adapter, Version=9.0.0.0, Culture=neutral, PublicKeyToken=b03f5f7f11d50a3a" className="UnleashedBlog.Tests.UnleashedBlog.Tests.Routes.RouteTests, UnleashedBlog.Tests" name="ArchiveYearMonth" />
    </UnitTest>
    <UnitTest name="CreateNameIsValid" storage="c:\users\swalther\documents\books\aspnetmvcunleashed\chapter21 - adding comments and tags\vb\unleashedblog.tests\bin\debug\unleashedblog.tests.dll" id="b460a0e7-2100-2dca-97ba-9f426dbbecfd">
      <Css projectStructure="" iteration="" />
      <Owners>
        <Owner name="" />
      </Owners>
      <Execution id="8c6b288a-51e7-4fad-aa62-0cb84b5aa348" />
      <TestMethod codeBase="C:\Users\swalther\Documents\Books\AspNetMvcUnleashed\Chapter21 - Adding Comments and Tags\VB\UnleashedBlog.Tests\bin\Debug\UnleashedBlog.Tests.dll" adapterTypeName="Microsoft.VisualStudio.TestTools.TestTypes.Unit.UnitTestAdapter, Microsoft.VisualStudio.QualityTools.Tips.UnitTest.Adapter, Version=9.0.0.0, Culture=neutral, PublicKeyToken=b03f5f7f11d50a3a" className="UnleashedBlog.Tests.BlogControllerTests, UnleashedBlog.Tests" name="CreateNameIsValid" />
    </UnitTest>
    <UnitTest name="CreateDescriptionRequired" storage="c:\users\swalther\documents\books\aspnetmvcunleashed\chapter21 - adding comments and tags\vb\unleashedblog.tests\bin\debug\unleashedblog.tests.dll" id="0cce3461-c6b9-79f7-0a14-0c6286cfe5ed">
      <Css projectStructure="" iteration="" />
      <Owners>
        <Owner name="" />
      </Owners>
      <Execution id="48fde92a-e0c3-4021-ab81-2e0bad0b7bfd" />
      <TestMethod codeBase="C:\Users\swalther\Documents\Books\AspNetMvcUnleashed\Chapter21 - Adding Comments and Tags\VB\UnleashedBlog.Tests\bin\Debug\UnleashedBlog.Tests.dll" adapterTypeName="Microsoft.VisualStudio.TestTools.TestTypes.Unit.UnitTestAdapter, Microsoft.VisualStudio.QualityTools.Tips.UnitTest.Adapter, Version=9.0.0.0, Culture=neutral, PublicKeyToken=b03f5f7f11d50a3a" className="UnleashedBlog.Tests.BlogControllerTests, UnleashedBlog.Tests" name="CreateDescriptionRequired" />
    </UnitTest>
    <UnitTest name="CreateTextRequired" storage="c:\users\swalther\documents\books\aspnetmvcunleashed\chapter21 - adding comments and tags\vb\unleashedblog.tests\bin\debug\unleashedblog.tests.dll" id="7d1e9db4-b71d-92c5-a7ce-51b434089875">
      <Css projectStructure="" iteration="" />
      <Owners>
        <Owner name="" />
      </Owners>
      <Execution id="909bef61-2053-4a29-ab7f-18c4e7df3432" />
      <TestMethod codeBase="C:\Users\swalther\Documents\Books\AspNetMvcUnleashed\Chapter21 - Adding Comments and Tags\VB\UnleashedBlog.Tests\bin\Debug\UnleashedBlog.Tests.dll" adapterTypeName="Microsoft.VisualStudio.TestTools.TestTypes.Unit.UnitTestAdapter, Microsoft.VisualStudio.QualityTools.Tips.UnitTest.Adapter, Version=9.0.0.0, Culture=neutral, PublicKeyToken=b03f5f7f11d50a3a" className="UnleashedBlog.Tests.BlogControllerTests, UnleashedBlog.Tests" name="CreateTextRequired" />
    </UnitTest>
    <UnitTest name="AddsArchiveInfoToViewData" storage="c:\users\swalther\documents\books\aspnetmvcunleashed\chapter21 - adding comments and tags\vb\unleashedblog.tests\bin\debug\unleashedblog.tests.dll" id="08e6f498-80a0-0c12-f008-4a38ed6c94b9">
      <Css projectStructure="" iteration="" />
      <Owners>
        <Owner name="" />
      </Owners>
      <Execution id="6846db4e-2bcf-4744-a99b-da9f60af14ad" />
      <TestMethod codeBase="C:\Users\swalther\Documents\Books\AspNetMvcUnleashed\Chapter21 - Adding Comments and Tags\VB\UnleashedBlog.Tests\bin\Debug\UnleashedBlog.Tests.dll" adapterTypeName="Microsoft.VisualStudio.TestTools.TestTypes.Unit.UnitTestAdapter, Microsoft.VisualStudio.QualityTools.Tips.UnitTest.Adapter, Version=9.0.0.0, Culture=neutral, PublicKeyToken=b03f5f7f11d50a3a" className="UnleashedBlog.Tests.ApplicationControllerTests, UnleashedBlog.Tests" name="AddsArchiveInfoToViewData" />
    </UnitTest>
    <UnitTest name="IndexAcceptsPage" storage="c:\users\swalther\documents\books\aspnetmvcunleashed\chapter21 - adding comments and tags\vb\unleashedblog.tests\bin\debug\unleashedblog.tests.dll" id="006b6933-081a-210b-aea9-5c6880169a9c">
      <Css projectStructure="" iteration="" />
      <Owners>
        <Owner name="" />
      </Owners>
      <Execution id="cca700d1-a327-4dd3-b49c-01211a79a261" />
      <TestMethod codeBase="C:\Users\swalther\Documents\Books\AspNetMvcUnleashed\Chapter21 - Adding Comments and Tags\VB\UnleashedBlog.Tests\bin\Debug\UnleashedBlog.Tests.dll" adapterTypeName="Microsoft.VisualStudio.TestTools.TestTypes.Unit.UnitTestAdapter, Microsoft.VisualStudio.QualityTools.Tips.UnitTest.Adapter, Version=9.0.0.0, Culture=neutral, PublicKeyToken=b03f5f7f11d50a3a" className="UnleashedBlog.Tests.BlogControllerTests, UnleashedBlog.Tests" name="IndexAcceptsPage" />
    </UnitTest>
    <UnitTest name="ShowNewBlogEntries" storage="c:\users\swalther\documents\books\aspnetmvcunleashed\chapter21 - adding comments and tags\vb\unleashedblog.tests\bin\debug\unleashedblog.tests.dll" id="9d685191-81df-c621-a3ae-5e9f3eb979d1">
      <Css projectStructure="" iteration="" />
      <Owners>
        <Owner name="" />
      </Owners>
      <Execution id="ac2224eb-176b-4b68-98e1-49df80e6c33f" />
      <TestMethod codeBase="C:\Users\swalther\Documents\Books\AspNetMvcUnleashed\Chapter21 - Adding Comments and Tags\VB\UnleashedBlog.Tests\bin\Debug\UnleashedBlog.Tests.dll" adapterTypeName="Microsoft.VisualStudio.TestTools.TestTypes.Unit.UnitTestAdapter, Microsoft.VisualStudio.QualityTools.Tips.UnitTest.Adapter, Version=9.0.0.0, Culture=neutral, PublicKeyToken=b03f5f7f11d50a3a" className="UnleashedBlog.Tests.BlogControllerTests, UnleashedBlog.Tests" name="ShowNewBlogEntries" />
    </UnitTest>
    <UnitTest name="Index_AjaxReturnsPartialViewResult" storage="c:\users\swalther\documents\books\aspnetmvcunleashed\chapter21 - adding comments and tags\vb\unleashedblog.tests\bin\debug\unleashedblog.tests.dll" id="a1f25b4f-803e-3e79-829d-974fc62773d4">
      <Css projectStructure="" iteration="" />
      <Owners>
        <Owner name="" />
      </Owners>
      <Execution id="8c1f518b-4b27-49ca-944c-f0276d809c8a" />
      <TestMethod codeBase="C:\Users\swalther\Documents\Books\AspNetMvcUnleashed\Chapter21 - Adding Comments and Tags\VB\UnleashedBlog.Tests\bin\Debug\UnleashedBlog.Tests.dll" adapterTypeName="Microsoft.VisualStudio.TestTools.TestTypes.Unit.UnitTestAdapter, Microsoft.VisualStudio.QualityTools.Tips.UnitTest.Adapter, Version=9.0.0.0, Culture=neutral, PublicKeyToken=b03f5f7f11d50a3a" className="UnleashedBlog.Tests.BlogControllerTests, UnleashedBlog.Tests" name="Index_AjaxReturnsPartialViewResult" />
    </UnitTest>
    <UnitTest name="DefaultRoute" storage="c:\users\swalther\documents\books\aspnetmvcunleashed\chapter21 - adding comments and tags\vb\unleashedblog.tests\bin\debug\unleashedblog.tests.dll" id="ce262c13-59a0-80b6-0bb1-f8237871b2e1">
      <Css projectStructure="" iteration="" />
      <Owners>
        <Owner name="" />
      </Owners>
      <Execution id="f12fa823-5d81-4307-8b00-2014daa07845" />
      <TestMethod codeBase="C:\Users\swalther\Documents\Books\AspNetMvcUnleashed\Chapter21 - Adding Comments and Tags\VB\UnleashedBlog.Tests\bin\Debug\UnleashedBlog.Tests.dll" adapterTypeName="Microsoft.VisualStudio.TestTools.TestTypes.Unit.UnitTestAdapter, Microsoft.VisualStudio.QualityTools.Tips.UnitTest.Adapter, Version=9.0.0.0, Culture=neutral, PublicKeyToken=b03f5f7f11d50a3a" className="UnleashedBlog.Tests.UnleashedBlog.Tests.Routes.RouteTests, UnleashedBlog.Tests" name="DefaultRoute" />
    </UnitTest>
    <UnitTest name="CreateNameFromTitle" storage="c:\users\swalther\documents\books\aspnetmvcunleashed\chapter21 - adding comments and tags\vb\unleashedblog.tests\bin\debug\unleashedblog.tests.dll" id="383a9b4c-8610-d106-bb03-82b9b8f8e606">
      <Css projectStructure="" iteration="" />
      <Owners>
        <Owner name="" />
      </Owners>
      <Execution id="7232f833-a7b8-4a25-871d-ae05009387e4" />
      <TestMethod codeBase="C:\Users\swalther\Documents\Books\AspNetMvcUnleashed\Chapter21 - Adding Comments and Tags\VB\UnleashedBlog.Tests\bin\Debug\UnleashedBlog.Tests.dll" adapterTypeName="Microsoft.VisualStudio.TestTools.TestTypes.Unit.UnitTestAdapter, Microsoft.VisualStudio.QualityTools.Tips.UnitTest.Adapter, Version=9.0.0.0, Culture=neutral, PublicKeyToken=b03f5f7f11d50a3a" className="UnleashedBlog.Tests.BlogControllerTests, UnleashedBlog.Tests" name="CreateNameFromTitle" />
    </UnitTest>
    <UnitTest name="CommentMustHaveName" storage="c:\users\swalther\documents\books\aspnetmvcunleashed\chapter21 - adding comments and tags\vb\unleashedblog.tests\bin\debug\unleashedblog.tests.dll" id="3143adbc-043b-024f-e67b-3a034e9fb285">
      <Css projectStructure="" iteration="" />
      <Owners>
        <Owner name="" />
      </Owners>
      <Execution id="0bfe101e-26c1-4619-9b48-d49c7f9b1119" />
      <TestMethod codeBase="C:\Users\swalther\Documents\Books\AspNetMvcUnleashed\Chapter21 - Adding Comments and Tags\VB\UnleashedBlog.Tests\bin\Debug\UnleashedBlog.Tests.dll" adapterTypeName="Microsoft.VisualStudio.TestTools.TestTypes.Unit.UnitTestAdapter, Microsoft.VisualStudio.QualityTools.Tips.UnitTest.Adapter, Version=9.0.0.0, Culture=neutral, PublicKeyToken=b03f5f7f11d50a3a" className="UnleashedBlog.Tests.CommentControllerTests, UnleashedBlog.Tests" name="CommentMustHaveName" />
    </UnitTest>
    <UnitTest name="CommentMustHaveTitle" storage="c:\users\swalther\documents\books\aspnetmvcunleashed\chapter21 - adding comments and tags\vb\unleashedblog.tests\bin\debug\unleashedblog.tests.dll" id="3b4f4d15-bd8e-24ed-314f-8c1069cd6fea">
      <Css projectStructure="" iteration="" />
      <Owners>
        <Owner name="" />
      </Owners>
      <Execution id="24351c0b-bc4c-4fe8-aa46-e59e28df5fcd" />
      <TestMethod codeBase="C:\Users\swalther\Documents\Books\AspNetMvcUnleashed\Chapter21 - Adding Comments and Tags\VB\UnleashedBlog.Tests\bin\Debug\UnleashedBlog.Tests.dll" adapterTypeName="Microsoft.VisualStudio.TestTools.TestTypes.Unit.UnitTestAdapter, Microsoft.VisualStudio.QualityTools.Tips.UnitTest.Adapter, Version=9.0.0.0, Culture=neutral, PublicKeyToken=b03f5f7f11d50a3a" className="UnleashedBlog.Tests.CommentControllerTests, UnleashedBlog.Tests" name="CommentMustHaveTitle" />
    </UnitTest>
    <UnitTest name="ArchiveYearMonthDay" storage="c:\users\swalther\documents\books\aspnetmvcunleashed\chapter21 - adding comments and tags\vb\unleashedblog.tests\bin\debug\unleashedblog.tests.dll" id="b38d41a7-9173-c18c-eefa-da5ea5cc7755">
      <Css projectStructure="" iteration="" />
      <Owners>
        <Owner name="" />
      </Owners>
      <Execution id="a562af7c-dc39-432a-ba8d-c0df559ab7cd" />
      <TestMethod codeBase="C:\Users\swalther\Documents\Books\AspNetMvcUnleashed\Chapter21 - Adding Comments and Tags\VB\UnleashedBlog.Tests\bin\Debug\UnleashedBlog.Tests.dll" adapterTypeName="Microsoft.VisualStudio.TestTools.TestTypes.Unit.UnitTestAdapter, Microsoft.VisualStudio.QualityTools.Tips.UnitTest.Adapter, Version=9.0.0.0, Culture=neutral, PublicKeyToken=b03f5f7f11d50a3a" className="UnleashedBlog.Tests.UnleashedBlog.Tests.Routes.RouteTests, UnleashedBlog.Tests" name="ArchiveYearMonthDay" />
    </UnitTest>
    <UnitTest name="CommentMustHaveText" storage="c:\users\swalther\documents\books\aspnetmvcunleashed\chapter21 - adding comments and tags\vb\unleashedblog.tests\bin\debug\unleashedblog.tests.dll" id="06a4e188-dae6-2239-5ceb-29675f86f145">
      <Css projectStructure="" iteration="" />
      <Owners>
        <Owner name="" />
      </Owners>
      <Execution id="48f66bb5-ae52-461d-b181-cc44f2070863" />
      <TestMethod codeBase="C:\Users\swalther\Documents\Books\AspNetMvcUnleashed\Chapter21 - Adding Comments and Tags\VB\UnleashedBlog.Tests\bin\Debug\UnleashedBlog.Tests.dll" adapterTypeName="Microsoft.VisualStudio.TestTools.TestTypes.Unit.UnitTestAdapter, Microsoft.VisualStudio.QualityTools.Tips.UnitTest.Adapter, Version=9.0.0.0, Culture=neutral, PublicKeyToken=b03f5f7f11d50a3a" className="UnleashedBlog.Tests.CommentControllerTests, UnleashedBlog.Tests" name="CommentMustHaveText" />
    </UnitTest>
    <UnitTest name="ArchiveYear" storage="c:\users\swalther\documents\books\aspnetmvcunleashed\chapter21 - adding comments and tags\vb\unleashedblog.tests\bin\debug\unleashedblog.tests.dll" id="1fa6319c-0770-a329-906e-32ff9ff91273">
      <Css projectStructure="" iteration="" />
      <Owners>
        <Owner name="" />
      </Owners>
      <Execution id="f2031c7b-0080-4dfb-8bcb-e5b1d470e967" />
      <TestMethod codeBase="C:\Users\swalther\Documents\Books\AspNetMvcUnleashed\Chapter21 - Adding Comments and Tags\VB\UnleashedBlog.Tests\bin\Debug\UnleashedBlog.Tests.dll" adapterTypeName="Microsoft.VisualStudio.TestTools.TestTypes.Unit.UnitTestAdapter, Microsoft.VisualStudio.QualityTools.Tips.UnitTest.Adapter, Version=9.0.0.0, Culture=neutral, PublicKeyToken=b03f5f7f11d50a3a" className="UnleashedBlog.Tests.UnleashedBlog.Tests.Routes.RouteTests, UnleashedBlog.Tests" name="ArchiveYear" />
    </UnitTest>
    <UnitTest name="CreateAuthorRequired" storage="c:\users\swalther\documents\books\aspnetmvcunleashed\chapter21 - adding comments and tags\vb\unleashedblog.tests\bin\debug\unleashedblog.tests.dll" id="e2b13a7e-8908-702f-0cbb-d98aac5802a9">
      <Css projectStructure="" iteration="" />
      <Owners>
        <Owner name="" />
      </Owners>
      <Execution id="40c95d21-8eff-4950-b4ca-5de632f16d9e" />
      <TestMethod codeBase="C:\Users\swalther\Documents\Books\AspNetMvcUnleashed\Chapter21 - Adding Comments and Tags\VB\UnleashedBlog.Tests\bin\Debug\UnleashedBlog.Tests.dll" adapterTypeName="Microsoft.VisualStudio.TestTools.TestTypes.Unit.UnitTestAdapter, Microsoft.VisualStudio.QualityTools.Tips.UnitTest.Adapter, Version=9.0.0.0, Culture=neutral, PublicKeyToken=b03f5f7f11d50a3a" className="UnleashedBlog.Tests.BlogControllerTests, UnleashedBlog.Tests" name="CreateAuthorRequired" />
    </UnitTest>
    <UnitTest name="IndexReturnsBlogEntriesByDay" storage="c:\users\swalther\documents\books\aspnetmvcunleashed\chapter21 - adding comments and tags\vb\unleashedblog.tests\bin\debug\unleashedblog.tests.dll" id="af204010-4a90-5f4e-550f-6c15b2bce1f7">
      <Css projectStructure="" iteration="" />
      <Owners>
        <Owner name="" />
      </Owners>
      <Execution id="9f9ea031-19e7-418e-abc5-9f326f2f6753" />
      <TestMethod codeBase="C:\Users\swalther\Documents\Books\AspNetMvcUnleashed\Chapter21 - Adding Comments and Tags\VB\UnleashedBlog.Tests\bin\Debug\UnleashedBlog.Tests.dll" adapterTypeName="Microsoft.VisualStudio.TestTools.TestTypes.Unit.UnitTestAdapter, Microsoft.VisualStudio.QualityTools.Tips.UnitTest.Adapter, Version=9.0.0.0, Culture=neutral, PublicKeyToken=b03f5f7f11d50a3a" className="UnleashedBlog.Tests.ArchiveControllerTests, UnleashedBlog.Tests" name="IndexReturnsBlogEntriesByDay" />
    </UnitTest>
    <UnitTest name="IndexReturnsBlogEntriesByYear" storage="c:\users\swalther\documents\books\aspnetmvcunleashed\chapter21 - adding comments and tags\vb\unleashedblog.tests\bin\debug\unleashedblog.tests.dll" id="6c8c66f0-684e-7c39-5959-1c504aed450a">
      <Css projectStructure="" iteration="" />
      <Owners>
        <Owner name="" />
      </Owners>
      <Execution id="f70c31e9-d988-4705-bf82-2f79cc89290b" />
      <TestMethod codeBase="C:\Users\swalther\Documents\Books\AspNetMvcUnleashed\Chapter21 - Adding Comments and Tags\VB\UnleashedBlog.Tests\bin\Debug\UnleashedBlog.Tests.dll" adapterTypeName="Microsoft.VisualStudio.TestTools.TestTypes.Unit.UnitTestAdapter, Microsoft.VisualStudio.QualityTools.Tips.UnitTest.Adapter, Version=9.0.0.0, Culture=neutral, PublicKeyToken=b03f5f7f11d50a3a" className="UnleashedBlog.Tests.ArchiveControllerTests, UnleashedBlog.Tests" name="IndexReturnsBlogEntriesByYear" />
    </UnitTest>
    <UnitTest name="CreateBlogEntry" storage="c:\users\swalther\documents\books\aspnetmvcunleashed\chapter21 - adding comments and tags\vb\unleashedblog.tests\bin\debug\unleashedblog.tests.dll" id="53abb6ba-e0eb-c900-8e80-8a422fd5dcfa">
      <Css projectStructure="" iteration="" />
      <Owners>
        <Owner name="" />
      </Owners>
      <Execution id="4b645318-8dc8-40dd-99d4-9f3c80662621" />
      <TestMethod codeBase="C:\Users\swalther\Documents\Books\AspNetMvcUnleashed\Chapter21 - Adding Comments and Tags\VB\UnleashedBlog.Tests\bin\Debug\UnleashedBlog.Tests.dll" adapterTypeName="Microsoft.VisualStudio.TestTools.TestTypes.Unit.UnitTestAdapter, Microsoft.VisualStudio.QualityTools.Tips.UnitTest.Adapter, Version=9.0.0.0, Culture=neutral, PublicKeyToken=b03f5f7f11d50a3a" className="UnleashedBlog.Tests.BlogControllerTests, UnleashedBlog.Tests" name="CreateBlogEntry" />
    </UnitTest>
    <UnitTest name="CreateTitleMaximumLength500" storage="c:\users\swalther\documents\books\aspnetmvcunleashed\chapter21 - adding comments and tags\vb\unleashedblog.tests\bin\debug\unleashedblog.tests.dll" id="aeae9ec9-7c37-b9e8-1cce-65c8f216d49d">
      <Css projectStructure="" iteration="" />
      <Owners>
        <Owner name="" />
      </Owners>
      <Execution id="384eb956-59ce-4e2d-8a10-078f0ee186d3" />
      <TestMethod codeBase="C:\Users\swalther\Documents\Books\AspNetMvcUnleashed\Chapter21 - Adding Comments and Tags\VB\UnleashedBlog.Tests\bin\Debug\UnleashedBlog.Tests.dll" adapterTypeName="Microsoft.VisualStudio.TestTools.TestTypes.Unit.UnitTestAdapter, Microsoft.VisualStudio.QualityTools.Tips.UnitTest.Adapter, Version=9.0.0.0, Culture=neutral, PublicKeyToken=b03f5f7f11d50a3a" className="UnleashedBlog.Tests.BlogControllerTests, UnleashedBlog.Tests" name="CreateTitleMaximumLength500" />
    </UnitTest>
    <UnitTest name="ArchiveYearMonthDayName" storage="c:\users\swalther\documents\books\aspnetmvcunleashed\chapter21 - adding comments and tags\vb\unleashedblog.tests\bin\debug\unleashedblog.tests.dll" id="e42eddb2-f67e-5dcb-c34d-572b2420478f">
      <Css projectStructure="" iteration="" />
      <Owners>
        <Owner name="" />
      </Owners>
      <Execution id="e6c081a1-f170-45e2-a7c7-db53b2cd468a" />
      <TestMethod codeBase="C:\Users\swalther\Documents\Books\AspNetMvcUnleashed\Chapter21 - Adding Comments and Tags\VB\UnleashedBlog.Tests\bin\Debug\UnleashedBlog.Tests.dll" adapterTypeName="Microsoft.VisualStudio.TestTools.TestTypes.Unit.UnitTestAdapter, Microsoft.VisualStudio.QualityTools.Tips.UnitTest.Adapter, Version=9.0.0.0, Culture=neutral, PublicKeyToken=b03f5f7f11d50a3a" className="UnleashedBlog.Tests.UnleashedBlog.Tests.Routes.RouteTests, UnleashedBlog.Tests" name="ArchiveYearMonthDayName" />
    </UnitTest>
  </TestDefinitions>
  <TestLists>
    <TestList name="Results Not in a List" id="8c84fa94-04c1-424b-9868-57a2d4851a1d" />
    <TestList name="All Loaded Results" id="19431567-8539-422a-85d7-44ee4e166bda" />
  </TestLists>
  <TestEntries>
    <TestEntry testId="006b6933-081a-210b-aea9-5c6880169a9c" executionId="cca700d1-a327-4dd3-b49c-01211a79a261" testListId="8c84fa94-04c1-424b-9868-57a2d4851a1d" />
    <TestEntry testId="06a4e188-dae6-2239-5ceb-29675f86f145" executionId="48f66bb5-ae52-461d-b181-cc44f2070863" testListId="8c84fa94-04c1-424b-9868-57a2d4851a1d" />
    <TestEntry testId="07db397d-ba40-1cbd-dfb4-c36d9ca4e1b0" executionId="7ba15420-c493-482e-899c-d53d61778e1a" testListId="8c84fa94-04c1-424b-9868-57a2d4851a1d" />
    <TestEntry testId="08e6f498-80a0-0c12-f008-4a38ed6c94b9" executionId="6846db4e-2bcf-4744-a99b-da9f60af14ad" testListId="8c84fa94-04c1-424b-9868-57a2d4851a1d" />
    <TestEntry testId="0cce3461-c6b9-79f7-0a14-0c6286cfe5ed" executionId="48fde92a-e0c3-4021-ab81-2e0bad0b7bfd" testListId="8c84fa94-04c1-424b-9868-57a2d4851a1d" />
    <TestEntry testId="1fa6319c-0770-a329-906e-32ff9ff91273" executionId="f2031c7b-0080-4dfb-8bcb-e5b1d470e967" testListId="8c84fa94-04c1-424b-9868-57a2d4851a1d" />
    <TestEntry testId="2b8a9527-ef33-89d0-311f-70824e8a073e" executionId="6e01f74f-ae45-483e-9118-1e5e2e6253f7" testListId="8c84fa94-04c1-424b-9868-57a2d4851a1d" />
    <TestEntry testId="3143adbc-043b-024f-e67b-3a034e9fb285" executionId="0bfe101e-26c1-4619-9b48-d49c7f9b1119" testListId="8c84fa94-04c1-424b-9868-57a2d4851a1d" />
    <TestEntry testId="383a9b4c-8610-d106-bb03-82b9b8f8e606" executionId="7232f833-a7b8-4a25-871d-ae05009387e4" testListId="8c84fa94-04c1-424b-9868-57a2d4851a1d" />
    <TestEntry testId="3b4f4d15-bd8e-24ed-314f-8c1069cd6fea" executionId="24351c0b-bc4c-4fe8-aa46-e59e28df5fcd" testListId="8c84fa94-04c1-424b-9868-57a2d4851a1d" />
    <TestEntry testId="3bb81d9b-0fca-a52c-f916-bc086d10bc1e" executionId="5a55a9a6-6630-469a-b657-e66b16df49b2" testListId="8c84fa94-04c1-424b-9868-57a2d4851a1d" />
    <TestEntry testId="43ebd8f9-734e-df62-3422-baff51801171" executionId="d6c7d834-caa7-44ed-a605-a28e879c686b" testListId="8c84fa94-04c1-424b-9868-57a2d4851a1d" />
    <TestEntry testId="4d187e8f-0397-8aa2-e993-61c2514155aa" executionId="48160aed-488f-41be-a525-0a61d11e2098" testListId="8c84fa94-04c1-424b-9868-57a2d4851a1d" />
    <TestEntry testId="53abb6ba-e0eb-c900-8e80-8a422fd5dcfa" executionId="4b645318-8dc8-40dd-99d4-9f3c80662621" testListId="8c84fa94-04c1-424b-9868-57a2d4851a1d" />
    <TestEntry testId="5f2d0f7b-7ff4-5273-004b-aa92b77dc0a1" executionId="65cdb61e-0390-4795-9b17-30702abc8031" testListId="8c84fa94-04c1-424b-9868-57a2d4851a1d" />
    <TestEntry testId="6c8c66f0-684e-7c39-5959-1c504aed450a" executionId="f70c31e9-d988-4705-bf82-2f79cc89290b" testListId="8c84fa94-04c1-424b-9868-57a2d4851a1d" />
    <TestEntry testId="7b7a6f02-d107-f88b-5ebf-2e6aff54c8e2" executionId="641e6280-9620-460e-b987-51c8fb309b70" testListId="8c84fa94-04c1-424b-9868-57a2d4851a1d" />
    <TestEntry testId="7d1e9db4-b71d-92c5-a7ce-51b434089875" executionId="909bef61-2053-4a29-ab7f-18c4e7df3432" testListId="8c84fa94-04c1-424b-9868-57a2d4851a1d" />
    <TestEntry testId="9d685191-81df-c621-a3ae-5e9f3eb979d1" executionId="ac2224eb-176b-4b68-98e1-49df80e6c33f" testListId="8c84fa94-04c1-424b-9868-57a2d4851a1d" />
    <TestEntry testId="a18d074c-594d-05e6-a215-aef9bd1b8a5c" executionId="b2bcf03b-3f36-4754-9812-ac094704a909" testListId="8c84fa94-04c1-424b-9868-57a2d4851a1d" />
    <TestEntry testId="a1f25b4f-803e-3e79-829d-974fc62773d4" executionId="8c1f518b-4b27-49ca-944c-f0276d809c8a" testListId="8c84fa94-04c1-424b-9868-57a2d4851a1d" />
    <TestEntry testId="aeae9ec9-7c37-b9e8-1cce-65c8f216d49d" executionId="384eb956-59ce-4e2d-8a10-078f0ee186d3" testListId="8c84fa94-04c1-424b-9868-57a2d4851a1d" />
    <TestEntry testId="af204010-4a90-5f4e-550f-6c15b2bce1f7" executionId="9f9ea031-19e7-418e-abc5-9f326f2f6753" testListId="8c84fa94-04c1-424b-9868-57a2d4851a1d" />
    <TestEntry testId="b38d41a7-9173-c18c-eefa-da5ea5cc7755" executionId="a562af7c-dc39-432a-ba8d-c0df559ab7cd" testListId="8c84fa94-04c1-424b-9868-57a2d4851a1d" />
    <TestEntry testId="b460a0e7-2100-2dca-97ba-9f426dbbecfd" executionId="8c6b288a-51e7-4fad-aa62-0cb84b5aa348" testListId="8c84fa94-04c1-424b-9868-57a2d4851a1d" />
    <TestEntry testId="c22ea9f4-42e6-ef20-14c0-caf5827f6e1e" executionId="771de6f8-8a8d-4721-930f-b4d6b663008d" testListId="8c84fa94-04c1-424b-9868-57a2d4851a1d" />
    <TestEntry testId="ce262c13-59a0-80b6-0bb1-f8237871b2e1" executionId="f12fa823-5d81-4307-8b00-2014daa07845" testListId="8c84fa94-04c1-424b-9868-57a2d4851a1d" />
    <TestEntry testId="e1a6b14d-c0a3-d862-ac95-765d8eefc3e8" executionId="7acfcc40-f00e-42cb-b38e-b1313247ad25" testListId="8c84fa94-04c1-424b-9868-57a2d4851a1d" />
    <TestEntry testId="e2b13a7e-8908-702f-0cbb-d98aac5802a9" executionId="40c95d21-8eff-4950-b4ca-5de632f16d9e" testListId="8c84fa94-04c1-424b-9868-57a2d4851a1d" />
    <TestEntry testId="e42eddb2-f67e-5dcb-c34d-572b2420478f" executionId="e6c081a1-f170-45e2-a7c7-db53b2cd468a" testListId="8c84fa94-04c1-424b-9868-57a2d4851a1d" />
    <TestEntry testId="fc9c9098-d46c-b80f-7726-681b36382b6b" executionId="f11f6435-af85-4391-a78f-30ce6cdad7a6" testListId="8c84fa94-04c1-424b-9868-57a2d4851a1d" />
  </TestEntries>
  <Results>
    <UnitTestResult executionId="cca700d1-a327-4dd3-b49c-01211a79a261" testId="006b6933-081a-210b-aea9-5c6880169a9c" testName="IndexAcceptsPage" computerName="SWLAPTOP" duration="00:00:00.0754549" startTime="2009-04-18T14:19:59.6535275-07:00" endTime="2009-04-18T14:20:00.3882615-07:00" testType="13cdc9d9-ddb5-4fa4-a97d-d965ccfc6d4b" outcome="Passed" testListId="8c84fa94-04c1-424b-9868-57a2d4851a1d">
      <Output>
      </Output>
    </UnitTestResult>
    <UnitTestResult executionId="48f66bb5-ae52-461d-b181-cc44f2070863" testId="06a4e188-dae6-2239-5ceb-29675f86f145" testName="CommentMustHaveText" computerName="SWLAPTOP" duration="00:00:00.0934262" startTime="2009-04-18T14:20:00.4062795-07:00" endTime="2009-04-18T14:20:00.5043775-07:00" testType="13cdc9d9-ddb5-4fa4-a97d-d965ccfc6d4b" outcome="Passed" testListId="8c84fa94-04c1-424b-9868-57a2d4851a1d">
      <Output>
      </Output>
    </UnitTestResult>
    <UnitTestResult executionId="7ba15420-c493-482e-899c-d53d61778e1a" testId="07db397d-ba40-1cbd-dfb4-c36d9ca4e1b0" testName="ArchiveYearMonth" computerName="SWLAPTOP" duration="00:00:00.0233565" startTime="2009-04-18T14:20:00.5143875-07:00" endTime="2009-04-18T14:20:00.5414145-07:00" testType="13cdc9d9-ddb5-4fa4-a97d-d965ccfc6d4b" outcome="Passed" testListId="8c84fa94-04c1-424b-9868-57a2d4851a1d">
      <Output>
      </Output>
    </UnitTestResult>
    <UnitTestResult executionId="6846db4e-2bcf-4744-a99b-da9f60af14ad" testId="08e6f498-80a0-0c12-f008-4a38ed6c94b9" testName="AddsArchiveInfoToViewData" computerName="SWLAPTOP" duration="00:00:00.0151380" startTime="2009-04-18T14:20:00.5484215-07:00" endTime="2009-04-18T14:20:00.5674405-07:00" testType="13cdc9d9-ddb5-4fa4-a97d-d965ccfc6d4b" outcome="Passed" testListId="8c84fa94-04c1-424b-9868-57a2d4851a1d">
      <Output>
      </Output>
    </UnitTestResult>
    <UnitTestResult executionId="48fde92a-e0c3-4021-ab81-2e0bad0b7bfd" testId="0cce3461-c6b9-79f7-0a14-0c6286cfe5ed" testName="CreateDescriptionRequired" computerName="SWLAPTOP" duration="00:00:00.0153424" startTime="2009-04-18T14:20:00.5734465-07:00" endTime="2009-04-18T14:20:00.5934665-07:00" testType="13cdc9d9-ddb5-4fa4-a97d-d965ccfc6d4b" outcome="Passed" testListId="8c84fa94-04c1-424b-9868-57a2d4851a1d">
      <Output>
      </Output>
    </UnitTestResult>
    <UnitTestResult executionId="f2031c7b-0080-4dfb-8bcb-e5b1d470e967" testId="1fa6319c-0770-a329-906e-32ff9ff91273" testName="ArchiveYear" computerName="SWLAPTOP" duration="00:00:00.0008277" startTime="2009-04-18T14:20:00.6034765-07:00" endTime="2009-04-18T14:20:00.6084815-07:00" testType="13cdc9d9-ddb5-4fa4-a97d-d965ccfc6d4b" outcome="Passed" testListId="8c84fa94-04c1-424b-9868-57a2d4851a1d">
      <Output>
      </Output>
    </UnitTestResult>
    <UnitTestResult executionId="6e01f74f-ae45-483e-9118-1e5e2e6253f7" testId="2b8a9527-ef33-89d0-311f-70824e8a073e" testName="CreateTitleRequired" computerName="SWLAPTOP" duration="00:00:00.0139181" startTime="2009-04-18T14:20:00.6204935-07:00" endTime="2009-04-18T14:20:00.6385115-07:00" testType="13cdc9d9-ddb5-4fa4-a97d-d965ccfc6d4b" outcome="Passed" testListId="8c84fa94-04c1-424b-9868-57a2d4851a1d">
      <Output>
      </Output>
    </UnitTestResult>
    <UnitTestResult executionId="0bfe101e-26c1-4619-9b48-d49c7f9b1119" testId="3143adbc-043b-024f-e67b-3a034e9fb285" testName="CommentMustHaveName" computerName="SWLAPTOP" duration="00:00:00.0223924" startTime="2009-04-18T14:20:00.6445175-07:00" endTime="2009-04-18T14:20:00.6815545-07:00" testType="13cdc9d9-ddb5-4fa4-a97d-d965ccfc6d4b" outcome="Passed" testListId="8c84fa94-04c1-424b-9868-57a2d4851a1d">
      <Output>
      </Output>
    </UnitTestResult>
    <UnitTestResult executionId="7232f833-a7b8-4a25-871d-ae05009387e4" testId="383a9b4c-8610-d106-bb03-82b9b8f8e606" testName="CreateNameFromTitle" computerName="SWLAPTOP" duration="00:00:00.0438790" startTime="2009-04-18T14:20:00.6875605-07:00" endTime="2009-04-18T14:20:00.7476205-07:00" testType="13cdc9d9-ddb5-4fa4-a97d-d965ccfc6d4b" outcome="Passed" testListId="8c84fa94-04c1-424b-9868-57a2d4851a1d">
      <Output>
      </Output>
    </UnitTestResult>
    <UnitTestResult executionId="24351c0b-bc4c-4fe8-aa46-e59e28df5fcd" testId="3b4f4d15-bd8e-24ed-314f-8c1069cd6fea" testName="CommentMustHaveTitle" computerName="SWLAPTOP" duration="00:00:00.0235103" startTime="2009-04-18T14:20:00.7536265-07:00" endTime="2009-04-18T14:20:00.7866595-07:00" testType="13cdc9d9-ddb5-4fa4-a97d-d965ccfc6d4b" outcome="Passed" testListId="8c84fa94-04c1-424b-9868-57a2d4851a1d">
      <Output>
      </Output>
    </UnitTestResult>
    <UnitTestResult executionId="5a55a9a6-6630-469a-b657-e66b16df49b2" testId="3bb81d9b-0fca-a52c-f916-bc086d10bc1e" testName="IndexReturnsBlogEntriesByMonth" computerName="SWLAPTOP" duration="00:00:00.0523201" startTime="2009-04-18T14:20:00.7926655-07:00" endTime="2009-04-18T14:20:00.8487215-07:00" testType="13cdc9d9-ddb5-4fa4-a97d-d965ccfc6d4b" outcome="Passed" testListId="8c84fa94-04c1-424b-9868-57a2d4851a1d">
      <Output>
      </Output>
    </UnitTestResult>
    <UnitTestResult executionId="d6c7d834-caa7-44ed-a605-a28e879c686b" testId="43ebd8f9-734e-df62-3422-baff51801171" testName="IndexReturnsLessThan6BlogEntries" computerName="SWLAPTOP" duration="00:00:00.1218559" startTime="2009-04-18T14:20:00.8557285-07:00" endTime="2009-04-18T14:20:00.9818545-07:00" testType="13cdc9d9-ddb5-4fa4-a97d-d965ccfc6d4b" outcome="Passed" testListId="8c84fa94-04c1-424b-9868-57a2d4851a1d">
      <Output>
      </Output>
    </UnitTestResult>
    <UnitTestResult executionId="48160aed-488f-41be-a525-0a61d11e2098" testId="4d187e8f-0397-8aa2-e993-61c2514155aa" testName="IndexReturnsBlogEntryByName" computerName="SWLAPTOP" duration="00:00:00.0405564" startTime="2009-04-18T14:20:00.9878605-07:00" endTime="2009-04-18T14:20:01.0349075-07:00" testType="13cdc9d9-ddb5-4fa4-a97d-d965ccfc6d4b" outcome="Passed" testListId="8c84fa94-04c1-424b-9868-57a2d4851a1d">
      <Output>
      </Output>
    </UnitTestResult>
    <UnitTestResult executionId="4b645318-8dc8-40dd-99d4-9f3c80662621" testId="53abb6ba-e0eb-c900-8e80-8a422fd5dcfa" testName="CreateBlogEntry" computerName="SWLAPTOP" duration="00:00:00.0259688" startTime="2009-04-18T14:20:01.0429155-07:00" endTime="2009-04-18T14:20:01.0839565-07:00" testType="13cdc9d9-ddb5-4fa4-a97d-d965ccfc6d4b" outcome="Passed" testListId="8c84fa94-04c1-424b-9868-57a2d4851a1d">
      <Output>
      </Output>
    </UnitTestResult>
    <UnitTestResult executionId="65cdb61e-0390-4795-9b17-30702abc8031" testId="5f2d0f7b-7ff4-5273-004b-aa92b77dc0a1" testName="IndexReturnsBlogEntriesInOrderOfDatePublished" computerName="SWLAPTOP" duration="00:00:00.0285683" startTime="2009-04-18T14:20:01.0899625-07:00" endTime="2009-04-18T14:20:01.1219945-07:00" testType="13cdc9d9-ddb5-4fa4-a97d-d965ccfc6d4b" outcome="Passed" testListId="8c84fa94-04c1-424b-9868-57a2d4851a1d">
      <Output>
      </Output>
    </UnitTestResult>
    <UnitTestResult executionId="f70c31e9-d988-4705-bf82-2f79cc89290b" testId="6c8c66f0-684e-7c39-5959-1c504aed450a" testName="IndexReturnsBlogEntriesByYear" computerName="SWLAPTOP" duration="00:00:00.0482399" startTime="2009-04-18T14:20:01.1280005-07:00" endTime="2009-04-18T14:20:01.1800525-07:00" testType="13cdc9d9-ddb5-4fa4-a97d-d965ccfc6d4b" outcome="Passed" testListId="8c84fa94-04c1-424b-9868-57a2d4851a1d">
      <Output>
      </Output>
    </UnitTestResult>
    <UnitTestResult executionId="641e6280-9620-460e-b987-51c8fb309b70" testId="7b7a6f02-d107-f88b-5ebf-2e6aff54c8e2" testName="CreateAndThenGetComment" computerName="SWLAPTOP" duration="00:00:00.0533078" startTime="2009-04-18T14:20:01.1860585-07:00" endTime="2009-04-18T14:20:01.2431155-07:00" testType="13cdc9d9-ddb5-4fa4-a97d-d965ccfc6d4b" outcome="Passed" testListId="8c84fa94-04c1-424b-9868-57a2d4851a1d">
      <Output>
      </Output>
    </UnitTestResult>
    <UnitTestResult executionId="909bef61-2053-4a29-ab7f-18c4e7df3432" testId="7d1e9db4-b71d-92c5-a7ce-51b434089875" testName="CreateTextRequired" computerName="SWLAPTOP" duration="00:00:00.0135728" startTime="2009-04-18T14:20:01.2491215-07:00" endTime="2009-04-18T14:20:01.2671395-07:00" testType="13cdc9d9-ddb5-4fa4-a97d-d965ccfc6d4b" outcome="Passed" testListId="8c84fa94-04c1-424b-9868-57a2d4851a1d">
      <Output>
      </Output>
    </UnitTestResult>
    <UnitTestResult executionId="ac2224eb-176b-4b68-98e1-49df80e6c33f" testId="9d685191-81df-c621-a3ae-5e9f3eb979d1" testName="ShowNewBlogEntries" computerName="SWLAPTOP" duration="00:00:00.0261663" startTime="2009-04-18T14:20:01.2731455-07:00" endTime="2009-04-18T14:20:01.3031755-07:00" testType="13cdc9d9-ddb5-4fa4-a97d-d965ccfc6d4b" outcome="Passed" testListId="8c84fa94-04c1-424b-9868-57a2d4851a1d">
      <Output>
      </Output>
    </UnitTestResult>
    <UnitTestResult executionId="b2bcf03b-3f36-4754-9812-ac094704a909" testId="a18d074c-594d-05e6-a215-aef9bd1b8a5c" testName="CommentsOrderByDatePublished" computerName="SWLAPTOP" duration="00:00:00.0649426" startTime="2009-04-18T14:20:01.3171895-07:00" endTime="2009-04-18T14:20:01.3862585-07:00" testType="13cdc9d9-ddb5-4fa4-a97d-d965ccfc6d4b" outcome="Passed" testListId="8c84fa94-04c1-424b-9868-57a2d4851a1d">
      <Output>
      </Output>
    </UnitTestResult>
    <UnitTestResult executionId="8c1f518b-4b27-49ca-944c-f0276d809c8a" testId="a1f25b4f-803e-3e79-829d-974fc62773d4" testName="Index_AjaxReturnsPartialViewResult" computerName="SWLAPTOP" duration="00:00:00.0249368" startTime="2009-04-18T14:20:01.3932655-07:00" endTime="2009-04-18T14:20:01.4222945-07:00" testType="13cdc9d9-ddb5-4fa4-a97d-d965ccfc6d4b" outcome="Passed" testListId="8c84fa94-04c1-424b-9868-57a2d4851a1d">
      <Output>
      </Output>
    </UnitTestResult>
    <UnitTestResult executionId="384eb956-59ce-4e2d-8a10-078f0ee186d3" testId="aeae9ec9-7c37-b9e8-1cce-65c8f216d49d" testName="CreateTitleMaximumLength500" computerName="SWLAPTOP" duration="00:00:00.0137215" startTime="2009-04-18T14:20:01.4373095-07:00" endTime="2009-04-18T14:20:01.4553275-07:00" testType="13cdc9d9-ddb5-4fa4-a97d-d965ccfc6d4b" outcome="Passed" testListId="8c84fa94-04c1-424b-9868-57a2d4851a1d">
      <Output>
      </Output>
    </UnitTestResult>
    <UnitTestResult executionId="9f9ea031-19e7-418e-abc5-9f326f2f6753" testId="af204010-4a90-5f4e-550f-6c15b2bce1f7" testName="IndexReturnsBlogEntriesByDay" computerName="SWLAPTOP" duration="00:00:00.0534102" startTime="2009-04-18T14:20:01.4613335-07:00" endTime="2009-04-18T14:20:01.5183905-07:00" testType="13cdc9d9-ddb5-4fa4-a97d-d965ccfc6d4b" outcome="Passed" testListId="8c84fa94-04c1-424b-9868-57a2d4851a1d">
      <Output>
      </Output>
    </UnitTestResult>
    <UnitTestResult executionId="a562af7c-dc39-432a-ba8d-c0df559ab7cd" testId="b38d41a7-9173-c18c-eefa-da5ea5cc7755" testName="ArchiveYearMonthDay" computerName="SWLAPTOP" duration="00:00:00.0007969" startTime="2009-04-18T14:20:01.5243965-07:00" endTime="2009-04-18T14:20:01.5294015-07:00" testType="13cdc9d9-ddb5-4fa4-a97d-d965ccfc6d4b" outcome="Passed" testListId="8c84fa94-04c1-424b-9868-57a2d4851a1d">
      <Output>
      </Output>
    </UnitTestResult>
    <UnitTestResult executionId="8c6b288a-51e7-4fad-aa62-0cb84b5aa348" testId="b460a0e7-2100-2dca-97ba-9f426dbbecfd" testName="CreateNameIsValid" computerName="SWLAPTOP" duration="00:00:00.0315856" startTime="2009-04-18T14:20:01.5354075-07:00" endTime="2009-04-18T14:20:01.5704425-07:00" testType="13cdc9d9-ddb5-4fa4-a97d-d965ccfc6d4b" outcome="Passed" testListId="8c84fa94-04c1-424b-9868-57a2d4851a1d">
      <Output>
      </Output>
    </UnitTestResult>
    <UnitTestResult executionId="771de6f8-8a8d-4721-930f-b4d6b663008d" testId="c22ea9f4-42e6-ef20-14c0-caf5827f6e1e" testName="Index_AjaxReturnsPartialViewResult" computerName="SWLAPTOP" duration="00:00:00.0296073" startTime="2009-04-18T14:20:01.5764485-07:00" endTime="2009-04-18T14:20:01.6104825-07:00" testType="13cdc9d9-ddb5-4fa4-a97d-d965ccfc6d4b" outcome="Passed" testListId="8c84fa94-04c1-424b-9868-57a2d4851a1d">
      <Output>
      </Output>
    </UnitTestResult>
    <UnitTestResult executionId="f12fa823-5d81-4307-8b00-2014daa07845" testId="ce262c13-59a0-80b6-0bb1-f8237871b2e1" testName="DefaultRoute" computerName="SWLAPTOP" duration="00:00:00.0007084" startTime="2009-04-18T14:20:01.6174895-07:00" endTime="2009-04-18T14:20:01.6224945-07:00" testType="13cdc9d9-ddb5-4fa4-a97d-d965ccfc6d4b" outcome="Passed" testListId="8c84fa94-04c1-424b-9868-57a2d4851a1d">
      <Output>
      </Output>
    </UnitTestResult>
    <UnitTestResult executionId="7acfcc40-f00e-42cb-b38e-b1313247ad25" testId="e1a6b14d-c0a3-d862-ac95-765d8eefc3e8" testName="BlogEntriesIncludeCommentCount" computerName="SWLAPTOP" duration="00:00:00.0582367" startTime="2009-04-18T14:20:01.6285005-07:00" endTime="2009-04-18T14:20:01.6905625-07:00" testType="13cdc9d9-ddb5-4fa4-a97d-d965ccfc6d4b" outcome="Passed" testListId="8c84fa94-04c1-424b-9868-57a2d4851a1d">
      <Output>
      </Output>
    </UnitTestResult>
    <UnitTestResult executionId="40c95d21-8eff-4950-b4ca-5de632f16d9e" testId="e2b13a7e-8908-702f-0cbb-d98aac5802a9" testName="CreateAuthorRequired" computerName="SWLAPTOP" duration="00:00:00.0134861" startTime="2009-04-18T14:20:01.6975695-07:00" endTime="2009-04-18T14:20:01.7145865-07:00" testType="13cdc9d9-ddb5-4fa4-a97d-d965ccfc6d4b" outcome="Passed" testListId="8c84fa94-04c1-424b-9868-57a2d4851a1d">
      <Output>
      </Output>
    </UnitTestResult>
    <UnitTestResult executionId="e6c081a1-f170-45e2-a7c7-db53b2cd468a" testId="e42eddb2-f67e-5dcb-c34d-572b2420478f" testName="ArchiveYearMonthDayName" computerName="SWLAPTOP" duration="00:00:00.0008357" startTime="2009-04-18T14:20:01.7205925-07:00" endTime="2009-04-18T14:20:01.7255975-07:00" testType="13cdc9d9-ddb5-4fa4-a97d-d965ccfc6d4b" outcome="Passed" testListId="8c84fa94-04c1-424b-9868-57a2d4851a1d">
      <Output>
      </Output>
    </UnitTestResult>
    <UnitTestResult executionId="f11f6435-af85-4391-a78f-30ce6cdad7a6" testId="fc9c9098-d46c-b80f-7726-681b36382b6b" testName="IndexReturnsPagedListForPage" computerName="SWLAPTOP" duration="00:00:00.1670878" startTime="2009-04-18T14:20:01.7306025-07:00" endTime="2009-04-18T14:20:01.9017735-07:00" testType="13cdc9d9-ddb5-4fa4-a97d-d965ccfc6d4b" outcome="Passed" testListId="8c84fa94-04c1-424b-9868-57a2d4851a1d">
      <Output>
      </Output>
    </UnitTestResult>
  </Results>
</TestRun>