<?xml version="1.0" encoding="UTF-8"?>
<TestRun id="1a4ef9a0-e53a-4264-ade2-410a67e68b72" name="swalther@SWLAPTOP 2009-04-18 15:06:56" runUser="REDMOND\swalther" xmlns="http://microsoft.com/schemas/VisualStudio/TeamTest/2006">
  <TestRunConfiguration name="Default Run Configuration" id="776d09ae-cdec-4180-ae2a-009231e1416c">
    <Deployment runDeploymentRoot="C:\Users\swalther\Documents\Books\AspNetMvcUnleashed\Chapter21 - Adding Comments and Tags\VB\TestResults\swalther_SWLAPTOP 2009-04-18 15_06_56">
      <DeploymentItem filename="C:\Users\swalther\Documents\Books\AspNetMvcUnleashed\CommonCode\RouteDebugger\RouteDebugger\bin\Debug\RouteDebugger.dll" />
      <DeploymentItem filename="C:\Users\swalther\Documents\Books\AspNetMvcUnleashed\Chapter21 - Adding Comments and Tags\VB\UnleashedBlog\bin\UnleashedBlog.dll" />
      <DeploymentItem filename="C:\Users\swalther\Documents\Books\AspNetMvcUnleashed\CommonCode\MvcFakes\MvcFakes\bin\Debug\MvcFakes.dll" />
    </Deployment>
    <Hosts skipUnhostableTests="false" />
    <TestTypeSpecific />
  </TestRunConfiguration>
  <ResultSummary outcome="Completed">
    <Counters total="31" executed="31" passed="31" error="0" failed="0" timeout="0" aborted="0" inconclusive="0" passedButRunAborted="0" notRunnable="0" notExecuted="0" disconnected="0" warning="0" completed="0" inProgress="0" pending="0" />
  </ResultSummary>
  <Times creation="2009-04-18T15:06:56.0230508-07:00" queuing="2009-04-18T15:06:57.7190678-07:00" start="2009-04-18T15:06:57.9532082-07:00" finish="2009-04-18T15:07:00.2635936-07:00" />
  <TestDefinitions>
    <UnitTest name="CreateAuthorRequired" storage="c:\users\swalther\documents\books\aspnetmvcunleashed\chapter21 - adding comments and tags\vb\unleashedblog.tests\bin\debug\unleashedblog.tests.dll" id="e2b13a7e-8908-702f-0cbb-d98aac5802a9">
      <Css projectStructure="" iteration="" />
      <Owners>
        <Owner name="" />
      </Owners>
      <Execution id="70b7d688-5969-4e85-80e1-ffbfed2667aa" />
      <TestMethod codeBase="C:\Users\swalther\Documents\Books\AspNetMvcUnleashed\Chapter21 - Adding Comments and Tags\VB\UnleashedBlog.Tests\bin\Debug\UnleashedBlog.Tests.dll" adapterTypeName="Microsoft.VisualStudio.TestTools.TestTypes.Unit.UnitTestAdapter, Microsoft.VisualStudio.QualityTools.Tips.UnitTest.Adapter, Version=9.0.0.0, Culture=neutral, PublicKeyToken=b03f5f7f11d50a3a" className="UnleashedBlog.Tests.BlogControllerTests, UnleashedBlog.Tests" name="CreateAuthorRequired" />
    </UnitTest>
    <UnitTest name="CommentsOrderByDatePublished" storage="c:\users\swalther\documents\books\aspnetmvcunleashed\chapter21 - adding comments and tags\vb\unleashedblog.tests\bin\debug\unleashedblog.tests.dll" id="a18d074c-594d-05e6-a215-aef9bd1b8a5c">
      <Css projectStructure="" iteration="" />
      <Owners>
        <Owner name="" />
      </Owners>
      <Execution id="f2ca59b1-358d-475f-908a-6c8abe8518fc" />
      <TestMethod codeBase="C:\Users\swalther\Documents\Books\AspNetMvcUnleashed\Chapter21 - Adding Comments and Tags\VB\UnleashedBlog.Tests\bin\Debug\UnleashedBlog.Tests.dll" adapterTypeName="Microsoft.VisualStudio.TestTools.TestTypes.Unit.UnitTestAdapter, Microsoft.VisualStudio.QualityTools.Tips.UnitTest.Adapter, Version=9.0.0.0, Culture=neutral, PublicKeyToken=b03f5f7f11d50a3a" className="UnleashedBlog.Tests.CommentControllerTests, UnleashedBlog.Tests" name="CommentsOrderByDatePublished" />
    </UnitTest>
    <UnitTest name="ArchiveYearMonthDayName" storage="c:\users\swalther\documents\books\aspnetmvcunleashed\chapter21 - adding comments and tags\vb\unleashedblog.tests\bin\debug\unleashedblog.tests.dll" id="df07a596-7e6d-c02e-823f-fe7062312347">
      <Css projectStructure="" iteration="" />
      <Owners>
        <Owner name="" />
      </Owners>
      <Execution id="ca89c3be-10e9-49b8-8a18-91febd753605" />
      <TestMethod codeBase="C:\Users\swalther\Documents\Books\AspNetMvcUnleashed\Chapter21 - Adding Comments and Tags\VB\UnleashedBlog.Tests\bin\Debug\UnleashedBlog.Tests.dll" adapterTypeName="Microsoft.VisualStudio.TestTools.TestTypes.Unit.UnitTestAdapter, Microsoft.VisualStudio.QualityTools.Tips.UnitTest.Adapter, Version=9.0.0.0, Culture=neutral, PublicKeyToken=b03f5f7f11d50a3a" className="UnleashedBlog.Tests.RouteTests, UnleashedBlog.Tests" name="ArchiveYearMonthDayName" />
    </UnitTest>
    <UnitTest name="IndexReturnsPagedListForPage" storage="c:\users\swalther\documents\books\aspnetmvcunleashed\chapter21 - adding comments and tags\vb\unleashedblog.tests\bin\debug\unleashedblog.tests.dll" id="fc9c9098-d46c-b80f-7726-681b36382b6b">
      <Css projectStructure="" iteration="" />
      <Owners>
        <Owner name="" />
      </Owners>
      <Execution id="0323ed1c-7cde-43a7-abaa-b731be5d697b" />
      <TestMethod codeBase="C:\Users\swalther\Documents\Books\AspNetMvcUnleashed\Chapter21 - Adding Comments and Tags\VB\UnleashedBlog.Tests\bin\Debug\UnleashedBlog.Tests.dll" adapterTypeName="Microsoft.VisualStudio.TestTools.TestTypes.Unit.UnitTestAdapter, Microsoft.VisualStudio.QualityTools.Tips.UnitTest.Adapter, Version=9.0.0.0, Culture=neutral, PublicKeyToken=b03f5f7f11d50a3a" className="UnleashedBlog.Tests.BlogControllerTests, UnleashedBlog.Tests" name="IndexReturnsPagedListForPage" />
    </UnitTest>
    <UnitTest name="CreateTitleRequired" storage="c:\users\swalther\documents\books\aspnetmvcunleashed\chapter21 - adding comments and tags\vb\unleashedblog.tests\bin\debug\unleashedblog.tests.dll" id="2b8a9527-ef33-89d0-311f-70824e8a073e">
      <Css projectStructure="" iteration="" />
      <Owners>
        <Owner name="" />
      </Owners>
      <Execution id="7c12fee2-367a-4527-b9a2-27316d51566f" />
      <TestMethod codeBase="C:\Users\swalther\Documents\Books\AspNetMvcUnleashed\Chapter21 - Adding Comments and Tags\VB\UnleashedBlog.Tests\bin\Debug\UnleashedBlog.Tests.dll" adapterTypeName="Microsoft.VisualStudio.TestTools.TestTypes.Unit.UnitTestAdapter, Microsoft.VisualStudio.QualityTools.Tips.UnitTest.Adapter, Version=9.0.0.0, Culture=neutral, PublicKeyToken=b03f5f7f11d50a3a" className="UnleashedBlog.Tests.BlogControllerTests, UnleashedBlog.Tests" name="CreateTitleRequired" />
    </UnitTest>
    <UnitTest name="Index_AjaxReturnsPartialViewResult" storage="c:\users\swalther\documents\books\aspnetmvcunleashed\chapter21 - adding comments and tags\vb\unleashedblog.tests\bin\debug\unleashedblog.tests.dll" id="c22ea9f4-42e6-ef20-14c0-caf5827f6e1e">
      <Css projectStructure="" iteration="" />
      <Owners>
        <Owner name="" />
      </Owners>
      <Execution id="1bcdfab0-ef69-4551-b2ee-5eb4de6e46f0" />
      <TestMethod codeBase="C:\Users\swalther\Documents\Books\AspNetMvcUnleashed\Chapter21 - Adding Comments and Tags\VB\UnleashedBlog.Tests\bin\Debug\UnleashedBlog.Tests.dll" adapterTypeName="Microsoft.VisualStudio.TestTools.TestTypes.Unit.UnitTestAdapter, Microsoft.VisualStudio.QualityTools.Tips.UnitTest.Adapter, Version=9.0.0.0, Culture=neutral, PublicKeyToken=b03f5f7f11d50a3a" className="UnleashedBlog.Tests.ArchiveControllerTests, UnleashedBlog.Tests" name="Index_AjaxReturnsPartialViewResult" />
    </UnitTest>
    <UnitTest name="IndexReturnsBlogEntriesByMonth" storage="c:\users\swalther\documents\books\aspnetmvcunleashed\chapter21 - adding comments and tags\vb\unleashedblog.tests\bin\debug\unleashedblog.tests.dll" id="3bb81d9b-0fca-a52c-f916-bc086d10bc1e">
      <Css projectStructure="" iteration="" />
      <Owners>
        <Owner name="" />
      </Owners>
      <Execution id="0dbae038-b77c-482a-9b01-83ff802d2130" />
      <TestMethod codeBase="C:\Users\swalther\Documents\Books\AspNetMvcUnleashed\Chapter21 - Adding Comments and Tags\VB\UnleashedBlog.Tests\bin\Debug\UnleashedBlog.Tests.dll" adapterTypeName="Microsoft.VisualStudio.TestTools.TestTypes.Unit.UnitTestAdapter, Microsoft.VisualStudio.QualityTools.Tips.UnitTest.Adapter, Version=9.0.0.0, Culture=neutral, PublicKeyToken=b03f5f7f11d50a3a" className="UnleashedBlog.Tests.ArchiveControllerTests, UnleashedBlog.Tests" name="IndexReturnsBlogEntriesByMonth" />
    </UnitTest>
    <UnitTest name="CreateAndThenGetComment" storage="c:\users\swalther\documents\books\aspnetmvcunleashed\chapter21 - adding comments and tags\vb\unleashedblog.tests\bin\debug\unleashedblog.tests.dll" id="7b7a6f02-d107-f88b-5ebf-2e6aff54c8e2">
      <Css projectStructure="" iteration="" />
      <Owners>
        <Owner name="" />
      </Owners>
      <Execution id="9318e931-ad7a-4a22-abd2-13f58cc7dc0a" />
      <TestMethod codeBase="C:\Users\swalther\Documents\Books\AspNetMvcUnleashed\Chapter21 - Adding Comments and Tags\VB\UnleashedBlog.Tests\bin\Debug\UnleashedBlog.Tests.dll" adapterTypeName="Microsoft.VisualStudio.TestTools.TestTypes.Unit.UnitTestAdapter, Microsoft.VisualStudio.QualityTools.Tips.UnitTest.Adapter, Version=9.0.0.0, Culture=neutral, PublicKeyToken=b03f5f7f11d50a3a" className="UnleashedBlog.Tests.CommentControllerTests, UnleashedBlog.Tests" name="CreateAndThenGetComment" />
    </UnitTest>
    <UnitTest name="BlogEntriesIncludeCommentCount" storage="c:\users\swalther\documents\books\aspnetmvcunleashed\chapter21 - adding comments and tags\vb\unleashedblog.tests\bin\debug\unleashedblog.tests.dll" id="e1a6b14d-c0a3-d862-ac95-765d8eefc3e8">
      <Css projectStructure="" iteration="" />
      <Owners>
        <Owner name="" />
      </Owners>
      <Execution id="47ccfd2d-eec5-46e9-a754-2f0bb10c52d4" />
      <TestMethod codeBase="C:\Users\swalther\Documents\Books\AspNetMvcUnleashed\Chapter21 - Adding Comments and Tags\VB\UnleashedBlog.Tests\bin\Debug\UnleashedBlog.Tests.dll" adapterTypeName="Microsoft.VisualStudio.TestTools.TestTypes.Unit.UnitTestAdapter, Microsoft.VisualStudio.QualityTools.Tips.UnitTest.Adapter, Version=9.0.0.0, Culture=neutral, PublicKeyToken=b03f5f7f11d50a3a" className="UnleashedBlog.Tests.CommentControllerTests, UnleashedBlog.Tests" name="BlogEntriesIncludeCommentCount" />
    </UnitTest>
    <UnitTest name="IndexReturnsLessThan6BlogEntries" storage="c:\users\swalther\documents\books\aspnetmvcunleashed\chapter21 - adding comments and tags\vb\unleashedblog.tests\bin\debug\unleashedblog.tests.dll" id="43ebd8f9-734e-df62-3422-baff51801171">
      <Css projectStructure="" iteration="" />
      <Owners>
        <Owner name="" />
      </Owners>
      <Execution id="6f304b21-67f2-46f7-8dcf-0345d68f5cb5" />
      <TestMethod codeBase="C:\Users\swalther\Documents\Books\AspNetMvcUnleashed\Chapter21 - Adding Comments and Tags\VB\UnleashedBlog.Tests\bin\Debug\UnleashedBlog.Tests.dll" adapterTypeName="Microsoft.VisualStudio.TestTools.TestTypes.Unit.UnitTestAdapter, Microsoft.VisualStudio.QualityTools.Tips.UnitTest.Adapter, Version=9.0.0.0, Culture=neutral, PublicKeyToken=b03f5f7f11d50a3a" className="UnleashedBlog.Tests.BlogControllerTests, UnleashedBlog.Tests" name="IndexReturnsLessThan6BlogEntries" />
    </UnitTest>
    <UnitTest name="IndexReturnsBlogEntriesInOrderOfDatePublished" storage="c:\users\swalther\documents\books\aspnetmvcunleashed\chapter21 - adding comments and tags\vb\unleashedblog.tests\bin\debug\unleashedblog.tests.dll" id="5f2d0f7b-7ff4-5273-004b-aa92b77dc0a1">
      <Css projectStructure="" iteration="" />
      <Owners>
        <Owner name="" />
      </Owners>
      <Execution id="85819063-ca5f-45a8-baf1-199a8bf82731" />
      <TestMethod codeBase="C:\Users\swalther\Documents\Books\AspNetMvcUnleashed\Chapter21 - Adding Comments and Tags\VB\UnleashedBlog.Tests\bin\Debug\UnleashedBlog.Tests.dll" adapterTypeName="Microsoft.VisualStudio.TestTools.TestTypes.Unit.UnitTestAdapter, Microsoft.VisualStudio.QualityTools.Tips.UnitTest.Adapter, Version=9.0.0.0, Culture=neutral, PublicKeyToken=b03f5f7f11d50a3a" className="UnleashedBlog.Tests.BlogControllerTests, UnleashedBlog.Tests" name="IndexReturnsBlogEntriesInOrderOfDatePublished" />
    </UnitTest>
    <UnitTest name="IndexReturnsBlogEntryByName" storage="c:\users\swalther\documents\books\aspnetmvcunleashed\chapter21 - adding comments and tags\vb\unleashedblog.tests\bin\debug\unleashedblog.tests.dll" id="4d187e8f-0397-8aa2-e993-61c2514155aa">
      <Css projectStructure="" iteration="" />
      <Owners>
        <Owner name="" />
      </Owners>
      <Execution id="bed3bee3-40bd-4390-8538-5c284b267aef" />
      <TestMethod codeBase="C:\Users\swalther\Documents\Books\AspNetMvcUnleashed\Chapter21 - Adding Comments and Tags\VB\UnleashedBlog.Tests\bin\Debug\UnleashedBlog.Tests.dll" adapterTypeName="Microsoft.VisualStudio.TestTools.TestTypes.Unit.UnitTestAdapter, Microsoft.VisualStudio.QualityTools.Tips.UnitTest.Adapter, Version=9.0.0.0, Culture=neutral, PublicKeyToken=b03f5f7f11d50a3a" className="UnleashedBlog.Tests.ArchiveControllerTests, UnleashedBlog.Tests" name="IndexReturnsBlogEntryByName" />
    </UnitTest>
    <UnitTest name="CommentMustHaveTitle" storage="c:\users\swalther\documents\books\aspnetmvcunleashed\chapter21 - adding comments and tags\vb\unleashedblog.tests\bin\debug\unleashedblog.tests.dll" id="3b4f4d15-bd8e-24ed-314f-8c1069cd6fea">
      <Css projectStructure="" iteration="" />
      <Owners>
        <Owner name="" />
      </Owners>
      <Execution id="36a7f94c-37f9-450e-9635-c45e7bc7f059" />
      <TestMethod codeBase="C:\Users\swalther\Documents\Books\AspNetMvcUnleashed\Chapter21 - Adding Comments and Tags\VB\UnleashedBlog.Tests\bin\Debug\UnleashedBlog.Tests.dll" adapterTypeName="Microsoft.VisualStudio.TestTools.TestTypes.Unit.UnitTestAdapter, Microsoft.VisualStudio.QualityTools.Tips.UnitTest.Adapter, Version=9.0.0.0, Culture=neutral, PublicKeyToken=b03f5f7f11d50a3a" className="UnleashedBlog.Tests.CommentControllerTests, UnleashedBlog.Tests" name="CommentMustHaveTitle" />
    </UnitTest>
    <UnitTest name="CreateNameIsValid" storage="c:\users\swalther\documents\books\aspnetmvcunleashed\chapter21 - adding comments and tags\vb\unleashedblog.tests\bin\debug\unleashedblog.tests.dll" id="b460a0e7-2100-2dca-97ba-9f426dbbecfd">
      <Css projectStructure="" iteration="" />
      <Owners>
        <Owner name="" />
      </Owners>
      <Execution id="decd7a5c-1201-4559-8ebb-d34d7646b2e7" />
      <TestMethod codeBase="C:\Users\swalther\Documents\Books\AspNetMvcUnleashed\Chapter21 - Adding Comments and Tags\VB\UnleashedBlog.Tests\bin\Debug\UnleashedBlog.Tests.dll" adapterTypeName="Microsoft.VisualStudio.TestTools.TestTypes.Unit.UnitTestAdapter, Microsoft.VisualStudio.QualityTools.Tips.UnitTest.Adapter, Version=9.0.0.0, Culture=neutral, PublicKeyToken=b03f5f7f11d50a3a" className="UnleashedBlog.Tests.BlogControllerTests, UnleashedBlog.Tests" name="CreateNameIsValid" />
    </UnitTest>
    <UnitTest name="CreateDescriptionRequired" storage="c:\users\swalther\documents\books\aspnetmvcunleashed\chapter21 - adding comments and tags\vb\unleashedblog.tests\bin\debug\unleashedblog.tests.dll" id="0cce3461-c6b9-79f7-0a14-0c6286cfe5ed">
      <Css projectStructure="" iteration="" />
      <Owners>
        <Owner name="" />
      </Owners>
      <Execution id="a01513d4-4193-47f1-a69d-54b245f21d0a" />
      <TestMethod codeBase="C:\Users\swalther\Documents\Books\AspNetMvcUnleashed\Chapter21 - Adding Comments and Tags\VB\UnleashedBlog.Tests\bin\Debug\UnleashedBlog.Tests.dll" adapterTypeName="Microsoft.VisualStudio.TestTools.TestTypes.Unit.UnitTestAdapter, Microsoft.VisualStudio.QualityTools.Tips.UnitTest.Adapter, Version=9.0.0.0, Culture=neutral, PublicKeyToken=b03f5f7f11d50a3a" className="UnleashedBlog.Tests.BlogControllerTests, UnleashedBlog.Tests" name="CreateDescriptionRequired" />
    </UnitTest>
    <UnitTest name="CreateTextRequired" storage="c:\users\swalther\documents\books\aspnetmvcunleashed\chapter21 - adding comments and tags\vb\unleashedblog.tests\bin\debug\unleashedblog.tests.dll" id="7d1e9db4-b71d-92c5-a7ce-51b434089875">
      <Css projectStructure="" iteration="" />
      <Owners>
        <Owner name="" />
      </Owners>
      <Execution id="296d187c-9582-4d39-82d1-3af9ddbafc57" />
      <TestMethod codeBase="C:\Users\swalther\Documents\Books\AspNetMvcUnleashed\Chapter21 - Adding Comments and Tags\VB\UnleashedBlog.Tests\bin\Debug\UnleashedBlog.Tests.dll" adapterTypeName="Microsoft.VisualStudio.TestTools.TestTypes.Unit.UnitTestAdapter, Microsoft.VisualStudio.QualityTools.Tips.UnitTest.Adapter, Version=9.0.0.0, Culture=neutral, PublicKeyToken=b03f5f7f11d50a3a" className="UnleashedBlog.Tests.BlogControllerTests, UnleashedBlog.Tests" name="CreateTextRequired" />
    </UnitTest>
    <UnitTest name="AddsArchiveInfoToViewData" storage="c:\users\swalther\documents\books\aspnetmvcunleashed\chapter21 - adding comments and tags\vb\unleashedblog.tests\bin\debug\unleashedblog.tests.dll" id="08e6f498-80a0-0c12-f008-4a38ed6c94b9">
      <Css projectStructure="" iteration="" />
      <Owners>
        <Owner name="" />
      </Owners>
      <Execution id="57748a95-036d-477e-8da6-c945963379e2" />
      <TestMethod codeBase="C:\Users\swalther\Documents\Books\AspNetMvcUnleashed\Chapter21 - Adding Comments and Tags\VB\UnleashedBlog.Tests\bin\Debug\UnleashedBlog.Tests.dll" adapterTypeName="Microsoft.VisualStudio.TestTools.TestTypes.Unit.UnitTestAdapter, Microsoft.VisualStudio.QualityTools.Tips.UnitTest.Adapter, Version=9.0.0.0, Culture=neutral, PublicKeyToken=b03f5f7f11d50a3a" className="UnleashedBlog.Tests.ApplicationControllerTests, UnleashedBlog.Tests" name="AddsArchiveInfoToViewData" />
    </UnitTest>
    <UnitTest name="IndexAcceptsPage" storage="c:\users\swalther\documents\books\aspnetmvcunleashed\chapter21 - adding comments and tags\vb\unleashedblog.tests\bin\debug\unleashedblog.tests.dll" id="006b6933-081a-210b-aea9-5c6880169a9c">
      <Css projectStructure="" iteration="" />
      <Owners>
        <Owner name="" />
      </Owners>
      <Execution id="0b47dcb5-b847-4325-a331-6ab703427b28" />
      <TestMethod codeBase="C:\Users\swalther\Documents\Books\AspNetMvcUnleashed\Chapter21 - Adding Comments and Tags\VB\UnleashedBlog.Tests\bin\Debug\UnleashedBlog.Tests.dll" adapterTypeName="Microsoft.VisualStudio.TestTools.TestTypes.Unit.UnitTestAdapter, Microsoft.VisualStudio.QualityTools.Tips.UnitTest.Adapter, Version=9.0.0.0, Culture=neutral, PublicKeyToken=b03f5f7f11d50a3a" className="UnleashedBlog.Tests.BlogControllerTests, UnleashedBlog.Tests" name="IndexAcceptsPage" />
    </UnitTest>
    <UnitTest name="DefaultRoute" storage="c:\users\swalther\documents\books\aspnetmvcunleashed\chapter21 - adding comments and tags\vb\unleashedblog.tests\bin\debug\unleashedblog.tests.dll" id="be9839c3-6da0-3afa-1128-5cf4d1a20fa9">
      <Css projectStructure="" iteration="" />
      <Owners>
        <Owner name="" />
      </Owners>
      <Execution id="7d4821c5-17cd-42ae-b11d-46ec301baf8b" />
      <TestMethod codeBase="C:\Users\swalther\Documents\Books\AspNetMvcUnleashed\Chapter21 - Adding Comments and Tags\VB\UnleashedBlog.Tests\bin\Debug\UnleashedBlog.Tests.dll" adapterTypeName="Microsoft.VisualStudio.TestTools.TestTypes.Unit.UnitTestAdapter, Microsoft.VisualStudio.QualityTools.Tips.UnitTest.Adapter, Version=9.0.0.0, Culture=neutral, PublicKeyToken=b03f5f7f11d50a3a" className="UnleashedBlog.Tests.RouteTests, UnleashedBlog.Tests" name="DefaultRoute" />
    </UnitTest>
    <UnitTest name="ArchiveYearMonthDay" storage="c:\users\swalther\documents\books\aspnetmvcunleashed\chapter21 - adding comments and tags\vb\unleashedblog.tests\bin\debug\unleashedblog.tests.dll" id="bc759681-b9de-918d-c7be-b64f31944942">
      <Css projectStructure="" iteration="" />
      <Owners>
        <Owner name="" />
      </Owners>
      <Execution id="096e215f-4167-4f83-9e1e-eaf5e1849602" />
      <TestMethod codeBase="C:\Users\swalther\Documents\Books\AspNetMvcUnleashed\Chapter21 - Adding Comments and Tags\VB\UnleashedBlog.Tests\bin\Debug\UnleashedBlog.Tests.dll" adapterTypeName="Microsoft.VisualStudio.TestTools.TestTypes.Unit.UnitTestAdapter, Microsoft.VisualStudio.QualityTools.Tips.UnitTest.Adapter, Version=9.0.0.0, Culture=neutral, PublicKeyToken=b03f5f7f11d50a3a" className="UnleashedBlog.Tests.RouteTests, UnleashedBlog.Tests" name="ArchiveYearMonthDay" />
    </UnitTest>
    <UnitTest name="ShowNewBlogEntries" storage="c:\users\swalther\documents\books\aspnetmvcunleashed\chapter21 - adding comments and tags\vb\unleashedblog.tests\bin\debug\unleashedblog.tests.dll" id="9d685191-81df-c621-a3ae-5e9f3eb979d1">
      <Css projectStructure="" iteration="" />
      <Owners>
        <Owner name="" />
      </Owners>
      <Execution id="203bd83d-8c7e-43e0-89b5-752d4001d2e3" />
      <TestMethod codeBase="C:\Users\swalther\Documents\Books\AspNetMvcUnleashed\Chapter21 - Adding Comments and Tags\VB\UnleashedBlog.Tests\bin\Debug\UnleashedBlog.Tests.dll" adapterTypeName="Microsoft.VisualStudio.TestTools.TestTypes.Unit.UnitTestAdapter, Microsoft.VisualStudio.QualityTools.Tips.UnitTest.Adapter, Version=9.0.0.0, Culture=neutral, PublicKeyToken=b03f5f7f11d50a3a" className="UnleashedBlog.Tests.BlogControllerTests, UnleashedBlog.Tests" name="ShowNewBlogEntries" />
    </UnitTest>
    <UnitTest name="Index_AjaxReturnsPartialViewResult" storage="c:\users\swalther\documents\books\aspnetmvcunleashed\chapter21 - adding comments and tags\vb\unleashedblog.tests\bin\debug\unleashedblog.tests.dll" id="a1f25b4f-803e-3e79-829d-974fc62773d4">
      <Css projectStructure="" iteration="" />
      <Owners>
        <Owner name="" />
      </Owners>
      <Execution id="f41152aa-af2f-4493-9183-76f3c5f80f96" />
      <TestMethod codeBase="C:\Users\swalther\Documents\Books\AspNetMvcUnleashed\Chapter21 - Adding Comments and Tags\VB\UnleashedBlog.Tests\bin\Debug\UnleashedBlog.Tests.dll" adapterTypeName="Microsoft.VisualStudio.TestTools.TestTypes.Unit.UnitTestAdapter, Microsoft.VisualStudio.QualityTools.Tips.UnitTest.Adapter, Version=9.0.0.0, Culture=neutral, PublicKeyToken=b03f5f7f11d50a3a" className="UnleashedBlog.Tests.BlogControllerTests, UnleashedBlog.Tests" name="Index_AjaxReturnsPartialViewResult" />
    </UnitTest>
    <UnitTest name="CreateNameFromTitle" storage="c:\users\swalther\documents\books\aspnetmvcunleashed\chapter21 - adding comments and tags\vb\unleashedblog.tests\bin\debug\unleashedblog.tests.dll" id="383a9b4c-8610-d106-bb03-82b9b8f8e606">
      <Css projectStructure="" iteration="" />
      <Owners>
        <Owner name="" />
      </Owners>
      <Execution id="1899648a-a416-496e-8d3d-408a07aded45" />
      <TestMethod codeBase="C:\Users\swalther\Documents\Books\AspNetMvcUnleashed\Chapter21 - Adding Comments and Tags\VB\UnleashedBlog.Tests\bin\Debug\UnleashedBlog.Tests.dll" adapterTypeName="Microsoft.VisualStudio.TestTools.TestTypes.Unit.UnitTestAdapter, Microsoft.VisualStudio.QualityTools.Tips.UnitTest.Adapter, Version=9.0.0.0, Culture=neutral, PublicKeyToken=b03f5f7f11d50a3a" className="UnleashedBlog.Tests.BlogControllerTests, UnleashedBlog.Tests" name="CreateNameFromTitle" />
    </UnitTest>
    <UnitTest name="CommentMustHaveName" storage="c:\users\swalther\documents\books\aspnetmvcunleashed\chapter21 - adding comments and tags\vb\unleashedblog.tests\bin\debug\unleashedblog.tests.dll" id="3143adbc-043b-024f-e67b-3a034e9fb285">
      <Css projectStructure="" iteration="" />
      <Owners>
        <Owner name="" />
      </Owners>
      <Execution id="998f8307-c793-4f6c-b7e1-dbc8ab8b537f" />
      <TestMethod codeBase="C:\Users\swalther\Documents\Books\AspNetMvcUnleashed\Chapter21 - Adding Comments and Tags\VB\UnleashedBlog.Tests\bin\Debug\UnleashedBlog.Tests.dll" adapterTypeName="Microsoft.VisualStudio.TestTools.TestTypes.Unit.UnitTestAdapter, Microsoft.VisualStudio.QualityTools.Tips.UnitTest.Adapter, Version=9.0.0.0, Culture=neutral, PublicKeyToken=b03f5f7f11d50a3a" className="UnleashedBlog.Tests.CommentControllerTests, UnleashedBlog.Tests" name="CommentMustHaveName" />
    </UnitTest>
    <UnitTest name="CommentMustHaveText" storage="c:\users\swalther\documents\books\aspnetmvcunleashed\chapter21 - adding comments and tags\vb\unleashedblog.tests\bin\debug\unleashedblog.tests.dll" id="06a4e188-dae6-2239-5ceb-29675f86f145">
      <Css projectStructure="" iteration="" />
      <Owners>
        <Owner name="" />
      </Owners>
      <Execution id="df84eeb0-cd86-4fce-a836-1e5dadf29004" />
      <TestMethod codeBase="C:\Users\swalther\Documents\Books\AspNetMvcUnleashed\Chapter21 - Adding Comments and Tags\VB\UnleashedBlog.Tests\bin\Debug\UnleashedBlog.Tests.dll" adapterTypeName="Microsoft.VisualStudio.TestTools.TestTypes.Unit.UnitTestAdapter, Microsoft.VisualStudio.QualityTools.Tips.UnitTest.Adapter, Version=9.0.0.0, Culture=neutral, PublicKeyToken=b03f5f7f11d50a3a" className="UnleashedBlog.Tests.CommentControllerTests, UnleashedBlog.Tests" name="CommentMustHaveText" />
    </UnitTest>
    <UnitTest name="ArchiveYear" storage="c:\users\swalther\documents\books\aspnetmvcunleashed\chapter21 - adding comments and tags\vb\unleashedblog.tests\bin\debug\unleashedblog.tests.dll" id="34bf8981-8595-fbb9-702b-14c78eb42274">
      <Css projectStructure="" iteration="" />
      <Owners>
        <Owner name="" />
      </Owners>
      <Execution id="272ad49d-d227-41d7-9102-02911d3e7534" />
      <TestMethod codeBase="C:\Users\swalther\Documents\Books\AspNetMvcUnleashed\Chapter21 - Adding Comments and Tags\VB\UnleashedBlog.Tests\bin\Debug\UnleashedBlog.Tests.dll" adapterTypeName="Microsoft.VisualStudio.TestTools.TestTypes.Unit.UnitTestAdapter, Microsoft.VisualStudio.QualityTools.Tips.UnitTest.Adapter, Version=9.0.0.0, Culture=neutral, PublicKeyToken=b03f5f7f11d50a3a" className="UnleashedBlog.Tests.RouteTests, UnleashedBlog.Tests" name="ArchiveYear" />
    </UnitTest>
    <UnitTest name="CreateTitleMaximumLength500" storage="c:\users\swalther\documents\books\aspnetmvcunleashed\chapter21 - adding comments and tags\vb\unleashedblog.tests\bin\debug\unleashedblog.tests.dll" id="aeae9ec9-7c37-b9e8-1cce-65c8f216d49d">
      <Css projectStructure="" iteration="" />
      <Owners>
        <Owner name="" />
      </Owners>
      <Execution id="2f0ed61c-6eb6-4c3e-b905-c33adb49903a" />
      <TestMethod codeBase="C:\Users\swalther\Documents\Books\AspNetMvcUnleashed\Chapter21 - Adding Comments and Tags\VB\UnleashedBlog.Tests\bin\Debug\UnleashedBlog.Tests.dll" adapterTypeName="Microsoft.VisualStudio.TestTools.TestTypes.Unit.UnitTestAdapter, Microsoft.VisualStudio.QualityTools.Tips.UnitTest.Adapter, Version=9.0.0.0, Culture=neutral, PublicKeyToken=b03f5f7f11d50a3a" className="UnleashedBlog.Tests.BlogControllerTests, UnleashedBlog.Tests" name="CreateTitleMaximumLength500" />
    </UnitTest>
    <UnitTest name="ArchiveYearMonth" storage="c:\users\swalther\documents\books\aspnetmvcunleashed\chapter21 - adding comments and tags\vb\unleashedblog.tests\bin\debug\unleashedblog.tests.dll" id="355130d8-598a-83c1-df35-ebf160d85abc">
      <Css projectStructure="" iteration="" />
      <Owners>
        <Owner name="" />
      </Owners>
      <Execution id="ddcc6288-29c1-475e-aa07-cb207b4f6961" />
      <TestMethod codeBase="C:\Users\swalther\Documents\Books\AspNetMvcUnleashed\Chapter21 - Adding Comments and Tags\VB\UnleashedBlog.Tests\bin\Debug\UnleashedBlog.Tests.dll" adapterTypeName="Microsoft.VisualStudio.TestTools.TestTypes.Unit.UnitTestAdapter, Microsoft.VisualStudio.QualityTools.Tips.UnitTest.Adapter, Version=9.0.0.0, Culture=neutral, PublicKeyToken=b03f5f7f11d50a3a" className="UnleashedBlog.Tests.RouteTests, UnleashedBlog.Tests" name="ArchiveYearMonth" />
    </UnitTest>
    <UnitTest name="IndexReturnsBlogEntriesByDay" storage="c:\users\swalther\documents\books\aspnetmvcunleashed\chapter21 - adding comments and tags\vb\unleashedblog.tests\bin\debug\unleashedblog.tests.dll" id="af204010-4a90-5f4e-550f-6c15b2bce1f7">
      <Css projectStructure="" iteration="" />
      <Owners>
        <Owner name="" />
      </Owners>
      <Execution id="82d595ae-92b7-465d-8d96-69447c2ad4a7" />
      <TestMethod codeBase="C:\Users\swalther\Documents\Books\AspNetMvcUnleashed\Chapter21 - Adding Comments and Tags\VB\UnleashedBlog.Tests\bin\Debug\UnleashedBlog.Tests.dll" adapterTypeName="Microsoft.VisualStudio.TestTools.TestTypes.Unit.UnitTestAdapter, Microsoft.VisualStudio.QualityTools.Tips.UnitTest.Adapter, Version=9.0.0.0, Culture=neutral, PublicKeyToken=b03f5f7f11d50a3a" className="UnleashedBlog.Tests.ArchiveControllerTests, UnleashedBlog.Tests" name="IndexReturnsBlogEntriesByDay" />
    </UnitTest>
    <UnitTest name="IndexReturnsBlogEntriesByYear" storage="c:\users\swalther\documents\books\aspnetmvcunleashed\chapter21 - adding comments and tags\vb\unleashedblog.tests\bin\debug\unleashedblog.tests.dll" id="6c8c66f0-684e-7c39-5959-1c504aed450a">
      <Css projectStructure="" iteration="" />
      <Owners>
        <Owner name="" />
      </Owners>
      <Execution id="22fdb67c-f4f8-49d1-83d8-105aecd73929" />
      <TestMethod codeBase="C:\Users\swalther\Documents\Books\AspNetMvcUnleashed\Chapter21 - Adding Comments and Tags\VB\UnleashedBlog.Tests\bin\Debug\UnleashedBlog.Tests.dll" adapterTypeName="Microsoft.VisualStudio.TestTools.TestTypes.Unit.UnitTestAdapter, Microsoft.VisualStudio.QualityTools.Tips.UnitTest.Adapter, Version=9.0.0.0, Culture=neutral, PublicKeyToken=b03f5f7f11d50a3a" className="UnleashedBlog.Tests.ArchiveControllerTests, UnleashedBlog.Tests" name="IndexReturnsBlogEntriesByYear" />
    </UnitTest>
    <UnitTest name="CreateBlogEntry" storage="c:\users\swalther\documents\books\aspnetmvcunleashed\chapter21 - adding comments and tags\vb\unleashedblog.tests\bin\debug\unleashedblog.tests.dll" id="53abb6ba-e0eb-c900-8e80-8a422fd5dcfa">
      <Css projectStructure="" iteration="" />
      <Owners>
        <Owner name="" />
      </Owners>
      <Execution id="939c65bc-b2d3-4aae-b834-a272c6ba46a6" />
      <TestMethod codeBase="C:\Users\swalther\Documents\Books\AspNetMvcUnleashed\Chapter21 - Adding Comments and Tags\VB\UnleashedBlog.Tests\bin\Debug\UnleashedBlog.Tests.dll" adapterTypeName="Microsoft.VisualStudio.TestTools.TestTypes.Unit.UnitTestAdapter, Microsoft.VisualStudio.QualityTools.Tips.UnitTest.Adapter, Version=9.0.0.0, Culture=neutral, PublicKeyToken=b03f5f7f11d50a3a" className="UnleashedBlog.Tests.BlogControllerTests, UnleashedBlog.Tests" name="CreateBlogEntry" />
    </UnitTest>
  </TestDefinitions>
  <TestLists>
    <TestList name="Results Not in a List" id="8c84fa94-04c1-424b-9868-57a2d4851a1d" />
    <TestList name="All Loaded Results" id="19431567-8539-422a-85d7-44ee4e166bda" />
  </TestLists>
  <TestEntries>
    <TestEntry testId="006b6933-081a-210b-aea9-5c6880169a9c" executionId="0b47dcb5-b847-4325-a331-6ab703427b28" testListId="8c84fa94-04c1-424b-9868-57a2d4851a1d" />
    <TestEntry testId="06a4e188-dae6-2239-5ceb-29675f86f145" executionId="df84eeb0-cd86-4fce-a836-1e5dadf29004" testListId="8c84fa94-04c1-424b-9868-57a2d4851a1d" />
    <TestEntry testId="08e6f498-80a0-0c12-f008-4a38ed6c94b9" executionId="57748a95-036d-477e-8da6-c945963379e2" testListId="8c84fa94-04c1-424b-9868-57a2d4851a1d" />
    <TestEntry testId="0cce3461-c6b9-79f7-0a14-0c6286cfe5ed" executionId="a01513d4-4193-47f1-a69d-54b245f21d0a" testListId="8c84fa94-04c1-424b-9868-57a2d4851a1d" />
    <TestEntry testId="2b8a9527-ef33-89d0-311f-70824e8a073e" executionId="7c12fee2-367a-4527-b9a2-27316d51566f" testListId="8c84fa94-04c1-424b-9868-57a2d4851a1d" />
    <TestEntry testId="3143adbc-043b-024f-e67b-3a034e9fb285" executionId="998f8307-c793-4f6c-b7e1-dbc8ab8b537f" testListId="8c84fa94-04c1-424b-9868-57a2d4851a1d" />
    <TestEntry testId="34bf8981-8595-fbb9-702b-14c78eb42274" executionId="272ad49d-d227-41d7-9102-02911d3e7534" testListId="8c84fa94-04c1-424b-9868-57a2d4851a1d" />
    <TestEntry testId="355130d8-598a-83c1-df35-ebf160d85abc" executionId="ddcc6288-29c1-475e-aa07-cb207b4f6961" testListId="8c84fa94-04c1-424b-9868-57a2d4851a1d" />
    <TestEntry testId="383a9b4c-8610-d106-bb03-82b9b8f8e606" executionId="1899648a-a416-496e-8d3d-408a07aded45" testListId="8c84fa94-04c1-424b-9868-57a2d4851a1d" />
    <TestEntry testId="3b4f4d15-bd8e-24ed-314f-8c1069cd6fea" executionId="36a7f94c-37f9-450e-9635-c45e7bc7f059" testListId="8c84fa94-04c1-424b-9868-57a2d4851a1d" />
    <TestEntry testId="3bb81d9b-0fca-a52c-f916-bc086d10bc1e" executionId="0dbae038-b77c-482a-9b01-83ff802d2130" testListId="8c84fa94-04c1-424b-9868-57a2d4851a1d" />
    <TestEntry testId="43ebd8f9-734e-df62-3422-baff51801171" executionId="6f304b21-67f2-46f7-8dcf-0345d68f5cb5" testListId="8c84fa94-04c1-424b-9868-57a2d4851a1d" />
    <TestEntry testId="4d187e8f-0397-8aa2-e993-61c2514155aa" executionId="bed3bee3-40bd-4390-8538-5c284b267aef" testListId="8c84fa94-04c1-424b-9868-57a2d4851a1d" />
    <TestEntry testId="53abb6ba-e0eb-c900-8e80-8a422fd5dcfa" executionId="939c65bc-b2d3-4aae-b834-a272c6ba46a6" testListId="8c84fa94-04c1-424b-9868-57a2d4851a1d" />
    <TestEntry testId="5f2d0f7b-7ff4-5273-004b-aa92b77dc0a1" executionId="85819063-ca5f-45a8-baf1-199a8bf82731" testListId="8c84fa94-04c1-424b-9868-57a2d4851a1d" />
    <TestEntry testId="6c8c66f0-684e-7c39-5959-1c504aed450a" executionId="22fdb67c-f4f8-49d1-83d8-105aecd73929" testListId="8c84fa94-04c1-424b-9868-57a2d4851a1d" />
    <TestEntry testId="7b7a6f02-d107-f88b-5ebf-2e6aff54c8e2" executionId="9318e931-ad7a-4a22-abd2-13f58cc7dc0a" testListId="8c84fa94-04c1-424b-9868-57a2d4851a1d" />
    <TestEntry testId="7d1e9db4-b71d-92c5-a7ce-51b434089875" executionId="296d187c-9582-4d39-82d1-3af9ddbafc57" testListId="8c84fa94-04c1-424b-9868-57a2d4851a1d" />
    <TestEntry testId="9d685191-81df-c621-a3ae-5e9f3eb979d1" executionId="203bd83d-8c7e-43e0-89b5-752d4001d2e3" testListId="8c84fa94-04c1-424b-9868-57a2d4851a1d" />
    <TestEntry testId="a18d074c-594d-05e6-a215-aef9bd1b8a5c" executionId="f2ca59b1-358d-475f-908a-6c8abe8518fc" testListId="8c84fa94-04c1-424b-9868-57a2d4851a1d" />
    <TestEntry testId="a1f25b4f-803e-3e79-829d-974fc62773d4" executionId="f41152aa-af2f-4493-9183-76f3c5f80f96" testListId="8c84fa94-04c1-424b-9868-57a2d4851a1d" />
    <TestEntry testId="aeae9ec9-7c37-b9e8-1cce-65c8f216d49d" executionId="2f0ed61c-6eb6-4c3e-b905-c33adb49903a" testListId="8c84fa94-04c1-424b-9868-57a2d4851a1d" />
    <TestEntry testId="af204010-4a90-5f4e-550f-6c15b2bce1f7" executionId="82d595ae-92b7-465d-8d96-69447c2ad4a7" testListId="8c84fa94-04c1-424b-9868-57a2d4851a1d" />
    <TestEntry testId="b460a0e7-2100-2dca-97ba-9f426dbbecfd" executionId="decd7a5c-1201-4559-8ebb-d34d7646b2e7" testListId="8c84fa94-04c1-424b-9868-57a2d4851a1d" />
    <TestEntry testId="bc759681-b9de-918d-c7be-b64f31944942" executionId="096e215f-4167-4f83-9e1e-eaf5e1849602" testListId="8c84fa94-04c1-424b-9868-57a2d4851a1d" />
    <TestEntry testId="be9839c3-6da0-3afa-1128-5cf4d1a20fa9" executionId="7d4821c5-17cd-42ae-b11d-46ec301baf8b" testListId="8c84fa94-04c1-424b-9868-57a2d4851a1d" />
    <TestEntry testId="c22ea9f4-42e6-ef20-14c0-caf5827f6e1e" executionId="1bcdfab0-ef69-4551-b2ee-5eb4de6e46f0" testListId="8c84fa94-04c1-424b-9868-57a2d4851a1d" />
    <TestEntry testId="df07a596-7e6d-c02e-823f-fe7062312347" executionId="ca89c3be-10e9-49b8-8a18-91febd753605" testListId="8c84fa94-04c1-424b-9868-57a2d4851a1d" />
    <TestEntry testId="e1a6b14d-c0a3-d862-ac95-765d8eefc3e8" executionId="47ccfd2d-eec5-46e9-a754-2f0bb10c52d4" testListId="8c84fa94-04c1-424b-9868-57a2d4851a1d" />
    <TestEntry testId="e2b13a7e-8908-702f-0cbb-d98aac5802a9" executionId="70b7d688-5969-4e85-80e1-ffbfed2667aa" testListId="8c84fa94-04c1-424b-9868-57a2d4851a1d" />
    <TestEntry testId="fc9c9098-d46c-b80f-7726-681b36382b6b" executionId="0323ed1c-7cde-43a7-abaa-b731be5d697b" testListId="8c84fa94-04c1-424b-9868-57a2d4851a1d" />
  </TestEntries>
  <Results>
    <UnitTestResult executionId="0b47dcb5-b847-4325-a331-6ab703427b28" testId="006b6933-081a-210b-aea9-5c6880169a9c" testName="IndexAcceptsPage" computerName="SWLAPTOP" duration="00:00:00.0765232" startTime="2009-04-18T15:06:58.0702784-07:00" endTime="2009-04-18T15:06:58.7276726-07:00" testType="13cdc9d9-ddb5-4fa4-a97d-d965ccfc6d4b" outcome="Passed" testListId="8c84fa94-04c1-424b-9868-57a2d4851a1d">
      <Output>
      </Output>
    </UnitTestResult>
    <UnitTestResult executionId="df84eeb0-cd86-4fce-a836-1e5dadf29004" testId="06a4e188-dae6-2239-5ceb-29675f86f145" testName="CommentMustHaveText" computerName="SWLAPTOP" duration="00:00:00.0557396" startTime="2009-04-18T15:06:58.7316750-07:00" endTime="2009-04-18T15:06:58.7917110-07:00" testType="13cdc9d9-ddb5-4fa4-a97d-d965ccfc6d4b" outcome="Passed" testListId="8c84fa94-04c1-424b-9868-57a2d4851a1d">
      <Output>
      </Output>
    </UnitTestResult>
    <UnitTestResult executionId="57748a95-036d-477e-8da6-c945963379e2" testId="08e6f498-80a0-0c12-f008-4a38ed6c94b9" testName="AddsArchiveInfoToViewData" computerName="SWLAPTOP" duration="00:00:00.0178751" startTime="2009-04-18T15:06:58.7987152-07:00" endTime="2009-04-18T15:06:58.8197278-07:00" testType="13cdc9d9-ddb5-4fa4-a97d-d965ccfc6d4b" outcome="Passed" testListId="8c84fa94-04c1-424b-9868-57a2d4851a1d">
      <Output>
      </Output>
    </UnitTestResult>
    <UnitTestResult executionId="a01513d4-4193-47f1-a69d-54b245f21d0a" testId="0cce3461-c6b9-79f7-0a14-0c6286cfe5ed" testName="CreateDescriptionRequired" computerName="SWLAPTOP" duration="00:00:00.0171156" startTime="2009-04-18T15:06:58.8307344-07:00" endTime="2009-04-18T15:06:58.8517470-07:00" testType="13cdc9d9-ddb5-4fa4-a97d-d965ccfc6d4b" outcome="Passed" testListId="8c84fa94-04c1-424b-9868-57a2d4851a1d">
      <Output>
      </Output>
    </UnitTestResult>
    <UnitTestResult executionId="7c12fee2-367a-4527-b9a2-27316d51566f" testId="2b8a9527-ef33-89d0-311f-70824e8a073e" testName="CreateTitleRequired" computerName="SWLAPTOP" duration="00:00:00.0173339" startTime="2009-04-18T15:06:58.8587512-07:00" endTime="2009-04-18T15:06:58.8797638-07:00" testType="13cdc9d9-ddb5-4fa4-a97d-d965ccfc6d4b" outcome="Passed" testListId="8c84fa94-04c1-424b-9868-57a2d4851a1d">
      <Output>
      </Output>
    </UnitTestResult>
    <UnitTestResult executionId="998f8307-c793-4f6c-b7e1-dbc8ab8b537f" testId="3143adbc-043b-024f-e67b-3a034e9fb285" testName="CommentMustHaveName" computerName="SWLAPTOP" duration="00:00:00.0261799" startTime="2009-04-18T15:06:58.8857674-07:00" endTime="2009-04-18T15:06:58.9157854-07:00" testType="13cdc9d9-ddb5-4fa4-a97d-d965ccfc6d4b" outcome="Passed" testListId="8c84fa94-04c1-424b-9868-57a2d4851a1d">
      <Output>
      </Output>
    </UnitTestResult>
    <UnitTestResult executionId="272ad49d-d227-41d7-9102-02911d3e7534" testId="34bf8981-8595-fbb9-702b-14c78eb42274" testName="ArchiveYear" computerName="SWLAPTOP" duration="00:00:00.0408584" startTime="2009-04-18T15:06:58.9217890-07:00" endTime="2009-04-18T15:06:58.9658154-07:00" testType="13cdc9d9-ddb5-4fa4-a97d-d965ccfc6d4b" outcome="Passed" testListId="8c84fa94-04c1-424b-9868-57a2d4851a1d">
      <Output>
      </Output>
    </UnitTestResult>
    <UnitTestResult executionId="ddcc6288-29c1-475e-aa07-cb207b4f6961" testId="355130d8-598a-83c1-df35-ebf160d85abc" testName="ArchiveYearMonth" computerName="SWLAPTOP" duration="00:00:00.0007765" startTime="2009-04-18T15:06:58.9798238-07:00" endTime="2009-04-18T15:06:58.9838262-07:00" testType="13cdc9d9-ddb5-4fa4-a97d-d965ccfc6d4b" outcome="Passed" testListId="8c84fa94-04c1-424b-9868-57a2d4851a1d">
      <Output>
      </Output>
    </UnitTestResult>
    <UnitTestResult executionId="1899648a-a416-496e-8d3d-408a07aded45" testId="383a9b4c-8610-d106-bb03-82b9b8f8e606" testName="CreateNameFromTitle" computerName="SWLAPTOP" duration="00:00:00.0534336" startTime="2009-04-18T15:06:58.9888292-07:00" endTime="2009-04-18T15:06:59.0458634-07:00" testType="13cdc9d9-ddb5-4fa4-a97d-d965ccfc6d4b" outcome="Passed" testListId="8c84fa94-04c1-424b-9868-57a2d4851a1d">
      <Output>
      </Output>
    </UnitTestResult>
    <UnitTestResult executionId="36a7f94c-37f9-450e-9635-c45e7bc7f059" testId="3b4f4d15-bd8e-24ed-314f-8c1069cd6fea" testName="CommentMustHaveTitle" computerName="SWLAPTOP" duration="00:00:00.0241478" startTime="2009-04-18T15:06:59.0528676-07:00" endTime="2009-04-18T15:06:59.0808844-07:00" testType="13cdc9d9-ddb5-4fa4-a97d-d965ccfc6d4b" outcome="Passed" testListId="8c84fa94-04c1-424b-9868-57a2d4851a1d">
      <Output>
      </Output>
    </UnitTestResult>
    <UnitTestResult executionId="0dbae038-b77c-482a-9b01-83ff802d2130" testId="3bb81d9b-0fca-a52c-f916-bc086d10bc1e" testName="IndexReturnsBlogEntriesByMonth" computerName="SWLAPTOP" duration="00:00:00.0590756" startTime="2009-04-18T15:06:59.0878886-07:00" endTime="2009-04-18T15:06:59.1549288-07:00" testType="13cdc9d9-ddb5-4fa4-a97d-d965ccfc6d4b" outcome="Passed" testListId="8c84fa94-04c1-424b-9868-57a2d4851a1d">
      <Output>
      </Output>
    </UnitTestResult>
    <UnitTestResult executionId="6f304b21-67f2-46f7-8dcf-0345d68f5cb5" testId="43ebd8f9-734e-df62-3422-baff51801171" testName="IndexReturnsLessThan6BlogEntries" computerName="SWLAPTOP" duration="00:00:00.0812210" startTime="2009-04-18T15:06:59.1609324-07:00" endTime="2009-04-18T15:06:59.2459834-07:00" testType="13cdc9d9-ddb5-4fa4-a97d-d965ccfc6d4b" outcome="Passed" testListId="8c84fa94-04c1-424b-9868-57a2d4851a1d">
      <Output>
      </Output>
    </UnitTestResult>
    <UnitTestResult executionId="bed3bee3-40bd-4390-8538-5c284b267aef" testId="4d187e8f-0397-8aa2-e993-61c2514155aa" testName="IndexReturnsBlogEntryByName" computerName="SWLAPTOP" duration="00:00:00.0446203" startTime="2009-04-18T15:06:59.2549888-07:00" endTime="2009-04-18T15:06:59.3050188-07:00" testType="13cdc9d9-ddb5-4fa4-a97d-d965ccfc6d4b" outcome="Passed" testListId="8c84fa94-04c1-424b-9868-57a2d4851a1d">
      <Output>
      </Output>
    </UnitTestResult>
    <UnitTestResult executionId="939c65bc-b2d3-4aae-b834-a272c6ba46a6" testId="53abb6ba-e0eb-c900-8e80-8a422fd5dcfa" testName="CreateBlogEntry" computerName="SWLAPTOP" duration="00:00:00.0272362" startTime="2009-04-18T15:06:59.3110224-07:00" endTime="2009-04-18T15:06:59.3420410-07:00" testType="13cdc9d9-ddb5-4fa4-a97d-d965ccfc6d4b" outcome="Passed" testListId="8c84fa94-04c1-424b-9868-57a2d4851a1d">
      <Output>
      </Output>
    </UnitTestResult>
    <UnitTestResult executionId="85819063-ca5f-45a8-baf1-199a8bf82731" testId="5f2d0f7b-7ff4-5273-004b-aa92b77dc0a1" testName="IndexReturnsBlogEntriesInOrderOfDatePublished" computerName="SWLAPTOP" duration="00:00:00.0307643" startTime="2009-04-18T15:06:59.3480446-07:00" endTime="2009-04-18T15:06:59.3820650-07:00" testType="13cdc9d9-ddb5-4fa4-a97d-d965ccfc6d4b" outcome="Passed" testListId="8c84fa94-04c1-424b-9868-57a2d4851a1d">
      <Output>
      </Output>
    </UnitTestResult>
    <UnitTestResult executionId="22fdb67c-f4f8-49d1-83d8-105aecd73929" testId="6c8c66f0-684e-7c39-5959-1c504aed450a" testName="IndexReturnsBlogEntriesByYear" computerName="SWLAPTOP" duration="00:00:00.0522973" startTime="2009-04-18T15:06:59.3880686-07:00" endTime="2009-04-18T15:06:59.4451028-07:00" testType="13cdc9d9-ddb5-4fa4-a97d-d965ccfc6d4b" outcome="Passed" testListId="8c84fa94-04c1-424b-9868-57a2d4851a1d">
      <Output>
      </Output>
    </UnitTestResult>
    <UnitTestResult executionId="9318e931-ad7a-4a22-abd2-13f58cc7dc0a" testId="7b7a6f02-d107-f88b-5ebf-2e6aff54c8e2" testName="CreateAndThenGetComment" computerName="SWLAPTOP" duration="00:00:00.0611847" startTime="2009-04-18T15:06:59.4501058-07:00" endTime="2009-04-18T15:06:59.5151448-07:00" testType="13cdc9d9-ddb5-4fa4-a97d-d965ccfc6d4b" outcome="Passed" testListId="8c84fa94-04c1-424b-9868-57a2d4851a1d">
      <Output>
      </Output>
    </UnitTestResult>
    <UnitTestResult executionId="296d187c-9582-4d39-82d1-3af9ddbafc57" testId="7d1e9db4-b71d-92c5-a7ce-51b434089875" testName="CreateTextRequired" computerName="SWLAPTOP" duration="00:00:00.0164928" startTime="2009-04-18T15:06:59.5221490-07:00" endTime="2009-04-18T15:06:59.5431616-07:00" testType="13cdc9d9-ddb5-4fa4-a97d-d965ccfc6d4b" outcome="Passed" testListId="8c84fa94-04c1-424b-9868-57a2d4851a1d">
      <Output>
      </Output>
    </UnitTestResult>
    <UnitTestResult executionId="203bd83d-8c7e-43e0-89b5-752d4001d2e3" testId="9d685191-81df-c621-a3ae-5e9f3eb979d1" testName="ShowNewBlogEntries" computerName="SWLAPTOP" duration="00:00:00.0258940" startTime="2009-04-18T15:06:59.5491652-07:00" endTime="2009-04-18T15:06:59.5791832-07:00" testType="13cdc9d9-ddb5-4fa4-a97d-d965ccfc6d4b" outcome="Passed" testListId="8c84fa94-04c1-424b-9868-57a2d4851a1d">
      <Output>
      </Output>
    </UnitTestResult>
    <UnitTestResult executionId="f2ca59b1-358d-475f-908a-6c8abe8518fc" testId="a18d074c-594d-05e6-a215-aef9bd1b8a5c" testName="CommentsOrderByDatePublished" computerName="SWLAPTOP" duration="00:00:00.0739646" startTime="2009-04-18T15:06:59.5841862-07:00" endTime="2009-04-18T15:06:59.6612324-07:00" testType="13cdc9d9-ddb5-4fa4-a97d-d965ccfc6d4b" outcome="Passed" testListId="8c84fa94-04c1-424b-9868-57a2d4851a1d">
      <Output>
      </Output>
    </UnitTestResult>
    <UnitTestResult executionId="f41152aa-af2f-4493-9183-76f3c5f80f96" testId="a1f25b4f-803e-3e79-829d-974fc62773d4" testName="Index_AjaxReturnsPartialViewResult" computerName="SWLAPTOP" duration="00:00:00.0266827" startTime="2009-04-18T15:06:59.6672360-07:00" endTime="2009-04-18T15:06:59.6982546-07:00" testType="13cdc9d9-ddb5-4fa4-a97d-d965ccfc6d4b" outcome="Passed" testListId="8c84fa94-04c1-424b-9868-57a2d4851a1d">
      <Output>
      </Output>
    </UnitTestResult>
    <UnitTestResult executionId="2f0ed61c-6eb6-4c3e-b905-c33adb49903a" testId="aeae9ec9-7c37-b9e8-1cce-65c8f216d49d" testName="CreateTitleMaximumLength500" computerName="SWLAPTOP" duration="00:00:00.0165374" startTime="2009-04-18T15:06:59.7032576-07:00" endTime="2009-04-18T15:06:59.7242702-07:00" testType="13cdc9d9-ddb5-4fa4-a97d-d965ccfc6d4b" outcome="Passed" testListId="8c84fa94-04c1-424b-9868-57a2d4851a1d">
      <Output>
      </Output>
    </UnitTestResult>
    <UnitTestResult executionId="82d595ae-92b7-465d-8d96-69447c2ad4a7" testId="af204010-4a90-5f4e-550f-6c15b2bce1f7" testName="IndexReturnsBlogEntriesByDay" computerName="SWLAPTOP" duration="00:00:00.0576492" startTime="2009-04-18T15:06:59.7302738-07:00" endTime="2009-04-18T15:06:59.7923110-07:00" testType="13cdc9d9-ddb5-4fa4-a97d-d965ccfc6d4b" outcome="Passed" testListId="8c84fa94-04c1-424b-9868-57a2d4851a1d">
      <Output>
      </Output>
    </UnitTestResult>
    <UnitTestResult executionId="decd7a5c-1201-4559-8ebb-d34d7646b2e7" testId="b460a0e7-2100-2dca-97ba-9f426dbbecfd" testName="CreateNameIsValid" computerName="SWLAPTOP" duration="00:00:00.0330328" startTime="2009-04-18T15:06:59.7993152-07:00" endTime="2009-04-18T15:06:59.8353368-07:00" testType="13cdc9d9-ddb5-4fa4-a97d-d965ccfc6d4b" outcome="Passed" testListId="8c84fa94-04c1-424b-9868-57a2d4851a1d">
      <Output>
      </Output>
    </UnitTestResult>
    <UnitTestResult executionId="096e215f-4167-4f83-9e1e-eaf5e1849602" testId="bc759681-b9de-918d-c7be-b64f31944942" testName="ArchiveYearMonthDay" computerName="SWLAPTOP" duration="00:00:00.0007539" startTime="2009-04-18T15:06:59.8413404-07:00" endTime="2009-04-18T15:06:59.8463434-07:00" testType="13cdc9d9-ddb5-4fa4-a97d-d965ccfc6d4b" outcome="Passed" testListId="8c84fa94-04c1-424b-9868-57a2d4851a1d">
      <Output>
      </Output>
    </UnitTestResult>
    <UnitTestResult executionId="7d4821c5-17cd-42ae-b11d-46ec301baf8b" testId="be9839c3-6da0-3afa-1128-5cf4d1a20fa9" testName="DefaultRoute" computerName="SWLAPTOP" duration="00:00:00.0006144" startTime="2009-04-18T15:06:59.8523470-07:00" endTime="2009-04-18T15:06:59.8553488-07:00" testType="13cdc9d9-ddb5-4fa4-a97d-d965ccfc6d4b" outcome="Passed" testListId="8c84fa94-04c1-424b-9868-57a2d4851a1d">
      <Output>
      </Output>
    </UnitTestResult>
    <UnitTestResult executionId="1bcdfab0-ef69-4551-b2ee-5eb4de6e46f0" testId="c22ea9f4-42e6-ef20-14c0-caf5827f6e1e" testName="Index_AjaxReturnsPartialViewResult" computerName="SWLAPTOP" duration="00:00:00.0327090" startTime="2009-04-18T15:06:59.8613524-07:00" endTime="2009-04-18T15:06:59.8973740-07:00" testType="13cdc9d9-ddb5-4fa4-a97d-d965ccfc6d4b" outcome="Passed" testListId="8c84fa94-04c1-424b-9868-57a2d4851a1d">
      <Output>
      </Output>
    </UnitTestResult>
    <UnitTestResult executionId="ca89c3be-10e9-49b8-8a18-91febd753605" testId="df07a596-7e6d-c02e-823f-fe7062312347" testName="ArchiveYearMonthDayName" computerName="SWLAPTOP" duration="00:00:00.0008431" startTime="2009-04-18T15:06:59.9033776-07:00" endTime="2009-04-18T15:06:59.9073800-07:00" testType="13cdc9d9-ddb5-4fa4-a97d-d965ccfc6d4b" outcome="Passed" testListId="8c84fa94-04c1-424b-9868-57a2d4851a1d">
      <Output>
      </Output>
    </UnitTestResult>
    <UnitTestResult executionId="47ccfd2d-eec5-46e9-a754-2f0bb10c52d4" testId="e1a6b14d-c0a3-d862-ac95-765d8eefc3e8" testName="BlogEntriesIncludeCommentCount" computerName="SWLAPTOP" duration="00:00:00.0632259" startTime="2009-04-18T15:06:59.9133836-07:00" endTime="2009-04-18T15:06:59.9804238-07:00" testType="13cdc9d9-ddb5-4fa4-a97d-d965ccfc6d4b" outcome="Passed" testListId="8c84fa94-04c1-424b-9868-57a2d4851a1d">
      <Output>
      </Output>
    </UnitTestResult>
    <UnitTestResult executionId="70b7d688-5969-4e85-80e1-ffbfed2667aa" testId="e2b13a7e-8908-702f-0cbb-d98aac5802a9" testName="CreateAuthorRequired" computerName="SWLAPTOP" duration="00:00:00.0188473" startTime="2009-04-18T15:06:59.9854268-07:00" endTime="2009-04-18T15:07:00.0084406-07:00" testType="13cdc9d9-ddb5-4fa4-a97d-d965ccfc6d4b" outcome="Passed" testListId="8c84fa94-04c1-424b-9868-57a2d4851a1d">
      <Output>
      </Output>
    </UnitTestResult>
    <UnitTestResult executionId="0323ed1c-7cde-43a7-abaa-b731be5d697b" testId="fc9c9098-d46c-b80f-7726-681b36382b6b" testName="IndexReturnsPagedListForPage" computerName="SWLAPTOP" duration="00:00:00.1689028" startTime="2009-04-18T15:07:00.0194472-07:00" endTime="2009-04-18T15:07:00.1915504-07:00" testType="13cdc9d9-ddb5-4fa4-a97d-d965ccfc6d4b" outcome="Passed" testListId="8c84fa94-04c1-424b-9868-57a2d4851a1d">
      <Output>
      </Output>
    </UnitTestResult>
  </Results>
</TestRun>