<?xml version="1.0" encoding="UTF-8"?>
<TestRun id="b86e5378-4fd9-4d5f-bbd0-37dbb17b93c0" name="swalther@SWLAPTOP 2009-05-24 15:28:08" runUser="REDMOND\swalther" xmlns="http://microsoft.com/schemas/VisualStudio/TeamTest/2006">
  <TestRunConfiguration name="Default Run Configuration" id="d438f56e-7270-40ae-b969-173e0115c715">
    <Deployment runDeploymentRoot="C:\Users\swalther\Documents\Books\AspNetMvcUnleashed\Chapter05 - Understanding Models\Code\VB\MvcApplication1\TestResults\swalther_SWLAPTOP 2009-05-24 15_28_08">
      <DeploymentItem filename="C:\Users\swalther\Documents\Books\AspNetMvcUnleashed\Chapter05 - Understanding Models\Code\VB\MvcApplication1\MvcApplication1\bin\MvcApplication1.dll" />
    </Deployment>
    <Hosts skipUnhostableTests="false" />
    <TestTypeSpecific />
  </TestRunConfiguration>
  <ResultSummary outcome="Completed">
    <Counters total="25" executed="25" passed="25" error="0" failed="0" timeout="0" aborted="0" inconclusive="0" passedButRunAborted="0" notRunnable="0" notExecuted="0" disconnected="0" warning="0" completed="0" inProgress="0" pending="0" />
  </ResultSummary>
  <Times creation="2009-05-24T15:28:08.5805956-07:00" queuing="2009-05-24T15:28:14.9610365-07:00" start="2009-05-24T15:28:15.2262382-07:00" finish="2009-05-24T15:28:16.4742462-07:00" />
  <TestDefinitions>
    <UnitTest name="RegisterPostReturnsViewIfNewPasswordDoesNotMatchConfirmPassword" storage="c:\users\swalther\documents\books\aspnetmvcunleashed\chapter05 - understanding models\code\vb\mvcapplication1\mvcapplication1.tests\bin\debug\mvcapplication1.tests.dll" id="3e5ce089-d9b3-a562-7245-0258f75f1ce4">
      <Css projectStructure="" iteration="" />
      <Owners>
        <Owner name="" />
      </Owners>
      <Execution id="c0b3e7c7-9993-4ced-81e9-f1d3b9ba9d87" />
      <TestMethod codeBase="C:\Users\swalther\Documents\Books\AspNetMvcUnleashed\Chapter05 - Understanding Models\Code\VB\MvcApplication1\MvcApplication1.Tests\bin\Debug\MvcApplication1.Tests.dll" adapterTypeName="Microsoft.VisualStudio.TestTools.TestTypes.Unit.UnitTestAdapter, Microsoft.VisualStudio.QualityTools.Tips.UnitTest.Adapter, Version=9.0.0.0, Culture=neutral, PublicKeyToken=b03f5f7f11d50a3a" className="MvcApplication1.Tests.AccountControllerTest, MvcApplication1.Tests" name="RegisterPostReturnsViewIfNewPasswordDoesNotMatchConfirmPassword" />
    </UnitTest>
    <UnitTest name="ChangePasswordSuccess" storage="c:\users\swalther\documents\books\aspnetmvcunleashed\chapter05 - understanding models\code\vb\mvcapplication1\mvcapplication1.tests\bin\debug\mvcapplication1.tests.dll" id="1d05c884-6989-a90f-bec1-9646af62660e">
      <Css projectStructure="" iteration="" />
      <Owners>
        <Owner name="" />
      </Owners>
      <Execution id="35a92a27-35b7-4dbd-bee6-1f223df6250e" />
      <TestMethod codeBase="C:\Users\swalther\Documents\Books\AspNetMvcUnleashed\Chapter05 - Understanding Models\Code\VB\MvcApplication1\MvcApplication1.Tests\bin\Debug\MvcApplication1.Tests.dll" adapterTypeName="Microsoft.VisualStudio.TestTools.TestTypes.Unit.UnitTestAdapter, Microsoft.VisualStudio.QualityTools.Tips.UnitTest.Adapter, Version=9.0.0.0, Culture=neutral, PublicKeyToken=b03f5f7f11d50a3a" className="MvcApplication1.Tests.AccountControllerTest, MvcApplication1.Tests" name="ChangePasswordSuccess" />
    </UnitTest>
    <UnitTest name="LoginPostReturnsViewIfPasswordNotSpecified" storage="c:\users\swalther\documents\books\aspnetmvcunleashed\chapter05 - understanding models\code\vb\mvcapplication1\mvcapplication1.tests\bin\debug\mvcapplication1.tests.dll" id="805cca92-f868-00d7-4f79-91b650f49c2e">
      <Css projectStructure="" iteration="" />
      <Owners>
        <Owner name="" />
      </Owners>
      <Execution id="cb6418d9-7411-4c8f-96d7-bd1a0018e6fd" />
      <TestMethod codeBase="C:\Users\swalther\Documents\Books\AspNetMvcUnleashed\Chapter05 - Understanding Models\Code\VB\MvcApplication1\MvcApplication1.Tests\bin\Debug\MvcApplication1.Tests.dll" adapterTypeName="Microsoft.VisualStudio.TestTools.TestTypes.Unit.UnitTestAdapter, Microsoft.VisualStudio.QualityTools.Tips.UnitTest.Adapter, Version=9.0.0.0, Culture=neutral, PublicKeyToken=b03f5f7f11d50a3a" className="MvcApplication1.Tests.AccountControllerTest, MvcApplication1.Tests" name="LoginPostReturnsViewIfPasswordNotSpecified" />
    </UnitTest>
    <UnitTest name="RegisterGet" storage="c:\users\swalther\documents\books\aspnetmvcunleashed\chapter05 - understanding models\code\vb\mvcapplication1\mvcapplication1.tests\bin\debug\mvcapplication1.tests.dll" id="c7788098-799a-3b2e-46e6-9fbbac923989">
      <Css projectStructure="" iteration="" />
      <Owners>
        <Owner name="" />
      </Owners>
      <Execution id="b7cba7ca-80ed-416d-b409-2aec7f23eba0" />
      <TestMethod codeBase="C:\Users\swalther\Documents\Books\AspNetMvcUnleashed\Chapter05 - Understanding Models\Code\VB\MvcApplication1\MvcApplication1.Tests\bin\Debug\MvcApplication1.Tests.dll" adapterTypeName="Microsoft.VisualStudio.TestTools.TestTypes.Unit.UnitTestAdapter, Microsoft.VisualStudio.QualityTools.Tips.UnitTest.Adapter, Version=9.0.0.0, Culture=neutral, PublicKeyToken=b03f5f7f11d50a3a" className="MvcApplication1.Tests.AccountControllerTest, MvcApplication1.Tests" name="RegisterGet" />
    </UnitTest>
    <UnitTest name="ChangePasswordPostReturnsViewIfCurrentPasswordNotSpecified" storage="c:\users\swalther\documents\books\aspnetmvcunleashed\chapter05 - understanding models\code\vb\mvcapplication1\mvcapplication1.tests\bin\debug\mvcapplication1.tests.dll" id="fef46445-334b-60f5-796d-54dc572bf60b">
      <Css projectStructure="" iteration="" />
      <Owners>
        <Owner name="" />
      </Owners>
      <Execution id="b6780b7a-e80e-4f67-8c3a-2fdb90747601" />
      <TestMethod codeBase="C:\Users\swalther\Documents\Books\AspNetMvcUnleashed\Chapter05 - Understanding Models\Code\VB\MvcApplication1\MvcApplication1.Tests\bin\Debug\MvcApplication1.Tests.dll" adapterTypeName="Microsoft.VisualStudio.TestTools.TestTypes.Unit.UnitTestAdapter, Microsoft.VisualStudio.QualityTools.Tips.UnitTest.Adapter, Version=9.0.0.0, Culture=neutral, PublicKeyToken=b03f5f7f11d50a3a" className="MvcApplication1.Tests.AccountControllerTest, MvcApplication1.Tests" name="ChangePasswordPostReturnsViewIfCurrentPasswordNotSpecified" />
    </UnitTest>
    <UnitTest name="ChangePasswordGetReturnsView" storage="c:\users\swalther\documents\books\aspnetmvcunleashed\chapter05 - understanding models\code\vb\mvcapplication1\mvcapplication1.tests\bin\debug\mvcapplication1.tests.dll" id="9b71f843-de34-d902-743e-9ae7738adbce">
      <Css projectStructure="" iteration="" />
      <Owners>
        <Owner name="" />
      </Owners>
      <Execution id="312f5cc9-9549-40b4-b9ec-67052b568a09" />
      <TestMethod codeBase="C:\Users\swalther\Documents\Books\AspNetMvcUnleashed\Chapter05 - Understanding Models\Code\VB\MvcApplication1\MvcApplication1.Tests\bin\Debug\MvcApplication1.Tests.dll" adapterTypeName="Microsoft.VisualStudio.TestTools.TestTypes.Unit.UnitTestAdapter, Microsoft.VisualStudio.QualityTools.Tips.UnitTest.Adapter, Version=9.0.0.0, Culture=neutral, PublicKeyToken=b03f5f7f11d50a3a" className="MvcApplication1.Tests.AccountControllerTest, MvcApplication1.Tests" name="ChangePasswordGetReturnsView" />
    </UnitTest>
    <UnitTest name="ConstructorSetsPropertiesToDefaultValues" storage="c:\users\swalther\documents\books\aspnetmvcunleashed\chapter05 - understanding models\code\vb\mvcapplication1\mvcapplication1.tests\bin\debug\mvcapplication1.tests.dll" id="d99ab20f-3321-dd14-17dc-1767d8b7df0e">
      <Css projectStructure="" iteration="" />
      <Owners>
        <Owner name="" />
      </Owners>
      <Execution id="e306a515-0937-4285-bfe3-e31ccf275992" />
      <TestMethod codeBase="C:\Users\swalther\Documents\Books\AspNetMvcUnleashed\Chapter05 - Understanding Models\Code\VB\MvcApplication1\MvcApplication1.Tests\bin\Debug\MvcApplication1.Tests.dll" adapterTypeName="Microsoft.VisualStudio.TestTools.TestTypes.Unit.UnitTestAdapter, Microsoft.VisualStudio.QualityTools.Tips.UnitTest.Adapter, Version=9.0.0.0, Culture=neutral, PublicKeyToken=b03f5f7f11d50a3a" className="MvcApplication1.Tests.AccountControllerTest, MvcApplication1.Tests" name="ConstructorSetsPropertiesToDefaultValues" />
    </UnitTest>
    <UnitTest name="LoginPostReturnsViewIfUsernameOrPasswordIsIncorrect" storage="c:\users\swalther\documents\books\aspnetmvcunleashed\chapter05 - understanding models\code\vb\mvcapplication1\mvcapplication1.tests\bin\debug\mvcapplication1.tests.dll" id="00ea5fac-2b09-d602-9397-2f4d0e881b62">
      <Css projectStructure="" iteration="" />
      <Owners>
        <Owner name="" />
      </Owners>
      <Execution id="d79e1a5a-525a-42c5-9b71-214025ecf741" />
      <TestMethod codeBase="C:\Users\swalther\Documents\Books\AspNetMvcUnleashed\Chapter05 - Understanding Models\Code\VB\MvcApplication1\MvcApplication1.Tests\bin\Debug\MvcApplication1.Tests.dll" adapterTypeName="Microsoft.VisualStudio.TestTools.TestTypes.Unit.UnitTestAdapter, Microsoft.VisualStudio.QualityTools.Tips.UnitTest.Adapter, Version=9.0.0.0, Culture=neutral, PublicKeyToken=b03f5f7f11d50a3a" className="MvcApplication1.Tests.AccountControllerTest, MvcApplication1.Tests" name="LoginPostReturnsViewIfUsernameOrPasswordIsIncorrect" />
    </UnitTest>
    <UnitTest name="LoginGet" storage="c:\users\swalther\documents\books\aspnetmvcunleashed\chapter05 - understanding models\code\vb\mvcapplication1\mvcapplication1.tests\bin\debug\mvcapplication1.tests.dll" id="565100ab-7c3e-7bb5-ad92-12b195f92f4a">
      <Css projectStructure="" iteration="" />
      <Owners>
        <Owner name="" />
      </Owners>
      <Execution id="176d4f01-d502-434f-831c-6c9a0d81b5f4" />
      <TestMethod codeBase="C:\Users\swalther\Documents\Books\AspNetMvcUnleashed\Chapter05 - Understanding Models\Code\VB\MvcApplication1\MvcApplication1.Tests\bin\Debug\MvcApplication1.Tests.dll" adapterTypeName="Microsoft.VisualStudio.TestTools.TestTypes.Unit.UnitTestAdapter, Microsoft.VisualStudio.QualityTools.Tips.UnitTest.Adapter, Version=9.0.0.0, Culture=neutral, PublicKeyToken=b03f5f7f11d50a3a" className="MvcApplication1.Tests.AccountControllerTest, MvcApplication1.Tests" name="LoginGet" />
    </UnitTest>
    <UnitTest name="RegisterPostReturnsViewIfEmailNotSpecified" storage="c:\users\swalther\documents\books\aspnetmvcunleashed\chapter05 - understanding models\code\vb\mvcapplication1\mvcapplication1.tests\bin\debug\mvcapplication1.tests.dll" id="936e2432-61b4-151f-4b71-660595ab93d1">
      <Css projectStructure="" iteration="" />
      <Owners>
        <Owner name="" />
      </Owners>
      <Execution id="f3eeb4b6-1eb8-4e75-aa4a-960f0c3ee653" />
      <TestMethod codeBase="C:\Users\swalther\Documents\Books\AspNetMvcUnleashed\Chapter05 - Understanding Models\Code\VB\MvcApplication1\MvcApplication1.Tests\bin\Debug\MvcApplication1.Tests.dll" adapterTypeName="Microsoft.VisualStudio.TestTools.TestTypes.Unit.UnitTestAdapter, Microsoft.VisualStudio.QualityTools.Tips.UnitTest.Adapter, Version=9.0.0.0, Culture=neutral, PublicKeyToken=b03f5f7f11d50a3a" className="MvcApplication1.Tests.AccountControllerTest, MvcApplication1.Tests" name="RegisterPostReturnsViewIfEmailNotSpecified" />
    </UnitTest>
    <UnitTest name="LoginPostRedirectsToReturnUrlIfLoginSuccessfulAndReturnUrlGiven" storage="c:\users\swalther\documents\books\aspnetmvcunleashed\chapter05 - understanding models\code\vb\mvcapplication1\mvcapplication1.tests\bin\debug\mvcapplication1.tests.dll" id="2bd4db97-938b-bc7c-9f96-2e0524c781e1">
      <Css projectStructure="" iteration="" />
      <Owners>
        <Owner name="" />
      </Owners>
      <Execution id="c7a0e17b-dc28-49aa-a63c-a460bae14278" />
      <TestMethod codeBase="C:\Users\swalther\Documents\Books\AspNetMvcUnleashed\Chapter05 - Understanding Models\Code\VB\MvcApplication1\MvcApplication1.Tests\bin\Debug\MvcApplication1.Tests.dll" adapterTypeName="Microsoft.VisualStudio.TestTools.TestTypes.Unit.UnitTestAdapter, Microsoft.VisualStudio.QualityTools.Tips.UnitTest.Adapter, Version=9.0.0.0, Culture=neutral, PublicKeyToken=b03f5f7f11d50a3a" className="MvcApplication1.Tests.AccountControllerTest, MvcApplication1.Tests" name="LoginPostRedirectsToReturnUrlIfLoginSuccessfulAndReturnUrlGiven" />
    </UnitTest>
    <UnitTest name="ChangePasswordPostReturnsViewIfNewPasswordIsTooShort" storage="c:\users\swalther\documents\books\aspnetmvcunleashed\chapter05 - understanding models\code\vb\mvcapplication1\mvcapplication1.tests\bin\debug\mvcapplication1.tests.dll" id="39354425-2da1-8f60-7909-4a4851f9e520">
      <Css projectStructure="" iteration="" />
      <Owners>
        <Owner name="" />
      </Owners>
      <Execution id="4482527c-22b2-4f08-976e-43da632a6526" />
      <TestMethod codeBase="C:\Users\swalther\Documents\Books\AspNetMvcUnleashed\Chapter05 - Understanding Models\Code\VB\MvcApplication1\MvcApplication1.Tests\bin\Debug\MvcApplication1.Tests.dll" adapterTypeName="Microsoft.VisualStudio.TestTools.TestTypes.Unit.UnitTestAdapter, Microsoft.VisualStudio.QualityTools.Tips.UnitTest.Adapter, Version=9.0.0.0, Culture=neutral, PublicKeyToken=b03f5f7f11d50a3a" className="MvcApplication1.Tests.AccountControllerTest, MvcApplication1.Tests" name="ChangePasswordPostReturnsViewIfNewPasswordIsTooShort" />
    </UnitTest>
    <UnitTest name="LoginPostReturnsViewIfUsernameNotSpecified" storage="c:\users\swalther\documents\books\aspnetmvcunleashed\chapter05 - understanding models\code\vb\mvcapplication1\mvcapplication1.tests\bin\debug\mvcapplication1.tests.dll" id="d8a57955-2031-7761-265b-afb8a35e658c">
      <Css projectStructure="" iteration="" />
      <Owners>
        <Owner name="" />
      </Owners>
      <Execution id="4dc1d0fd-4a60-4c98-92fd-13b0ba80c562" />
      <TestMethod codeBase="C:\Users\swalther\Documents\Books\AspNetMvcUnleashed\Chapter05 - Understanding Models\Code\VB\MvcApplication1\MvcApplication1.Tests\bin\Debug\MvcApplication1.Tests.dll" adapterTypeName="Microsoft.VisualStudio.TestTools.TestTypes.Unit.UnitTestAdapter, Microsoft.VisualStudio.QualityTools.Tips.UnitTest.Adapter, Version=9.0.0.0, Culture=neutral, PublicKeyToken=b03f5f7f11d50a3a" className="MvcApplication1.Tests.AccountControllerTest, MvcApplication1.Tests" name="LoginPostReturnsViewIfUsernameNotSpecified" />
    </UnitTest>
    <UnitTest name="LogOff" storage="c:\users\swalther\documents\books\aspnetmvcunleashed\chapter05 - understanding models\code\vb\mvcapplication1\mvcapplication1.tests\bin\debug\mvcapplication1.tests.dll" id="7a43e370-da46-f962-399c-99097b036bec">
      <Css projectStructure="" iteration="" />
      <Owners>
        <Owner name="" />
      </Owners>
      <Execution id="6fcbaeff-35b6-4ccd-9fc8-56bca7c438c6" />
      <TestMethod codeBase="C:\Users\swalther\Documents\Books\AspNetMvcUnleashed\Chapter05 - Understanding Models\Code\VB\MvcApplication1\MvcApplication1.Tests\bin\Debug\MvcApplication1.Tests.dll" adapterTypeName="Microsoft.VisualStudio.TestTools.TestTypes.Unit.UnitTestAdapter, Microsoft.VisualStudio.QualityTools.Tips.UnitTest.Adapter, Version=9.0.0.0, Culture=neutral, PublicKeyToken=b03f5f7f11d50a3a" className="MvcApplication1.Tests.AccountControllerTest, MvcApplication1.Tests" name="LogOff" />
    </UnitTest>
    <UnitTest name="RegisterPostReturnsViewIfPasswordIsTooShort" storage="c:\users\swalther\documents\books\aspnetmvcunleashed\chapter05 - understanding models\code\vb\mvcapplication1\mvcapplication1.tests\bin\debug\mvcapplication1.tests.dll" id="2ac230b4-0f6c-047f-c27e-06d4f0e94ca0">
      <Css projectStructure="" iteration="" />
      <Owners>
        <Owner name="" />
      </Owners>
      <Execution id="b7cf9610-dd4d-4381-aabe-6951ac389efd" />
      <TestMethod codeBase="C:\Users\swalther\Documents\Books\AspNetMvcUnleashed\Chapter05 - Understanding Models\Code\VB\MvcApplication1\MvcApplication1.Tests\bin\Debug\MvcApplication1.Tests.dll" adapterTypeName="Microsoft.VisualStudio.TestTools.TestTypes.Unit.UnitTestAdapter, Microsoft.VisualStudio.QualityTools.Tips.UnitTest.Adapter, Version=9.0.0.0, Culture=neutral, PublicKeyToken=b03f5f7f11d50a3a" className="MvcApplication1.Tests.AccountControllerTest, MvcApplication1.Tests" name="RegisterPostReturnsViewIfPasswordIsTooShort" />
    </UnitTest>
    <UnitTest name="LoginPostRedirectsHomeIfLoginSuccessfulButNoReturnUrlGiven" storage="c:\users\swalther\documents\books\aspnetmvcunleashed\chapter05 - understanding models\code\vb\mvcapplication1\mvcapplication1.tests\bin\debug\mvcapplication1.tests.dll" id="cbddc9b8-a8ce-280d-8aa4-e6c9021bdc2e">
      <Css projectStructure="" iteration="" />
      <Owners>
        <Owner name="" />
      </Owners>
      <Execution id="50ae6985-97e7-4669-b3b0-80189ba1083b" />
      <TestMethod codeBase="C:\Users\swalther\Documents\Books\AspNetMvcUnleashed\Chapter05 - Understanding Models\Code\VB\MvcApplication1\MvcApplication1.Tests\bin\Debug\MvcApplication1.Tests.dll" adapterTypeName="Microsoft.VisualStudio.TestTools.TestTypes.Unit.UnitTestAdapter, Microsoft.VisualStudio.QualityTools.Tips.UnitTest.Adapter, Version=9.0.0.0, Culture=neutral, PublicKeyToken=b03f5f7f11d50a3a" className="MvcApplication1.Tests.AccountControllerTest, MvcApplication1.Tests" name="LoginPostRedirectsHomeIfLoginSuccessfulButNoReturnUrlGiven" />
    </UnitTest>
    <UnitTest name="RegisterPostReturnsViewIfUsernameNotSpecified" storage="c:\users\swalther\documents\books\aspnetmvcunleashed\chapter05 - understanding models\code\vb\mvcapplication1\mvcapplication1.tests\bin\debug\mvcapplication1.tests.dll" id="736d5758-a5ab-1cfd-7e38-ade06a46d4db">
      <Css projectStructure="" iteration="" />
      <Owners>
        <Owner name="" />
      </Owners>
      <Execution id="c5c92e08-8f6c-4628-85d1-4d276c395269" />
      <TestMethod codeBase="C:\Users\swalther\Documents\Books\AspNetMvcUnleashed\Chapter05 - Understanding Models\Code\VB\MvcApplication1\MvcApplication1.Tests\bin\Debug\MvcApplication1.Tests.dll" adapterTypeName="Microsoft.VisualStudio.TestTools.TestTypes.Unit.UnitTestAdapter, Microsoft.VisualStudio.QualityTools.Tips.UnitTest.Adapter, Version=9.0.0.0, Culture=neutral, PublicKeyToken=b03f5f7f11d50a3a" className="MvcApplication1.Tests.AccountControllerTest, MvcApplication1.Tests" name="RegisterPostReturnsViewIfUsernameNotSpecified" />
    </UnitTest>
    <UnitTest name="ChangePasswordPostReturnsViewIfNewPasswordIsNothing" storage="c:\users\swalther\documents\books\aspnetmvcunleashed\chapter05 - understanding models\code\vb\mvcapplication1\mvcapplication1.tests\bin\debug\mvcapplication1.tests.dll" id="b4082959-81fc-6a54-05c9-08d08bae15c5">
      <Css projectStructure="" iteration="" />
      <Owners>
        <Owner name="" />
      </Owners>
      <Execution id="e4492074-eb09-4e1d-98e4-f267f8e7d26e" />
      <TestMethod codeBase="C:\Users\swalther\Documents\Books\AspNetMvcUnleashed\Chapter05 - Understanding Models\Code\VB\MvcApplication1\MvcApplication1.Tests\bin\Debug\MvcApplication1.Tests.dll" adapterTypeName="Microsoft.VisualStudio.TestTools.TestTypes.Unit.UnitTestAdapter, Microsoft.VisualStudio.QualityTools.Tips.UnitTest.Adapter, Version=9.0.0.0, Culture=neutral, PublicKeyToken=b03f5f7f11d50a3a" className="MvcApplication1.Tests.AccountControllerTest, MvcApplication1.Tests" name="ChangePasswordPostReturnsViewIfNewPasswordIsNothing" />
    </UnitTest>
    <UnitTest name="ChangePasswordPostReturnsViewIfProviderRejectsPassword" storage="c:\users\swalther\documents\books\aspnetmvcunleashed\chapter05 - understanding models\code\vb\mvcapplication1\mvcapplication1.tests\bin\debug\mvcapplication1.tests.dll" id="6c326838-8120-9a32-a63a-7e1a206e9dc4">
      <Css projectStructure="" iteration="" />
      <Owners>
        <Owner name="" />
      </Owners>
      <Execution id="842b2fee-b40c-4793-976a-61a838555c7d" />
      <TestMethod codeBase="C:\Users\swalther\Documents\Books\AspNetMvcUnleashed\Chapter05 - Understanding Models\Code\VB\MvcApplication1\MvcApplication1.Tests\bin\Debug\MvcApplication1.Tests.dll" adapterTypeName="Microsoft.VisualStudio.TestTools.TestTypes.Unit.UnitTestAdapter, Microsoft.VisualStudio.QualityTools.Tips.UnitTest.Adapter, Version=9.0.0.0, Culture=neutral, PublicKeyToken=b03f5f7f11d50a3a" className="MvcApplication1.Tests.AccountControllerTest, MvcApplication1.Tests" name="ChangePasswordPostReturnsViewIfProviderRejectsPassword" />
    </UnitTest>
    <UnitTest name="ChangePasswordPostReturnsViewIfNewPasswordDoesNotMatchConfirmPassword" storage="c:\users\swalther\documents\books\aspnetmvcunleashed\chapter05 - understanding models\code\vb\mvcapplication1\mvcapplication1.tests\bin\debug\mvcapplication1.tests.dll" id="3f54d0ba-f92d-0fdc-2601-46fa082ffd01">
      <Css projectStructure="" iteration="" />
      <Owners>
        <Owner name="" />
      </Owners>
      <Execution id="281d5b0c-a2fe-4aaf-a142-364010572c76" />
      <TestMethod codeBase="C:\Users\swalther\Documents\Books\AspNetMvcUnleashed\Chapter05 - Understanding Models\Code\VB\MvcApplication1\MvcApplication1.Tests\bin\Debug\MvcApplication1.Tests.dll" adapterTypeName="Microsoft.VisualStudio.TestTools.TestTypes.Unit.UnitTestAdapter, Microsoft.VisualStudio.QualityTools.Tips.UnitTest.Adapter, Version=9.0.0.0, Culture=neutral, PublicKeyToken=b03f5f7f11d50a3a" className="MvcApplication1.Tests.AccountControllerTest, MvcApplication1.Tests" name="ChangePasswordPostReturnsViewIfNewPasswordDoesNotMatchConfirmPassword" />
    </UnitTest>
    <UnitTest name="RegisterPostReturnsViewIfRegistrationFails" storage="c:\users\swalther\documents\books\aspnetmvcunleashed\chapter05 - understanding models\code\vb\mvcapplication1\mvcapplication1.tests\bin\debug\mvcapplication1.tests.dll" id="10560c36-6c20-f064-d572-fc78fdcadc13">
      <Css projectStructure="" iteration="" />
      <Owners>
        <Owner name="" />
      </Owners>
      <Execution id="95966f97-a307-441d-be1c-5e8d1f7e563a" />
      <TestMethod codeBase="C:\Users\swalther\Documents\Books\AspNetMvcUnleashed\Chapter05 - Understanding Models\Code\VB\MvcApplication1\MvcApplication1.Tests\bin\Debug\MvcApplication1.Tests.dll" adapterTypeName="Microsoft.VisualStudio.TestTools.TestTypes.Unit.UnitTestAdapter, Microsoft.VisualStudio.QualityTools.Tips.UnitTest.Adapter, Version=9.0.0.0, Culture=neutral, PublicKeyToken=b03f5f7f11d50a3a" className="MvcApplication1.Tests.AccountControllerTest, MvcApplication1.Tests" name="RegisterPostReturnsViewIfRegistrationFails" />
    </UnitTest>
    <UnitTest name="ConstructorSetsProperties" storage="c:\users\swalther\documents\books\aspnetmvcunleashed\chapter05 - understanding models\code\vb\mvcapplication1\mvcapplication1.tests\bin\debug\mvcapplication1.tests.dll" id="adf2178a-040c-56e1-9e50-2d3a5675cdca">
      <Css projectStructure="" iteration="" />
      <Owners>
        <Owner name="" />
      </Owners>
      <Execution id="0ae02e34-beb5-490e-b3d4-746623d1b3b6" />
      <TestMethod codeBase="C:\Users\swalther\Documents\Books\AspNetMvcUnleashed\Chapter05 - Understanding Models\Code\VB\MvcApplication1\MvcApplication1.Tests\bin\Debug\MvcApplication1.Tests.dll" adapterTypeName="Microsoft.VisualStudio.TestTools.TestTypes.Unit.UnitTestAdapter, Microsoft.VisualStudio.QualityTools.Tips.UnitTest.Adapter, Version=9.0.0.0, Culture=neutral, PublicKeyToken=b03f5f7f11d50a3a" className="MvcApplication1.Tests.AccountControllerTest, MvcApplication1.Tests" name="ConstructorSetsProperties" />
    </UnitTest>
    <UnitTest name="RegisterPostReturnsViewIfPasswordIsNothing" storage="c:\users\swalther\documents\books\aspnetmvcunleashed\chapter05 - understanding models\code\vb\mvcapplication1\mvcapplication1.tests\bin\debug\mvcapplication1.tests.dll" id="55a10668-537a-3d59-5ff2-169b72ec0a08">
      <Css projectStructure="" iteration="" />
      <Owners>
        <Owner name="" />
      </Owners>
      <Execution id="b7952f25-ff6b-4c2c-84f2-916ce1ac3285" />
      <TestMethod codeBase="C:\Users\swalther\Documents\Books\AspNetMvcUnleashed\Chapter05 - Understanding Models\Code\VB\MvcApplication1\MvcApplication1.Tests\bin\Debug\MvcApplication1.Tests.dll" adapterTypeName="Microsoft.VisualStudio.TestTools.TestTypes.Unit.UnitTestAdapter, Microsoft.VisualStudio.QualityTools.Tips.UnitTest.Adapter, Version=9.0.0.0, Culture=neutral, PublicKeyToken=b03f5f7f11d50a3a" className="MvcApplication1.Tests.AccountControllerTest, MvcApplication1.Tests" name="RegisterPostReturnsViewIfPasswordIsNothing" />
    </UnitTest>
    <UnitTest name="RegisterPostRedirectsHomeIfRegistrationSuccessful" storage="c:\users\swalther\documents\books\aspnetmvcunleashed\chapter05 - understanding models\code\vb\mvcapplication1\mvcapplication1.tests\bin\debug\mvcapplication1.tests.dll" id="6adf0474-54d1-e260-5bf3-53052c7e6588">
      <Css projectStructure="" iteration="" />
      <Owners>
        <Owner name="" />
      </Owners>
      <Execution id="7ed6039d-18cb-4bfc-a082-5af03318bf3c" />
      <TestMethod codeBase="C:\Users\swalther\Documents\Books\AspNetMvcUnleashed\Chapter05 - Understanding Models\Code\VB\MvcApplication1\MvcApplication1.Tests\bin\Debug\MvcApplication1.Tests.dll" adapterTypeName="Microsoft.VisualStudio.TestTools.TestTypes.Unit.UnitTestAdapter, Microsoft.VisualStudio.QualityTools.Tips.UnitTest.Adapter, Version=9.0.0.0, Culture=neutral, PublicKeyToken=b03f5f7f11d50a3a" className="MvcApplication1.Tests.AccountControllerTest, MvcApplication1.Tests" name="RegisterPostRedirectsHomeIfRegistrationSuccessful" />
    </UnitTest>
    <UnitTest name="ChangePasswordPostRedirectsOnSuccess" storage="c:\users\swalther\documents\books\aspnetmvcunleashed\chapter05 - understanding models\code\vb\mvcapplication1\mvcapplication1.tests\bin\debug\mvcapplication1.tests.dll" id="935ff67c-8ab2-26e0-1d50-83bbb6efc06b">
      <Css projectStructure="" iteration="" />
      <Owners>
        <Owner name="" />
      </Owners>
      <Execution id="6067e2f2-0cfd-4215-bbfa-6b555c20c6b5" />
      <TestMethod codeBase="C:\Users\swalther\Documents\Books\AspNetMvcUnleashed\Chapter05 - Understanding Models\Code\VB\MvcApplication1\MvcApplication1.Tests\bin\Debug\MvcApplication1.Tests.dll" adapterTypeName="Microsoft.VisualStudio.TestTools.TestTypes.Unit.UnitTestAdapter, Microsoft.VisualStudio.QualityTools.Tips.UnitTest.Adapter, Version=9.0.0.0, Culture=neutral, PublicKeyToken=b03f5f7f11d50a3a" className="MvcApplication1.Tests.AccountControllerTest, MvcApplication1.Tests" name="ChangePasswordPostRedirectsOnSuccess" />
    </UnitTest>
  </TestDefinitions>
  <TestLists>
    <TestList name="Results Not in a List" id="8c84fa94-04c1-424b-9868-57a2d4851a1d" />
    <TestList name="All Loaded Results" id="19431567-8539-422a-85d7-44ee4e166bda" />
  </TestLists>
  <TestEntries>
    <TestEntry testId="00ea5fac-2b09-d602-9397-2f4d0e881b62" executionId="d79e1a5a-525a-42c5-9b71-214025ecf741" testListId="8c84fa94-04c1-424b-9868-57a2d4851a1d" />
    <TestEntry testId="10560c36-6c20-f064-d572-fc78fdcadc13" executionId="95966f97-a307-441d-be1c-5e8d1f7e563a" testListId="8c84fa94-04c1-424b-9868-57a2d4851a1d" />
    <TestEntry testId="1d05c884-6989-a90f-bec1-9646af62660e" executionId="35a92a27-35b7-4dbd-bee6-1f223df6250e" testListId="8c84fa94-04c1-424b-9868-57a2d4851a1d" />
    <TestEntry testId="2ac230b4-0f6c-047f-c27e-06d4f0e94ca0" executionId="b7cf9610-dd4d-4381-aabe-6951ac389efd" testListId="8c84fa94-04c1-424b-9868-57a2d4851a1d" />
    <TestEntry testId="2bd4db97-938b-bc7c-9f96-2e0524c781e1" executionId="c7a0e17b-dc28-49aa-a63c-a460bae14278" testListId="8c84fa94-04c1-424b-9868-57a2d4851a1d" />
    <TestEntry testId="39354425-2da1-8f60-7909-4a4851f9e520" executionId="4482527c-22b2-4f08-976e-43da632a6526" testListId="8c84fa94-04c1-424b-9868-57a2d4851a1d" />
    <TestEntry testId="3e5ce089-d9b3-a562-7245-0258f75f1ce4" executionId="c0b3e7c7-9993-4ced-81e9-f1d3b9ba9d87" testListId="8c84fa94-04c1-424b-9868-57a2d4851a1d" />
    <TestEntry testId="3f54d0ba-f92d-0fdc-2601-46fa082ffd01" executionId="281d5b0c-a2fe-4aaf-a142-364010572c76" testListId="8c84fa94-04c1-424b-9868-57a2d4851a1d" />
    <TestEntry testId="55a10668-537a-3d59-5ff2-169b72ec0a08" executionId="b7952f25-ff6b-4c2c-84f2-916ce1ac3285" testListId="8c84fa94-04c1-424b-9868-57a2d4851a1d" />
    <TestEntry testId="565100ab-7c3e-7bb5-ad92-12b195f92f4a" executionId="176d4f01-d502-434f-831c-6c9a0d81b5f4" testListId="8c84fa94-04c1-424b-9868-57a2d4851a1d" />
    <TestEntry testId="6adf0474-54d1-e260-5bf3-53052c7e6588" executionId="7ed6039d-18cb-4bfc-a082-5af03318bf3c" testListId="8c84fa94-04c1-424b-9868-57a2d4851a1d" />
    <TestEntry testId="6c326838-8120-9a32-a63a-7e1a206e9dc4" executionId="842b2fee-b40c-4793-976a-61a838555c7d" testListId="8c84fa94-04c1-424b-9868-57a2d4851a1d" />
    <TestEntry testId="736d5758-a5ab-1cfd-7e38-ade06a46d4db" executionId="c5c92e08-8f6c-4628-85d1-4d276c395269" testListId="8c84fa94-04c1-424b-9868-57a2d4851a1d" />
    <TestEntry testId="7a43e370-da46-f962-399c-99097b036bec" executionId="6fcbaeff-35b6-4ccd-9fc8-56bca7c438c6" testListId="8c84fa94-04c1-424b-9868-57a2d4851a1d" />
    <TestEntry testId="805cca92-f868-00d7-4f79-91b650f49c2e" executionId="cb6418d9-7411-4c8f-96d7-bd1a0018e6fd" testListId="8c84fa94-04c1-424b-9868-57a2d4851a1d" />
    <TestEntry testId="935ff67c-8ab2-26e0-1d50-83bbb6efc06b" executionId="6067e2f2-0cfd-4215-bbfa-6b555c20c6b5" testListId="8c84fa94-04c1-424b-9868-57a2d4851a1d" />
    <TestEntry testId="936e2432-61b4-151f-4b71-660595ab93d1" executionId="f3eeb4b6-1eb8-4e75-aa4a-960f0c3ee653" testListId="8c84fa94-04c1-424b-9868-57a2d4851a1d" />
    <TestEntry testId="9b71f843-de34-d902-743e-9ae7738adbce" executionId="312f5cc9-9549-40b4-b9ec-67052b568a09" testListId="8c84fa94-04c1-424b-9868-57a2d4851a1d" />
    <TestEntry testId="adf2178a-040c-56e1-9e50-2d3a5675cdca" executionId="0ae02e34-beb5-490e-b3d4-746623d1b3b6" testListId="8c84fa94-04c1-424b-9868-57a2d4851a1d" />
    <TestEntry testId="b4082959-81fc-6a54-05c9-08d08bae15c5" executionId="e4492074-eb09-4e1d-98e4-f267f8e7d26e" testListId="8c84fa94-04c1-424b-9868-57a2d4851a1d" />
    <TestEntry testId="c7788098-799a-3b2e-46e6-9fbbac923989" executionId="b7cba7ca-80ed-416d-b409-2aec7f23eba0" testListId="8c84fa94-04c1-424b-9868-57a2d4851a1d" />
    <TestEntry testId="cbddc9b8-a8ce-280d-8aa4-e6c9021bdc2e" executionId="50ae6985-97e7-4669-b3b0-80189ba1083b" testListId="8c84fa94-04c1-424b-9868-57a2d4851a1d" />
    <TestEntry testId="d8a57955-2031-7761-265b-afb8a35e658c" executionId="4dc1d0fd-4a60-4c98-92fd-13b0ba80c562" testListId="8c84fa94-04c1-424b-9868-57a2d4851a1d" />
    <TestEntry testId="d99ab20f-3321-dd14-17dc-1767d8b7df0e" executionId="e306a515-0937-4285-bfe3-e31ccf275992" testListId="8c84fa94-04c1-424b-9868-57a2d4851a1d" />
    <TestEntry testId="fef46445-334b-60f5-796d-54dc572bf60b" executionId="b6780b7a-e80e-4f67-8c3a-2fdb90747601" testListId="8c84fa94-04c1-424b-9868-57a2d4851a1d" />
  </TestEntries>
  <Results>
    <UnitTestResult executionId="d79e1a5a-525a-42c5-9b71-214025ecf741" testId="00ea5fac-2b09-d602-9397-2f4d0e881b62" testName="LoginPostReturnsViewIfUsernameOrPasswordIsIncorrect" computerName="SWLAPTOP" duration="00:00:00.0578032" startTime="2009-05-24T15:28:15.3042387-07:00" endTime="2009-05-24T15:28:15.9750430-07:00" testType="13cdc9d9-ddb5-4fa4-a97d-d965ccfc6d4b" outcome="Passed" testListId="8c84fa94-04c1-424b-9868-57a2d4851a1d">
      <Output>
      </Output>
    </UnitTestResult>
    <UnitTestResult executionId="95966f97-a307-441d-be1c-5e8d1f7e563a" testId="10560c36-6c20-f064-d572-fc78fdcadc13" testName="RegisterPostReturnsViewIfRegistrationFails" computerName="SWLAPTOP" duration="00:00:00.0338818" startTime="2009-05-24T15:28:15.9906431-07:00" endTime="2009-05-24T15:28:16.0374434-07:00" testType="13cdc9d9-ddb5-4fa4-a97d-d965ccfc6d4b" outcome="Passed" testListId="8c84fa94-04c1-424b-9868-57a2d4851a1d">
      <Output>
      </Output>
    </UnitTestResult>
    <UnitTestResult executionId="35a92a27-35b7-4dbd-bee6-1f223df6250e" testId="1d05c884-6989-a90f-bec1-9646af62660e" testName="ChangePasswordSuccess" computerName="SWLAPTOP" duration="00:00:00.0005597" startTime="2009-05-24T15:28:16.0374434-07:00" endTime="2009-05-24T15:28:16.0374434-07:00" testType="13cdc9d9-ddb5-4fa4-a97d-d965ccfc6d4b" outcome="Passed" testListId="8c84fa94-04c1-424b-9868-57a2d4851a1d">
      <Output>
      </Output>
    </UnitTestResult>
    <UnitTestResult executionId="b7cf9610-dd4d-4381-aabe-6951ac389efd" testId="2ac230b4-0f6c-047f-c27e-06d4f0e94ca0" testName="RegisterPostReturnsViewIfPasswordIsTooShort" computerName="SWLAPTOP" duration="00:00:00.0005237" startTime="2009-05-24T15:28:16.0530435-07:00" endTime="2009-05-24T15:28:16.0530435-07:00" testType="13cdc9d9-ddb5-4fa4-a97d-d965ccfc6d4b" outcome="Passed" testListId="8c84fa94-04c1-424b-9868-57a2d4851a1d">
      <Output>
      </Output>
    </UnitTestResult>
    <UnitTestResult executionId="c7a0e17b-dc28-49aa-a63c-a460bae14278" testId="2bd4db97-938b-bc7c-9f96-2e0524c781e1" testName="LoginPostRedirectsToReturnUrlIfLoginSuccessfulAndReturnUrlGiven" computerName="SWLAPTOP" duration="00:00:00.0005147" startTime="2009-05-24T15:28:16.0686436-07:00" endTime="2009-05-24T15:28:16.0686436-07:00" testType="13cdc9d9-ddb5-4fa4-a97d-d965ccfc6d4b" outcome="Passed" testListId="8c84fa94-04c1-424b-9868-57a2d4851a1d">
      <Output>
      </Output>
    </UnitTestResult>
    <UnitTestResult executionId="4482527c-22b2-4f08-976e-43da632a6526" testId="39354425-2da1-8f60-7909-4a4851f9e520" testName="ChangePasswordPostReturnsViewIfNewPasswordIsTooShort" computerName="SWLAPTOP" duration="00:00:00.0015850" startTime="2009-05-24T15:28:16.0686436-07:00" endTime="2009-05-24T15:28:16.0842437-07:00" testType="13cdc9d9-ddb5-4fa4-a97d-d965ccfc6d4b" outcome="Passed" testListId="8c84fa94-04c1-424b-9868-57a2d4851a1d">
      <Output>
      </Output>
    </UnitTestResult>
    <UnitTestResult executionId="c0b3e7c7-9993-4ced-81e9-f1d3b9ba9d87" testId="3e5ce089-d9b3-a562-7245-0258f75f1ce4" testName="RegisterPostReturnsViewIfNewPasswordDoesNotMatchConfirmPassword" computerName="SWLAPTOP" duration="00:00:00.0005126" startTime="2009-05-24T15:28:16.0842437-07:00" endTime="2009-05-24T15:28:16.0842437-07:00" testType="13cdc9d9-ddb5-4fa4-a97d-d965ccfc6d4b" outcome="Passed" testListId="8c84fa94-04c1-424b-9868-57a2d4851a1d">
      <Output>
      </Output>
    </UnitTestResult>
    <UnitTestResult executionId="281d5b0c-a2fe-4aaf-a142-364010572c76" testId="3f54d0ba-f92d-0fdc-2601-46fa082ffd01" testName="ChangePasswordPostReturnsViewIfNewPasswordDoesNotMatchConfirmPassword" computerName="SWLAPTOP" duration="00:00:00.0005131" startTime="2009-05-24T15:28:16.0998438-07:00" endTime="2009-05-24T15:28:16.0998438-07:00" testType="13cdc9d9-ddb5-4fa4-a97d-d965ccfc6d4b" outcome="Passed" testListId="8c84fa94-04c1-424b-9868-57a2d4851a1d">
      <Output>
      </Output>
    </UnitTestResult>
    <UnitTestResult executionId="b7952f25-ff6b-4c2c-84f2-916ce1ac3285" testId="55a10668-537a-3d59-5ff2-169b72ec0a08" testName="RegisterPostReturnsViewIfPasswordIsNothing" computerName="SWLAPTOP" duration="00:00:00.0005064" startTime="2009-05-24T15:28:16.0998438-07:00" endTime="2009-05-24T15:28:16.0998438-07:00" testType="13cdc9d9-ddb5-4fa4-a97d-d965ccfc6d4b" outcome="Passed" testListId="8c84fa94-04c1-424b-9868-57a2d4851a1d">
      <Output>
      </Output>
    </UnitTestResult>
    <UnitTestResult executionId="176d4f01-d502-434f-831c-6c9a0d81b5f4" testId="565100ab-7c3e-7bb5-ad92-12b195f92f4a" testName="LoginGet" computerName="SWLAPTOP" duration="00:00:00.0003962" startTime="2009-05-24T15:28:16.1154439-07:00" endTime="2009-05-24T15:28:16.1154439-07:00" testType="13cdc9d9-ddb5-4fa4-a97d-d965ccfc6d4b" outcome="Passed" testListId="8c84fa94-04c1-424b-9868-57a2d4851a1d">
      <Output>
      </Output>
    </UnitTestResult>
    <UnitTestResult executionId="7ed6039d-18cb-4bfc-a082-5af03318bf3c" testId="6adf0474-54d1-e260-5bf3-53052c7e6588" testName="RegisterPostRedirectsHomeIfRegistrationSuccessful" computerName="SWLAPTOP" duration="00:00:00.0006228" startTime="2009-05-24T15:28:16.1154439-07:00" endTime="2009-05-24T15:28:16.1310440-07:00" testType="13cdc9d9-ddb5-4fa4-a97d-d965ccfc6d4b" outcome="Passed" testListId="8c84fa94-04c1-424b-9868-57a2d4851a1d">
      <Output>
      </Output>
    </UnitTestResult>
    <UnitTestResult executionId="842b2fee-b40c-4793-976a-61a838555c7d" testId="6c326838-8120-9a32-a63a-7e1a206e9dc4" testName="ChangePasswordPostReturnsViewIfProviderRejectsPassword" computerName="SWLAPTOP" duration="00:00:00.0016684" startTime="2009-05-24T15:28:16.1310440-07:00" endTime="2009-05-24T15:28:16.1310440-07:00" testType="13cdc9d9-ddb5-4fa4-a97d-d965ccfc6d4b" outcome="Passed" testListId="8c84fa94-04c1-424b-9868-57a2d4851a1d">
      <Output>
      </Output>
    </UnitTestResult>
    <UnitTestResult executionId="c5c92e08-8f6c-4628-85d1-4d276c395269" testId="736d5758-a5ab-1cfd-7e38-ade06a46d4db" testName="RegisterPostReturnsViewIfUsernameNotSpecified" computerName="SWLAPTOP" duration="00:00:00.0005359" startTime="2009-05-24T15:28:16.1466441-07:00" endTime="2009-05-24T15:28:16.1466441-07:00" testType="13cdc9d9-ddb5-4fa4-a97d-d965ccfc6d4b" outcome="Passed" testListId="8c84fa94-04c1-424b-9868-57a2d4851a1d">
      <Output>
      </Output>
    </UnitTestResult>
    <UnitTestResult executionId="6fcbaeff-35b6-4ccd-9fc8-56bca7c438c6" testId="7a43e370-da46-f962-399c-99097b036bec" testName="LogOff" computerName="SWLAPTOP" duration="00:00:00.0005703" startTime="2009-05-24T15:28:16.1466441-07:00" endTime="2009-05-24T15:28:16.1622442-07:00" testType="13cdc9d9-ddb5-4fa4-a97d-d965ccfc6d4b" outcome="Passed" testListId="8c84fa94-04c1-424b-9868-57a2d4851a1d">
      <Output>
      </Output>
    </UnitTestResult>
    <UnitTestResult executionId="cb6418d9-7411-4c8f-96d7-bd1a0018e6fd" testId="805cca92-f868-00d7-4f79-91b650f49c2e" testName="LoginPostReturnsViewIfPasswordNotSpecified" computerName="SWLAPTOP" duration="00:00:00.0004539" startTime="2009-05-24T15:28:16.1622442-07:00" endTime="2009-05-24T15:28:16.1622442-07:00" testType="13cdc9d9-ddb5-4fa4-a97d-d965ccfc6d4b" outcome="Passed" testListId="8c84fa94-04c1-424b-9868-57a2d4851a1d">
      <Output>
      </Output>
    </UnitTestResult>
    <UnitTestResult executionId="6067e2f2-0cfd-4215-bbfa-6b555c20c6b5" testId="935ff67c-8ab2-26e0-1d50-83bbb6efc06b" testName="ChangePasswordPostRedirectsOnSuccess" computerName="SWLAPTOP" duration="00:00:00.0003550" startTime="2009-05-24T15:28:16.1622442-07:00" endTime="2009-05-24T15:28:16.1778443-07:00" testType="13cdc9d9-ddb5-4fa4-a97d-d965ccfc6d4b" outcome="Passed" testListId="8c84fa94-04c1-424b-9868-57a2d4851a1d">
      <Output>
      </Output>
    </UnitTestResult>
    <UnitTestResult executionId="f3eeb4b6-1eb8-4e75-aa4a-960f0c3ee653" testId="936e2432-61b4-151f-4b71-660595ab93d1" testName="RegisterPostReturnsViewIfEmailNotSpecified" computerName="SWLAPTOP" duration="00:00:00.0005147" startTime="2009-05-24T15:28:16.1778443-07:00" endTime="2009-05-24T15:28:16.1778443-07:00" testType="13cdc9d9-ddb5-4fa4-a97d-d965ccfc6d4b" outcome="Passed" testListId="8c84fa94-04c1-424b-9868-57a2d4851a1d">
      <Output>
      </Output>
    </UnitTestResult>
    <UnitTestResult executionId="312f5cc9-9549-40b4-b9ec-67052b568a09" testId="9b71f843-de34-d902-743e-9ae7738adbce" testName="ChangePasswordGetReturnsView" computerName="SWLAPTOP" duration="00:00:00.0005425" startTime="2009-05-24T15:28:16.1934444-07:00" endTime="2009-05-24T15:28:16.1934444-07:00" testType="13cdc9d9-ddb5-4fa4-a97d-d965ccfc6d4b" outcome="Passed" testListId="8c84fa94-04c1-424b-9868-57a2d4851a1d">
      <Output>
      </Output>
    </UnitTestResult>
    <UnitTestResult executionId="0ae02e34-beb5-490e-b3d4-746623d1b3b6" testId="adf2178a-040c-56e1-9e50-2d3a5675cdca" testName="ConstructorSetsProperties" computerName="SWLAPTOP" duration="00:00:00.0197941" startTime="2009-05-24T15:28:16.1934444-07:00" endTime="2009-05-24T15:28:16.2246446-07:00" testType="13cdc9d9-ddb5-4fa4-a97d-d965ccfc6d4b" outcome="Passed" testListId="8c84fa94-04c1-424b-9868-57a2d4851a1d">
      <Output>
      </Output>
    </UnitTestResult>
    <UnitTestResult executionId="e4492074-eb09-4e1d-98e4-f267f8e7d26e" testId="b4082959-81fc-6a54-05c9-08d08bae15c5" testName="ChangePasswordPostReturnsViewIfNewPasswordIsNothing" computerName="SWLAPTOP" duration="00:00:00.0005441" startTime="2009-05-24T15:28:16.2246446-07:00" endTime="2009-05-24T15:28:16.2246446-07:00" testType="13cdc9d9-ddb5-4fa4-a97d-d965ccfc6d4b" outcome="Passed" testListId="8c84fa94-04c1-424b-9868-57a2d4851a1d">
      <Output>
      </Output>
    </UnitTestResult>
    <UnitTestResult executionId="b7cba7ca-80ed-416d-b409-2aec7f23eba0" testId="c7788098-799a-3b2e-46e6-9fbbac923989" testName="RegisterGet" computerName="SWLAPTOP" duration="00:00:00.0008907" startTime="2009-05-24T15:28:16.2402447-07:00" endTime="2009-05-24T15:28:16.2558448-07:00" testType="13cdc9d9-ddb5-4fa4-a97d-d965ccfc6d4b" outcome="Passed" testListId="8c84fa94-04c1-424b-9868-57a2d4851a1d">
      <Output>
      </Output>
    </UnitTestResult>
    <UnitTestResult executionId="50ae6985-97e7-4669-b3b0-80189ba1083b" testId="cbddc9b8-a8ce-280d-8aa4-e6c9021bdc2e" testName="LoginPostRedirectsHomeIfLoginSuccessfulButNoReturnUrlGiven" computerName="SWLAPTOP" duration="00:00:00.0003955" startTime="2009-05-24T15:28:16.2558448-07:00" endTime="2009-05-24T15:28:16.2558448-07:00" testType="13cdc9d9-ddb5-4fa4-a97d-d965ccfc6d4b" outcome="Passed" testListId="8c84fa94-04c1-424b-9868-57a2d4851a1d">
      <Output>
      </Output>
    </UnitTestResult>
    <UnitTestResult executionId="4dc1d0fd-4a60-4c98-92fd-13b0ba80c562" testId="d8a57955-2031-7761-265b-afb8a35e658c" testName="LoginPostReturnsViewIfUsernameNotSpecified" computerName="SWLAPTOP" duration="00:00:00.0004742" startTime="2009-05-24T15:28:16.2714449-07:00" endTime="2009-05-24T15:28:16.2870450-07:00" testType="13cdc9d9-ddb5-4fa4-a97d-d965ccfc6d4b" outcome="Passed" testListId="8c84fa94-04c1-424b-9868-57a2d4851a1d">
      <Output>
      </Output>
    </UnitTestResult>
    <UnitTestResult executionId="e306a515-0937-4285-bfe3-e31ccf275992" testId="d99ab20f-3321-dd14-17dc-1767d8b7df0e" testName="ConstructorSetsPropertiesToDefaultValues" computerName="SWLAPTOP" duration="00:00:00.0005157" startTime="2009-05-24T15:28:16.3026451-07:00" endTime="2009-05-24T15:28:16.3026451-07:00" testType="13cdc9d9-ddb5-4fa4-a97d-d965ccfc6d4b" outcome="Passed" testListId="8c84fa94-04c1-424b-9868-57a2d4851a1d">
      <Output>
      </Output>
    </UnitTestResult>
    <UnitTestResult executionId="b6780b7a-e80e-4f67-8c3a-2fdb90747601" testId="fef46445-334b-60f5-796d-54dc572bf60b" testName="ChangePasswordPostReturnsViewIfCurrentPasswordNotSpecified" computerName="SWLAPTOP" duration="00:00:00.0005250" startTime="2009-05-24T15:28:16.3026451-07:00" endTime="2009-05-24T15:28:16.3182452-07:00" testType="13cdc9d9-ddb5-4fa4-a97d-d965ccfc6d4b" outcome="Passed" testListId="8c84fa94-04c1-424b-9868-57a2d4851a1d">
      <Output>
      </Output>
    </UnitTestResult>
  </Results>
</TestRun>