<?xml version="1.0" encoding="UTF-8"?>
<TestRun id="59601ec6-b47f-4342-912d-ad8c1f13393a" name="swalther@SWLAPTOP 2009-05-24 21:54:32" runUser="REDMOND\swalther" xmlns="http://microsoft.com/schemas/VisualStudio/TeamTest/2006">
  <TestRunConfiguration name="Default Run Configuration" id="3ebb2fd2-0dc3-4a17-b15b-d9891e8a29c4">
    <Deployment runDeploymentRoot="C:\Users\swalther\Documents\Books\AspNetMvcUnleashed\Chapter11 - Better Performance with Caching\CS\MvcApplication1\TestResults\swalther_SWLAPTOP 2009-05-24 21_54_32">
      <DeploymentItem filename="C:\Users\swalther\Documents\Books\AspNetMvcUnleashed\Chapter11 - Better Performance with Caching\CS\MvcApplication1\MvcApplication1\bin\MvcApplication1.dll" />
      <DeploymentItem filename="C:\Users\swalther\Documents\Books\AspNetMvcUnleashed\CommonCode\MvcFakes\MvcFakes\bin\Debug\MvcFakes.dll" />
    </Deployment>
    <Hosts skipUnhostableTests="false" />
    <TestTypeSpecific />
  </TestRunConfiguration>
  <ResultSummary outcome="Completed">
    <Counters total="1" executed="1" passed="1" error="0" failed="0" timeout="0" aborted="0" inconclusive="0" passedButRunAborted="0" notRunnable="0" notExecuted="0" disconnected="0" warning="0" completed="0" inProgress="0" pending="0" />
  </ResultSummary>
  <Times creation="2009-05-24T21:54:32.6834009-07:00" queuing="2009-05-24T21:54:37.5818323-07:00" start="2009-05-24T21:54:37.8782342-07:00" finish="2009-05-24T21:54:38.7050395-07:00" />
  <TestDefinitions>
    <UnitTest name="TimeIsCached" storage="c:\users\swalther\documents\books\aspnetmvcunleashed\chapter11 - better performance with caching\cs\mvcapplication1\mvcapplication1.tests\bin\debug\mvcapplication1.tests.dll" id="2e3844dc-38d1-82e4-677e-ecb80876652e">
      <Css projectStructure="" iteration="" />
      <Owners>
        <Owner name="" />
      </Owners>
      <Execution id="eb6522da-1395-418b-bf0a-fbe0c380092c" />
      <TestMethod codeBase="C:\Users\swalther\Documents\Books\AspNetMvcUnleashed\Chapter11 - Better Performance with Caching\CS\MvcApplication1\MvcApplication1.Tests\bin\Debug\MvcApplication1.Tests.dll" adapterTypeName="Microsoft.VisualStudio.TestTools.TestTypes.Unit.UnitTestAdapter, Microsoft.VisualStudio.QualityTools.Tips.UnitTest.Adapter, Version=9.0.0.0, Culture=neutral, PublicKeyToken=b03f5f7f11d50a3a" className="MvcApplication1.Tests.Controllers.SimpleControllerTests, MvcApplication1.Tests" name="TimeIsCached" />
    </UnitTest>
  </TestDefinitions>
  <TestLists>
    <TestList name="Results Not in a List" id="8c84fa94-04c1-424b-9868-57a2d4851a1d" />
    <TestList name="All Loaded Results" id="19431567-8539-422a-85d7-44ee4e166bda" />
  </TestLists>
  <TestEntries>
    <TestEntry testId="2e3844dc-38d1-82e4-677e-ecb80876652e" executionId="eb6522da-1395-418b-bf0a-fbe0c380092c" testListId="8c84fa94-04c1-424b-9868-57a2d4851a1d" />
  </TestEntries>
  <Results>
    <UnitTestResult executionId="eb6522da-1395-418b-bf0a-fbe0c380092c" testId="2e3844dc-38d1-82e4-677e-ecb80876652e" testName="TimeIsCached" computerName="SWLAPTOP" duration="00:00:00.0753185" startTime="2009-05-24T21:54:37.9406346-07:00" endTime="2009-05-24T21:54:38.6114389-07:00" testType="13cdc9d9-ddb5-4fa4-a97d-d965ccfc6d4b" outcome="Passed" testListId="8c84fa94-04c1-424b-9868-57a2d4851a1d">
      <Output>
      </Output>
    </UnitTestResult>
  </Results>
</TestRun>