<?xml version="1.0" encoding="UTF-8"?>
<TestRun id="4c9ee3ec-70d0-448e-a058-3374f2b8589b" name="swalther@SWLAPTOP 2009-05-24 21:57:27" runUser="REDMOND\swalther" xmlns="http://microsoft.com/schemas/VisualStudio/TeamTest/2006">
  <TestRunConfiguration name="Default Run Configuration" id="c90336ac-3fe0-4ba2-b54f-61be0506523c">
    <Deployment runDeploymentRoot="C:\Users\swalther\Documents\Books\AspNetMvcUnleashed\Chapter11 - Better Performance with Caching\CS\MvcApplication1\TestResults\swalther_SWLAPTOP 2009-05-24 21_57_27">
      <DeploymentItem filename="C:\Users\swalther\Documents\Books\AspNetMvcUnleashed\Chapter11 - Better Performance with Caching\CS\MvcApplication1\MvcApplication1\bin\MvcApplication1.dll" />
      <DeploymentItem filename="C:\Users\swalther\Documents\Books\AspNetMvcUnleashed\CommonCode\MvcFakes\MvcFakes\bin\Debug\MvcFakes.dll" />
    </Deployment>
    <Hosts skipUnhostableTests="false" />
    <TestTypeSpecific />
  </TestRunConfiguration>
  <ResultSummary outcome="Completed">
    <Counters total="2" executed="2" passed="2" error="0" failed="0" timeout="0" aborted="0" inconclusive="0" passedButRunAborted="0" notRunnable="0" notExecuted="0" disconnected="0" warning="0" completed="0" inProgress="0" pending="0" />
  </ResultSummary>
  <Times creation="2009-05-24T21:57:27.5605219-07:00" queuing="2009-05-24T21:57:31.0861445-07:00" start="2009-05-24T21:57:31.4605469-07:00" finish="2009-05-24T21:57:32.4901535-07:00" />
  <TestDefinitions>
    <UnitTest name="IndexRetrievesMovieFromCache" storage="c:\users\swalther\documents\books\aspnetmvcunleashed\chapter11 - better performance with caching\cs\mvcapplication1\mvcapplication1.tests\bin\debug\mvcapplication1.tests.dll" id="f65f5d00-8b22-bf10-7770-3e4d05eaa9c4">
      <Css projectStructure="" iteration="" />
      <Owners>
        <Owner name="" />
      </Owners>
      <Execution id="85f1516c-bea0-4bc0-a77f-f8e98b7687e4" />
      <TestMethod codeBase="C:\Users\swalther\Documents\Books\AspNetMvcUnleashed\Chapter11 - Better Performance with Caching\CS\MvcApplication1\MvcApplication1.Tests\bin\Debug\MvcApplication1.Tests.dll" adapterTypeName="Microsoft.VisualStudio.TestTools.TestTypes.Unit.UnitTestAdapter, Microsoft.VisualStudio.QualityTools.Tips.UnitTest.Adapter, Version=9.0.0.0, Culture=neutral, PublicKeyToken=b03f5f7f11d50a3a" className="MvcApplication1.Tests.Controllers.SimpleMovieControllerTests, MvcApplication1.Tests" name="IndexRetrievesMovieFromCache" />
    </UnitTest>
    <UnitTest name="IndexAddsMoviesToCache" storage="c:\users\swalther\documents\books\aspnetmvcunleashed\chapter11 - better performance with caching\cs\mvcapplication1\mvcapplication1.tests\bin\debug\mvcapplication1.tests.dll" id="6b111eab-3019-8f2c-ab37-5f64d48a0e7f">
      <Css projectStructure="" iteration="" />
      <Owners>
        <Owner name="" />
      </Owners>
      <Execution id="abc3a93c-10b5-4594-9639-1002cf021691" />
      <TestMethod codeBase="C:\Users\swalther\Documents\Books\AspNetMvcUnleashed\Chapter11 - Better Performance with Caching\CS\MvcApplication1\MvcApplication1.Tests\bin\Debug\MvcApplication1.Tests.dll" adapterTypeName="Microsoft.VisualStudio.TestTools.TestTypes.Unit.UnitTestAdapter, Microsoft.VisualStudio.QualityTools.Tips.UnitTest.Adapter, Version=9.0.0.0, Culture=neutral, PublicKeyToken=b03f5f7f11d50a3a" className="MvcApplication1.Tests.Controllers.SimpleMovieControllerTests, MvcApplication1.Tests" name="IndexAddsMoviesToCache" />
    </UnitTest>
  </TestDefinitions>
  <TestLists>
    <TestList name="Results Not in a List" id="8c84fa94-04c1-424b-9868-57a2d4851a1d" />
    <TestList name="All Loaded Results" id="19431567-8539-422a-85d7-44ee4e166bda" />
  </TestLists>
  <TestEntries>
    <TestEntry testId="6b111eab-3019-8f2c-ab37-5f64d48a0e7f" executionId="abc3a93c-10b5-4594-9639-1002cf021691" testListId="8c84fa94-04c1-424b-9868-57a2d4851a1d" />
    <TestEntry testId="f65f5d00-8b22-bf10-7770-3e4d05eaa9c4" executionId="85f1516c-bea0-4bc0-a77f-f8e98b7687e4" testListId="8c84fa94-04c1-424b-9868-57a2d4851a1d" />
  </TestEntries>
  <Results>
    <UnitTestResult executionId="abc3a93c-10b5-4594-9639-1002cf021691" testId="6b111eab-3019-8f2c-ab37-5f64d48a0e7f" testName="IndexAddsMoviesToCache" computerName="SWLAPTOP" duration="00:00:00.0656825" startTime="2009-05-24T21:57:31.6633482-07:00" endTime="2009-05-24T21:57:32.4121530-07:00" testType="13cdc9d9-ddb5-4fa4-a97d-d965ccfc6d4b" outcome="Passed" testListId="8c84fa94-04c1-424b-9868-57a2d4851a1d">
      <Output>
      </Output>
    </UnitTestResult>
    <UnitTestResult executionId="85f1516c-bea0-4bc0-a77f-f8e98b7687e4" testId="f65f5d00-8b22-bf10-7770-3e4d05eaa9c4" testName="IndexRetrievesMovieFromCache" computerName="SWLAPTOP" duration="00:00:00.0040615" startTime="2009-05-24T21:57:32.4121530-07:00" endTime="2009-05-24T21:57:32.4121530-07:00" testType="13cdc9d9-ddb5-4fa4-a97d-d965ccfc6d4b" outcome="Passed" testListId="8c84fa94-04c1-424b-9868-57a2d4851a1d">
      <Output>
      </Output>
    </UnitTestResult>
  </Results>
</TestRun>