<?xml version="1.0" encoding="UTF-8"?>
<TestRun id="3cafda1e-53d2-4bfc-aa0f-f785fb12cece" name="swalther@SWLAPTOP 2009-04-25 11:59:50" runUser="REDMOND\swalther" xmlns="http://microsoft.com/schemas/VisualStudio/TeamTest/2006">
  <TestRunConfiguration name="Default Run Configuration" id="c40d2ca3-cee0-44c6-bf99-7365fad3a72c">
    <Deployment runDeploymentRoot="C:\Users\swalther\Documents\Books\AspNetMvcUnleashed\Chapter11 - Better Performance with Caching\CS\MvcApplication1\TestResults\swalther_SWLAPTOP 2009-04-25 11_59_50">
      <DeploymentItem filename="C:\Users\swalther\Documents\Books\AspNetMvcUnleashed\Chapter11 - Better Performance with Caching\CS\MvcApplication1\MvcApplication1\bin\MvcApplication1.dll" />
      <DeploymentItem filename="C:\Users\swalther\Documents\Books\AspNetMvcUnleashed\CommonCode\MvcFakes\MvcFakes\bin\Debug\MvcFakes.dll" />
    </Deployment>
    <Hosts skipUnhostableTests="false" />
    <TestTypeSpecific />
  </TestRunConfiguration>
  <ResultSummary outcome="Failed">
    <Counters total="1" executed="1" error="0" failed="1" timeout="0" aborted="0" inconclusive="0" passedButRunAborted="0" notRunnable="0" notExecuted="0" disconnected="0" warning="0" passed="0" completed="0" inProgress="0" pending="0" />
  </ResultSummary>
  <Times creation="2009-04-25T11:59:50.7521693-07:00" queuing="2009-04-25T11:59:53.7511693-07:00" start="2009-04-25T11:59:54.1081693-07:00" finish="2009-04-25T11:59:55.1681693-07:00" />
  <TestDefinitions>
    <UnitTest name="IndexAddsMoviesToCache" storage="c:\users\swalther\documents\books\aspnetmvcunleashed\chapter11 - better performance with caching\cs\mvcapplication1\mvcapplication1.tests\bin\debug\mvcapplication1.tests.dll" id="6b111eab-3019-8f2c-ab37-5f64d48a0e7f">
      <Css projectStructure="" iteration="" />
      <Owners>
        <Owner name="" />
      </Owners>
      <Execution id="b963510f-75de-4750-a6b4-e3030f6cfe7a" />
      <TestMethod codeBase="C:\Users\swalther\Documents\Books\AspNetMvcUnleashed\Chapter11 - Better Performance with Caching\CS\MvcApplication1\MvcApplication1.Tests\bin\Debug\MvcApplication1.Tests.dll" adapterTypeName="Microsoft.VisualStudio.TestTools.TestTypes.Unit.UnitTestAdapter, Microsoft.VisualStudio.QualityTools.Tips.UnitTest.Adapter, Version=9.0.0.0, Culture=neutral, PublicKeyToken=b03f5f7f11d50a3a" className="MvcApplication1.Tests.Controllers.SimpleMovieControllerTests, MvcApplication1.Tests" name="IndexAddsMoviesToCache" />
    </UnitTest>
  </TestDefinitions>
  <TestLists>
    <TestList name="Results Not in a List" id="8c84fa94-04c1-424b-9868-57a2d4851a1d" />
    <TestList name="All Loaded Results" id="19431567-8539-422a-85d7-44ee4e166bda" />
  </TestLists>
  <TestEntries>
    <TestEntry testId="6b111eab-3019-8f2c-ab37-5f64d48a0e7f" executionId="b963510f-75de-4750-a6b4-e3030f6cfe7a" testListId="8c84fa94-04c1-424b-9868-57a2d4851a1d" />
  </TestEntries>
  <Results>
    <UnitTestResult executionId="b963510f-75de-4750-a6b4-e3030f6cfe7a" testId="6b111eab-3019-8f2c-ab37-5f64d48a0e7f" testName="IndexAddsMoviesToCache" computerName="SWLAPTOP" duration="00:00:00.3051899" startTime="2009-04-25T11:59:54.1771693-07:00" endTime="2009-04-25T11:59:55.0361693-07:00" testType="13cdc9d9-ddb5-4fa4-a97d-d965ccfc6d4b" outcome="Failed" testListId="8c84fa94-04c1-424b-9868-57a2d4851a1d">
      <Output>
        <ErrorInfo>
          <Message>Assert.IsInstanceOfType failed. Expected type:&lt;System.Collections.Generic.IEnumerable`1[MvcApplication1.Models.Movie]&gt;. Actual type:&lt;(null)&gt;.</Message>
          <StackTrace>   at MvcApplication1.Tests.Controllers.SimpleMovieControllerTests.IndexAddsMoviesToCache() in C:\Users\swalther\Documents\Books\AspNetMvcUnleashed\Chapter11 - Better Performance with Caching\CS\MvcApplication1\MvcApplication1.Tests\Controllers\SimpleMovieControllerTests.cs:line 26
</StackTrace>
        </ErrorInfo>
      </Output>
    </UnitTestResult>
  </Results>
</TestRun>