<?xml version="1.0" encoding="UTF-8"?>
<TestRun id="2f120cad-b55d-4f1e-ab9a-a94362918fdb" name="swalther@SWLAPTOP 2009-04-25 12:25:22" runUser="REDMOND\swalther" xmlns="http://microsoft.com/schemas/VisualStudio/TeamTest/2006">
  <TestRunConfiguration name="Default Run Configuration" id="5a3fed70-dcce-4145-92d6-7c7ac5a45302">
    <Deployment runDeploymentRoot="C:\Users\swalther\Documents\Books\AspNetMvcUnleashed\Chapter11 - Better Performance with Caching\CS\MvcApplication1\TestResults\swalther_SWLAPTOP 2009-04-25 12_25_22">
      <DeploymentItem filename="C:\Users\swalther\Documents\Books\AspNetMvcUnleashed\Chapter11 - Better Performance with Caching\CS\MvcApplication1\MvcApplication1\bin\MvcApplication1.dll" />
      <DeploymentItem filename="C:\Users\swalther\Documents\Books\AspNetMvcUnleashed\CommonCode\MvcFakes\MvcFakes\bin\Debug\MvcFakes.dll" />
    </Deployment>
    <Hosts skipUnhostableTests="false" />
    <TestTypeSpecific />
  </TestRunConfiguration>
  <ResultSummary outcome="Error">
    <Counters total="1" executed="1" error="0" failed="0" timeout="0" aborted="1" inconclusive="0" passedButRunAborted="0" notRunnable="0" notExecuted="0" disconnected="0" warning="0" passed="0" completed="0" inProgress="0" pending="0" />
    <RunInfos>
      <RunInfo computerName="SWLAPTOP" outcome="Error" timestamp="2009-04-25T12:25:52.7686700-07:00">
        <Text>Test host process exited unexpectedly.</Text>
      </RunInfo>
    </RunInfos>
  </ResultSummary>
  <Times creation="2009-04-25T12:25:22.2416176-07:00" queuing="2009-04-25T12:25:25.3219256-07:00" start="2009-04-25T12:25:25.6009535-07:00" finish="2009-04-25T12:25:52.7776709-07:00" />
  <TestDefinitions>
    <UnitTest name="IndexRetrievesMovieFromCache" storage="c:\users\swalther\documents\books\aspnetmvcunleashed\chapter11 - better performance with caching\cs\mvcapplication1\mvcapplication1.tests\bin\debug\mvcapplication1.tests.dll" id="f65f5d00-8b22-bf10-7770-3e4d05eaa9c4">
      <Css projectStructure="" iteration="" />
      <Owners>
        <Owner name="" />
      </Owners>
      <Execution id="2836215d-3c79-4399-821e-58637c0a17f6" />
      <TestMethod codeBase="C:\Users\swalther\Documents\Books\AspNetMvcUnleashed\Chapter11 - Better Performance with Caching\CS\MvcApplication1\MvcApplication1.Tests\bin\Debug\MvcApplication1.Tests.dll" adapterTypeName="Microsoft.VisualStudio.TestTools.TestTypes.Unit.UnitTestAdapter, Microsoft.VisualStudio.QualityTools.Tips.UnitTest.Adapter, Version=9.0.0.0, Culture=neutral, PublicKeyToken=b03f5f7f11d50a3a" className="MvcApplication1.Tests.Controllers.SimpleMovieControllerTests, MvcApplication1.Tests" name="IndexRetrievesMovieFromCache" />
    </UnitTest>
  </TestDefinitions>
  <TestLists>
    <TestList name="Results Not in a List" id="8c84fa94-04c1-424b-9868-57a2d4851a1d" />
    <TestList name="All Loaded Results" id="19431567-8539-422a-85d7-44ee4e166bda" />
  </TestLists>
  <TestEntries>
    <TestEntry testId="f65f5d00-8b22-bf10-7770-3e4d05eaa9c4" executionId="0c418a4a-c451-4808-b48b-7c5a481c9ed1" testListId="8c84fa94-04c1-424b-9868-57a2d4851a1d" />
  </TestEntries>
  <Results>
    <UnitTestResult executionId="0c418a4a-c451-4808-b48b-7c5a481c9ed1" testId="f65f5d00-8b22-bf10-7770-3e4d05eaa9c4" testName="IndexRetrievesMovieFromCache" computerName="SWLAPTOP" duration="00:00:27.0137011" startTime="2009-04-25T12:25:25.7629697-07:00" endTime="2009-04-25T12:25:52.7766708-07:00" testType="13cdc9d9-ddb5-4fa4-a97d-d965ccfc6d4b" outcome="Aborted" testListId="8c84fa94-04c1-424b-9868-57a2d4851a1d">
    </UnitTestResult>
  </Results>
</TestRun>