<?xml version="1.0" encoding="UTF-8"?>
<TestRun id="38ba8dc0-da58-441d-9ba3-ba05e58282fe" name="swalther@SWLAPTOP 2009-04-25 12:01:46" runUser="REDMOND\swalther" xmlns="http://microsoft.com/schemas/VisualStudio/TeamTest/2006">
  <TestRunConfiguration name="Default Run Configuration" id="816ea6fd-e860-4a44-8fb9-86c35c31d003">
    <Deployment runDeploymentRoot="C:\Users\swalther\Documents\Books\AspNetMvcUnleashed\Chapter11 - Better Performance with Caching\CS\MvcApplication1\TestResults\swalther_SWLAPTOP 2009-04-25 12_01_46">
      <DeploymentItem filename="C:\Users\swalther\Documents\Books\AspNetMvcUnleashed\Chapter11 - Better Performance with Caching\CS\MvcApplication1\MvcApplication1\bin\MvcApplication1.dll" />
      <DeploymentItem filename="C:\Users\swalther\Documents\Books\AspNetMvcUnleashed\CommonCode\MvcFakes\MvcFakes\bin\Debug\MvcFakes.dll" />
    </Deployment>
    <Hosts skipUnhostableTests="false" />
    <TestTypeSpecific />
  </TestRunConfiguration>
  <ResultSummary outcome="Completed">
    <Counters total="1" executed="1" passed="1" error="0" failed="0" timeout="0" aborted="0" inconclusive="0" passedButRunAborted="0" notRunnable="0" notExecuted="0" disconnected="0" warning="0" completed="0" inProgress="0" pending="0" />
  </ResultSummary>
  <Times creation="2009-04-25T12:01:46.6790755-07:00" queuing="2009-04-25T12:01:48.4942570-07:00" start="2009-04-25T12:01:48.7612837-07:00" finish="2009-04-25T12:01:49.6463722-07:00" />
  <TestDefinitions>
    <UnitTest name="IndexAddsMoviesToCache" storage="c:\users\swalther\documents\books\aspnetmvcunleashed\chapter11 - better performance with caching\cs\mvcapplication1\mvcapplication1.tests\bin\debug\mvcapplication1.tests.dll" id="6b111eab-3019-8f2c-ab37-5f64d48a0e7f">
      <Css projectStructure="" iteration="" />
      <Owners>
        <Owner name="" />
      </Owners>
      <Execution id="efdbb7b7-7091-4648-8139-2e9cfe4c62c5" />
      <TestMethod codeBase="C:\Users\swalther\Documents\Books\AspNetMvcUnleashed\Chapter11 - Better Performance with Caching\CS\MvcApplication1\MvcApplication1.Tests\bin\Debug\MvcApplication1.Tests.dll" adapterTypeName="Microsoft.VisualStudio.TestTools.TestTypes.Unit.UnitTestAdapter, Microsoft.VisualStudio.QualityTools.Tips.UnitTest.Adapter, Version=9.0.0.0, Culture=neutral, PublicKeyToken=b03f5f7f11d50a3a" className="MvcApplication1.Tests.Controllers.SimpleMovieControllerTests, MvcApplication1.Tests" name="IndexAddsMoviesToCache" />
    </UnitTest>
  </TestDefinitions>
  <TestLists>
    <TestList name="Results Not in a List" id="8c84fa94-04c1-424b-9868-57a2d4851a1d" />
    <TestList name="All Loaded Results" id="19431567-8539-422a-85d7-44ee4e166bda" />
  </TestLists>
  <TestEntries>
    <TestEntry testId="6b111eab-3019-8f2c-ab37-5f64d48a0e7f" executionId="efdbb7b7-7091-4648-8139-2e9cfe4c62c5" testListId="8c84fa94-04c1-424b-9868-57a2d4851a1d" />
  </TestEntries>
  <Results>
    <UnitTestResult executionId="efdbb7b7-7091-4648-8139-2e9cfe4c62c5" testId="6b111eab-3019-8f2c-ab37-5f64d48a0e7f" testName="IndexAddsMoviesToCache" computerName="SWLAPTOP" duration="00:00:00.0770528" startTime="2009-04-25T12:01:48.8562932-07:00" endTime="2009-04-25T12:01:49.5693645-07:00" testType="13cdc9d9-ddb5-4fa4-a97d-d965ccfc6d4b" outcome="Passed" testListId="8c84fa94-04c1-424b-9868-57a2d4851a1d">
      <Output>
      </Output>
    </UnitTestResult>
  </Results>
</TestRun>