<?xml version="1.0" encoding="UTF-8"?>
<TestRun id="fc054c00-82d9-4e1d-8f49-75cce4baed9a" name="swalther@SWLAPTOP 2009-05-01 12:43:23" runUser="REDMOND\swalther" xmlns="http://microsoft.com/schemas/VisualStudio/TeamTest/2006">
  <TestRunConfiguration name="Default Run Configuration" id="53938c49-64cf-423b-9006-e1f3f1322fb9">
    <Deployment runDeploymentRoot="C:\Users\swalther\Documents\Books\AspNetMvcUnleashed\Chapter08 - Validation\CS\MvcApplication1\TestResults\swalther_SWLAPTOP 2009-05-01 12_43_23">
      <DeploymentItem filename="C:\Users\swalther\Documents\Books\AspNetMvcUnleashed\Chapter08 - Validation\CS\MvcApplication1\MvcApplication1\bin\MvcApplication1.dll" />
    </Deployment>
    <Hosts skipUnhostableTests="false" />
    <TestTypeSpecific />
  </TestRunConfiguration>
  <ResultSummary outcome="Failed">
    <Counters total="1" executed="1" error="0" failed="1" timeout="0" aborted="0" inconclusive="0" passedButRunAborted="0" notRunnable="0" notExecuted="0" disconnected="0" warning="0" passed="0" completed="0" inProgress="0" pending="0" />
  </ResultSummary>
  <Times creation="2009-05-01T12:43:23.9474252-07:00" queuing="2009-05-01T12:43:25.9586408-07:00" start="2009-05-01T12:43:26.2503974-07:00" finish="2009-05-01T12:43:59.4334496-07:00" />
  <TestDefinitions>
    <UnitTest name="TestMethod1" storage="c:\users\swalther\documents\books\aspnetmvcunleashed\chapter08 - validation\cs\mvcapplication1\mvcapplication1.tests\bin\debug\mvcapplication1.tests.dll" id="a3fd79dd-448c-f06f-28fd-80c1890718bf">
      <Css projectStructure="" iteration="" />
      <Owners>
        <Owner name="" />
      </Owners>
      <Execution id="bb62067a-53a6-4e3c-9250-7787d9dbaeab" />
      <TestMethod codeBase="C:\Users\swalther\Documents\Books\AspNetMvcUnleashed\Chapter08 - Validation\CS\MvcApplication1\MvcApplication1.Tests\bin\Debug\MvcApplication1.Tests.dll" adapterTypeName="Microsoft.VisualStudio.TestTools.TestTypes.Unit.UnitTestAdapter, Microsoft.VisualStudio.QualityTools.Tips.UnitTest.Adapter, Version=9.0.0.0, Culture=neutral, PublicKeyToken=b03f5f7f11d50a3a" className="MvcApplication1.Tests.Controllers.MovieControllerTests, MvcApplication1.Tests" name="TestMethod1" />
    </UnitTest>
  </TestDefinitions>
  <TestLists>
    <TestList name="Results Not in a List" id="8c84fa94-04c1-424b-9868-57a2d4851a1d" />
    <TestList name="All Loaded Results" id="19431567-8539-422a-85d7-44ee4e166bda" />
  </TestLists>
  <TestEntries>
    <TestEntry testId="a3fd79dd-448c-f06f-28fd-80c1890718bf" executionId="bb62067a-53a6-4e3c-9250-7787d9dbaeab" testListId="8c84fa94-04c1-424b-9868-57a2d4851a1d" />
  </TestEntries>
  <Results>
    <UnitTestResult executionId="bb62067a-53a6-4e3c-9250-7787d9dbaeab" testId="a3fd79dd-448c-f06f-28fd-80c1890718bf" testName="TestMethod1" computerName="SWLAPTOP" duration="00:00:31.8974138" startTime="2009-05-01T12:43:26.3827406-07:00" endTime="2009-05-01T12:43:59.3442182-07:00" testType="13cdc9d9-ddb5-4fa4-a97d-d965ccfc6d4b" outcome="Failed" testListId="8c84fa94-04c1-424b-9868-57a2d4851a1d">
      <Output>
        <ErrorInfo>
          <Message>Test method MvcApplication1.Tests.Controllers.MovieControllerTests.TestMethod1 threw exception:  System.NullReferenceException: Object reference not set to an instance of an object..</Message>
          <StackTrace>    at MvcApplication1.Tests.Controllers.MovieControllerTests.HasErrorMessage(ModelState modelState, String errorMessage) in C:\Users\swalther\Documents\Books\AspNetMvcUnleashed\Chapter08 - Validation\CS\MvcApplication1\MvcApplication1.Tests\Controllers\MovieControllerTests.cs:line 34
   at MvcApplication1.Tests.Controllers.MovieControllerTests.TestMethod1() in C:\Users\swalther\Documents\Books\AspNetMvcUnleashed\Chapter08 - Validation\CS\MvcApplication1\MvcApplication1.Tests\Controllers\MovieControllerTests.cs:line 28
</StackTrace>
        </ErrorInfo>
      </Output>
    </UnitTestResult>
  </Results>
</TestRun>