<?xml version="1.0" encoding="UTF-8"?>
<TestRun id="b56c1114-6f72-4df1-aa51-88d7a7e2fe35" name="swalther@SWLAPTOP 2009-05-01 12:47:25" runUser="REDMOND\swalther" xmlns="http://microsoft.com/schemas/VisualStudio/TeamTest/2006">
  <TestRunConfiguration name="Default Run Configuration" id="8793810d-c739-4a3c-a755-cec54d01e334">
    <Deployment runDeploymentRoot="C:\Users\swalther\Documents\Books\AspNetMvcUnleashed\Chapter08 - Validation\CS\MvcApplication1\TestResults\swalther_SWLAPTOP 2009-05-01 12_47_25">
      <DeploymentItem filename="C:\Users\swalther\Documents\Books\AspNetMvcUnleashed\Chapter08 - Validation\CS\MvcApplication1\MvcApplication1\bin\MvcApplication1.dll" />
    </Deployment>
    <Hosts skipUnhostableTests="false" />
    <TestTypeSpecific />
  </TestRunConfiguration>
  <ResultSummary outcome="Completed">
    <Counters total="1" executed="1" passed="1" error="0" failed="0" timeout="0" aborted="0" inconclusive="0" passedButRunAborted="0" notRunnable="0" notExecuted="0" disconnected="0" warning="0" completed="0" inProgress="0" pending="0" />
  </ResultSummary>
  <Times creation="2009-05-01T12:47:25.2020606-07:00" queuing="2009-05-01T12:47:26.6347760-07:00" start="2009-05-01T12:47:26.9836808-07:00" finish="2009-05-01T12:47:27.8409038-07:00" />
  <TestDefinitions>
    <UnitTest name="DirectorRequired" storage="c:\users\swalther\documents\books\aspnetmvcunleashed\chapter08 - validation\cs\mvcapplication1\mvcapplication1.tests\bin\debug\mvcapplication1.tests.dll" id="54a99948-3a3d-ea1d-1535-803ebfa727ee">
      <Css projectStructure="" iteration="" />
      <Owners>
        <Owner name="" />
      </Owners>
      <Execution id="86dbaf5e-06d0-4452-964b-7a47a593878f" />
      <TestMethod codeBase="C:\Users\swalther\Documents\Books\AspNetMvcUnleashed\Chapter08 - Validation\CS\MvcApplication1\MvcApplication1.Tests\bin\Debug\MvcApplication1.Tests.dll" adapterTypeName="Microsoft.VisualStudio.TestTools.TestTypes.Unit.UnitTestAdapter, Microsoft.VisualStudio.QualityTools.Tips.UnitTest.Adapter, Version=9.0.0.0, Culture=neutral, PublicKeyToken=b03f5f7f11d50a3a" className="MvcApplication1.Tests.Controllers.Movie2ControllerTests, MvcApplication1.Tests" name="DirectorRequired" />
    </UnitTest>
  </TestDefinitions>
  <TestLists>
    <TestList name="Results Not in a List" id="8c84fa94-04c1-424b-9868-57a2d4851a1d" />
    <TestList name="All Loaded Results" id="19431567-8539-422a-85d7-44ee4e166bda" />
  </TestLists>
  <TestEntries>
    <TestEntry testId="54a99948-3a3d-ea1d-1535-803ebfa727ee" executionId="86dbaf5e-06d0-4452-964b-7a47a593878f" testListId="8c84fa94-04c1-424b-9868-57a2d4851a1d" />
  </TestEntries>
  <Results>
    <UnitTestResult executionId="86dbaf5e-06d0-4452-964b-7a47a593878f" testId="54a99948-3a3d-ea1d-1535-803ebfa727ee" testName="DirectorRequired" computerName="SWLAPTOP" duration="00:00:00.0409629" startTime="2009-05-01T12:47:27.1280552-07:00" endTime="2009-05-01T12:47:27.7566854-07:00" testType="13cdc9d9-ddb5-4fa4-a97d-d965ccfc6d4b" outcome="Passed" testListId="8c84fa94-04c1-424b-9868-57a2d4851a1d">
      <Output>
      </Output>
    </UnitTestResult>
  </Results>
</TestRun>