<?xml version="1.0" encoding="UTF-8"?>
<TestRun id="807a37d9-21bb-4cef-a6c6-5a0c666b264c" name="swalther@SWLAPTOP 2009-05-01 17:05:39" runUser="REDMOND\swalther" xmlns="http://microsoft.com/schemas/VisualStudio/TeamTest/2006">
  <TestRunConfiguration name="Default Run Configuration" id="e4b55d2a-1b17-4f09-aff8-c1fcc821fa58">
    <Deployment runDeploymentRoot="C:\Users\swalther\Documents\Books\AspNetMvcUnleashed\Chapter08 - Validation\CS\MvcApplication1\TestResults\swalther_SWLAPTOP 2009-05-01 17_05_39">
      <DeploymentItem filename="C:\Users\swalther\Documents\Books\AspNetMvcUnleashed\Chapter08 - Validation\CS\MvcApplication1\MvcApplication1\bin\MvcApplication1.dll" />
    </Deployment>
    <Hosts skipUnhostableTests="false" />
    <TestTypeSpecific />
  </TestRunConfiguration>
  <ResultSummary outcome="Completed">
    <Counters total="1" executed="1" passed="1" error="0" failed="0" timeout="0" aborted="0" inconclusive="0" passedButRunAborted="0" notRunnable="0" notExecuted="0" disconnected="0" warning="0" completed="0" inProgress="0" pending="0" />
  </ResultSummary>
  <Times creation="2009-05-01T17:05:39.7219832-07:00" queuing="2009-05-01T17:05:44.3942424-07:00" start="2009-05-01T17:05:44.7149856-07:00" finish="2009-05-01T17:05:45.4763760-07:00" />
  <TestDefinitions>
    <UnitTest name="DirectorRequired" storage="c:\users\swalther\documents\books\aspnetmvcunleashed\chapter08 - validation\cs\mvcapplication1\mvcapplication1.tests\bin\debug\mvcapplication1.tests.dll" id="54a99948-3a3d-ea1d-1535-803ebfa727ee">
      <Css projectStructure="" iteration="" />
      <Owners>
        <Owner name="" />
      </Owners>
      <Execution id="9294d5e3-ad0e-46f0-874a-f7d4110a6329" />
      <TestMethod codeBase="C:\Users\swalther\Documents\Books\AspNetMvcUnleashed\Chapter08 - Validation\CS\MvcApplication1\MvcApplication1.Tests\bin\Debug\MvcApplication1.Tests.dll" adapterTypeName="Microsoft.VisualStudio.TestTools.TestTypes.Unit.UnitTestAdapter, Microsoft.VisualStudio.QualityTools.Tips.UnitTest.Adapter, Version=9.0.0.0, Culture=neutral, PublicKeyToken=b03f5f7f11d50a3a" className="MvcApplication1.Tests.Controllers.Movie2ControllerTests, MvcApplication1.Tests" name="DirectorRequired" />
    </UnitTest>
  </TestDefinitions>
  <TestLists>
    <TestList name="Results Not in a List" id="8c84fa94-04c1-424b-9868-57a2d4851a1d" />
    <TestList name="All Loaded Results" id="19431567-8539-422a-85d7-44ee4e166bda" />
  </TestLists>
  <TestEntries>
    <TestEntry testId="54a99948-3a3d-ea1d-1535-803ebfa727ee" executionId="9294d5e3-ad0e-46f0-874a-f7d4110a6329" testListId="8c84fa94-04c1-424b-9868-57a2d4851a1d" />
  </TestEntries>
  <Results>
    <UnitTestResult executionId="9294d5e3-ad0e-46f0-874a-f7d4110a6329" testId="54a99948-3a3d-ea1d-1535-803ebfa727ee" testName="DirectorRequired" computerName="SWLAPTOP" duration="00:00:00.0213566" startTime="2009-05-01T17:05:44.7829312-07:00" endTime="2009-05-01T17:05:45.4044336-07:00" testType="13cdc9d9-ddb5-4fa4-a97d-d965ccfc6d4b" outcome="Passed" testListId="8c84fa94-04c1-424b-9868-57a2d4851a1d">
      <Output>
      </Output>
    </UnitTestResult>
  </Results>
</TestRun>