<?xml version="1.0" encoding="UTF-8"?>
<TestRun id="d24cb1bd-0344-43cc-ab33-378513570e61" name="swalther@SWLAPTOP 2009-02-26 21:08:37" runUser="REDMOND\swalther" xmlns="http://microsoft.com/schemas/VisualStudio/TeamTest/2006">
  <TestRunConfiguration name="Default Run Configuration" id="00c4af59-279c-411c-a7a7-53a3b065e8bb">
    <Deployment runDeploymentRoot="C:\Users\swalther\Documents\Books\AspNetMvcUnleashed\Chapter05 - Understanding Models\Code\CS\EFMvcApplication\TestResults\swalther_SWLAPTOP 2009-02-26 21_08_37">
      <DeploymentItem filename="C:\Users\swalther\Documents\Books\AspNetMvcUnleashed\Chapter05 - Understanding Models\Code\CS\EFMvcApplication\EFMvcApplication\bin\EFMvcApplication.dll" />
      <DeploymentItem filename="C:\Users\swalther\Downloads\Moq.2.6.1014.1-bin\Moq.dll" />
      <DeploymentItem filename="C:\Users\swalther\Documents\Books\AspNetMvcUnleashed\CommonCode\GenericRepository\GenericRepository\bin\Debug\GenericRepository.dll" />
    </Deployment>
    <Hosts skipUnhostableTests="false" />
    <TestTypeSpecific />
  </TestRunConfiguration>
  <ResultSummary outcome="Completed">
    <Counters total="1" executed="1" passed="1" error="0" failed="0" timeout="0" aborted="0" inconclusive="0" passedButRunAborted="0" notRunnable="0" notExecuted="0" disconnected="0" warning="0" completed="0" inProgress="0" pending="0" />
  </ResultSummary>
  <Times creation="2009-02-26T21:08:37.2490000-08:00" queuing="2009-02-26T21:08:38.5720000-08:00" start="2009-02-26T21:08:38.8650000-08:00" finish="2009-02-26T21:08:39.8330000-08:00" />
  <TestDefinitions>
    <UnitTest name="NameIsRequired" storage="c:\users\swalther\documents\books\aspnetmvcunleashed\chapter05 - understanding models\code\cs\efmvcapplication\efmvcapplication.tests\bin\debug\efmvcapplication.tests.dll" id="b4b74d9b-0ccd-be26-68b0-908bc2d672c0">
      <Css projectStructure="" iteration="" />
      <Owners>
        <Owner name="" />
      </Owners>
      <Execution id="3b3f4a58-7256-4e01-9ef7-40620663dbd1" />
      <TestMethod codeBase="C:\Users\swalther\Documents\Books\AspNetMvcUnleashed\Chapter05 - Understanding Models\Code\CS\EFMvcApplication\EFMvcApplication.Tests\bin\Debug\EFMvcApplication.Tests.dll" adapterTypeName="Microsoft.VisualStudio.TestTools.TestTypes.Unit.UnitTestAdapter, Microsoft.VisualStudio.QualityTools.Tips.UnitTest.Adapter, Version=9.0.0.0, Culture=neutral, PublicKeyToken=b03f5f7f11d50a3a" className="EFMvcApplication.Tests.Controllers.HomeControllerTestMock, EFMvcApplication.Tests" name="NameIsRequired" />
    </UnitTest>
  </TestDefinitions>
  <TestLists>
    <TestList name="Results Not in a List" id="8c84fa94-04c1-424b-9868-57a2d4851a1d" />
    <TestList name="All Loaded Results" id="19431567-8539-422a-85d7-44ee4e166bda" />
  </TestLists>
  <TestEntries>
    <TestEntry testId="b4b74d9b-0ccd-be26-68b0-908bc2d672c0" executionId="3b3f4a58-7256-4e01-9ef7-40620663dbd1" testListId="8c84fa94-04c1-424b-9868-57a2d4851a1d" />
  </TestEntries>
  <Results>
    <UnitTestResult executionId="3b3f4a58-7256-4e01-9ef7-40620663dbd1" testId="b4b74d9b-0ccd-be26-68b0-908bc2d672c0" testName="NameIsRequired" computerName="SWLAPTOP" duration="00:00:00.2453597" startTime="2009-02-26T21:08:38.9490000-08:00" endTime="2009-02-26T21:08:39.7590000-08:00" testType="13cdc9d9-ddb5-4fa4-a97d-d965ccfc6d4b" outcome="Passed" testListId="8c84fa94-04c1-424b-9868-57a2d4851a1d">
      <Output>
      </Output>
    </UnitTestResult>
  </Results>
</TestRun>