<?xml version="1.0" encoding="UTF-8"?>
<TestRun id="6c4f027b-c562-4246-9817-2e955b403c4c" name="swalther@SWLAPTOP 2009-05-24 15:31:10" runUser="REDMOND\swalther" xmlns="http://microsoft.com/schemas/VisualStudio/TeamTest/2006">
  <TestRunConfiguration name="Default Run Configuration" id="754d8a4a-b1e3-4f11-8541-3057466a72c2">
    <Deployment runDeploymentRoot="C:\Users\swalther\Documents\Books\AspNetMvcUnleashed\Chapter05 - Understanding Models\Code\CS\EFMvcApplication\TestResults\swalther_SWLAPTOP 2009-05-24 15_31_10">
      <DeploymentItem filename="C:\Users\swalther\Documents\Books\AspNetMvcUnleashed\Chapter05 - Understanding Models\Code\CS\EFMvcApplication\EFMvcApplication\bin\EFMvcApplication.dll" />
      <DeploymentItem filename="C:\Users\swalther\Documents\Books\AspNetMvcUnleashed\Chapter05 - Understanding Models\Code\CS\EFMvcApplication\EFMvcApplication.Tests\bin\Debug\Moq.dll" />
      <DeploymentItem filename="C:\Users\swalther\Documents\Books\AspNetMvcUnleashed\CommonCode\GenericRepository\GenericRepository\bin\Debug\GenericRepository.dll" />
    </Deployment>
    <Hosts skipUnhostableTests="false" />
    <TestTypeSpecific />
  </TestRunConfiguration>
  <ResultSummary outcome="Completed">
    <Counters total="2" executed="2" passed="2" error="0" failed="0" timeout="0" aborted="0" inconclusive="0" passedButRunAborted="0" notRunnable="0" notExecuted="0" disconnected="0" warning="0" completed="0" inProgress="0" pending="0" />
  </ResultSummary>
  <Times creation="2009-05-24T15:31:10.3850370-07:00" queuing="2009-05-24T15:31:14.1446611-07:00" start="2009-05-24T15:31:14.4566631-07:00" finish="2009-05-24T15:31:15.5954704-07:00" />
  <TestDefinitions>
    <UnitTest name="CreateThenList" storage="c:\users\swalther\documents\books\aspnetmvcunleashed\chapter05 - understanding models\code\cs\efmvcapplication\efmvcapplication.tests\bin\debug\efmvcapplication.tests.dll" id="6e0022fa-0049-8606-f556-e96efc0b424c">
      <Css projectStructure="" iteration="" />
      <Owners>
        <Owner name="" />
      </Owners>
      <Execution id="76d5cb50-27a0-4366-8109-02abe257942f" />
      <TestMethod codeBase="C:\Users\swalther\Documents\Books\AspNetMvcUnleashed\Chapter05 - Understanding Models\Code\CS\EFMvcApplication\EFMvcApplication.Tests\bin\Debug\EFMvcApplication.Tests.dll" adapterTypeName="Microsoft.VisualStudio.TestTools.TestTypes.Unit.UnitTestAdapter, Microsoft.VisualStudio.QualityTools.Tips.UnitTest.Adapter, Version=9.0.0.0, Culture=neutral, PublicKeyToken=b03f5f7f11d50a3a" className="EFMvcApplication.Tests.Controllers.HomeControllerTestFake, EFMvcApplication.Tests" name="CreateThenList" />
    </UnitTest>
    <UnitTest name="NameIsRequired" storage="c:\users\swalther\documents\books\aspnetmvcunleashed\chapter05 - understanding models\code\cs\efmvcapplication\efmvcapplication.tests\bin\debug\efmvcapplication.tests.dll" id="b4b74d9b-0ccd-be26-68b0-908bc2d672c0">
      <Css projectStructure="" iteration="" />
      <Owners>
        <Owner name="" />
      </Owners>
      <Execution id="0381a1a9-06b9-462f-a18c-3567bcbf144f" />
      <TestMethod codeBase="C:\Users\swalther\Documents\Books\AspNetMvcUnleashed\Chapter05 - Understanding Models\Code\CS\EFMvcApplication\EFMvcApplication.Tests\bin\Debug\EFMvcApplication.Tests.dll" adapterTypeName="Microsoft.VisualStudio.TestTools.TestTypes.Unit.UnitTestAdapter, Microsoft.VisualStudio.QualityTools.Tips.UnitTest.Adapter, Version=9.0.0.0, Culture=neutral, PublicKeyToken=b03f5f7f11d50a3a" className="EFMvcApplication.Tests.Controllers.HomeControllerTestMock, EFMvcApplication.Tests" name="NameIsRequired" />
    </UnitTest>
  </TestDefinitions>
  <TestLists>
    <TestList name="Results Not in a List" id="8c84fa94-04c1-424b-9868-57a2d4851a1d" />
    <TestList name="All Loaded Results" id="19431567-8539-422a-85d7-44ee4e166bda" />
  </TestLists>
  <TestEntries>
    <TestEntry testId="6e0022fa-0049-8606-f556-e96efc0b424c" executionId="76d5cb50-27a0-4366-8109-02abe257942f" testListId="8c84fa94-04c1-424b-9868-57a2d4851a1d" />
    <TestEntry testId="b4b74d9b-0ccd-be26-68b0-908bc2d672c0" executionId="0381a1a9-06b9-462f-a18c-3567bcbf144f" testListId="8c84fa94-04c1-424b-9868-57a2d4851a1d" />
  </TestEntries>
  <Results>
    <UnitTestResult executionId="76d5cb50-27a0-4366-8109-02abe257942f" testId="6e0022fa-0049-8606-f556-e96efc0b424c" testName="CreateThenList" computerName="SWLAPTOP" duration="00:00:00.1606222" startTime="2009-05-24T15:31:14.5346636-07:00" endTime="2009-05-24T15:31:15.2834684-07:00" testType="13cdc9d9-ddb5-4fa4-a97d-d965ccfc6d4b" outcome="Passed" testListId="8c84fa94-04c1-424b-9868-57a2d4851a1d">
      <Output>
      </Output>
    </UnitTestResult>
    <UnitTestResult executionId="0381a1a9-06b9-462f-a18c-3567bcbf144f" testId="b4b74d9b-0ccd-be26-68b0-908bc2d672c0" testName="NameIsRequired" computerName="SWLAPTOP" duration="00:00:00.1611988" startTime="2009-05-24T15:31:15.3302687-07:00" endTime="2009-05-24T15:31:15.4862697-07:00" testType="13cdc9d9-ddb5-4fa4-a97d-d965ccfc6d4b" outcome="Passed" testListId="8c84fa94-04c1-424b-9868-57a2d4851a1d">
      <Output>
      </Output>
    </UnitTestResult>
  </Results>
</TestRun>