<?xml version="1.0" encoding="UTF-8"?>
<TestRun id="64aa570f-b9ee-4944-bdc3-b9fb5c521f6f" name="swalther@SWLAPTOP 2009-02-26 21:08:23" runUser="REDMOND\swalther" xmlns="http://microsoft.com/schemas/VisualStudio/TeamTest/2006">
  <TestRunConfiguration name="Default Run Configuration" id="668c0321-362f-47cc-aa2c-6e627c0841c6">
    <Deployment runDeploymentRoot="C:\Users\swalther\Documents\Books\AspNetMvcUnleashed\Chapter05 - Understanding Models\Code\CS\EFMvcApplication\TestResults\swalther_SWLAPTOP 2009-02-26 21_08_23">
      <DeploymentItem filename="C:\Users\swalther\Documents\Books\AspNetMvcUnleashed\Chapter05 - Understanding Models\Code\CS\EFMvcApplication\EFMvcApplication\bin\EFMvcApplication.dll" />
      <DeploymentItem filename="C:\Users\swalther\Downloads\Moq.2.6.1014.1-bin\Moq.dll" />
      <DeploymentItem filename="C:\Users\swalther\Documents\Books\AspNetMvcUnleashed\CommonCode\GenericRepository\GenericRepository\bin\Debug\GenericRepository.dll" />
    </Deployment>
    <Hosts skipUnhostableTests="false" />
    <TestTypeSpecific />
  </TestRunConfiguration>
  <ResultSummary outcome="Failed">
    <Counters total="1" executed="1" error="0" failed="1" timeout="0" aborted="0" inconclusive="0" passedButRunAborted="0" notRunnable="0" notExecuted="0" disconnected="0" warning="0" passed="0" completed="0" inProgress="0" pending="0" />
  </ResultSummary>
  <Times creation="2009-02-26T21:08:23.1860000-08:00" queuing="2009-02-26T21:08:24.5030000-08:00" start="2009-02-26T21:08:24.7760000-08:00" finish="2009-02-26T21:08:25.7320000-08:00" />
  <TestDefinitions>
    <UnitTest name="NameIsRequired" storage="c:\users\swalther\documents\books\aspnetmvcunleashed\chapter05 - understanding models\code\cs\efmvcapplication\efmvcapplication.tests\bin\debug\efmvcapplication.tests.dll" id="b4b74d9b-0ccd-be26-68b0-908bc2d672c0">
      <Css projectStructure="" iteration="" />
      <Owners>
        <Owner name="" />
      </Owners>
      <Execution id="3e26a4e9-c426-4d4d-aa0a-8c57f0c619c8" />
      <TestMethod codeBase="C:\Users\swalther\Documents\Books\AspNetMvcUnleashed\Chapter05 - Understanding Models\Code\CS\EFMvcApplication\EFMvcApplication.Tests\bin\Debug\EFMvcApplication.Tests.dll" adapterTypeName="Microsoft.VisualStudio.TestTools.TestTypes.Unit.UnitTestAdapter, Microsoft.VisualStudio.QualityTools.Tips.UnitTest.Adapter, Version=9.0.0.0, Culture=neutral, PublicKeyToken=b03f5f7f11d50a3a" className="EFMvcApplication.Tests.Controllers.HomeControllerTestMock, EFMvcApplication.Tests" name="NameIsRequired" />
    </UnitTest>
  </TestDefinitions>
  <TestLists>
    <TestList name="Results Not in a List" id="8c84fa94-04c1-424b-9868-57a2d4851a1d" />
    <TestList name="All Loaded Results" id="19431567-8539-422a-85d7-44ee4e166bda" />
  </TestLists>
  <TestEntries>
    <TestEntry testId="b4b74d9b-0ccd-be26-68b0-908bc2d672c0" executionId="3e26a4e9-c426-4d4d-aa0a-8c57f0c619c8" testListId="8c84fa94-04c1-424b-9868-57a2d4851a1d" />
  </TestEntries>
  <Results>
    <UnitTestResult executionId="3e26a4e9-c426-4d4d-aa0a-8c57f0c619c8" testId="b4b74d9b-0ccd-be26-68b0-908bc2d672c0" testName="NameIsRequired" computerName="SWLAPTOP" duration="00:00:00.2346907" startTime="2009-02-26T21:08:24.8610000-08:00" endTime="2009-02-26T21:08:25.6160000-08:00" testType="13cdc9d9-ddb5-4fa4-a97d-d965ccfc6d4b" outcome="Failed" testListId="8c84fa94-04c1-424b-9868-57a2d4851a1d">
      <Output>
        <ErrorInfo>
          <Message>Assert.AreEqual failed. Expected:&lt;Product name is required&gt;. Actual:&lt;Product name is required.&gt;. </Message>
          <StackTrace>   at EFMvcApplication.Tests.Controllers.HomeControllerTestMock.NameIsRequired() in C:\Users\swalther\Documents\Books\AspNetMvcUnleashed\Chapter05 - Understanding Models\Code\CS\EFMvcApplication\EFMvcApplication.Tests\Controllers\HomeControllerTestMock.cs:line 35
</StackTrace>
        </ErrorInfo>
      </Output>
    </UnitTestResult>
  </Results>
</TestRun>