<?xml version="1.0" encoding="UTF-8"?>
<TestRun id="fa3642de-1421-4a3d-96cc-7c20c001ae30" name="swalther@SWLAPTOP 2009-04-06 15:12:44" runUser="REDMOND\swalther" xmlns="http://microsoft.com/schemas/VisualStudio/TeamTest/2006">
  <TestRunConfiguration name="Default Run Configuration" id="eac301e0-e39d-4cde-ae1f-949341413be7">
    <Deployment runDeploymentRoot="C:\Users\swalther\Documents\Books\AspNetMvcUnleashed\Chapter17 - Database Access\CS\UnleashedBlog\TestResults\swalther_SWLAPTOP 2009-04-06 15_12_44">
      <DeploymentItem filename="C:\Users\swalther\Documents\Books\AspNetMvcUnleashed\Chapter17 - Database Access\CS\UnleashedBlog\UnleashedBlog\bin\UnleashedBlog.dll" />
    </Deployment>
    <Hosts skipUnhostableTests="false" />
    <TestTypeSpecific />
  </TestRunConfiguration>
  <ResultSummary outcome="Completed">
    <Counters total="2" executed="2" passed="2" error="0" failed="0" timeout="0" aborted="0" inconclusive="0" passedButRunAborted="0" notRunnable="0" notExecuted="0" disconnected="0" warning="0" completed="0" inProgress="0" pending="0" />
  </ResultSummary>
  <Times creation="2009-04-06T15:12:44.8229868-07:00" queuing="2009-04-06T15:12:47.7616929-07:00" start="2009-04-06T15:12:48.0596631-07:00" finish="2009-04-06T15:12:48.8355855-07:00" />
  <TestDefinitions>
    <UnitTest name="ShowNewBlogEntries" storage="c:\users\swalther\documents\books\aspnetmvcunleashed\chapter17 - database access\cs\unleashedblog\unleashedblog.tests\bin\debug\unleashedblog.tests.dll" id="9a1a712c-80f0-6dd6-fcde-89e2b48a68f1">
      <Css projectStructure="" iteration="" />
      <Owners>
        <Owner name="" />
      </Owners>
      <Execution id="e9409d88-7d76-4dbd-96d3-faf5b32988bd" />
      <TestMethod codeBase="C:\Users\swalther\Documents\Books\AspNetMvcUnleashed\Chapter17 - Database Access\CS\UnleashedBlog\UnleashedBlog.Tests\bin\Debug\UnleashedBlog.Tests.dll" adapterTypeName="Microsoft.VisualStudio.TestTools.TestTypes.Unit.UnitTestAdapter, Microsoft.VisualStudio.QualityTools.Tips.UnitTest.Adapter, Version=9.0.0.0, Culture=neutral, PublicKeyToken=b03f5f7f11d50a3a" className="UnleashedBlog.Tests.Controllers.BlogControllerTests, UnleashedBlog.Tests" name="ShowNewBlogEntries" />
    </UnitTest>
    <UnitTest name="CreateBlogEntry" storage="c:\users\swalther\documents\books\aspnetmvcunleashed\chapter17 - database access\cs\unleashedblog\unleashedblog.tests\bin\debug\unleashedblog.tests.dll" id="cddc7caf-da78-b76d-6452-22ab4badf897">
      <Css projectStructure="" iteration="" />
      <Owners>
        <Owner name="" />
      </Owners>
      <Execution id="7fa7a94b-03f4-4615-a48a-9b30ac52d26e" />
      <TestMethod codeBase="C:\Users\swalther\Documents\Books\AspNetMvcUnleashed\Chapter17 - Database Access\CS\UnleashedBlog\UnleashedBlog.Tests\bin\Debug\UnleashedBlog.Tests.dll" adapterTypeName="Microsoft.VisualStudio.TestTools.TestTypes.Unit.UnitTestAdapter, Microsoft.VisualStudio.QualityTools.Tips.UnitTest.Adapter, Version=9.0.0.0, Culture=neutral, PublicKeyToken=b03f5f7f11d50a3a" className="UnleashedBlog.Tests.Controllers.BlogControllerTests, UnleashedBlog.Tests" name="CreateBlogEntry" />
    </UnitTest>
  </TestDefinitions>
  <TestLists>
    <TestList name="Results Not in a List" id="8c84fa94-04c1-424b-9868-57a2d4851a1d" />
    <TestList name="All Loaded Results" id="19431567-8539-422a-85d7-44ee4e166bda" />
  </TestLists>
  <TestEntries>
    <TestEntry testId="9a1a712c-80f0-6dd6-fcde-89e2b48a68f1" executionId="e9409d88-7d76-4dbd-96d3-faf5b32988bd" testListId="8c84fa94-04c1-424b-9868-57a2d4851a1d" />
    <TestEntry testId="cddc7caf-da78-b76d-6452-22ab4badf897" executionId="7fa7a94b-03f4-4615-a48a-9b30ac52d26e" testListId="8c84fa94-04c1-424b-9868-57a2d4851a1d" />
  </TestEntries>
  <Results>
    <UnitTestResult executionId="e9409d88-7d76-4dbd-96d3-faf5b32988bd" testId="9a1a712c-80f0-6dd6-fcde-89e2b48a68f1" testName="ShowNewBlogEntries" computerName="SWLAPTOP" duration="00:00:00.0428504" startTime="2009-04-06T15:12:48.1496541-07:00" endTime="2009-04-06T15:12:48.7025988-07:00" testType="13cdc9d9-ddb5-4fa4-a97d-d965ccfc6d4b" outcome="Passed" testListId="8c84fa94-04c1-424b-9868-57a2d4851a1d">
      <Output>
      </Output>
    </UnitTestResult>
    <UnitTestResult executionId="7fa7a94b-03f4-4615-a48a-9b30ac52d26e" testId="cddc7caf-da78-b76d-6452-22ab4badf897" testName="CreateBlogEntry" computerName="SWLAPTOP" duration="00:00:00.0151060" startTime="2009-04-06T15:12:48.7205970-07:00" endTime="2009-04-06T15:12:48.7395951-07:00" testType="13cdc9d9-ddb5-4fa4-a97d-d965ccfc6d4b" outcome="Passed" testListId="8c84fa94-04c1-424b-9868-57a2d4851a1d">
      <Output>
      </Output>
    </UnitTestResult>
  </Results>
</TestRun>