<?xml version="1.0" encoding="UTF-8"?>
<TestRun id="aaa72b5d-f71e-40b7-a6e0-a20682ab66da" name="swalther@SWLAPTOP 2009-04-25 21:24:55" runUser="REDMOND\swalther" xmlns="http://microsoft.com/schemas/VisualStudio/TeamTest/2006">
  <TestRunConfiguration name="Default Run Configuration" id="b27af6fc-7a11-4742-8802-4ff48419a01f">
    <Deployment runDeploymentRoot="C:\Users\swalther\Documents\Books\AspNetMvcUnleashed\Chapter18 - Creating the Routes\CS\UnleashedBlog\TestResults\swalther_SWLAPTOP 2009-04-25 21_24_55">
      <DeploymentItem filename="C:\Users\swalther\Documents\Books\AspNetMvcUnleashed\Chapter18 - Creating the Routes\CS\UnleashedBlog\UnleashedBlog\bin\UnleashedBlog.dll" />
      <DeploymentItem filename="C:\Users\swalther\Documents\Books\AspNetMvcUnleashed\CommonCode\RouteDebugger\RouteDebugger\bin\Debug\RouteDebugger.dll" />
      <DeploymentItem filename="C:\Users\swalther\Documents\Books\AspNetMvcUnleashed\CommonCode\MvcFakes\MvcFakes\bin\Debug\MvcFakes.dll" />
    </Deployment>
    <Hosts skipUnhostableTests="false" />
    <TestTypeSpecific />
  </TestRunConfiguration>
  <ResultSummary outcome="Completed">
    <Counters total="11" executed="11" passed="11" error="0" failed="0" timeout="0" aborted="0" inconclusive="0" passedButRunAborted="0" notRunnable="0" notExecuted="0" disconnected="0" warning="0" completed="0" inProgress="0" pending="0" />
  </ResultSummary>
  <Times creation="2009-04-25T21:24:55.6760000-07:00" queuing="2009-04-25T21:24:58.3690000-07:00" start="2009-04-25T21:24:58.7420000-07:00" finish="2009-04-25T21:24:59.8370000-07:00" />
  <TestDefinitions>
    <UnitTest name="CreateBlogEntry" storage="c:\users\swalther\documents\books\aspnetmvcunleashed\chapter18 - creating the routes\cs\unleashedblog\unleashedblog.tests\bin\debug\unleashedblog.tests.dll" id="cddc7caf-da78-b76d-6452-22ab4badf897">
      <Css projectStructure="" iteration="" />
      <Owners>
        <Owner name="" />
      </Owners>
      <Execution id="b21b350b-18fa-4447-b0cd-2f4df98b76c9" />
      <TestMethod codeBase="C:\Users\swalther\Documents\Books\AspNetMvcUnleashed\Chapter18 - Creating the Routes\CS\UnleashedBlog\UnleashedBlog.Tests\bin\Debug\UnleashedBlog.Tests.dll" adapterTypeName="Microsoft.VisualStudio.TestTools.TestTypes.Unit.UnitTestAdapter, Microsoft.VisualStudio.QualityTools.Tips.UnitTest.Adapter, Version=9.0.0.0, Culture=neutral, PublicKeyToken=b03f5f7f11d50a3a" className="UnleashedBlog.Tests.Controllers.BlogControllerTests, UnleashedBlog.Tests" name="CreateBlogEntry" />
    </UnitTest>
    <UnitTest name="DefaultRoute" storage="c:\users\swalther\documents\books\aspnetmvcunleashed\chapter18 - creating the routes\cs\unleashedblog\unleashedblog.tests\bin\debug\unleashedblog.tests.dll" id="61b7311d-ab65-b688-47ad-3f6effc369f9">
      <Css projectStructure="" iteration="" />
      <Owners>
        <Owner name="" />
      </Owners>
      <Execution id="fd9c2f77-12df-40df-ab78-8af0911c2529" />
      <TestMethod codeBase="C:\Users\swalther\Documents\Books\AspNetMvcUnleashed\Chapter18 - Creating the Routes\CS\UnleashedBlog\UnleashedBlog.Tests\bin\Debug\UnleashedBlog.Tests.dll" adapterTypeName="Microsoft.VisualStudio.TestTools.TestTypes.Unit.UnitTestAdapter, Microsoft.VisualStudio.QualityTools.Tips.UnitTest.Adapter, Version=9.0.0.0, Culture=neutral, PublicKeyToken=b03f5f7f11d50a3a" className="UnleashedBlog.Tests.Routes.RouteTests, UnleashedBlog.Tests" name="DefaultRoute" />
    </UnitTest>
    <UnitTest name="ArchiveYearMonthDayName" storage="c:\users\swalther\documents\books\aspnetmvcunleashed\chapter18 - creating the routes\cs\unleashedblog\unleashedblog.tests\bin\debug\unleashedblog.tests.dll" id="a4e681db-28c1-5812-ac7f-21097a8a356c">
      <Css projectStructure="" iteration="" />
      <Owners>
        <Owner name="" />
      </Owners>
      <Execution id="9a3e06c3-3925-4667-bfb6-9c614ccc85ad" />
      <TestMethod codeBase="C:\Users\swalther\Documents\Books\AspNetMvcUnleashed\Chapter18 - Creating the Routes\CS\UnleashedBlog\UnleashedBlog.Tests\bin\Debug\UnleashedBlog.Tests.dll" adapterTypeName="Microsoft.VisualStudio.TestTools.TestTypes.Unit.UnitTestAdapter, Microsoft.VisualStudio.QualityTools.Tips.UnitTest.Adapter, Version=9.0.0.0, Culture=neutral, PublicKeyToken=b03f5f7f11d50a3a" className="UnleashedBlog.Tests.Routes.RouteTests, UnleashedBlog.Tests" name="ArchiveYearMonthDayName" />
    </UnitTest>
    <UnitTest name="ArchiveYearMonth" storage="c:\users\swalther\documents\books\aspnetmvcunleashed\chapter18 - creating the routes\cs\unleashedblog\unleashedblog.tests\bin\debug\unleashedblog.tests.dll" id="3d109e96-d6b0-e1f2-4592-7f307cb1809f">
      <Css projectStructure="" iteration="" />
      <Owners>
        <Owner name="" />
      </Owners>
      <Execution id="a6a3b158-5389-4627-9822-c8dd3869ef1b" />
      <TestMethod codeBase="C:\Users\swalther\Documents\Books\AspNetMvcUnleashed\Chapter18 - Creating the Routes\CS\UnleashedBlog\UnleashedBlog.Tests\bin\Debug\UnleashedBlog.Tests.dll" adapterTypeName="Microsoft.VisualStudio.TestTools.TestTypes.Unit.UnitTestAdapter, Microsoft.VisualStudio.QualityTools.Tips.UnitTest.Adapter, Version=9.0.0.0, Culture=neutral, PublicKeyToken=b03f5f7f11d50a3a" className="UnleashedBlog.Tests.Routes.RouteTests, UnleashedBlog.Tests" name="ArchiveYearMonth" />
    </UnitTest>
    <UnitTest name="IndexReturnsBlogEntryByName" storage="c:\users\swalther\documents\books\aspnetmvcunleashed\chapter18 - creating the routes\cs\unleashedblog\unleashedblog.tests\bin\debug\unleashedblog.tests.dll" id="9cd2d8b0-5e13-5da4-773b-45607ed534f2">
      <Css projectStructure="" iteration="" />
      <Owners>
        <Owner name="" />
      </Owners>
      <Execution id="e81d4a0a-889f-45d3-89d4-0d80707aacc2" />
      <TestMethod codeBase="C:\Users\swalther\Documents\Books\AspNetMvcUnleashed\Chapter18 - Creating the Routes\CS\UnleashedBlog\UnleashedBlog.Tests\bin\Debug\UnleashedBlog.Tests.dll" adapterTypeName="Microsoft.VisualStudio.TestTools.TestTypes.Unit.UnitTestAdapter, Microsoft.VisualStudio.QualityTools.Tips.UnitTest.Adapter, Version=9.0.0.0, Culture=neutral, PublicKeyToken=b03f5f7f11d50a3a" className="UnleashedBlog.Tests.Controllers.ArchiveControllerTests, UnleashedBlog.Tests" name="IndexReturnsBlogEntryByName" />
    </UnitTest>
    <UnitTest name="IndexReturnsBlogEntriesByDay" storage="c:\users\swalther\documents\books\aspnetmvcunleashed\chapter18 - creating the routes\cs\unleashedblog\unleashedblog.tests\bin\debug\unleashedblog.tests.dll" id="8db8b103-f679-e45e-c57f-eaad82eb12aa">
      <Css projectStructure="" iteration="" />
      <Owners>
        <Owner name="" />
      </Owners>
      <Execution id="88deabb8-bddb-4dad-92af-91680d6efba4" />
      <TestMethod codeBase="C:\Users\swalther\Documents\Books\AspNetMvcUnleashed\Chapter18 - Creating the Routes\CS\UnleashedBlog\UnleashedBlog.Tests\bin\Debug\UnleashedBlog.Tests.dll" adapterTypeName="Microsoft.VisualStudio.TestTools.TestTypes.Unit.UnitTestAdapter, Microsoft.VisualStudio.QualityTools.Tips.UnitTest.Adapter, Version=9.0.0.0, Culture=neutral, PublicKeyToken=b03f5f7f11d50a3a" className="UnleashedBlog.Tests.Controllers.ArchiveControllerTests, UnleashedBlog.Tests" name="IndexReturnsBlogEntriesByDay" />
    </UnitTest>
    <UnitTest name="IndexReturnsBlogEntriesByMonth" storage="c:\users\swalther\documents\books\aspnetmvcunleashed\chapter18 - creating the routes\cs\unleashedblog\unleashedblog.tests\bin\debug\unleashedblog.tests.dll" id="ff1c42f4-0f67-ac38-b2f5-2a2b13f18f3b">
      <Css projectStructure="" iteration="" />
      <Owners>
        <Owner name="" />
      </Owners>
      <Execution id="968c6149-e04a-4ddf-96fa-6fef2ed7ffb7" />
      <TestMethod codeBase="C:\Users\swalther\Documents\Books\AspNetMvcUnleashed\Chapter18 - Creating the Routes\CS\UnleashedBlog\UnleashedBlog.Tests\bin\Debug\UnleashedBlog.Tests.dll" adapterTypeName="Microsoft.VisualStudio.TestTools.TestTypes.Unit.UnitTestAdapter, Microsoft.VisualStudio.QualityTools.Tips.UnitTest.Adapter, Version=9.0.0.0, Culture=neutral, PublicKeyToken=b03f5f7f11d50a3a" className="UnleashedBlog.Tests.Controllers.ArchiveControllerTests, UnleashedBlog.Tests" name="IndexReturnsBlogEntriesByMonth" />
    </UnitTest>
    <UnitTest name="ArchiveYear" storage="c:\users\swalther\documents\books\aspnetmvcunleashed\chapter18 - creating the routes\cs\unleashedblog\unleashedblog.tests\bin\debug\unleashedblog.tests.dll" id="2974ea07-7de4-4e6c-4a19-e3002dba59a1">
      <Css projectStructure="" iteration="" />
      <Owners>
        <Owner name="" />
      </Owners>
      <Execution id="da830d1c-2e52-40bd-a3ca-0ba256d85280" />
      <TestMethod codeBase="C:\Users\swalther\Documents\Books\AspNetMvcUnleashed\Chapter18 - Creating the Routes\CS\UnleashedBlog\UnleashedBlog.Tests\bin\Debug\UnleashedBlog.Tests.dll" adapterTypeName="Microsoft.VisualStudio.TestTools.TestTypes.Unit.UnitTestAdapter, Microsoft.VisualStudio.QualityTools.Tips.UnitTest.Adapter, Version=9.0.0.0, Culture=neutral, PublicKeyToken=b03f5f7f11d50a3a" className="UnleashedBlog.Tests.Routes.RouteTests, UnleashedBlog.Tests" name="ArchiveYear" />
    </UnitTest>
    <UnitTest name="IndexReturnsBlogEntriesByYear" storage="c:\users\swalther\documents\books\aspnetmvcunleashed\chapter18 - creating the routes\cs\unleashedblog\unleashedblog.tests\bin\debug\unleashedblog.tests.dll" id="8575298e-a3af-44da-f02a-80c71bfa25b2">
      <Css projectStructure="" iteration="" />
      <Owners>
        <Owner name="" />
      </Owners>
      <Execution id="a8a3e6b6-29bf-4b06-ad16-97fb59bb40c1" />
      <TestMethod codeBase="C:\Users\swalther\Documents\Books\AspNetMvcUnleashed\Chapter18 - Creating the Routes\CS\UnleashedBlog\UnleashedBlog.Tests\bin\Debug\UnleashedBlog.Tests.dll" adapterTypeName="Microsoft.VisualStudio.TestTools.TestTypes.Unit.UnitTestAdapter, Microsoft.VisualStudio.QualityTools.Tips.UnitTest.Adapter, Version=9.0.0.0, Culture=neutral, PublicKeyToken=b03f5f7f11d50a3a" className="UnleashedBlog.Tests.Controllers.ArchiveControllerTests, UnleashedBlog.Tests" name="IndexReturnsBlogEntriesByYear" />
    </UnitTest>
    <UnitTest name="ArchiveYearMonthDay" storage="c:\users\swalther\documents\books\aspnetmvcunleashed\chapter18 - creating the routes\cs\unleashedblog\unleashedblog.tests\bin\debug\unleashedblog.tests.dll" id="2b21ad28-1d0b-ac19-85ec-db7aaf58c558">
      <Css projectStructure="" iteration="" />
      <Owners>
        <Owner name="" />
      </Owners>
      <Execution id="b9a93ab1-9d3a-4a11-8946-281aedb04a5a" />
      <TestMethod codeBase="C:\Users\swalther\Documents\Books\AspNetMvcUnleashed\Chapter18 - Creating the Routes\CS\UnleashedBlog\UnleashedBlog.Tests\bin\Debug\UnleashedBlog.Tests.dll" adapterTypeName="Microsoft.VisualStudio.TestTools.TestTypes.Unit.UnitTestAdapter, Microsoft.VisualStudio.QualityTools.Tips.UnitTest.Adapter, Version=9.0.0.0, Culture=neutral, PublicKeyToken=b03f5f7f11d50a3a" className="UnleashedBlog.Tests.Routes.RouteTests, UnleashedBlog.Tests" name="ArchiveYearMonthDay" />
    </UnitTest>
    <UnitTest name="ShowNewBlogEntries" storage="c:\users\swalther\documents\books\aspnetmvcunleashed\chapter18 - creating the routes\cs\unleashedblog\unleashedblog.tests\bin\debug\unleashedblog.tests.dll" id="9a1a712c-80f0-6dd6-fcde-89e2b48a68f1">
      <Css projectStructure="" iteration="" />
      <Owners>
        <Owner name="" />
      </Owners>
      <Execution id="9ae11ce0-791d-49fd-a579-c9b955335447" />
      <TestMethod codeBase="C:\Users\swalther\Documents\Books\AspNetMvcUnleashed\Chapter18 - Creating the Routes\CS\UnleashedBlog\UnleashedBlog.Tests\bin\Debug\UnleashedBlog.Tests.dll" adapterTypeName="Microsoft.VisualStudio.TestTools.TestTypes.Unit.UnitTestAdapter, Microsoft.VisualStudio.QualityTools.Tips.UnitTest.Adapter, Version=9.0.0.0, Culture=neutral, PublicKeyToken=b03f5f7f11d50a3a" className="UnleashedBlog.Tests.Controllers.BlogControllerTests, UnleashedBlog.Tests" name="ShowNewBlogEntries" />
    </UnitTest>
  </TestDefinitions>
  <TestLists>
    <TestList name="Results Not in a List" id="8c84fa94-04c1-424b-9868-57a2d4851a1d" />
    <TestList name="All Loaded Results" id="19431567-8539-422a-85d7-44ee4e166bda" />
  </TestLists>
  <TestEntries>
    <TestEntry testId="2974ea07-7de4-4e6c-4a19-e3002dba59a1" executionId="da830d1c-2e52-40bd-a3ca-0ba256d85280" testListId="8c84fa94-04c1-424b-9868-57a2d4851a1d" />
    <TestEntry testId="2b21ad28-1d0b-ac19-85ec-db7aaf58c558" executionId="b9a93ab1-9d3a-4a11-8946-281aedb04a5a" testListId="8c84fa94-04c1-424b-9868-57a2d4851a1d" />
    <TestEntry testId="3d109e96-d6b0-e1f2-4592-7f307cb1809f" executionId="a6a3b158-5389-4627-9822-c8dd3869ef1b" testListId="8c84fa94-04c1-424b-9868-57a2d4851a1d" />
    <TestEntry testId="61b7311d-ab65-b688-47ad-3f6effc369f9" executionId="fd9c2f77-12df-40df-ab78-8af0911c2529" testListId="8c84fa94-04c1-424b-9868-57a2d4851a1d" />
    <TestEntry testId="8575298e-a3af-44da-f02a-80c71bfa25b2" executionId="a8a3e6b6-29bf-4b06-ad16-97fb59bb40c1" testListId="8c84fa94-04c1-424b-9868-57a2d4851a1d" />
    <TestEntry testId="8db8b103-f679-e45e-c57f-eaad82eb12aa" executionId="88deabb8-bddb-4dad-92af-91680d6efba4" testListId="8c84fa94-04c1-424b-9868-57a2d4851a1d" />
    <TestEntry testId="9a1a712c-80f0-6dd6-fcde-89e2b48a68f1" executionId="9ae11ce0-791d-49fd-a579-c9b955335447" testListId="8c84fa94-04c1-424b-9868-57a2d4851a1d" />
    <TestEntry testId="9cd2d8b0-5e13-5da4-773b-45607ed534f2" executionId="e81d4a0a-889f-45d3-89d4-0d80707aacc2" testListId="8c84fa94-04c1-424b-9868-57a2d4851a1d" />
    <TestEntry testId="a4e681db-28c1-5812-ac7f-21097a8a356c" executionId="9a3e06c3-3925-4667-bfb6-9c614ccc85ad" testListId="8c84fa94-04c1-424b-9868-57a2d4851a1d" />
    <TestEntry testId="cddc7caf-da78-b76d-6452-22ab4badf897" executionId="b21b350b-18fa-4447-b0cd-2f4df98b76c9" testListId="8c84fa94-04c1-424b-9868-57a2d4851a1d" />
    <TestEntry testId="ff1c42f4-0f67-ac38-b2f5-2a2b13f18f3b" executionId="968c6149-e04a-4ddf-96fa-6fef2ed7ffb7" testListId="8c84fa94-04c1-424b-9868-57a2d4851a1d" />
  </TestEntries>
  <Results>
    <UnitTestResult executionId="da830d1c-2e52-40bd-a3ca-0ba256d85280" testId="2974ea07-7de4-4e6c-4a19-e3002dba59a1" testName="ArchiveYear" computerName="SWLAPTOP" duration="00:00:00.1359908" startTime="2009-04-25T21:24:58.8290000-07:00" endTime="2009-04-25T21:24:59.5030000-07:00" testType="13cdc9d9-ddb5-4fa4-a97d-d965ccfc6d4b" outcome="Passed" testListId="8c84fa94-04c1-424b-9868-57a2d4851a1d">
      <Output>
      </Output>
    </UnitTestResult>
    <UnitTestResult executionId="b9a93ab1-9d3a-4a11-8946-281aedb04a5a" testId="2b21ad28-1d0b-ac19-85ec-db7aaf58c558" testName="ArchiveYearMonthDay" computerName="SWLAPTOP" duration="00:00:00.0007535" startTime="2009-04-25T21:24:59.5200000-07:00" endTime="2009-04-25T21:24:59.5270000-07:00" testType="13cdc9d9-ddb5-4fa4-a97d-d965ccfc6d4b" outcome="Passed" testListId="8c84fa94-04c1-424b-9868-57a2d4851a1d">
      <Output>
      </Output>
    </UnitTestResult>
    <UnitTestResult executionId="a6a3b158-5389-4627-9822-c8dd3869ef1b" testId="3d109e96-d6b0-e1f2-4592-7f307cb1809f" testName="ArchiveYearMonth" computerName="SWLAPTOP" duration="00:00:00.0007222" startTime="2009-04-25T21:24:59.5340000-07:00" endTime="2009-04-25T21:24:59.5380000-07:00" testType="13cdc9d9-ddb5-4fa4-a97d-d965ccfc6d4b" outcome="Passed" testListId="8c84fa94-04c1-424b-9868-57a2d4851a1d">
      <Output>
      </Output>
    </UnitTestResult>
    <UnitTestResult executionId="fd9c2f77-12df-40df-ab78-8af0911c2529" testId="61b7311d-ab65-b688-47ad-3f6effc369f9" testName="DefaultRoute" computerName="SWLAPTOP" duration="00:00:00.0006238" startTime="2009-04-25T21:24:59.5440000-07:00" endTime="2009-04-25T21:24:59.5480000-07:00" testType="13cdc9d9-ddb5-4fa4-a97d-d965ccfc6d4b" outcome="Passed" testListId="8c84fa94-04c1-424b-9868-57a2d4851a1d">
      <Output>
      </Output>
    </UnitTestResult>
    <UnitTestResult executionId="a8a3e6b6-29bf-4b06-ad16-97fb59bb40c1" testId="8575298e-a3af-44da-f02a-80c71bfa25b2" testName="IndexReturnsBlogEntriesByYear" computerName="SWLAPTOP" duration="00:00:00.0582920" startTime="2009-04-25T21:24:59.5560000-07:00" endTime="2009-04-25T21:24:59.6170000-07:00" testType="13cdc9d9-ddb5-4fa4-a97d-d965ccfc6d4b" outcome="Passed" testListId="8c84fa94-04c1-424b-9868-57a2d4851a1d">
      <Output>
      </Output>
    </UnitTestResult>
    <UnitTestResult executionId="88deabb8-bddb-4dad-92af-91680d6efba4" testId="8db8b103-f679-e45e-c57f-eaad82eb12aa" testName="IndexReturnsBlogEntriesByDay" computerName="SWLAPTOP" duration="00:00:00.0052024" startTime="2009-04-25T21:24:59.6310000-07:00" endTime="2009-04-25T21:24:59.6550000-07:00" testType="13cdc9d9-ddb5-4fa4-a97d-d965ccfc6d4b" outcome="Passed" testListId="8c84fa94-04c1-424b-9868-57a2d4851a1d">
      <Output>
      </Output>
    </UnitTestResult>
    <UnitTestResult executionId="9ae11ce0-791d-49fd-a579-c9b955335447" testId="9a1a712c-80f0-6dd6-fcde-89e2b48a68f1" testName="ShowNewBlogEntries" computerName="SWLAPTOP" duration="00:00:00.0018521" startTime="2009-04-25T21:24:59.6640000-07:00" endTime="2009-04-25T21:24:59.6690000-07:00" testType="13cdc9d9-ddb5-4fa4-a97d-d965ccfc6d4b" outcome="Passed" testListId="8c84fa94-04c1-424b-9868-57a2d4851a1d">
      <Output>
      </Output>
    </UnitTestResult>
    <UnitTestResult executionId="e81d4a0a-889f-45d3-89d4-0d80707aacc2" testId="9cd2d8b0-5e13-5da4-773b-45607ed534f2" testName="IndexReturnsBlogEntryByName" computerName="SWLAPTOP" duration="00:00:00.0025471" startTime="2009-04-25T21:24:59.6800000-07:00" endTime="2009-04-25T21:24:59.6870000-07:00" testType="13cdc9d9-ddb5-4fa4-a97d-d965ccfc6d4b" outcome="Passed" testListId="8c84fa94-04c1-424b-9868-57a2d4851a1d">
      <Output>
      </Output>
    </UnitTestResult>
    <UnitTestResult executionId="9a3e06c3-3925-4667-bfb6-9c614ccc85ad" testId="a4e681db-28c1-5812-ac7f-21097a8a356c" testName="ArchiveYearMonthDayName" computerName="SWLAPTOP" duration="00:00:00.0008134" startTime="2009-04-25T21:24:59.6930000-07:00" endTime="2009-04-25T21:24:59.6980000-07:00" testType="13cdc9d9-ddb5-4fa4-a97d-d965ccfc6d4b" outcome="Passed" testListId="8c84fa94-04c1-424b-9868-57a2d4851a1d">
      <Output>
      </Output>
    </UnitTestResult>
    <UnitTestResult executionId="b21b350b-18fa-4447-b0cd-2f4df98b76c9" testId="cddc7caf-da78-b76d-6452-22ab4badf897" testName="CreateBlogEntry" computerName="SWLAPTOP" duration="00:00:00.0007209" startTime="2009-04-25T21:24:59.7050000-07:00" endTime="2009-04-25T21:24:59.7080000-07:00" testType="13cdc9d9-ddb5-4fa4-a97d-d965ccfc6d4b" outcome="Passed" testListId="8c84fa94-04c1-424b-9868-57a2d4851a1d">
      <Output>
      </Output>
    </UnitTestResult>
    <UnitTestResult executionId="968c6149-e04a-4ddf-96fa-6fef2ed7ffb7" testId="ff1c42f4-0f67-ac38-b2f5-2a2b13f18f3b" testName="IndexReturnsBlogEntriesByMonth" computerName="SWLAPTOP" duration="00:00:00.0038161" startTime="2009-04-25T21:24:59.7150000-07:00" endTime="2009-04-25T21:24:59.7260000-07:00" testType="13cdc9d9-ddb5-4fa4-a97d-d965ccfc6d4b" outcome="Passed" testListId="8c84fa94-04c1-424b-9868-57a2d4851a1d">
      <Output>
      </Output>
    </UnitTestResult>
  </Results>
</TestRun>