<?xml version="1.0" encoding="UTF-8"?>
<TestRun id="c5d51ac4-03bd-4378-a45d-5fc4c8941981" name="swalther@SWLAPTOP 2009-04-06 19:14:23" runUser="REDMOND\swalther" xmlns="http://microsoft.com/schemas/VisualStudio/TeamTest/2006">
  <TestRunConfiguration name="Default Run Configuration" id="380713bd-2f89-434f-9812-bed409c81a2f">
    <Deployment runDeploymentRoot="C:\Users\swalther\Documents\Books\AspNetMvcUnleashed\Chapter18 - Creating the Routes\CS\UnleashedBlog\TestResults\swalther_SWLAPTOP 2009-04-06 19_14_23">
      <DeploymentItem filename="C:\Users\swalther\Documents\Books\AspNetMvcUnleashed\Chapter18 - Creating the Routes\CS\UnleashedBlog\UnleashedBlog\bin\UnleashedBlog.dll" />
      <DeploymentItem filename="C:\Users\swalther\Documents\Books\AspNetMvcUnleashed\CommonCode\RouteDebugger\RouteDebugger\bin\Debug\RouteDebugger.dll" />
      <DeploymentItem filename="C:\Users\swalther\Documents\Books\AspNetMvcUnleashed\CommonCode\MvcFakes\MvcFakes\bin\Debug\MvcFakes.dll" />
    </Deployment>
    <Hosts skipUnhostableTests="false" />
    <TestTypeSpecific />
  </TestRunConfiguration>
  <ResultSummary outcome="Completed">
    <Counters total="11" executed="11" passed="11" error="0" failed="0" timeout="0" aborted="0" inconclusive="0" passedButRunAborted="0" notRunnable="0" notExecuted="0" disconnected="0" warning="0" completed="0" inProgress="0" pending="0" />
  </ResultSummary>
  <Times creation="2009-04-06T19:14:23.6275890-07:00" queuing="2009-04-06T19:14:25.8736499-07:00" start="2009-04-06T19:14:26.2546347-07:00" finish="2009-04-06T19:14:27.3762073-07:00" />
  <TestDefinitions>
    <UnitTest name="CreateBlogEntry" storage="c:\users\swalther\documents\books\aspnetmvcunleashed\chapter18 - creating the routes\cs\unleashedblog\unleashedblog.tests\bin\debug\unleashedblog.tests.dll" id="cddc7caf-da78-b76d-6452-22ab4badf897">
      <Css projectStructure="" iteration="" />
      <Owners>
        <Owner name="" />
      </Owners>
      <Execution id="7fd7b489-169a-46bf-899a-7695f8d740a0" />
      <TestMethod codeBase="C:\Users\swalther\Documents\Books\AspNetMvcUnleashed\Chapter18 - Creating the Routes\CS\UnleashedBlog\UnleashedBlog.Tests\bin\Debug\UnleashedBlog.Tests.dll" adapterTypeName="Microsoft.VisualStudio.TestTools.TestTypes.Unit.UnitTestAdapter, Microsoft.VisualStudio.QualityTools.Tips.UnitTest.Adapter, Version=9.0.0.0, Culture=neutral, PublicKeyToken=b03f5f7f11d50a3a" className="UnleashedBlog.Tests.Controllers.BlogControllerTests, UnleashedBlog.Tests" name="CreateBlogEntry" />
    </UnitTest>
    <UnitTest name="DefaultRoute" storage="c:\users\swalther\documents\books\aspnetmvcunleashed\chapter18 - creating the routes\cs\unleashedblog\unleashedblog.tests\bin\debug\unleashedblog.tests.dll" id="61b7311d-ab65-b688-47ad-3f6effc369f9">
      <Css projectStructure="" iteration="" />
      <Owners>
        <Owner name="" />
      </Owners>
      <Execution id="9b15b7d8-90dd-46b2-a682-90b389e64399" />
      <TestMethod codeBase="C:\Users\swalther\Documents\Books\AspNetMvcUnleashed\Chapter18 - Creating the Routes\CS\UnleashedBlog\UnleashedBlog.Tests\bin\Debug\UnleashedBlog.Tests.dll" adapterTypeName="Microsoft.VisualStudio.TestTools.TestTypes.Unit.UnitTestAdapter, Microsoft.VisualStudio.QualityTools.Tips.UnitTest.Adapter, Version=9.0.0.0, Culture=neutral, PublicKeyToken=b03f5f7f11d50a3a" className="UnleashedBlog.Tests.Routes.RouteTests, UnleashedBlog.Tests" name="DefaultRoute" />
    </UnitTest>
    <UnitTest name="ArchiveYearMonthDayName" storage="c:\users\swalther\documents\books\aspnetmvcunleashed\chapter18 - creating the routes\cs\unleashedblog\unleashedblog.tests\bin\debug\unleashedblog.tests.dll" id="a4e681db-28c1-5812-ac7f-21097a8a356c">
      <Css projectStructure="" iteration="" />
      <Owners>
        <Owner name="" />
      </Owners>
      <Execution id="e01e6233-2fa3-4b86-b1b0-52f0d90142b9" />
      <TestMethod codeBase="C:\Users\swalther\Documents\Books\AspNetMvcUnleashed\Chapter18 - Creating the Routes\CS\UnleashedBlog\UnleashedBlog.Tests\bin\Debug\UnleashedBlog.Tests.dll" adapterTypeName="Microsoft.VisualStudio.TestTools.TestTypes.Unit.UnitTestAdapter, Microsoft.VisualStudio.QualityTools.Tips.UnitTest.Adapter, Version=9.0.0.0, Culture=neutral, PublicKeyToken=b03f5f7f11d50a3a" className="UnleashedBlog.Tests.Routes.RouteTests, UnleashedBlog.Tests" name="ArchiveYearMonthDayName" />
    </UnitTest>
    <UnitTest name="ArchiveYearMonth" storage="c:\users\swalther\documents\books\aspnetmvcunleashed\chapter18 - creating the routes\cs\unleashedblog\unleashedblog.tests\bin\debug\unleashedblog.tests.dll" id="3d109e96-d6b0-e1f2-4592-7f307cb1809f">
      <Css projectStructure="" iteration="" />
      <Owners>
        <Owner name="" />
      </Owners>
      <Execution id="37e20755-c65f-475a-aa76-1dc962becae8" />
      <TestMethod codeBase="C:\Users\swalther\Documents\Books\AspNetMvcUnleashed\Chapter18 - Creating the Routes\CS\UnleashedBlog\UnleashedBlog.Tests\bin\Debug\UnleashedBlog.Tests.dll" adapterTypeName="Microsoft.VisualStudio.TestTools.TestTypes.Unit.UnitTestAdapter, Microsoft.VisualStudio.QualityTools.Tips.UnitTest.Adapter, Version=9.0.0.0, Culture=neutral, PublicKeyToken=b03f5f7f11d50a3a" className="UnleashedBlog.Tests.Routes.RouteTests, UnleashedBlog.Tests" name="ArchiveYearMonth" />
    </UnitTest>
    <UnitTest name="IndexReturnsBlogEntryByName" storage="c:\users\swalther\documents\books\aspnetmvcunleashed\chapter18 - creating the routes\cs\unleashedblog\unleashedblog.tests\bin\debug\unleashedblog.tests.dll" id="9cd2d8b0-5e13-5da4-773b-45607ed534f2">
      <Css projectStructure="" iteration="" />
      <Owners>
        <Owner name="" />
      </Owners>
      <Execution id="7cb3bb9b-243c-4b00-a59a-a3e685040627" />
      <TestMethod codeBase="C:\Users\swalther\Documents\Books\AspNetMvcUnleashed\Chapter18 - Creating the Routes\CS\UnleashedBlog\UnleashedBlog.Tests\bin\Debug\UnleashedBlog.Tests.dll" adapterTypeName="Microsoft.VisualStudio.TestTools.TestTypes.Unit.UnitTestAdapter, Microsoft.VisualStudio.QualityTools.Tips.UnitTest.Adapter, Version=9.0.0.0, Culture=neutral, PublicKeyToken=b03f5f7f11d50a3a" className="UnleashedBlog.Tests.Controllers.ArchiveControllerTests, UnleashedBlog.Tests" name="IndexReturnsBlogEntryByName" />
    </UnitTest>
    <UnitTest name="IndexReturnsBlogEntriesByDay" storage="c:\users\swalther\documents\books\aspnetmvcunleashed\chapter18 - creating the routes\cs\unleashedblog\unleashedblog.tests\bin\debug\unleashedblog.tests.dll" id="8db8b103-f679-e45e-c57f-eaad82eb12aa">
      <Css projectStructure="" iteration="" />
      <Owners>
        <Owner name="" />
      </Owners>
      <Execution id="84c986c1-fc7d-4945-9ace-8a120c8d75dc" />
      <TestMethod codeBase="C:\Users\swalther\Documents\Books\AspNetMvcUnleashed\Chapter18 - Creating the Routes\CS\UnleashedBlog\UnleashedBlog.Tests\bin\Debug\UnleashedBlog.Tests.dll" adapterTypeName="Microsoft.VisualStudio.TestTools.TestTypes.Unit.UnitTestAdapter, Microsoft.VisualStudio.QualityTools.Tips.UnitTest.Adapter, Version=9.0.0.0, Culture=neutral, PublicKeyToken=b03f5f7f11d50a3a" className="UnleashedBlog.Tests.Controllers.ArchiveControllerTests, UnleashedBlog.Tests" name="IndexReturnsBlogEntriesByDay" />
    </UnitTest>
    <UnitTest name="IndexReturnsBlogEntriesByMonth" storage="c:\users\swalther\documents\books\aspnetmvcunleashed\chapter18 - creating the routes\cs\unleashedblog\unleashedblog.tests\bin\debug\unleashedblog.tests.dll" id="ff1c42f4-0f67-ac38-b2f5-2a2b13f18f3b">
      <Css projectStructure="" iteration="" />
      <Owners>
        <Owner name="" />
      </Owners>
      <Execution id="3b493973-4711-40d3-9110-a69fb939861d" />
      <TestMethod codeBase="C:\Users\swalther\Documents\Books\AspNetMvcUnleashed\Chapter18 - Creating the Routes\CS\UnleashedBlog\UnleashedBlog.Tests\bin\Debug\UnleashedBlog.Tests.dll" adapterTypeName="Microsoft.VisualStudio.TestTools.TestTypes.Unit.UnitTestAdapter, Microsoft.VisualStudio.QualityTools.Tips.UnitTest.Adapter, Version=9.0.0.0, Culture=neutral, PublicKeyToken=b03f5f7f11d50a3a" className="UnleashedBlog.Tests.Controllers.ArchiveControllerTests, UnleashedBlog.Tests" name="IndexReturnsBlogEntriesByMonth" />
    </UnitTest>
    <UnitTest name="ArchiveYear" storage="c:\users\swalther\documents\books\aspnetmvcunleashed\chapter18 - creating the routes\cs\unleashedblog\unleashedblog.tests\bin\debug\unleashedblog.tests.dll" id="2974ea07-7de4-4e6c-4a19-e3002dba59a1">
      <Css projectStructure="" iteration="" />
      <Owners>
        <Owner name="" />
      </Owners>
      <Execution id="f91818a5-60bf-41e2-8b1e-f9db34c55a13" />
      <TestMethod codeBase="C:\Users\swalther\Documents\Books\AspNetMvcUnleashed\Chapter18 - Creating the Routes\CS\UnleashedBlog\UnleashedBlog.Tests\bin\Debug\UnleashedBlog.Tests.dll" adapterTypeName="Microsoft.VisualStudio.TestTools.TestTypes.Unit.UnitTestAdapter, Microsoft.VisualStudio.QualityTools.Tips.UnitTest.Adapter, Version=9.0.0.0, Culture=neutral, PublicKeyToken=b03f5f7f11d50a3a" className="UnleashedBlog.Tests.Routes.RouteTests, UnleashedBlog.Tests" name="ArchiveYear" />
    </UnitTest>
    <UnitTest name="IndexReturnsBlogEntriesByYear" storage="c:\users\swalther\documents\books\aspnetmvcunleashed\chapter18 - creating the routes\cs\unleashedblog\unleashedblog.tests\bin\debug\unleashedblog.tests.dll" id="8575298e-a3af-44da-f02a-80c71bfa25b2">
      <Css projectStructure="" iteration="" />
      <Owners>
        <Owner name="" />
      </Owners>
      <Execution id="bc7db732-98fe-420c-aa3f-6044622404d4" />
      <TestMethod codeBase="C:\Users\swalther\Documents\Books\AspNetMvcUnleashed\Chapter18 - Creating the Routes\CS\UnleashedBlog\UnleashedBlog.Tests\bin\Debug\UnleashedBlog.Tests.dll" adapterTypeName="Microsoft.VisualStudio.TestTools.TestTypes.Unit.UnitTestAdapter, Microsoft.VisualStudio.QualityTools.Tips.UnitTest.Adapter, Version=9.0.0.0, Culture=neutral, PublicKeyToken=b03f5f7f11d50a3a" className="UnleashedBlog.Tests.Controllers.ArchiveControllerTests, UnleashedBlog.Tests" name="IndexReturnsBlogEntriesByYear" />
    </UnitTest>
    <UnitTest name="ArchiveYearMonthDay" storage="c:\users\swalther\documents\books\aspnetmvcunleashed\chapter18 - creating the routes\cs\unleashedblog\unleashedblog.tests\bin\debug\unleashedblog.tests.dll" id="2b21ad28-1d0b-ac19-85ec-db7aaf58c558">
      <Css projectStructure="" iteration="" />
      <Owners>
        <Owner name="" />
      </Owners>
      <Execution id="07ab29b6-0ec1-4821-a1e2-2738b2b8b5dc" />
      <TestMethod codeBase="C:\Users\swalther\Documents\Books\AspNetMvcUnleashed\Chapter18 - Creating the Routes\CS\UnleashedBlog\UnleashedBlog.Tests\bin\Debug\UnleashedBlog.Tests.dll" adapterTypeName="Microsoft.VisualStudio.TestTools.TestTypes.Unit.UnitTestAdapter, Microsoft.VisualStudio.QualityTools.Tips.UnitTest.Adapter, Version=9.0.0.0, Culture=neutral, PublicKeyToken=b03f5f7f11d50a3a" className="UnleashedBlog.Tests.Routes.RouteTests, UnleashedBlog.Tests" name="ArchiveYearMonthDay" />
    </UnitTest>
    <UnitTest name="ShowNewBlogEntries" storage="c:\users\swalther\documents\books\aspnetmvcunleashed\chapter18 - creating the routes\cs\unleashedblog\unleashedblog.tests\bin\debug\unleashedblog.tests.dll" id="9a1a712c-80f0-6dd6-fcde-89e2b48a68f1">
      <Css projectStructure="" iteration="" />
      <Owners>
        <Owner name="" />
      </Owners>
      <Execution id="4b33afc4-8888-4a46-aa99-b8bb0e94e5bf" />
      <TestMethod codeBase="C:\Users\swalther\Documents\Books\AspNetMvcUnleashed\Chapter18 - Creating the Routes\CS\UnleashedBlog\UnleashedBlog.Tests\bin\Debug\UnleashedBlog.Tests.dll" adapterTypeName="Microsoft.VisualStudio.TestTools.TestTypes.Unit.UnitTestAdapter, Microsoft.VisualStudio.QualityTools.Tips.UnitTest.Adapter, Version=9.0.0.0, Culture=neutral, PublicKeyToken=b03f5f7f11d50a3a" className="UnleashedBlog.Tests.Controllers.BlogControllerTests, UnleashedBlog.Tests" name="ShowNewBlogEntries" />
    </UnitTest>
  </TestDefinitions>
  <TestLists>
    <TestList name="Results Not in a List" id="8c84fa94-04c1-424b-9868-57a2d4851a1d" />
    <TestList name="All Loaded Results" id="19431567-8539-422a-85d7-44ee4e166bda" />
  </TestLists>
  <TestEntries>
    <TestEntry testId="2974ea07-7de4-4e6c-4a19-e3002dba59a1" executionId="f91818a5-60bf-41e2-8b1e-f9db34c55a13" testListId="8c84fa94-04c1-424b-9868-57a2d4851a1d" />
    <TestEntry testId="2b21ad28-1d0b-ac19-85ec-db7aaf58c558" executionId="07ab29b6-0ec1-4821-a1e2-2738b2b8b5dc" testListId="8c84fa94-04c1-424b-9868-57a2d4851a1d" />
    <TestEntry testId="3d109e96-d6b0-e1f2-4592-7f307cb1809f" executionId="37e20755-c65f-475a-aa76-1dc962becae8" testListId="8c84fa94-04c1-424b-9868-57a2d4851a1d" />
    <TestEntry testId="61b7311d-ab65-b688-47ad-3f6effc369f9" executionId="9b15b7d8-90dd-46b2-a682-90b389e64399" testListId="8c84fa94-04c1-424b-9868-57a2d4851a1d" />
    <TestEntry testId="8575298e-a3af-44da-f02a-80c71bfa25b2" executionId="bc7db732-98fe-420c-aa3f-6044622404d4" testListId="8c84fa94-04c1-424b-9868-57a2d4851a1d" />
    <TestEntry testId="8db8b103-f679-e45e-c57f-eaad82eb12aa" executionId="84c986c1-fc7d-4945-9ace-8a120c8d75dc" testListId="8c84fa94-04c1-424b-9868-57a2d4851a1d" />
    <TestEntry testId="9a1a712c-80f0-6dd6-fcde-89e2b48a68f1" executionId="4b33afc4-8888-4a46-aa99-b8bb0e94e5bf" testListId="8c84fa94-04c1-424b-9868-57a2d4851a1d" />
    <TestEntry testId="9cd2d8b0-5e13-5da4-773b-45607ed534f2" executionId="7cb3bb9b-243c-4b00-a59a-a3e685040627" testListId="8c84fa94-04c1-424b-9868-57a2d4851a1d" />
    <TestEntry testId="a4e681db-28c1-5812-ac7f-21097a8a356c" executionId="e01e6233-2fa3-4b86-b1b0-52f0d90142b9" testListId="8c84fa94-04c1-424b-9868-57a2d4851a1d" />
    <TestEntry testId="cddc7caf-da78-b76d-6452-22ab4badf897" executionId="7fd7b489-169a-46bf-899a-7695f8d740a0" testListId="8c84fa94-04c1-424b-9868-57a2d4851a1d" />
    <TestEntry testId="ff1c42f4-0f67-ac38-b2f5-2a2b13f18f3b" executionId="3b493973-4711-40d3-9110-a69fb939861d" testListId="8c84fa94-04c1-424b-9868-57a2d4851a1d" />
  </TestEntries>
  <Results>
    <UnitTestResult executionId="f91818a5-60bf-41e2-8b1e-f9db34c55a13" testId="2974ea07-7de4-4e6c-4a19-e3002dba59a1" testName="ArchiveYear" computerName="SWLAPTOP" duration="00:00:00.1010771" startTime="2009-04-06T19:14:26.4801155-07:00" endTime="2009-04-06T19:14:27.1526703-07:00" testType="13cdc9d9-ddb5-4fa4-a97d-d965ccfc6d4b" outcome="Passed" testListId="8c84fa94-04c1-424b-9868-57a2d4851a1d">
      <Output>
      </Output>
    </UnitTestResult>
    <UnitTestResult executionId="07ab29b6-0ec1-4821-a1e2-2738b2b8b5dc" testId="2b21ad28-1d0b-ac19-85ec-db7aaf58c558" testName="ArchiveYearMonthDay" computerName="SWLAPTOP" duration="00:00:00.0007433" startTime="2009-04-06T19:14:27.1779397-07:00" endTime="2009-04-06T19:14:27.1827992-07:00" testType="13cdc9d9-ddb5-4fa4-a97d-d965ccfc6d4b" outcome="Passed" testListId="8c84fa94-04c1-424b-9868-57a2d4851a1d">
      <Output>
      </Output>
    </UnitTestResult>
    <UnitTestResult executionId="37e20755-c65f-475a-aa76-1dc962becae8" testId="3d109e96-d6b0-e1f2-4592-7f307cb1809f" testName="ArchiveYearMonth" computerName="SWLAPTOP" duration="00:00:00.0006940" startTime="2009-04-06T19:14:27.1886306-07:00" endTime="2009-04-06T19:14:27.1925182-07:00" testType="13cdc9d9-ddb5-4fa4-a97d-d965ccfc6d4b" outcome="Passed" testListId="8c84fa94-04c1-424b-9868-57a2d4851a1d">
      <Output>
      </Output>
    </UnitTestResult>
    <UnitTestResult executionId="9b15b7d8-90dd-46b2-a682-90b389e64399" testId="61b7311d-ab65-b688-47ad-3f6effc369f9" testName="DefaultRoute" computerName="SWLAPTOP" duration="00:00:00.0005694" startTime="2009-04-06T19:14:27.1993215-07:00" endTime="2009-04-06T19:14:27.2022372-07:00" testType="13cdc9d9-ddb5-4fa4-a97d-d965ccfc6d4b" outcome="Passed" testListId="8c84fa94-04c1-424b-9868-57a2d4851a1d">
      <Output>
      </Output>
    </UnitTestResult>
    <UnitTestResult executionId="bc7db732-98fe-420c-aa3f-6044622404d4" testId="8575298e-a3af-44da-f02a-80c71bfa25b2" testName="IndexReturnsBlogEntriesByYear" computerName="SWLAPTOP" duration="00:00:00.0164646" startTime="2009-04-06T19:14:27.2070967-07:00" endTime="2009-04-06T19:14:27.2265347-07:00" testType="13cdc9d9-ddb5-4fa4-a97d-d965ccfc6d4b" outcome="Passed" testListId="8c84fa94-04c1-424b-9868-57a2d4851a1d">
      <Output>
      </Output>
    </UnitTestResult>
    <UnitTestResult executionId="84c986c1-fc7d-4945-9ace-8a120c8d75dc" testId="8db8b103-f679-e45e-c57f-eaad82eb12aa" testName="IndexReturnsBlogEntriesByDay" computerName="SWLAPTOP" duration="00:00:00.0045762" startTime="2009-04-06T19:14:27.2352818-07:00" endTime="2009-04-06T19:14:27.2440289-07:00" testType="13cdc9d9-ddb5-4fa4-a97d-d965ccfc6d4b" outcome="Passed" testListId="8c84fa94-04c1-424b-9868-57a2d4851a1d">
      <Output>
      </Output>
    </UnitTestResult>
    <UnitTestResult executionId="4b33afc4-8888-4a46-aa99-b8bb0e94e5bf" testId="9a1a712c-80f0-6dd6-fcde-89e2b48a68f1" testName="ShowNewBlogEntries" computerName="SWLAPTOP" duration="00:00:00.0017569" startTime="2009-04-06T19:14:27.2508322-07:00" endTime="2009-04-06T19:14:27.2556917-07:00" testType="13cdc9d9-ddb5-4fa4-a97d-d965ccfc6d4b" outcome="Passed" testListId="8c84fa94-04c1-424b-9868-57a2d4851a1d">
      <Output>
      </Output>
    </UnitTestResult>
    <UnitTestResult executionId="7cb3bb9b-243c-4b00-a59a-a3e685040627" testId="9cd2d8b0-5e13-5da4-773b-45607ed534f2" testName="IndexReturnsBlogEntryByName" computerName="SWLAPTOP" duration="00:00:00.0046501" startTime="2009-04-06T19:14:27.2605512-07:00" endTime="2009-04-06T19:14:27.2683264-07:00" testType="13cdc9d9-ddb5-4fa4-a97d-d965ccfc6d4b" outcome="Passed" testListId="8c84fa94-04c1-424b-9868-57a2d4851a1d">
      <Output>
      </Output>
    </UnitTestResult>
    <UnitTestResult executionId="e01e6233-2fa3-4b86-b1b0-52f0d90142b9" testId="a4e681db-28c1-5812-ac7f-21097a8a356c" testName="ArchiveYearMonthDayName" computerName="SWLAPTOP" duration="00:00:00.0008164" startTime="2009-04-06T19:14:27.2741578-07:00" endTime="2009-04-06T19:14:27.2780454-07:00" testType="13cdc9d9-ddb5-4fa4-a97d-d965ccfc6d4b" outcome="Passed" testListId="8c84fa94-04c1-424b-9868-57a2d4851a1d">
      <Output>
      </Output>
    </UnitTestResult>
    <UnitTestResult executionId="7fd7b489-169a-46bf-899a-7695f8d740a0" testId="cddc7caf-da78-b76d-6452-22ab4badf897" testName="CreateBlogEntry" computerName="SWLAPTOP" duration="00:00:00.0007185" startTime="2009-04-06T19:14:27.2838768-07:00" endTime="2009-04-06T19:14:27.2877644-07:00" testType="13cdc9d9-ddb5-4fa4-a97d-d965ccfc6d4b" outcome="Passed" testListId="8c84fa94-04c1-424b-9868-57a2d4851a1d">
      <Output>
      </Output>
    </UnitTestResult>
    <UnitTestResult executionId="3b493973-4711-40d3-9110-a69fb939861d" testId="ff1c42f4-0f67-ac38-b2f5-2a2b13f18f3b" testName="IndexReturnsBlogEntriesByMonth" computerName="SWLAPTOP" duration="00:00:00.0036142" startTime="2009-04-06T19:14:27.2926239-07:00" endTime="2009-04-06T19:14:27.2994272-07:00" testType="13cdc9d9-ddb5-4fa4-a97d-d965ccfc6d4b" outcome="Passed" testListId="8c84fa94-04c1-424b-9868-57a2d4851a1d">
      <Output>
      </Output>
    </UnitTestResult>
  </Results>
</TestRun>