<?xml version="1.0" encoding="UTF-8"?>
<TestRun id="b935b3d6-ed18-4c00-857f-8530cd48618e" name="swalther@SWLAPTOP 2009-02-21 22:57:12" runUser="REDMOND\swalther" xmlns="http://microsoft.com/schemas/VisualStudio/TeamTest/2006">
  <TestRunConfiguration name="Default Run Configuration" id="78a51b0b-e000-497e-a593-f3d7c5fe5807">
    <Deployment runDeploymentRoot="C:\Users\swalther\Documents\Books\AspNetMvcUnleashed\Chapter04 - Understanding Views\Code\CS\MvcApplication1\TestResults\swalther_SWLAPTOP 2009-02-21 22_57_12">
      <DeploymentItem filename="C:\Users\swalther\Documents\Books\AspNetMvcUnleashed\Chapter04 - Understanding Views\Code\CS\MvcApplication1\MvcApplication1\bin\MvcApplication1.dll" />
      <DeploymentItem filename="C:\Users\swalther\Documents\Books\AspNetMvcUnleashed\CommonCode\MvcFakes\MvcFakes\bin\Debug\MvcFakes.dll" />
    </Deployment>
    <Hosts skipUnhostableTests="false" />
    <TestTypeSpecific />
  </TestRunConfiguration>
  <ResultSummary outcome="Error">
    <Counters total="1" executed="1" error="0" failed="0" timeout="0" aborted="1" inconclusive="0" passedButRunAborted="0" notRunnable="0" notExecuted="0" disconnected="0" warning="0" passed="0" completed="0" inProgress="0" pending="0" />
    <RunInfos>
      <RunInfo computerName="SWLAPTOP" outcome="Error" timestamp="2009-02-21T22:57:34.1480000-08:00">
        <Text>Test host process exited unexpectedly.</Text>
      </RunInfo>
    </RunInfos>
  </ResultSummary>
  <Times creation="2009-02-21T22:57:12.3310000-08:00" queuing="2009-02-21T22:57:14.1190000-08:00" start="2009-02-21T22:57:14.6370000-08:00" finish="2009-02-21T22:57:34.1480000-08:00" />
  <TestDefinitions>
    <UnitTest name="IndexView" storage="c:\users\swalther\documents\books\aspnetmvcunleashed\chapter04 - understanding views\code\cs\mvcapplication1\mvcapplication1.tests\bin\debug\mvcapplication1.tests.dll" id="efe0ff90-0131-f5d5-6dd1-83fb83b983df">
      <Css projectStructure="" iteration="" />
      <Owners>
        <Owner name="" />
      </Owners>
      <Execution id="dfc146b3-fc3e-4c10-a5e6-30f4e38adecf" />
      <TestMethod codeBase="C:\Users\swalther\Documents\Books\AspNetMvcUnleashed\Chapter04 - Understanding Views\Code\CS\MvcApplication1\MvcApplication1.Tests\bin\Debug\MvcApplication1.Tests.dll" adapterTypeName="Microsoft.VisualStudio.TestTools.TestTypes.Unit.UnitTestAdapter, Microsoft.VisualStudio.QualityTools.Tips.UnitTest.Adapter, Version=9.0.0.0, Culture=neutral, PublicKeyToken=b03f5f7f11d50a3a" className="MvcApplication1.Tests.Controllers.SimpleControllerTest, MvcApplication1.Tests" name="IndexView" />
    </UnitTest>
  </TestDefinitions>
  <TestLists>
    <TestList name="Results Not in a List" id="8c84fa94-04c1-424b-9868-57a2d4851a1d" />
    <TestList name="All Loaded Results" id="19431567-8539-422a-85d7-44ee4e166bda" />
  </TestLists>
  <TestEntries>
    <TestEntry testId="efe0ff90-0131-f5d5-6dd1-83fb83b983df" executionId="80fbeea7-4623-4619-8c9b-8621ff5058d2" testListId="8c84fa94-04c1-424b-9868-57a2d4851a1d" />
  </TestEntries>
  <Results>
    <UnitTestResult executionId="80fbeea7-4623-4619-8c9b-8621ff5058d2" testId="efe0ff90-0131-f5d5-6dd1-83fb83b983df" testName="IndexView" computerName="SWLAPTOP" duration="00:00:19.0340000" startTime="2009-02-21T22:57:15.1140000-08:00" endTime="2009-02-21T22:57:34.1480000-08:00" testType="13cdc9d9-ddb5-4fa4-a97d-d965ccfc6d4b" outcome="Aborted" testListId="8c84fa94-04c1-424b-9868-57a2d4851a1d">
    </UnitTestResult>
  </Results>
</TestRun>