<?xml version="1.0" encoding="UTF-8"?>
<TestRun id="d0514b3c-30a0-4c59-8bc6-4643afef474c" name="swalther@SWLAPTOP 2009-02-21 22:47:58" runUser="REDMOND\swalther" xmlns="http://microsoft.com/schemas/VisualStudio/TeamTest/2006">
  <TestRunConfiguration name="Default Run Configuration" id="289e4a2e-b5d0-4782-9b59-e70015f2d88d">
    <Deployment runDeploymentRoot="C:\Users\swalther\Documents\Books\AspNetMvcUnleashed\Chapter04 - Understanding Views\Code\CS\MvcApplication1\TestResults\swalther_SWLAPTOP 2009-02-21 22_47_58">
      <DeploymentItem filename="C:\Users\swalther\Documents\Books\AspNetMvcUnleashed\Chapter04 - Understanding Views\Code\CS\MvcApplication1\MvcApplication1\bin\MvcApplication1.dll" />
      <DeploymentItem filename="C:\Users\swalther\Documents\Books\AspNetMvcUnleashed\CommonCode\MvcFakes\MvcFakes\bin\Debug\MvcFakes.dll" />
    </Deployment>
    <Hosts skipUnhostableTests="false" />
    <TestTypeSpecific />
  </TestRunConfiguration>
  <ResultSummary outcome="Error">
    <Counters total="1" executed="1" error="0" failed="0" timeout="0" aborted="1" inconclusive="0" passedButRunAborted="0" notRunnable="0" notExecuted="0" disconnected="0" warning="0" passed="0" completed="0" inProgress="0" pending="0" />
    <RunInfos>
      <RunInfo computerName="SWLAPTOP" outcome="Error" timestamp="2009-02-21T22:49:08.6720000-08:00">
        <Text>Test host process exited unexpectedly.</Text>
      </RunInfo>
    </RunInfos>
  </ResultSummary>
  <Times creation="2009-02-21T22:47:58.5990000-08:00" queuing="2009-02-21T22:48:00.0760000-08:00" start="2009-02-21T22:48:00.3970000-08:00" finish="2009-02-21T22:49:08.6730000-08:00" />
  <TestDefinitions>
    <UnitTest name="IndexView" storage="c:\users\swalther\documents\books\aspnetmvcunleashed\chapter04 - understanding views\code\cs\mvcapplication1\mvcapplication1.tests\bin\debug\mvcapplication1.tests.dll" id="efe0ff90-0131-f5d5-6dd1-83fb83b983df">
      <Css projectStructure="" iteration="" />
      <Owners>
        <Owner name="" />
      </Owners>
      <TestMethod codeBase="C:\Users\swalther\Documents\Books\AspNetMvcUnleashed\Chapter04 - Understanding Views\Code\CS\MvcApplication1\MvcApplication1.Tests\bin\Debug\MvcApplication1.Tests.dll" adapterTypeName="Microsoft.VisualStudio.TestTools.TestTypes.Unit.UnitTestAdapter, Microsoft.VisualStudio.QualityTools.Tips.UnitTest.Adapter, Version=9.0.0.0, Culture=neutral, PublicKeyToken=b03f5f7f11d50a3a" className="MvcApplication1.Tests.Controllers.SimpleControllerTest, MvcApplication1.Tests" name="IndexView" />
    </UnitTest>
  </TestDefinitions>
  <TestLists>
    <TestList name="Results Not in a List" id="8c84fa94-04c1-424b-9868-57a2d4851a1d" />
    <TestList name="All Loaded Results" id="19431567-8539-422a-85d7-44ee4e166bda" />
  </TestLists>
  <TestEntries>
    <TestEntry testId="efe0ff90-0131-f5d5-6dd1-83fb83b983df" executionId="a525254d-ced0-4187-a612-4f2793febee2" testListId="8c84fa94-04c1-424b-9868-57a2d4851a1d" />
  </TestEntries>
  <Results>
    <UnitTestResult executionId="a525254d-ced0-4187-a612-4f2793febee2" testId="efe0ff90-0131-f5d5-6dd1-83fb83b983df" testName="IndexView" computerName="SWLAPTOP" duration="00:01:08.1800000" startTime="2009-02-21T22:48:00.4930000-08:00" endTime="2009-02-21T22:49:08.6730000-08:00" testType="13cdc9d9-ddb5-4fa4-a97d-d965ccfc6d4b" outcome="Aborted" testListId="8c84fa94-04c1-424b-9868-57a2d4851a1d">
    </UnitTestResult>
  </Results>
</TestRun>