<?xml version="1.0" encoding="UTF-8"?>
<TestRun id="762671db-551d-4367-86b2-8be8ea0dd349" name="swalther@SWLAPTOP 2009-02-21 20:47:59" runUser="REDMOND\swalther" xmlns="http://microsoft.com/schemas/VisualStudio/TeamTest/2006">
  <TestRunConfiguration name="Default Run Configuration" id="0efac773-0489-4c65-8a10-2b6172e37587">
    <Deployment runDeploymentRoot="C:\Users\swalther\Documents\Books\AspNetMvcUnleashed\Chapter04 - Understanding Views\Code\CS\MvcApplication1\TestResults\swalther_SWLAPTOP 2009-02-21 20_47_59">
      <DeploymentItem filename="C:\Users\swalther\Documents\Books\AspNetMvcUnleashed\Chapter04 - Understanding Views\Code\CS\MvcApplication1\MvcApplication1\bin\MvcApplication1.dll" />
      <DeploymentItem filename="C:\Users\swalther\Documents\Books\AspNetMvcUnleashed\CommonCode\MvcFakes\MvcFakes\bin\Debug\MvcFakes.dll" />
    </Deployment>
    <Hosts skipUnhostableTests="false" />
    <TestTypeSpecific />
  </TestRunConfiguration>
  <ResultSummary outcome="Completed">
    <Counters total="1" executed="1" passed="1" error="0" failed="0" timeout="0" aborted="0" inconclusive="0" passedButRunAborted="0" notRunnable="0" notExecuted="0" disconnected="0" warning="0" completed="0" inProgress="0" pending="0" />
  </ResultSummary>
  <Times creation="2009-02-21T20:47:59.4810000-08:00" queuing="2009-02-21T20:48:01.3610000-08:00" start="2009-02-21T20:48:01.8880000-08:00" finish="2009-02-21T20:48:03.1530000-08:00" />
  <TestDefinitions>
    <UnitTest name="ContainsHtmlRow" storage="c:\users\swalther\documents\books\aspnetmvcunleashed\chapter04 - understanding views\code\cs\mvcapplication1\mvcapplication1.tests\bin\debug\mvcapplication1.tests.dll" id="44b1572c-3717-3a61-595b-0105945a6240">
      <Css projectStructure="" iteration="" />
      <Owners>
        <Owner name="" />
      </Owners>
      <Execution id="4f695ce1-b7c0-4794-bc88-61f0b8bfb6ef" />
      <TestMethod codeBase="C:\Users\swalther\Documents\Books\AspNetMvcUnleashed\Chapter04 - Understanding Views\Code\CS\MvcApplication1\MvcApplication1.Tests\bin\Debug\MvcApplication1.Tests.dll" adapterTypeName="Microsoft.VisualStudio.TestTools.TestTypes.Unit.UnitTestAdapter, Microsoft.VisualStudio.QualityTools.Tips.UnitTest.Adapter, Version=9.0.0.0, Culture=neutral, PublicKeyToken=b03f5f7f11d50a3a" className="MvcApplication1.Tests.Helpers.ProductHelperTest, MvcApplication1.Tests" name="ContainsHtmlRow" />
    </UnitTest>
  </TestDefinitions>
  <TestLists>
    <TestList name="Results Not in a List" id="8c84fa94-04c1-424b-9868-57a2d4851a1d" />
    <TestList name="All Loaded Results" id="19431567-8539-422a-85d7-44ee4e166bda" />
  </TestLists>
  <TestEntries>
    <TestEntry testId="44b1572c-3717-3a61-595b-0105945a6240" executionId="4f695ce1-b7c0-4794-bc88-61f0b8bfb6ef" testListId="8c84fa94-04c1-424b-9868-57a2d4851a1d" />
  </TestEntries>
  <Results>
    <UnitTestResult executionId="4f695ce1-b7c0-4794-bc88-61f0b8bfb6ef" testId="44b1572c-3717-3a61-595b-0105945a6240" testName="ContainsHtmlRow" computerName="SWLAPTOP" duration="00:00:00.0808379" startTime="2009-02-21T20:48:02.1740000-08:00" endTime="2009-02-21T20:48:02.9990000-08:00" testType="13cdc9d9-ddb5-4fa4-a97d-d965ccfc6d4b" outcome="Passed" testListId="8c84fa94-04c1-424b-9868-57a2d4851a1d">
      <Output>
      </Output>
    </UnitTestResult>
  </Results>
</TestRun>