<?xml version="1.0" encoding="UTF-8"?>
<TestRun id="61c8e524-bb21-4f84-a9bb-bef0921abf30" name="swalther@SWLAPTOP 2009-02-21 20:48:20" runUser="REDMOND\swalther" xmlns="http://microsoft.com/schemas/VisualStudio/TeamTest/2006">
  <TestRunConfiguration name="Default Run Configuration" id="e543ca81-1501-4eb0-8a74-3ceca10c2851">
    <Deployment runDeploymentRoot="C:\Users\swalther\Documents\Books\AspNetMvcUnleashed\Chapter04 - Understanding Views\Code\CS\MvcApplication1\TestResults\swalther_SWLAPTOP 2009-02-21 20_48_20">
      <DeploymentItem filename="C:\Users\swalther\Documents\Books\AspNetMvcUnleashed\Chapter04 - Understanding Views\Code\CS\MvcApplication1\MvcApplication1\bin\MvcApplication1.dll" />
      <DeploymentItem filename="C:\Users\swalther\Documents\Books\AspNetMvcUnleashed\CommonCode\MvcFakes\MvcFakes\bin\Debug\MvcFakes.dll" />
    </Deployment>
    <Hosts skipUnhostableTests="false" />
    <TestTypeSpecific />
  </TestRunConfiguration>
  <ResultSummary outcome="Failed">
    <Counters total="1" executed="1" error="0" failed="1" timeout="0" aborted="0" inconclusive="0" passedButRunAborted="0" notRunnable="0" notExecuted="0" disconnected="0" warning="0" passed="0" completed="0" inProgress="0" pending="0" />
  </ResultSummary>
  <Times creation="2009-02-21T20:48:20.1200000-08:00" queuing="2009-02-21T20:48:21.9300000-08:00" start="2009-02-21T20:48:22.4570000-08:00" finish="2009-02-21T20:48:23.7340000-08:00" />
  <TestDefinitions>
    <UnitTest name="ContainsHtmlRow" storage="c:\users\swalther\documents\books\aspnetmvcunleashed\chapter04 - understanding views\code\cs\mvcapplication1\mvcapplication1.tests\bin\debug\mvcapplication1.tests.dll" id="44b1572c-3717-3a61-595b-0105945a6240">
      <Css projectStructure="" iteration="" />
      <Owners>
        <Owner name="" />
      </Owners>
      <Execution id="e0d3ee33-141d-4889-8040-e020672d4c3f" />
      <TestMethod codeBase="C:\Users\swalther\Documents\Books\AspNetMvcUnleashed\Chapter04 - Understanding Views\Code\CS\MvcApplication1\MvcApplication1.Tests\bin\Debug\MvcApplication1.Tests.dll" adapterTypeName="Microsoft.VisualStudio.TestTools.TestTypes.Unit.UnitTestAdapter, Microsoft.VisualStudio.QualityTools.Tips.UnitTest.Adapter, Version=9.0.0.0, Culture=neutral, PublicKeyToken=b03f5f7f11d50a3a" className="MvcApplication1.Tests.Helpers.ProductHelperTest, MvcApplication1.Tests" name="ContainsHtmlRow" />
    </UnitTest>
  </TestDefinitions>
  <TestLists>
    <TestList name="Results Not in a List" id="8c84fa94-04c1-424b-9868-57a2d4851a1d" />
    <TestList name="All Loaded Results" id="19431567-8539-422a-85d7-44ee4e166bda" />
  </TestLists>
  <TestEntries>
    <TestEntry testId="44b1572c-3717-3a61-595b-0105945a6240" executionId="e0d3ee33-141d-4889-8040-e020672d4c3f" testListId="8c84fa94-04c1-424b-9868-57a2d4851a1d" />
  </TestEntries>
  <Results>
    <UnitTestResult executionId="e0d3ee33-141d-4889-8040-e020672d4c3f" testId="44b1572c-3717-3a61-595b-0105945a6240" testName="ContainsHtmlRow" computerName="SWLAPTOP" duration="00:00:00.1155180" startTime="2009-02-21T20:48:22.9600000-08:00" endTime="2009-02-21T20:48:23.6560000-08:00" testType="13cdc9d9-ddb5-4fa4-a97d-d965ccfc6d4b" outcome="Failed" testListId="8c84fa94-04c1-424b-9868-57a2d4851a1d">
      <Output>
        <ErrorInfo>
          <Message>StringAssert.Contains failed. String '&lt;table&gt;
	&lt;tr&gt;
		&lt;td&gt;Laptop&lt;/td&gt;&lt;td&gt;$878.23&lt;/td&gt;
	&lt;/tr&gt;&lt;tr&gt;
		&lt;td&gt;Telescope&lt;/td&gt;&lt;td&gt;$200.19&lt;/td&gt;
	&lt;/tr&gt;
&lt;/table&gt;' does not contain string '&lt;td&gt;Laptop&lt;/td&gt;&lt;td&gt;$878.24&lt;/td&gt;'. .</Message>
          <StackTrace>   at MvcApplication1.Tests.Helpers.ProductHelperTest.ContainsHtmlRow() in C:\Users\swalther\Documents\Books\AspNetMvcUnleashed\Chapter04 - Understanding Views\Code\CS\MvcApplication1\MvcApplication1.Tests\Helpers\ProductHelperTest.cs:line 32
</StackTrace>
        </ErrorInfo>
      </Output>
    </UnitTestResult>
  </Results>
</TestRun>