<?xml version="1.0" encoding="UTF-8"?>
<TestRun id="cad31bcd-d9ca-4a2f-8a09-54c2073eff21" name="swalther@SWLAPTOP 2009-02-21 22:59:30" runUser="REDMOND\swalther" xmlns="http://microsoft.com/schemas/VisualStudio/TeamTest/2006">
  <TestRunConfiguration name="Default Run Configuration" id="4e2436a7-4487-42ff-80f5-f134003aadea">
    <Deployment runDeploymentRoot="C:\Users\swalther\Documents\Books\AspNetMvcUnleashed\Chapter04 - Understanding Views\Code\CS\MvcApplication1\TestResults\swalther_SWLAPTOP 2009-02-21 22_59_30">
      <DeploymentItem filename="C:\Users\swalther\Documents\Books\AspNetMvcUnleashed\Chapter04 - Understanding Views\Code\CS\MvcApplication1\MvcApplication1\bin\MvcApplication1.dll" />
      <DeploymentItem filename="C:\Users\swalther\Documents\Books\AspNetMvcUnleashed\CommonCode\MvcFakes\MvcFakes\bin\Debug\MvcFakes.dll" />
    </Deployment>
    <Hosts skipUnhostableTests="false" />
    <TestTypeSpecific />
  </TestRunConfiguration>
  <ResultSummary outcome="Failed">
    <Counters total="1" executed="1" error="0" failed="1" timeout="0" aborted="0" inconclusive="0" passedButRunAborted="0" notRunnable="0" notExecuted="0" disconnected="0" warning="0" passed="0" completed="0" inProgress="0" pending="0" />
  </ResultSummary>
  <Times creation="2009-02-21T22:59:30.9510000-08:00" queuing="2009-02-21T22:59:32.7870000-08:00" start="2009-02-21T22:59:33.2640000-08:00" finish="2009-02-21T22:59:34.6290000-08:00" />
  <TestDefinitions>
    <UnitTest name="IndexView" storage="c:\users\swalther\documents\books\aspnetmvcunleashed\chapter04 - understanding views\code\cs\mvcapplication1\mvcapplication1.tests\bin\debug\mvcapplication1.tests.dll" id="efe0ff90-0131-f5d5-6dd1-83fb83b983df">
      <Css projectStructure="" iteration="" />
      <Owners>
        <Owner name="" />
      </Owners>
      <Execution id="b8979534-c26c-41f8-8cc5-19979c80aa01" />
      <TestMethod codeBase="C:\Users\swalther\Documents\Books\AspNetMvcUnleashed\Chapter04 - Understanding Views\Code\CS\MvcApplication1\MvcApplication1.Tests\bin\Debug\MvcApplication1.Tests.dll" adapterTypeName="Microsoft.VisualStudio.TestTools.TestTypes.Unit.UnitTestAdapter, Microsoft.VisualStudio.QualityTools.Tips.UnitTest.Adapter, Version=9.0.0.0, Culture=neutral, PublicKeyToken=b03f5f7f11d50a3a" className="MvcApplication1.Tests.Controllers.SimpleControllerTest, MvcApplication1.Tests" name="IndexView" />
    </UnitTest>
  </TestDefinitions>
  <TestLists>
    <TestList name="Results Not in a List" id="8c84fa94-04c1-424b-9868-57a2d4851a1d" />
    <TestList name="All Loaded Results" id="19431567-8539-422a-85d7-44ee4e166bda" />
  </TestLists>
  <TestEntries>
    <TestEntry testId="efe0ff90-0131-f5d5-6dd1-83fb83b983df" executionId="b8979534-c26c-41f8-8cc5-19979c80aa01" testListId="8c84fa94-04c1-424b-9868-57a2d4851a1d" />
  </TestEntries>
  <Results>
    <UnitTestResult executionId="b8979534-c26c-41f8-8cc5-19979c80aa01" testId="efe0ff90-0131-f5d5-6dd1-83fb83b983df" testName="IndexView" computerName="SWLAPTOP" duration="00:00:00.0695677" startTime="2009-02-21T22:59:33.6460000-08:00" endTime="2009-02-21T22:59:34.5340000-08:00" testType="13cdc9d9-ddb5-4fa4-a97d-d965ccfc6d4b" outcome="Failed" testListId="8c84fa94-04c1-424b-9868-57a2d4851a1d">
      <Output>
        <ErrorInfo>
          <Message>Test method MvcApplication1.Tests.Controllers.SimpleControllerTest.IndexView threw exception:  System.NullReferenceException: Object reference not set to an instance of an object..</Message>
          <StackTrace>    at MvcApplication1.MyViewEngines.SimpleView.Render(ViewContext viewContext, TextWriter writer) in C:\Users\swalther\Documents\Books\AspNetMvcUnleashed\Chapter04 - Understanding Views\Code\CS\MvcApplication1\MvcApplication1\MyViewEngines\SimpleView.cs:line 24
   at MvcApplication1.Tests.Controllers.SimpleControllerTest.IndexView() in C:\Users\swalther\Documents\Books\AspNetMvcUnleashed\Chapter04 - Understanding Views\Code\CS\MvcApplication1\MvcApplication1.Tests\Controllers\SimpleControllerTest.cs:line 37
</StackTrace>
        </ErrorInfo>
      </Output>
    </UnitTestResult>
  </Results>
</TestRun>