<?xml version="1.0" encoding="UTF-8"?>
<TestRun id="9ad37a89-01f5-4cdc-a911-d65d66818df8" name="swalther@SWLAPTOP 2009-02-21 22:17:05" runUser="REDMOND\swalther" xmlns="http://microsoft.com/schemas/VisualStudio/TeamTest/2006">
  <TestRunConfiguration name="Default Run Configuration" id="29394213-2d23-42e9-9fdc-8363a70f35fc">
    <Deployment runDeploymentRoot="C:\Users\swalther\Documents\Books\AspNetMvcUnleashed\Chapter04 - Understanding Views\Code\CS\MvcApplication1\TestResults\swalther_SWLAPTOP 2009-02-21 22_17_05">
      <DeploymentItem filename="C:\Users\swalther\Documents\Books\AspNetMvcUnleashed\Chapter04 - Understanding Views\Code\CS\MvcApplication1\MvcApplication1\bin\MvcApplication1.dll" />
      <DeploymentItem filename="C:\Users\swalther\Documents\Books\AspNetMvcUnleashed\CommonCode\MvcFakes\MvcFakes\bin\Debug\MvcFakes.dll" />
    </Deployment>
    <Hosts skipUnhostableTests="false" />
    <TestTypeSpecific />
  </TestRunConfiguration>
  <ResultSummary outcome="Completed">
    <Counters total="1" executed="1" passed="1" error="0" failed="0" timeout="0" aborted="0" inconclusive="0" passedButRunAborted="0" notRunnable="0" notExecuted="0" disconnected="0" warning="0" completed="0" inProgress="0" pending="0" />
  </ResultSummary>
  <Times creation="2009-02-21T22:17:05.4340000-08:00" queuing="2009-02-21T22:17:07.1450000-08:00" start="2009-02-21T22:17:07.5030000-08:00" finish="2009-02-21T22:17:08.5710000-08:00" />
  <TestDefinitions>
    <UnitTest name="Index" storage="c:\users\swalther\documents\books\aspnetmvcunleashed\chapter04 - understanding views\code\cs\mvcapplication1\mvcapplication1.tests\bin\debug\mvcapplication1.tests.dll" id="b4c0bc32-3442-179b-e136-f075ec347ddb">
      <Css projectStructure="" iteration="" />
      <Owners>
        <Owner name="" />
      </Owners>
      <Execution id="62f62086-3d53-4f15-9be0-c84e1c7a8c79" />
      <TestMethod codeBase="C:\Users\swalther\Documents\Books\AspNetMvcUnleashed\Chapter04 - Understanding Views\Code\CS\MvcApplication1\MvcApplication1.Tests\bin\Debug\MvcApplication1.Tests.dll" adapterTypeName="Microsoft.VisualStudio.TestTools.TestTypes.Unit.UnitTestAdapter, Microsoft.VisualStudio.QualityTools.Tips.UnitTest.Adapter, Version=9.0.0.0, Culture=neutral, PublicKeyToken=b03f5f7f11d50a3a" className="MvcApplication1.Tests.Controllers.HomeControllerTest, MvcApplication1.Tests" name="Index" />
    </UnitTest>
  </TestDefinitions>
  <TestLists>
    <TestList name="Results Not in a List" id="8c84fa94-04c1-424b-9868-57a2d4851a1d" />
    <TestList name="All Loaded Results" id="19431567-8539-422a-85d7-44ee4e166bda" />
  </TestLists>
  <TestEntries>
    <TestEntry testId="b4c0bc32-3442-179b-e136-f075ec347ddb" executionId="62f62086-3d53-4f15-9be0-c84e1c7a8c79" testListId="8c84fa94-04c1-424b-9868-57a2d4851a1d" />
  </TestEntries>
  <Results>
    <UnitTestResult executionId="62f62086-3d53-4f15-9be0-c84e1c7a8c79" testId="b4c0bc32-3442-179b-e136-f075ec347ddb" testName="Index" computerName="SWLAPTOP" duration="00:00:00.0503158" startTime="2009-02-21T22:17:07.6600000-08:00" endTime="2009-02-21T22:17:08.5020000-08:00" testType="13cdc9d9-ddb5-4fa4-a97d-d965ccfc6d4b" outcome="Passed" testListId="8c84fa94-04c1-424b-9868-57a2d4851a1d">
      <Output>
      </Output>
    </UnitTestResult>
  </Results>
</TestRun>