<?xml version="1.0" encoding="UTF-8"?>
<TestRun id="7cb83621-0a5d-47e6-92bf-69ed2a7ef56e" name="swalther@SWLAPTOP 2009-02-21 20:36:50" runUser="REDMOND\swalther" xmlns="http://microsoft.com/schemas/VisualStudio/TeamTest/2006">
  <TestRunConfiguration name="Default Run Configuration" id="d8c0b890-b0e2-448e-83f4-9678663922e6">
    <Deployment runDeploymentRoot="C:\Users\swalther\Documents\Books\AspNetMvcUnleashed\Chapter04 - Understanding Views\Code\CS\MvcApplication1\TestResults\swalther_SWLAPTOP 2009-02-21 20_36_50">
      <DeploymentItem filename="C:\Users\swalther\Documents\Books\AspNetMvcUnleashed\Chapter04 - Understanding Views\Code\CS\MvcApplication1\MvcApplication1\bin\MvcApplication1.dll" />
      <DeploymentItem filename="C:\Users\swalther\Documents\Books\AspNetMvcUnleashed\CommonCode\MvcFakes\MvcFakes\bin\Debug\MvcFakes.dll" />
    </Deployment>
    <Hosts skipUnhostableTests="false" />
    <TestTypeSpecific />
  </TestRunConfiguration>
  <ResultSummary outcome="Failed">
    <Counters total="1" executed="1" error="0" failed="1" timeout="0" aborted="0" inconclusive="0" passedButRunAborted="0" notRunnable="0" notExecuted="0" disconnected="0" warning="0" passed="0" completed="0" inProgress="0" pending="0" />
  </ResultSummary>
  <Times creation="2009-02-21T20:36:50.8520000-08:00" queuing="2009-02-21T20:36:54.4980000-08:00" start="2009-02-21T20:36:54.7820000-08:00" finish="2009-02-21T20:36:55.7940000-08:00" />
  <TestDefinitions>
    <UnitTest name="ContainsHtmlRow" storage="c:\users\swalther\documents\books\aspnetmvcunleashed\chapter04 - understanding views\code\cs\mvcapplication1\mvcapplication1.tests\bin\debug\mvcapplication1.tests.dll" id="44b1572c-3717-3a61-595b-0105945a6240">
      <Css projectStructure="" iteration="" />
      <Owners>
        <Owner name="" />
      </Owners>
      <Execution id="0dbfbc12-b06c-45c5-84e3-95f6f2931de2" />
      <TestMethod codeBase="C:\Users\swalther\Documents\Books\AspNetMvcUnleashed\Chapter04 - Understanding Views\Code\CS\MvcApplication1\MvcApplication1.Tests\bin\Debug\MvcApplication1.Tests.dll" adapterTypeName="Microsoft.VisualStudio.TestTools.TestTypes.Unit.UnitTestAdapter, Microsoft.VisualStudio.QualityTools.Tips.UnitTest.Adapter, Version=9.0.0.0, Culture=neutral, PublicKeyToken=b03f5f7f11d50a3a" className="MvcApplication1.Tests.Helpers.ProductHelperTest, MvcApplication1.Tests" name="ContainsHtmlRow" />
    </UnitTest>
  </TestDefinitions>
  <TestLists>
    <TestList name="Results Not in a List" id="8c84fa94-04c1-424b-9868-57a2d4851a1d" />
    <TestList name="All Loaded Results" id="19431567-8539-422a-85d7-44ee4e166bda" />
  </TestLists>
  <TestEntries>
    <TestEntry testId="44b1572c-3717-3a61-595b-0105945a6240" executionId="0dbfbc12-b06c-45c5-84e3-95f6f2931de2" testListId="8c84fa94-04c1-424b-9868-57a2d4851a1d" />
  </TestEntries>
  <Results>
    <UnitTestResult executionId="0dbfbc12-b06c-45c5-84e3-95f6f2931de2" testId="44b1572c-3717-3a61-595b-0105945a6240" testName="ContainsHtmlRow" computerName="SWLAPTOP" duration="00:00:00.1234888" startTime="2009-02-21T20:36:54.9490000-08:00" endTime="2009-02-21T20:36:55.6510000-08:00" testType="13cdc9d9-ddb5-4fa4-a97d-d965ccfc6d4b" outcome="Failed" testListId="8c84fa94-04c1-424b-9868-57a2d4851a1d">
      <Output>
        <ErrorInfo>
          <Message>Test method MvcApplication1.Tests.Helpers.ProductHelperTest.ContainsHtmlRow threw exception:  System.NotImplementedException: The method or operation is not implemented..</Message>
          <StackTrace>    at MvcFakes.FakeViewDataContainer.get_ViewData() in C:\Users\swalther\Documents\Books\AspNetMvcUnleashed\CommonCode\MvcFakes\MvcFakes\FakeViewDataContainer.cs:line 17
   at System.Web.Mvc.HtmlHelper.get_ViewData()
   at MvcApplication1.Helpers.ProductHelper.ProductList(HtmlHelper helper) in C:\Users\swalther\Documents\Books\AspNetMvcUnleashed\Chapter04 - Understanding Views\Code\CS\MvcApplication1\MvcApplication1\Helpers\ProductHelper.cs:line 14
   at MvcApplication1.Tests.Helpers.ProductHelperTest.ContainsHtmlRow() in C:\Users\swalther\Documents\Books\AspNetMvcUnleashed\Chapter04 - Understanding Views\Code\CS\MvcApplication1\MvcApplication1.Tests\Helpers\ProductHelperTest.cs:line 25
</StackTrace>
        </ErrorInfo>
      </Output>
    </UnitTestResult>
  </Results>
</TestRun>