<?xml version="1.0" encoding="UTF-8"?>
<TestRun id="da6e933d-27d2-457d-ba64-32d5be48d7b7" name="swalther@SWLAPTOP 2009-05-24 22:07:13" runUser="REDMOND\swalther" xmlns="http://microsoft.com/schemas/VisualStudio/TeamTest/2006">
  <TestRunConfiguration name="Default Run Configuration" id="b35b8768-1676-4e7e-8de5-4dbbfd8b740f">
    <Deployment runDeploymentRoot="C:\Users\swalther\Documents\Books\AspNetMvcUnleashed\Chapter11 - Better Performance with Caching\VB\MvcApplication1\TestResults\swalther_SWLAPTOP 2009-05-24 22_07_13">
      <DeploymentItem filename="C:\Users\swalther\Documents\Books\AspNetMvcUnleashed\Chapter11 - Better Performance with Caching\VB\MvcApplication1\MvcApplication1\bin\MvcApplication1.dll" />
      <DeploymentItem filename="C:\Users\swalther\Documents\Books\AspNetMvcUnleashed\CommonCode\MvcFakes\MvcFakes\bin\Debug\MvcFakes.dll" />
    </Deployment>
    <Hosts skipUnhostableTests="false" />
    <TestTypeSpecific />
  </TestRunConfiguration>
  <ResultSummary outcome="Completed">
    <Counters total="1" executed="1" passed="1" error="0" failed="0" timeout="0" aborted="0" inconclusive="0" passedButRunAborted="0" notRunnable="0" notExecuted="0" disconnected="0" warning="0" completed="0" inProgress="0" pending="0" />
  </ResultSummary>
  <Times creation="2009-05-24T22:07:13.3263668-07:00" queuing="2009-05-24T22:07:15.7755825-07:00" start="2009-05-24T22:07:16.0251841-07:00" finish="2009-05-24T22:07:16.8675895-07:00" />
  <TestDefinitions>
    <UnitTest name="TimeIsCached" storage="c:\users\swalther\documents\books\aspnetmvcunleashed\chapter11 - better performance with caching\vb\mvcapplication1\mvcapplication1.tests\bin\debug\mvcapplication1.tests.dll" id="be767d3d-8f35-a51e-4f9f-276e515e7422">
      <Css projectStructure="" iteration="" />
      <Owners>
        <Owner name="" />
      </Owners>
      <Execution id="e8cffb50-d4b6-4a1a-b5bf-13a6d7961220" />
      <TestMethod codeBase="C:\Users\swalther\Documents\Books\AspNetMvcUnleashed\Chapter11 - Better Performance with Caching\VB\MvcApplication1\MvcApplication1.Tests\bin\Debug\MvcApplication1.Tests.dll" adapterTypeName="Microsoft.VisualStudio.TestTools.TestTypes.Unit.UnitTestAdapter, Microsoft.VisualStudio.QualityTools.Tips.UnitTest.Adapter, Version=9.0.0.0, Culture=neutral, PublicKeyToken=b03f5f7f11d50a3a" className="MvcApplication1.Tests.SimpleControllerTests, MvcApplication1.Tests" name="TimeIsCached" />
    </UnitTest>
  </TestDefinitions>
  <TestLists>
    <TestList name="Results Not in a List" id="8c84fa94-04c1-424b-9868-57a2d4851a1d" />
    <TestList name="All Loaded Results" id="19431567-8539-422a-85d7-44ee4e166bda" />
  </TestLists>
  <TestEntries>
    <TestEntry testId="be767d3d-8f35-a51e-4f9f-276e515e7422" executionId="e8cffb50-d4b6-4a1a-b5bf-13a6d7961220" testListId="8c84fa94-04c1-424b-9868-57a2d4851a1d" />
  </TestEntries>
  <Results>
    <UnitTestResult executionId="e8cffb50-d4b6-4a1a-b5bf-13a6d7961220" testId="be767d3d-8f35-a51e-4f9f-276e515e7422" testName="TimeIsCached" computerName="SWLAPTOP" duration="00:00:00.0550231" startTime="2009-05-24T22:07:16.1187847-07:00" endTime="2009-05-24T22:07:16.7739889-07:00" testType="13cdc9d9-ddb5-4fa4-a97d-d965ccfc6d4b" outcome="Passed" testListId="8c84fa94-04c1-424b-9868-57a2d4851a1d">
      <Output>
      </Output>
    </UnitTestResult>
  </Results>
</TestRun>