<?xml version="1.0" encoding="UTF-8"?>
<TestRun id="5cd67cb4-6278-476f-af9d-89b139c2e10c" name="swalther@SWLAPTOP 2009-04-25 13:36:06" runUser="REDMOND\swalther" xmlns="http://microsoft.com/schemas/VisualStudio/TeamTest/2006">
  <TestRunConfiguration name="Default Run Configuration" id="1c737400-6109-4996-a7ce-41c9c01784ef">
    <Deployment runDeploymentRoot="C:\Users\swalther\Documents\Books\AspNetMvcUnleashed\Chapter11 - Better Performance with Caching\VB\MvcApplication1\TestResults\swalther_SWLAPTOP 2009-04-25 13_36_06">
      <DeploymentItem filename="C:\Users\swalther\Documents\Books\AspNetMvcUnleashed\Chapter11 - Better Performance with Caching\VB\MvcApplication1\MvcApplication1\bin\MvcApplication1.dll" />
    </Deployment>
    <Hosts skipUnhostableTests="false" />
    <TestTypeSpecific />
  </TestRunConfiguration>
  <ResultSummary outcome="Completed">
    <Counters total="1" executed="1" passed="1" error="0" failed="0" timeout="0" aborted="0" inconclusive="0" passedButRunAborted="0" notRunnable="0" notExecuted="0" disconnected="0" warning="0" completed="0" inProgress="0" pending="0" />
  </ResultSummary>
  <Times creation="2009-04-25T13:36:06.3550147-07:00" queuing="2009-04-25T13:36:10.0823874-07:00" start="2009-04-25T13:36:10.3864178-07:00" finish="2009-04-25T13:36:11.2064998-07:00" />
  <TestDefinitions>
    <UnitTest name="TimeIsCached" storage="c:\users\swalther\documents\books\aspnetmvcunleashed\chapter11 - better performance with caching\vb\mvcapplication1\mvcapplication1.tests\bin\debug\mvcapplication1.tests.dll" id="be767d3d-8f35-a51e-4f9f-276e515e7422">
      <Css projectStructure="" iteration="" />
      <Owners>
        <Owner name="" />
      </Owners>
      <Execution id="6980b906-2756-436e-b145-3021c42b0aee" />
      <TestMethod codeBase="C:\Users\swalther\Documents\Books\AspNetMvcUnleashed\Chapter11 - Better Performance with Caching\VB\MvcApplication1\MvcApplication1.Tests\bin\Debug\MvcApplication1.Tests.dll" adapterTypeName="Microsoft.VisualStudio.TestTools.TestTypes.Unit.UnitTestAdapter, Microsoft.VisualStudio.QualityTools.Tips.UnitTest.Adapter, Version=9.0.0.0, Culture=neutral, PublicKeyToken=b03f5f7f11d50a3a" className="MvcApplication1.Tests.SimpleControllerTests, MvcApplication1.Tests" name="TimeIsCached" />
    </UnitTest>
  </TestDefinitions>
  <TestLists>
    <TestList name="Results Not in a List" id="8c84fa94-04c1-424b-9868-57a2d4851a1d" />
    <TestList name="All Loaded Results" id="19431567-8539-422a-85d7-44ee4e166bda" />
  </TestLists>
  <TestEntries>
    <TestEntry testId="be767d3d-8f35-a51e-4f9f-276e515e7422" executionId="6980b906-2756-436e-b145-3021c42b0aee" testListId="8c84fa94-04c1-424b-9868-57a2d4851a1d" />
  </TestEntries>
  <Results>
    <UnitTestResult executionId="6980b906-2756-436e-b145-3021c42b0aee" testId="be767d3d-8f35-a51e-4f9f-276e515e7422" testName="TimeIsCached" computerName="SWLAPTOP" duration="00:00:00.0481348" startTime="2009-04-25T13:36:10.4644256-07:00" endTime="2009-04-25T13:36:11.0994891-07:00" testType="13cdc9d9-ddb5-4fa4-a97d-d965ccfc6d4b" outcome="Passed" testListId="8c84fa94-04c1-424b-9868-57a2d4851a1d">
      <Output>
      </Output>
    </UnitTestResult>
  </Results>
</TestRun>