<?xml version="1.0" encoding="UTF-8"?>
<TestRun id="bc3f5215-86c5-44cb-9b9a-65718b00bad1" name="swalther@SWLAPTOP 2009-04-25 13:52:20" runUser="REDMOND\swalther" xmlns="http://microsoft.com/schemas/VisualStudio/TeamTest/2006">
  <TestRunConfiguration name="Default Run Configuration" id="9db54f2d-5a95-4168-8f0a-996dd23c1c0a">
    <Deployment runDeploymentRoot="C:\Users\swalther\Documents\Books\AspNetMvcUnleashed\Chapter11 - Better Performance with Caching\VB\MvcApplication1\TestResults\swalther_SWLAPTOP 2009-04-25 13_52_20">
      <DeploymentItem filename="C:\Users\swalther\Documents\Books\AspNetMvcUnleashed\Chapter11 - Better Performance with Caching\VB\MvcApplication1\MvcApplication1\bin\MvcApplication1.dll" />
      <DeploymentItem filename="C:\Users\swalther\Documents\Books\AspNetMvcUnleashed\CommonCode\MvcFakes\MvcFakes\bin\Debug\MvcFakes.dll" />
    </Deployment>
    <Hosts skipUnhostableTests="false" />
    <TestTypeSpecific />
  </TestRunConfiguration>
  <ResultSummary outcome="Completed">
    <Counters total="1" executed="1" passed="1" error="0" failed="0" timeout="0" aborted="0" inconclusive="0" passedButRunAborted="0" notRunnable="0" notExecuted="0" disconnected="0" warning="0" completed="0" inProgress="0" pending="0" />
  </ResultSummary>
  <Times creation="2009-04-25T13:52:20.5767505-07:00" queuing="2009-04-25T13:52:22.8237505-07:00" start="2009-04-25T13:52:23.1147505-07:00" finish="2009-04-25T13:52:23.8837505-07:00" />
  <TestDefinitions>
    <UnitTest name="IndexAddsMoviesToCache" storage="c:\users\swalther\documents\books\aspnetmvcunleashed\chapter11 - better performance with caching\vb\mvcapplication1\mvcapplication1.tests\bin\debug\mvcapplication1.tests.dll" id="1b44ecd8-65a2-4bed-0b5e-1e90d89e8896">
      <Css projectStructure="" iteration="" />
      <Owners>
        <Owner name="" />
      </Owners>
      <Execution id="f93d9895-e04e-4d64-a4df-98e88478d523" />
      <TestMethod codeBase="C:\Users\swalther\Documents\Books\AspNetMvcUnleashed\Chapter11 - Better Performance with Caching\VB\MvcApplication1\MvcApplication1.Tests\bin\Debug\MvcApplication1.Tests.dll" adapterTypeName="Microsoft.VisualStudio.TestTools.TestTypes.Unit.UnitTestAdapter, Microsoft.VisualStudio.QualityTools.Tips.UnitTest.Adapter, Version=9.0.0.0, Culture=neutral, PublicKeyToken=b03f5f7f11d50a3a" className="MvcApplication1.Tests.SimpleMovieControllerTests, MvcApplication1.Tests" name="IndexAddsMoviesToCache" />
    </UnitTest>
  </TestDefinitions>
  <TestLists>
    <TestList name="Results Not in a List" id="8c84fa94-04c1-424b-9868-57a2d4851a1d" />
    <TestList name="All Loaded Results" id="19431567-8539-422a-85d7-44ee4e166bda" />
  </TestLists>
  <TestEntries>
    <TestEntry testId="1b44ecd8-65a2-4bed-0b5e-1e90d89e8896" executionId="f93d9895-e04e-4d64-a4df-98e88478d523" testListId="8c84fa94-04c1-424b-9868-57a2d4851a1d" />
  </TestEntries>
  <Results>
    <UnitTestResult executionId="f93d9895-e04e-4d64-a4df-98e88478d523" testId="1b44ecd8-65a2-4bed-0b5e-1e90d89e8896" testName="IndexAddsMoviesToCache" computerName="SWLAPTOP" duration="00:00:00.0680500" startTime="2009-04-25T13:52:23.1897505-07:00" endTime="2009-04-25T13:52:23.8047505-07:00" testType="13cdc9d9-ddb5-4fa4-a97d-d965ccfc6d4b" outcome="Passed" testListId="8c84fa94-04c1-424b-9868-57a2d4851a1d">
      <Output>
      </Output>
    </UnitTestResult>
  </Results>
</TestRun>