<?xml version="1.0" encoding="UTF-8"?>
<TestRun id="e94ec709-603b-4080-88cc-371ae8b9c684" name="swalther@SWLAPTOP 2009-02-24 10:29:32" runUser="REDMOND\swalther" xmlns="http://microsoft.com/schemas/VisualStudio/TeamTest/2006">
  <TestRunConfiguration name="Local Test Run" id="6dc16b7c-7cab-48b5-9232-85d908d632fa">
    <Description>This is a default test run configuration for a local test run.</Description>
    <Deployment runDeploymentRoot="C:\Users\swalther\Documents\Books\AspNetMvcUnleashed\CommonCode\GenericRepository\TestResults\swalther_SWLAPTOP 2009-02-24 10_29_32">
      <DeploymentItem filename="C:\Users\swalther\Documents\Books\AspNetMvcUnleashed\CommonCode\GenericRepository\GenericRepository\bin\Debug\GenericRepository.dll" />
    </Deployment>
    <TestTypeSpecific />
  </TestRunConfiguration>
  <ResultSummary outcome="Failed">
    <Counters total="1" executed="1" error="0" failed="1" timeout="0" aborted="0" inconclusive="0" passedButRunAborted="0" notRunnable="0" notExecuted="0" disconnected="0" warning="0" passed="0" completed="0" inProgress="0" pending="0" />
  </ResultSummary>
  <Times creation="2009-02-24T10:29:32.9910000-08:00" queuing="2009-02-24T10:29:34.2180000-08:00" start="2009-02-24T10:29:34.4430000-08:00" finish="2009-02-24T10:29:35.2680000-08:00" />
  <TestDefinitions>
    <UnitTest name="CanUpdate" storage="c:\users\swalther\documents\books\aspnetmvcunleashed\commoncode\genericrepository\genericrepository.tests\bin\debug\genericrepository.tests.dll" id="a8e657c2-2ff6-f5e4-ab6c-d8f45c5dc19e">
      <Css projectStructure="" iteration="" />
      <Owners>
        <Owner name="" />
      </Owners>
      <Execution id="233dc14d-fba9-4bae-94a7-34d71c631da1" />
      <TestMethod codeBase="C:\Users\swalther\Documents\Books\AspNetMvcUnleashed\CommonCode\GenericRepository\GenericRepository.Tests\bin\Debug\GenericRepository.Tests.dll" adapterTypeName="Microsoft.VisualStudio.TestTools.TestTypes.Unit.UnitTestAdapter, Microsoft.VisualStudio.QualityTools.Tips.UnitTest.Adapter, Version=9.0.0.0, Culture=neutral, PublicKeyToken=b03f5f7f11d50a3a" className="GenericRepository.Tests.MemoryDatabaseTests.UpdateTests, GenericRepository.Tests" name="CanUpdate" />
    </UnitTest>
  </TestDefinitions>
  <TestLists>
    <TestList name="Results Not in a List" id="8c84fa94-04c1-424b-9868-57a2d4851a1d" />
    <TestList name="All Loaded Results" id="19431567-8539-422a-85d7-44ee4e166bda" />
  </TestLists>
  <TestEntries>
    <TestEntry testId="a8e657c2-2ff6-f5e4-ab6c-d8f45c5dc19e" executionId="233dc14d-fba9-4bae-94a7-34d71c631da1" testListId="8c84fa94-04c1-424b-9868-57a2d4851a1d" />
  </TestEntries>
  <Results>
    <UnitTestResult executionId="233dc14d-fba9-4bae-94a7-34d71c631da1" testId="a8e657c2-2ff6-f5e4-ab6c-d8f45c5dc19e" testName="CanUpdate" computerName="SWLAPTOP" duration="00:00:00.1472831" startTime="2009-02-24T10:29:34.5430000-08:00" endTime="2009-02-24T10:29:35.2000000-08:00" testType="13cdc9d9-ddb5-4fa4-a97d-d965ccfc6d4b" outcome="Failed" testListId="8c84fa94-04c1-424b-9868-57a2d4851a1d">
      <Output>
        <ErrorInfo>
          <Message>Test method GenericRepository.Tests.MemoryDatabaseTests.UpdateTests.CanUpdate threw exception:  System.NullReferenceException: Object reference not set to an instance of an object..</Message>
          <StackTrace>    at GenericRepository.Tests.MemoryDatabaseTests.UpdateTests.CanUpdate() in C:\Users\swalther\Documents\Books\AspNetMvcUnleashed\CommonCode\GenericRepository\GenericRepository.Tests\MemoryDatabaseTests\UpdateTests.cs:line 39
</StackTrace>
        </ErrorInfo>
      </Output>
    </UnitTestResult>
  </Results>
</TestRun>