<?xml version="1.0" encoding="UTF-8"?>
<TestRun id="c42cdafc-cd22-4486-8422-c7ddcdaf2e14" name="swalther@SWLAPTOP 2009-02-24 10:44:06" runUser="REDMOND\swalther" xmlns="http://microsoft.com/schemas/VisualStudio/TeamTest/2006">
  <TestRunConfiguration name="Local Test Run" id="6dc16b7c-7cab-48b5-9232-85d908d632fa">
    <Description>This is a default test run configuration for a local test run.</Description>
    <Deployment runDeploymentRoot="C:\Users\swalther\Documents\Books\AspNetMvcUnleashed\CommonCode\GenericRepository\TestResults\swalther_SWLAPTOP 2009-02-24 10_44_06">
      <DeploymentItem filename="C:\Users\swalther\Documents\Books\AspNetMvcUnleashed\CommonCode\GenericRepository\GenericRepository\bin\Debug\GenericRepository.dll" />
    </Deployment>
    <TestTypeSpecific />
  </TestRunConfiguration>
  <ResultSummary outcome="Failed">
    <Counters total="1" executed="1" error="0" failed="1" timeout="0" aborted="0" inconclusive="0" passedButRunAborted="0" notRunnable="0" notExecuted="0" disconnected="0" warning="0" passed="0" completed="0" inProgress="0" pending="0" />
  </ResultSummary>
  <Times creation="2009-02-24T10:44:06.1270000-08:00" queuing="2009-02-24T10:44:07.4420000-08:00" start="2009-02-24T10:44:07.6680000-08:00" finish="2009-02-24T10:44:08.6440000-08:00" />
  <TestDefinitions>
    <UnitTest name="CanDelete" storage="c:\users\swalther\documents\books\aspnetmvcunleashed\commoncode\genericrepository\genericrepository.tests\bin\debug\genericrepository.tests.dll" id="089e76bd-f16f-1b4c-62c3-68b6f15377a0">
      <Css projectStructure="" iteration="" />
      <Owners>
        <Owner name="" />
      </Owners>
      <Execution id="f3fe7fee-f0cc-4f38-8c59-1c1f33b033e9" />
      <TestMethod codeBase="C:\Users\swalther\Documents\Books\AspNetMvcUnleashed\CommonCode\GenericRepository\GenericRepository.Tests\bin\Debug\GenericRepository.Tests.dll" adapterTypeName="Microsoft.VisualStudio.TestTools.TestTypes.Unit.UnitTestAdapter, Microsoft.VisualStudio.QualityTools.Tips.UnitTest.Adapter, Version=9.0.0.0, Culture=neutral, PublicKeyToken=b03f5f7f11d50a3a" className="GenericRepository.Tests.MemoryDatabaseTests.DeleteTests, GenericRepository.Tests" name="CanDelete" />
    </UnitTest>
  </TestDefinitions>
  <TestLists>
    <TestList name="Results Not in a List" id="8c84fa94-04c1-424b-9868-57a2d4851a1d" />
    <TestList name="All Loaded Results" id="19431567-8539-422a-85d7-44ee4e166bda" />
  </TestLists>
  <TestEntries>
    <TestEntry testId="089e76bd-f16f-1b4c-62c3-68b6f15377a0" executionId="f3fe7fee-f0cc-4f38-8c59-1c1f33b033e9" testListId="8c84fa94-04c1-424b-9868-57a2d4851a1d" />
  </TestEntries>
  <Results>
    <UnitTestResult executionId="f3fe7fee-f0cc-4f38-8c59-1c1f33b033e9" testId="089e76bd-f16f-1b4c-62c3-68b6f15377a0" testName="CanDelete" computerName="SWLAPTOP" duration="00:00:00.2160627" startTime="2009-02-24T10:44:07.8140000-08:00" endTime="2009-02-24T10:44:08.5680000-08:00" testType="13cdc9d9-ddb5-4fa4-a97d-d965ccfc6d4b" outcome="Failed" testListId="8c84fa94-04c1-424b-9868-57a2d4851a1d">
      <Output>
        <ErrorInfo>
          <Message>Assert.AreEqual failed. Expected:&lt;2&gt;. Actual:&lt;3&gt;. </Message>
          <StackTrace>   at GenericRepository.Tests.MemoryDatabaseTests.DeleteTests.CanDelete() in C:\Users\swalther\Documents\Books\AspNetMvcUnleashed\CommonCode\GenericRepository\GenericRepository.Tests\MemoryDatabaseTests\DeleteTests.cs:line 29
</StackTrace>
        </ErrorInfo>
      </Output>
    </UnitTestResult>
  </Results>
</TestRun>