<?xml version="1.0" encoding="UTF-8"?>
<TestRun id="a18d84c5-9a8a-46c4-a6e8-21ed9044874a" name="swalther@SWLAPTOP 2009-02-24 10:20:52" runUser="REDMOND\swalther" xmlns="http://microsoft.com/schemas/VisualStudio/TeamTest/2006">
  <TestRunConfiguration name="Local Test Run" id="6dc16b7c-7cab-48b5-9232-85d908d632fa">
    <Description>This is a default test run configuration for a local test run.</Description>
    <Deployment runDeploymentRoot="C:\Users\swalther\Documents\Books\AspNetMvcUnleashed\CommonCode\GenericRepository\TestResults\swalther_SWLAPTOP 2009-02-24 10_20_52">
      <DeploymentItem filename="C:\Users\swalther\Documents\Books\AspNetMvcUnleashed\CommonCode\GenericRepository\GenericRepository\bin\Debug\GenericRepository.dll" />
    </Deployment>
    <TestTypeSpecific />
  </TestRunConfiguration>
  <ResultSummary outcome="Completed">
    <Counters total="4" executed="4" passed="4" error="0" failed="0" timeout="0" aborted="0" inconclusive="0" passedButRunAborted="0" notRunnable="0" notExecuted="0" disconnected="0" warning="0" completed="0" inProgress="0" pending="0" />
  </ResultSummary>
  <Times creation="2009-02-24T10:20:52.1490000-08:00" queuing="2009-02-24T10:20:53.2610000-08:00" start="2009-02-24T10:20:53.4650000-08:00" finish="2009-02-24T10:20:54.2310000-08:00" />
  <TestDefinitions>
    <UnitTest name="IdentityIncrements" storage="c:\users\swalther\documents\books\aspnetmvcunleashed\commoncode\genericrepository\genericrepository.tests\bin\debug\genericrepository.tests.dll" id="a3bb9cda-e3d0-d7c1-329a-9b01ff46ea5c">
      <Css projectStructure="" iteration="" />
      <Owners>
        <Owner name="" />
      </Owners>
      <Execution id="9e80163e-dede-4fc1-b7b8-8dba20b65773" />
      <TestMethod codeBase="C:\Users\swalther\Documents\Books\AspNetMvcUnleashed\CommonCode\GenericRepository\GenericRepository.Tests\bin\Debug\GenericRepository.Tests.dll" adapterTypeName="Microsoft.VisualStudio.TestTools.TestTypes.Unit.UnitTestAdapter, Microsoft.VisualStudio.QualityTools.Tips.UnitTest.Adapter, Version=9.0.0.0, Culture=neutral, PublicKeyToken=b03f5f7f11d50a3a" className="GenericRepository.Tests.FakeGenericRepositoryTests.InsertTests, GenericRepository.Tests" name="IdentityIncrements" />
    </UnitTest>
    <UnitTest name="InsertIncrementsId" storage="c:\users\swalther\documents\books\aspnetmvcunleashed\commoncode\genericrepository\genericrepository.tests\bin\debug\genericrepository.tests.dll" id="040209d1-e85c-52d8-f936-b4d861f2e936">
      <Css projectStructure="" iteration="" />
      <Owners>
        <Owner name="" />
      </Owners>
      <Execution id="fd353258-ab4a-467c-938d-43c46d5cc001" />
      <TestMethod codeBase="C:\Users\swalther\Documents\Books\AspNetMvcUnleashed\CommonCode\GenericRepository\GenericRepository.Tests\bin\Debug\GenericRepository.Tests.dll" adapterTypeName="Microsoft.VisualStudio.TestTools.TestTypes.Unit.UnitTestAdapter, Microsoft.VisualStudio.QualityTools.Tips.UnitTest.Adapter, Version=9.0.0.0, Culture=neutral, PublicKeyToken=b03f5f7f11d50a3a" className="GenericRepository.Tests.MemoryDatabaseTests.InsertTests, GenericRepository.Tests" name="InsertIncrementsId" />
    </UnitTest>
    <UnitTest name="InsertFirstListFirst" storage="c:\users\swalther\documents\books\aspnetmvcunleashed\commoncode\genericrepository\genericrepository.tests\bin\debug\genericrepository.tests.dll" id="b44d18ab-e69d-4cf7-17d1-2bfdff5df367">
      <Css projectStructure="" iteration="" />
      <Owners>
        <Owner name="" />
      </Owners>
      <Execution id="18cce09d-574b-48e0-8c87-c60b064cdcf0" />
      <TestMethod codeBase="C:\Users\swalther\Documents\Books\AspNetMvcUnleashed\CommonCode\GenericRepository\GenericRepository.Tests\bin\Debug\GenericRepository.Tests.dll" adapterTypeName="Microsoft.VisualStudio.TestTools.TestTypes.Unit.UnitTestAdapter, Microsoft.VisualStudio.QualityTools.Tips.UnitTest.Adapter, Version=9.0.0.0, Culture=neutral, PublicKeyToken=b03f5f7f11d50a3a" className="GenericRepository.Tests.MemoryDatabaseTests.InsertTests, GenericRepository.Tests" name="InsertFirstListFirst" />
    </UnitTest>
    <UnitTest name="AfterFirstInsertIdIs1" storage="c:\users\swalther\documents\books\aspnetmvcunleashed\commoncode\genericrepository\genericrepository.tests\bin\debug\genericrepository.tests.dll" id="dcce2324-4851-1198-b92d-3d92c9786d3c">
      <Css projectStructure="" iteration="" />
      <Owners>
        <Owner name="" />
      </Owners>
      <Execution id="df4066f9-f62f-4cd7-a6ad-ac271b443ba2" />
      <TestMethod codeBase="C:\Users\swalther\Documents\Books\AspNetMvcUnleashed\CommonCode\GenericRepository\GenericRepository.Tests\bin\Debug\GenericRepository.Tests.dll" adapterTypeName="Microsoft.VisualStudio.TestTools.TestTypes.Unit.UnitTestAdapter, Microsoft.VisualStudio.QualityTools.Tips.UnitTest.Adapter, Version=9.0.0.0, Culture=neutral, PublicKeyToken=b03f5f7f11d50a3a" className="GenericRepository.Tests.MemoryDatabaseTests.InsertTests, GenericRepository.Tests" name="AfterFirstInsertIdIs1" />
    </UnitTest>
  </TestDefinitions>
  <TestLists>
    <TestList name="Results Not in a List" id="8c84fa94-04c1-424b-9868-57a2d4851a1d" />
    <TestList name="All Loaded Results" id="19431567-8539-422a-85d7-44ee4e166bda" />
  </TestLists>
  <TestEntries>
    <TestEntry testId="040209d1-e85c-52d8-f936-b4d861f2e936" executionId="fd353258-ab4a-467c-938d-43c46d5cc001" testListId="8c84fa94-04c1-424b-9868-57a2d4851a1d" />
    <TestEntry testId="a3bb9cda-e3d0-d7c1-329a-9b01ff46ea5c" executionId="9e80163e-dede-4fc1-b7b8-8dba20b65773" testListId="8c84fa94-04c1-424b-9868-57a2d4851a1d" />
    <TestEntry testId="b44d18ab-e69d-4cf7-17d1-2bfdff5df367" executionId="18cce09d-574b-48e0-8c87-c60b064cdcf0" testListId="8c84fa94-04c1-424b-9868-57a2d4851a1d" />
    <TestEntry testId="dcce2324-4851-1198-b92d-3d92c9786d3c" executionId="df4066f9-f62f-4cd7-a6ad-ac271b443ba2" testListId="8c84fa94-04c1-424b-9868-57a2d4851a1d" />
  </TestEntries>
  <Results>
    <UnitTestResult executionId="fd353258-ab4a-467c-938d-43c46d5cc001" testId="040209d1-e85c-52d8-f936-b4d861f2e936" testName="InsertIncrementsId" computerName="SWLAPTOP" duration="00:00:00.0263571" startTime="2009-02-24T10:20:53.5660000-08:00" endTime="2009-02-24T10:20:54.1090000-08:00" testType="13cdc9d9-ddb5-4fa4-a97d-d965ccfc6d4b" outcome="Passed" testListId="8c84fa94-04c1-424b-9868-57a2d4851a1d">
      <Output>
      </Output>
    </UnitTestResult>
    <UnitTestResult executionId="9e80163e-dede-4fc1-b7b8-8dba20b65773" testId="a3bb9cda-e3d0-d7c1-329a-9b01ff46ea5c" testName="IdentityIncrements" computerName="SWLAPTOP" duration="00:00:00.0006569" startTime="2009-02-24T10:20:54.1140000-08:00" endTime="2009-02-24T10:20:54.1190000-08:00" testType="13cdc9d9-ddb5-4fa4-a97d-d965ccfc6d4b" outcome="Passed" testListId="8c84fa94-04c1-424b-9868-57a2d4851a1d">
      <Output>
      </Output>
    </UnitTestResult>
    <UnitTestResult executionId="18cce09d-574b-48e0-8c87-c60b064cdcf0" testId="b44d18ab-e69d-4cf7-17d1-2bfdff5df367" testName="InsertFirstListFirst" computerName="SWLAPTOP" duration="00:00:00.0203175" startTime="2009-02-24T10:20:54.1280000-08:00" endTime="2009-02-24T10:20:54.1520000-08:00" testType="13cdc9d9-ddb5-4fa4-a97d-d965ccfc6d4b" outcome="Passed" testListId="8c84fa94-04c1-424b-9868-57a2d4851a1d">
      <Output>
      </Output>
    </UnitTestResult>
    <UnitTestResult executionId="df4066f9-f62f-4cd7-a6ad-ac271b443ba2" testId="dcce2324-4851-1198-b92d-3d92c9786d3c" testName="AfterFirstInsertIdIs1" computerName="SWLAPTOP" duration="00:00:00.0003767" startTime="2009-02-24T10:20:54.1580000-08:00" endTime="2009-02-24T10:20:54.1740000-08:00" testType="13cdc9d9-ddb5-4fa4-a97d-d965ccfc6d4b" outcome="Passed" testListId="8c84fa94-04c1-424b-9868-57a2d4851a1d">
      <Output>
      </Output>
    </UnitTestResult>
  </Results>
</TestRun>