<?xml version="1.0" encoding="UTF-8"?>
<TestRun id="93ee1591-acf3-4485-8f02-60da6dece676" name="swalther@SWLAPTOP 2009-05-24 12:14:24" runUser="REDMOND\swalther" xmlns="http://microsoft.com/schemas/VisualStudio/TeamTest/2006">
  <TestRunConfiguration name="Default Run Configuration" id="94a129ab-6fc2-4e62-93b7-e7cff2bda039">
    <Deployment runDeploymentRoot="C:\Users\swalther\Documents\Books\AspNetMvcUnleashed\Chapter04 - Understanding Views\Code\VB\MvcApplication1\TestResults\swalther_SWLAPTOP 2009-05-24 12_14_24">
      <DeploymentItem filename="C:\Users\swalther\Documents\Books\AspNetMvcUnleashed\Chapter04 - Understanding Views\Code\VB\MvcApplication1\MvcApplication1\bin\MvcApplication1.dll" />
      <DeploymentItem filename="C:\Users\swalther\Documents\Books\AspNetMvcUnleashed\CommonCode\MvcFakes\MvcFakes\bin\Debug\MvcFakes.dll" />
    </Deployment>
    <Hosts skipUnhostableTests="false" />
    <TestTypeSpecific />
  </TestRunConfiguration>
  <ResultSummary outcome="Completed">
    <Counters total="3" executed="3" passed="3" error="0" failed="0" timeout="0" aborted="0" inconclusive="0" passedButRunAborted="0" notRunnable="0" notExecuted="0" disconnected="0" warning="0" completed="0" inProgress="0" pending="0" />
  </ResultSummary>
  <Times creation="2009-05-24T12:14:24.6070190-07:00" queuing="2009-05-24T12:14:26.8980190-07:00" start="2009-05-24T12:14:27.1560190-07:00" finish="2009-05-24T12:14:28.1000190-07:00" />
  <TestDefinitions>
    <UnitTest name="ContainsHtmlRow" storage="c:\users\swalther\documents\books\aspnetmvcunleashed\chapter04 - understanding views\code\vb\mvcapplication1\mvcapplication1.tests\bin\debug\mvcapplication1.tests.dll" id="dbeec159-40f6-ccc7-aa12-e7a16b847139">
      <Css projectStructure="" iteration="" />
      <Owners>
        <Owner name="" />
      </Owners>
      <Execution id="d2096905-8608-4a9b-80ce-e91f19b82e93" />
      <TestMethod codeBase="C:\Users\swalther\Documents\Books\AspNetMvcUnleashed\Chapter04 - Understanding Views\Code\VB\MvcApplication1\MvcApplication1.Tests\bin\Debug\MvcApplication1.Tests.dll" adapterTypeName="Microsoft.VisualStudio.TestTools.TestTypes.Unit.UnitTestAdapter, Microsoft.VisualStudio.QualityTools.Tips.UnitTest.Adapter, Version=9.0.0.0, Culture=neutral, PublicKeyToken=b03f5f7f11d50a3a" className="MvcApplication1.Tests.ProductHelperTest, MvcApplication1.Tests" name="ContainsHtmlRow" />
    </UnitTest>
    <UnitTest name="Index" storage="c:\users\swalther\documents\books\aspnetmvcunleashed\chapter04 - understanding views\code\vb\mvcapplication1\mvcapplication1.tests\bin\debug\mvcapplication1.tests.dll" id="1f7c289e-afd9-cfe7-7f87-0cbd220ea485">
      <Css projectStructure="" iteration="" />
      <Owners>
        <Owner name="" />
      </Owners>
      <Execution id="627905b1-a79d-4d7e-bcfd-64a0fcd15c66" />
      <TestMethod codeBase="C:\Users\swalther\Documents\Books\AspNetMvcUnleashed\Chapter04 - Understanding Views\Code\VB\MvcApplication1\MvcApplication1.Tests\bin\Debug\MvcApplication1.Tests.dll" adapterTypeName="Microsoft.VisualStudio.TestTools.TestTypes.Unit.UnitTestAdapter, Microsoft.VisualStudio.QualityTools.Tips.UnitTest.Adapter, Version=9.0.0.0, Culture=neutral, PublicKeyToken=b03f5f7f11d50a3a" className="MvcApplication1.Tests.HomeControllerTest, MvcApplication1.Tests" name="Index" />
    </UnitTest>
    <UnitTest name="IndexView" storage="c:\users\swalther\documents\books\aspnetmvcunleashed\chapter04 - understanding views\code\vb\mvcapplication1\mvcapplication1.tests\bin\debug\mvcapplication1.tests.dll" id="4936dc2e-fdbd-c59f-4865-b270d6d2487f">
      <Css projectStructure="" iteration="" />
      <Owners>
        <Owner name="" />
      </Owners>
      <Execution id="a637e139-18a8-44bd-b434-dcf51d6590d7" />
      <TestMethod codeBase="C:\Users\swalther\Documents\Books\AspNetMvcUnleashed\Chapter04 - Understanding Views\Code\VB\MvcApplication1\MvcApplication1.Tests\bin\Debug\MvcApplication1.Tests.dll" adapterTypeName="Microsoft.VisualStudio.TestTools.TestTypes.Unit.UnitTestAdapter, Microsoft.VisualStudio.QualityTools.Tips.UnitTest.Adapter, Version=9.0.0.0, Culture=neutral, PublicKeyToken=b03f5f7f11d50a3a" className="MvcApplication1.Tests.SimpleControllerTest, MvcApplication1.Tests" name="IndexView" />
    </UnitTest>
  </TestDefinitions>
  <TestLists>
    <TestList name="Results Not in a List" id="8c84fa94-04c1-424b-9868-57a2d4851a1d" />
    <TestList name="All Loaded Results" id="19431567-8539-422a-85d7-44ee4e166bda" />
  </TestLists>
  <TestEntries>
    <TestEntry testId="1f7c289e-afd9-cfe7-7f87-0cbd220ea485" executionId="627905b1-a79d-4d7e-bcfd-64a0fcd15c66" testListId="8c84fa94-04c1-424b-9868-57a2d4851a1d" />
    <TestEntry testId="4936dc2e-fdbd-c59f-4865-b270d6d2487f" executionId="a637e139-18a8-44bd-b434-dcf51d6590d7" testListId="8c84fa94-04c1-424b-9868-57a2d4851a1d" />
    <TestEntry testId="dbeec159-40f6-ccc7-aa12-e7a16b847139" executionId="d2096905-8608-4a9b-80ce-e91f19b82e93" testListId="8c84fa94-04c1-424b-9868-57a2d4851a1d" />
  </TestEntries>
  <Results>
    <UnitTestResult executionId="627905b1-a79d-4d7e-bcfd-64a0fcd15c66" testId="1f7c289e-afd9-cfe7-7f87-0cbd220ea485" testName="Index" computerName="SWLAPTOP" duration="00:00:00.0610153" startTime="2009-05-24T12:14:27.2350190-07:00" endTime="2009-05-24T12:14:27.9210190-07:00" testType="13cdc9d9-ddb5-4fa4-a97d-d965ccfc6d4b" outcome="Passed" testListId="8c84fa94-04c1-424b-9868-57a2d4851a1d">
      <Output>
      </Output>
    </UnitTestResult>
    <UnitTestResult executionId="a637e139-18a8-44bd-b434-dcf51d6590d7" testId="4936dc2e-fdbd-c59f-4865-b270d6d2487f" testName="IndexView" computerName="SWLAPTOP" duration="00:00:00.0041839" startTime="2009-05-24T12:14:27.9340190-07:00" endTime="2009-05-24T12:14:27.9420190-07:00" testType="13cdc9d9-ddb5-4fa4-a97d-d965ccfc6d4b" outcome="Passed" testListId="8c84fa94-04c1-424b-9868-57a2d4851a1d">
      <Output>
      </Output>
    </UnitTestResult>
    <UnitTestResult executionId="d2096905-8608-4a9b-80ce-e91f19b82e93" testId="dbeec159-40f6-ccc7-aa12-e7a16b847139" testName="ContainsHtmlRow" computerName="SWLAPTOP" duration="00:00:00.0335510" startTime="2009-05-24T12:14:27.9510190-07:00" endTime="2009-05-24T12:14:27.9880190-07:00" testType="13cdc9d9-ddb5-4fa4-a97d-d965ccfc6d4b" outcome="Passed" testListId="8c84fa94-04c1-424b-9868-57a2d4851a1d">
      <Output>
      </Output>
    </UnitTestResult>
  </Results>
</TestRun>