<?xml version="1.0" encoding="UTF-8"?>
<TestRun id="d22a23c2-357b-448e-b9ab-039c3945cc6a" name="swalther@SWLAPTOP 2009-02-21 22:22:36" runUser="REDMOND\swalther" xmlns="http://microsoft.com/schemas/VisualStudio/TeamTest/2006">
  <TestRunConfiguration name="Default Run Configuration" id="146ca160-40ad-4df4-bd75-fc1200eaff84">
    <Deployment runDeploymentRoot="C:\Users\swalther\Documents\Books\AspNetMvcUnleashed\Chapter04 - Understanding Views\Code\VB\MvcApplication1\TestResults\swalther_SWLAPTOP 2009-02-21 22_22_36">
      <DeploymentItem filename="C:\Users\swalther\Documents\Books\AspNetMvcUnleashed\Chapter04 - Understanding Views\Code\VB\MvcApplication1\MvcApplication1\bin\MvcApplication1.dll" />
    </Deployment>
    <Hosts skipUnhostableTests="false" />
    <TestTypeSpecific />
  </TestRunConfiguration>
  <ResultSummary outcome="Completed">
    <Counters total="1" executed="1" passed="1" error="0" failed="0" timeout="0" aborted="0" inconclusive="0" passedButRunAborted="0" notRunnable="0" notExecuted="0" disconnected="0" warning="0" completed="0" inProgress="0" pending="0" />
  </ResultSummary>
  <Times creation="2009-02-21T22:22:36.0270000-08:00" queuing="2009-02-21T22:22:37.6660000-08:00" start="2009-02-21T22:22:38.0630000-08:00" finish="2009-02-21T22:22:38.8560000-08:00" />
  <TestDefinitions>
    <UnitTest name="Index" storage="c:\users\swalther\documents\books\aspnetmvcunleashed\chapter04 - understanding views\code\vb\mvcapplication1\mvcapplication1.tests\bin\debug\mvcapplication1.tests.dll" id="1f7c289e-afd9-cfe7-7f87-0cbd220ea485">
      <Css projectStructure="" iteration="" />
      <Owners>
        <Owner name="" />
      </Owners>
      <Execution id="8ac08800-32a5-496f-b6b6-8d38e8b4c1f0" />
      <TestMethod codeBase="C:\Users\swalther\Documents\Books\AspNetMvcUnleashed\Chapter04 - Understanding Views\Code\VB\MvcApplication1\MvcApplication1.Tests\bin\Debug\MvcApplication1.Tests.dll" adapterTypeName="Microsoft.VisualStudio.TestTools.TestTypes.Unit.UnitTestAdapter, Microsoft.VisualStudio.QualityTools.Tips.UnitTest.Adapter, Version=9.0.0.0, Culture=neutral, PublicKeyToken=b03f5f7f11d50a3a" className="MvcApplication1.Tests.HomeControllerTest, MvcApplication1.Tests" name="Index" />
    </UnitTest>
  </TestDefinitions>
  <TestLists>
    <TestList name="Results Not in a List" id="8c84fa94-04c1-424b-9868-57a2d4851a1d" />
    <TestList name="All Loaded Results" id="19431567-8539-422a-85d7-44ee4e166bda" />
  </TestLists>
  <TestEntries>
    <TestEntry testId="1f7c289e-afd9-cfe7-7f87-0cbd220ea485" executionId="8ac08800-32a5-496f-b6b6-8d38e8b4c1f0" testListId="8c84fa94-04c1-424b-9868-57a2d4851a1d" />
  </TestEntries>
  <Results>
    <UnitTestResult executionId="8ac08800-32a5-496f-b6b6-8d38e8b4c1f0" testId="1f7c289e-afd9-cfe7-7f87-0cbd220ea485" testName="Index" computerName="SWLAPTOP" duration="00:00:00.0547671" startTime="2009-02-21T22:22:38.2230000-08:00" endTime="2009-02-21T22:22:38.7890000-08:00" testType="13cdc9d9-ddb5-4fa4-a97d-d965ccfc6d4b" outcome="Passed" testListId="8c84fa94-04c1-424b-9868-57a2d4851a1d">
      <Output>
      </Output>
    </UnitTestResult>
  </Results>
</TestRun>