<?xml version="1.0" encoding="UTF-8"?>
<TestRun id="8ed552aa-e846-429c-9d4d-00c8c53a5217" name="swalther@SWLAPTOP 2009-04-14 20:06:09" runUser="REDMOND\swalther" xmlns="http://microsoft.com/schemas/VisualStudio/TeamTest/2006">
  <TestRunConfiguration name="Default Run Configuration" id="c2fa7ba9-3025-4fb6-8d2e-999c97b8f579">
    <Deployment runDeploymentRoot="C:\Users\swalther\Documents\Books\AspNetMvcUnleashed\Chapter19 - Adding Validation\CS\UnleashedBlog\TestResults\swalther_SWLAPTOP 2009-04-14 20_06_09">
      <DeploymentItem filename="C:\Users\swalther\Documents\Books\AspNetMvcUnleashed\Chapter19 - Adding Validation\CS\UnleashedBlog\UnleashedBlog\bin\UnleashedBlog.dll" />
      <DeploymentItem filename="C:\Users\swalther\Downloads\AspNetMvcReleases\RTM\DataAnnotationsModelBinder\src\bin\Debug\System.ComponentModel.DataAnnotations.dll" />
      <DeploymentItem filename="C:\Users\swalther\Downloads\AspNetMvcReleases\RTM\DataAnnotationsModelBinder\src\bin\Debug\Microsoft.Web.Mvc.DataAnnotations.dll" />
      <DeploymentItem filename="C:\Users\swalther\Documents\Books\AspNetMvcUnleashed\CommonCode\RouteDebugger\RouteDebugger\bin\Debug\RouteDebugger.dll" />
      <DeploymentItem filename="C:\Users\swalther\Documents\Books\AspNetMvcUnleashed\CommonCode\MvcFakes\MvcFakes\bin\Debug\MvcFakes.dll" />
    </Deployment>
    <Hosts skipUnhostableTests="false" />
    <TestTypeSpecific />
  </TestRunConfiguration>
  <ResultSummary outcome="Error">
    <Counters total="1" executed="1" error="0" failed="0" timeout="0" aborted="1" inconclusive="0" passedButRunAborted="0" notRunnable="0" notExecuted="0" disconnected="0" warning="0" passed="0" completed="0" inProgress="0" pending="0" />
    <RunInfos>
      <RunInfo computerName="SWLAPTOP" outcome="Error" timestamp="2009-04-14T20:06:19.8256494-07:00">
        <Text>Test host process exited unexpectedly.</Text>
      </RunInfo>
    </RunInfos>
  </ResultSummary>
  <Times creation="2009-04-14T20:06:09.6256494-07:00" queuing="2009-04-14T20:06:11.0136494-07:00" start="2009-04-14T20:06:11.3076494-07:00" finish="2009-04-14T20:06:19.8256494-07:00" />
  <TestDefinitions>
    <UnitTest name="IndexReturnsBlogEntryByName" storage="c:\users\swalther\documents\books\aspnetmvcunleashed\chapter19 - adding validation\cs\unleashedblog\unleashedblog.tests\bin\debug\unleashedblog.tests.dll" id="9cd2d8b0-5e13-5da4-773b-45607ed534f2">
      <Css projectStructure="" iteration="" />
      <Owners>
        <Owner name="" />
      </Owners>
      <Execution id="6ea446b7-8492-492d-9273-40812dccf6aa" />
      <TestMethod codeBase="C:\Users\swalther\Documents\Books\AspNetMvcUnleashed\Chapter19 - Adding Validation\CS\UnleashedBlog\UnleashedBlog.Tests\bin\Debug\UnleashedBlog.Tests.dll" adapterTypeName="Microsoft.VisualStudio.TestTools.TestTypes.Unit.UnitTestAdapter, Microsoft.VisualStudio.QualityTools.Tips.UnitTest.Adapter, Version=9.0.0.0, Culture=neutral, PublicKeyToken=b03f5f7f11d50a3a" className="UnleashedBlog.Tests.Controllers.ArchiveControllerTests, UnleashedBlog.Tests" name="IndexReturnsBlogEntryByName" />
    </UnitTest>
  </TestDefinitions>
  <TestLists>
    <TestList name="Results Not in a List" id="8c84fa94-04c1-424b-9868-57a2d4851a1d" />
    <TestList name="All Loaded Results" id="19431567-8539-422a-85d7-44ee4e166bda" />
  </TestLists>
  <TestEntries>
    <TestEntry testId="9cd2d8b0-5e13-5da4-773b-45607ed534f2" executionId="c83050d5-a266-4be0-a152-fb818c561335" testListId="8c84fa94-04c1-424b-9868-57a2d4851a1d" />
  </TestEntries>
  <Results>
    <UnitTestResult executionId="c83050d5-a266-4be0-a152-fb818c561335" testId="9cd2d8b0-5e13-5da4-773b-45607ed534f2" testName="IndexReturnsBlogEntryByName" computerName="SWLAPTOP" duration="00:00:08.4150000" startTime="2009-04-14T20:06:11.4106494-07:00" endTime="2009-04-14T20:06:19.8256494-07:00" testType="13cdc9d9-ddb5-4fa4-a97d-d965ccfc6d4b" outcome="Aborted" testListId="8c84fa94-04c1-424b-9868-57a2d4851a1d">
    </UnitTestResult>
  </Results>
</TestRun>