<?xml version="1.0" encoding="UTF-8"?>
<TestRun id="d6f0f089-9fda-49b4-b970-984144b30d90" name="swalther@SWLAPTOP 2009-04-14 20:40:25" runUser="REDMOND\swalther" xmlns="http://microsoft.com/schemas/VisualStudio/TeamTest/2006">
  <TestRunConfiguration name="Default Run Configuration" id="80870ff3-7304-4174-9428-76fef2bcfa85">
    <Deployment runDeploymentRoot="C:\Users\swalther\Documents\Books\AspNetMvcUnleashed\Chapter19 - Adding Validation\CS\UnleashedBlog\TestResults\swalther_SWLAPTOP 2009-04-14 20_40_25">
      <DeploymentItem filename="C:\Users\swalther\Documents\Books\AspNetMvcUnleashed\Chapter19 - Adding Validation\CS\UnleashedBlog\UnleashedBlog\bin\UnleashedBlog.dll" />
      <DeploymentItem filename="C:\Users\swalther\Downloads\AspNetMvcReleases\RTM\DataAnnotationsModelBinder\src\bin\Debug\System.ComponentModel.DataAnnotations.dll" />
      <DeploymentItem filename="C:\Users\swalther\Downloads\AspNetMvcReleases\RTM\DataAnnotationsModelBinder\src\bin\Debug\Microsoft.Web.Mvc.DataAnnotations.dll" />
      <DeploymentItem filename="C:\Users\swalther\Documents\Books\AspNetMvcUnleashed\CommonCode\RouteDebugger\RouteDebugger\bin\Debug\RouteDebugger.dll" />
      <DeploymentItem filename="C:\Users\swalther\Documents\Books\AspNetMvcUnleashed\CommonCode\MvcFakes\MvcFakes\bin\Debug\MvcFakes.dll" />
    </Deployment>
    <Hosts skipUnhostableTests="false" />
    <TestTypeSpecific />
  </TestRunConfiguration>
  <ResultSummary outcome="Failed">
    <Counters total="16" executed="16" passed="15" error="0" failed="1" timeout="0" aborted="0" inconclusive="0" passedButRunAborted="0" notRunnable="0" notExecuted="0" disconnected="0" warning="0" completed="0" inProgress="0" pending="0" />
  </ResultSummary>
  <Times creation="2009-04-14T20:40:25.1616494-07:00" queuing="2009-04-14T20:40:26.5606494-07:00" start="2009-04-14T20:40:26.8426494-07:00" finish="2009-04-14T20:40:27.8686494-07:00" />
  <TestDefinitions>
    <UnitTest name="CreateTitleRequired" storage="c:\users\swalther\documents\books\aspnetmvcunleashed\chapter19 - adding validation\cs\unleashedblog\unleashedblog.tests\bin\debug\unleashedblog.tests.dll" id="026d23a0-0f2f-e420-eb4a-d0257988d821">
      <Css projectStructure="" iteration="" />
      <Owners>
        <Owner name="" />
      </Owners>
      <Execution id="6f51fd5c-c2b2-4ea5-8a28-64edcdd10971" />
      <TestMethod codeBase="C:\Users\swalther\Documents\Books\AspNetMvcUnleashed\Chapter19 - Adding Validation\CS\UnleashedBlog\UnleashedBlog.Tests\bin\Debug\UnleashedBlog.Tests.dll" adapterTypeName="Microsoft.VisualStudio.TestTools.TestTypes.Unit.UnitTestAdapter, Microsoft.VisualStudio.QualityTools.Tips.UnitTest.Adapter, Version=9.0.0.0, Culture=neutral, PublicKeyToken=b03f5f7f11d50a3a" className="UnleashedBlog.Tests.Controllers.BlogControllerTests, UnleashedBlog.Tests" name="CreateTitleRequired" />
    </UnitTest>
    <UnitTest name="CreateNameNotFromTitle" storage="c:\users\swalther\documents\books\aspnetmvcunleashed\chapter19 - adding validation\cs\unleashedblog\unleashedblog.tests\bin\debug\unleashedblog.tests.dll" id="0426ea28-dda4-1f48-4049-2acae1ced750">
      <Css projectStructure="" iteration="" />
      <Owners>
        <Owner name="" />
      </Owners>
      <Execution id="ddfb764b-8346-494e-bdc7-3b3488cb4785" />
      <TestMethod codeBase="C:\Users\swalther\Documents\Books\AspNetMvcUnleashed\Chapter19 - Adding Validation\CS\UnleashedBlog\UnleashedBlog.Tests\bin\Debug\UnleashedBlog.Tests.dll" adapterTypeName="Microsoft.VisualStudio.TestTools.TestTypes.Unit.UnitTestAdapter, Microsoft.VisualStudio.QualityTools.Tips.UnitTest.Adapter, Version=9.0.0.0, Culture=neutral, PublicKeyToken=b03f5f7f11d50a3a" className="UnleashedBlog.Tests.Controllers.BlogControllerTests, UnleashedBlog.Tests" name="CreateNameNotFromTitle" />
    </UnitTest>
    <UnitTest name="DefaultRoute" storage="c:\users\swalther\documents\books\aspnetmvcunleashed\chapter19 - adding validation\cs\unleashedblog\unleashedblog.tests\bin\debug\unleashedblog.tests.dll" id="61b7311d-ab65-b688-47ad-3f6effc369f9">
      <Css projectStructure="" iteration="" />
      <Owners>
        <Owner name="" />
      </Owners>
      <Execution id="6d25c567-75f0-423e-b202-20b9e5f8b777" />
      <TestMethod codeBase="C:\Users\swalther\Documents\Books\AspNetMvcUnleashed\Chapter19 - Adding Validation\CS\UnleashedBlog\UnleashedBlog.Tests\bin\Debug\UnleashedBlog.Tests.dll" adapterTypeName="Microsoft.VisualStudio.TestTools.TestTypes.Unit.UnitTestAdapter, Microsoft.VisualStudio.QualityTools.Tips.UnitTest.Adapter, Version=9.0.0.0, Culture=neutral, PublicKeyToken=b03f5f7f11d50a3a" className="UnleashedBlog.Tests.Routes.RouteTests, UnleashedBlog.Tests" name="DefaultRoute" />
    </UnitTest>
    <UnitTest name="CreateTitleMaximumLength500" storage="c:\users\swalther\documents\books\aspnetmvcunleashed\chapter19 - adding validation\cs\unleashedblog\unleashedblog.tests\bin\debug\unleashedblog.tests.dll" id="816fee86-e4c6-f66a-8367-34afbe81dea1">
      <Css projectStructure="" iteration="" />
      <Owners>
        <Owner name="" />
      </Owners>
      <Execution id="7843fc8c-d011-479c-9794-ad231d745883" />
      <TestMethod codeBase="C:\Users\swalther\Documents\Books\AspNetMvcUnleashed\Chapter19 - Adding Validation\CS\UnleashedBlog\UnleashedBlog.Tests\bin\Debug\UnleashedBlog.Tests.dll" adapterTypeName="Microsoft.VisualStudio.TestTools.TestTypes.Unit.UnitTestAdapter, Microsoft.VisualStudio.QualityTools.Tips.UnitTest.Adapter, Version=9.0.0.0, Culture=neutral, PublicKeyToken=b03f5f7f11d50a3a" className="UnleashedBlog.Tests.Controllers.BlogControllerTests, UnleashedBlog.Tests" name="CreateTitleMaximumLength500" />
    </UnitTest>
    <UnitTest name="ArchiveYearMonthDayName" storage="c:\users\swalther\documents\books\aspnetmvcunleashed\chapter19 - adding validation\cs\unleashedblog\unleashedblog.tests\bin\debug\unleashedblog.tests.dll" id="a4e681db-28c1-5812-ac7f-21097a8a356c">
      <Css projectStructure="" iteration="" />
      <Owners>
        <Owner name="" />
      </Owners>
      <Execution id="c65a8e76-b091-4f53-b115-b1e88b1fe9a1" />
      <TestMethod codeBase="C:\Users\swalther\Documents\Books\AspNetMvcUnleashed\Chapter19 - Adding Validation\CS\UnleashedBlog\UnleashedBlog.Tests\bin\Debug\UnleashedBlog.Tests.dll" adapterTypeName="Microsoft.VisualStudio.TestTools.TestTypes.Unit.UnitTestAdapter, Microsoft.VisualStudio.QualityTools.Tips.UnitTest.Adapter, Version=9.0.0.0, Culture=neutral, PublicKeyToken=b03f5f7f11d50a3a" className="UnleashedBlog.Tests.Routes.RouteTests, UnleashedBlog.Tests" name="ArchiveYearMonthDayName" />
    </UnitTest>
    <UnitTest name="ArchiveYearMonth" storage="c:\users\swalther\documents\books\aspnetmvcunleashed\chapter19 - adding validation\cs\unleashedblog\unleashedblog.tests\bin\debug\unleashedblog.tests.dll" id="3d109e96-d6b0-e1f2-4592-7f307cb1809f">
      <Css projectStructure="" iteration="" />
      <Owners>
        <Owner name="" />
      </Owners>
      <Execution id="91a0a32c-e4b5-4760-a8fc-84bf51febebf" />
      <TestMethod codeBase="C:\Users\swalther\Documents\Books\AspNetMvcUnleashed\Chapter19 - Adding Validation\CS\UnleashedBlog\UnleashedBlog.Tests\bin\Debug\UnleashedBlog.Tests.dll" adapterTypeName="Microsoft.VisualStudio.TestTools.TestTypes.Unit.UnitTestAdapter, Microsoft.VisualStudio.QualityTools.Tips.UnitTest.Adapter, Version=9.0.0.0, Culture=neutral, PublicKeyToken=b03f5f7f11d50a3a" className="UnleashedBlog.Tests.Routes.RouteTests, UnleashedBlog.Tests" name="ArchiveYearMonth" />
    </UnitTest>
    <UnitTest name="IndexReturnsBlogEntryByName" storage="c:\users\swalther\documents\books\aspnetmvcunleashed\chapter19 - adding validation\cs\unleashedblog\unleashedblog.tests\bin\debug\unleashedblog.tests.dll" id="9cd2d8b0-5e13-5da4-773b-45607ed534f2">
      <Css projectStructure="" iteration="" />
      <Owners>
        <Owner name="" />
      </Owners>
      <Execution id="31d7227f-83e3-4d42-9699-fdf053edc5ee" />
      <TestMethod codeBase="C:\Users\swalther\Documents\Books\AspNetMvcUnleashed\Chapter19 - Adding Validation\CS\UnleashedBlog\UnleashedBlog.Tests\bin\Debug\UnleashedBlog.Tests.dll" adapterTypeName="Microsoft.VisualStudio.TestTools.TestTypes.Unit.UnitTestAdapter, Microsoft.VisualStudio.QualityTools.Tips.UnitTest.Adapter, Version=9.0.0.0, Culture=neutral, PublicKeyToken=b03f5f7f11d50a3a" className="UnleashedBlog.Tests.Controllers.ArchiveControllerTests, UnleashedBlog.Tests" name="IndexReturnsBlogEntryByName" />
    </UnitTest>
    <UnitTest name="ShowNewBlogEntries" storage="c:\users\swalther\documents\books\aspnetmvcunleashed\chapter19 - adding validation\cs\unleashedblog\unleashedblog.tests\bin\debug\unleashedblog.tests.dll" id="9a1a712c-80f0-6dd6-fcde-89e2b48a68f1">
      <Css projectStructure="" iteration="" />
      <Owners>
        <Owner name="" />
      </Owners>
      <Execution id="242f7310-4eb0-4fa4-8004-77a39785430e" />
      <TestMethod codeBase="C:\Users\swalther\Documents\Books\AspNetMvcUnleashed\Chapter19 - Adding Validation\CS\UnleashedBlog\UnleashedBlog.Tests\bin\Debug\UnleashedBlog.Tests.dll" adapterTypeName="Microsoft.VisualStudio.TestTools.TestTypes.Unit.UnitTestAdapter, Microsoft.VisualStudio.QualityTools.Tips.UnitTest.Adapter, Version=9.0.0.0, Culture=neutral, PublicKeyToken=b03f5f7f11d50a3a" className="UnleashedBlog.Tests.Controllers.BlogControllerTests, UnleashedBlog.Tests" name="ShowNewBlogEntries" />
    </UnitTest>
    <UnitTest name="CreateNameFromTitle" storage="c:\users\swalther\documents\books\aspnetmvcunleashed\chapter19 - adding validation\cs\unleashedblog\unleashedblog.tests\bin\debug\unleashedblog.tests.dll" id="b978bd0a-bc7a-0cab-0427-0737a45fcbe6">
      <Css projectStructure="" iteration="" />
      <Owners>
        <Owner name="" />
      </Owners>
      <Execution id="b0740e57-0123-424d-96d6-abdb15228f70" />
      <TestMethod codeBase="C:\Users\swalther\Documents\Books\AspNetMvcUnleashed\Chapter19 - Adding Validation\CS\UnleashedBlog\UnleashedBlog.Tests\bin\Debug\UnleashedBlog.Tests.dll" adapterTypeName="Microsoft.VisualStudio.TestTools.TestTypes.Unit.UnitTestAdapter, Microsoft.VisualStudio.QualityTools.Tips.UnitTest.Adapter, Version=9.0.0.0, Culture=neutral, PublicKeyToken=b03f5f7f11d50a3a" className="UnleashedBlog.Tests.Controllers.BlogControllerTests, UnleashedBlog.Tests" name="CreateNameFromTitle" />
    </UnitTest>
    <UnitTest name="IndexReturnsBlogEntriesByDay" storage="c:\users\swalther\documents\books\aspnetmvcunleashed\chapter19 - adding validation\cs\unleashedblog\unleashedblog.tests\bin\debug\unleashedblog.tests.dll" id="8db8b103-f679-e45e-c57f-eaad82eb12aa">
      <Css projectStructure="" iteration="" />
      <Owners>
        <Owner name="" />
      </Owners>
      <Execution id="920e599e-dd6a-452c-81b3-81db14c2bd07" />
      <TestMethod codeBase="C:\Users\swalther\Documents\Books\AspNetMvcUnleashed\Chapter19 - Adding Validation\CS\UnleashedBlog\UnleashedBlog.Tests\bin\Debug\UnleashedBlog.Tests.dll" adapterTypeName="Microsoft.VisualStudio.TestTools.TestTypes.Unit.UnitTestAdapter, Microsoft.VisualStudio.QualityTools.Tips.UnitTest.Adapter, Version=9.0.0.0, Culture=neutral, PublicKeyToken=b03f5f7f11d50a3a" className="UnleashedBlog.Tests.Controllers.ArchiveControllerTests, UnleashedBlog.Tests" name="IndexReturnsBlogEntriesByDay" />
    </UnitTest>
    <UnitTest name="CreateBlogEntry" storage="c:\users\swalther\documents\books\aspnetmvcunleashed\chapter19 - adding validation\cs\unleashedblog\unleashedblog.tests\bin\debug\unleashedblog.tests.dll" id="cddc7caf-da78-b76d-6452-22ab4badf897">
      <Css projectStructure="" iteration="" />
      <Owners>
        <Owner name="" />
      </Owners>
      <Execution id="ac7613e4-b43d-4bcf-bd9a-4e3ab618baaf" />
      <TestMethod codeBase="C:\Users\swalther\Documents\Books\AspNetMvcUnleashed\Chapter19 - Adding Validation\CS\UnleashedBlog\UnleashedBlog.Tests\bin\Debug\UnleashedBlog.Tests.dll" adapterTypeName="Microsoft.VisualStudio.TestTools.TestTypes.Unit.UnitTestAdapter, Microsoft.VisualStudio.QualityTools.Tips.UnitTest.Adapter, Version=9.0.0.0, Culture=neutral, PublicKeyToken=b03f5f7f11d50a3a" className="UnleashedBlog.Tests.Controllers.BlogControllerTests, UnleashedBlog.Tests" name="CreateBlogEntry" />
    </UnitTest>
    <UnitTest name="IndexReturnsBlogEntriesByMonth" storage="c:\users\swalther\documents\books\aspnetmvcunleashed\chapter19 - adding validation\cs\unleashedblog\unleashedblog.tests\bin\debug\unleashedblog.tests.dll" id="ff1c42f4-0f67-ac38-b2f5-2a2b13f18f3b">
      <Css projectStructure="" iteration="" />
      <Owners>
        <Owner name="" />
      </Owners>
      <Execution id="2ff6d969-076e-44fb-9ca4-d9fc739df878" />
      <TestMethod codeBase="C:\Users\swalther\Documents\Books\AspNetMvcUnleashed\Chapter19 - Adding Validation\CS\UnleashedBlog\UnleashedBlog.Tests\bin\Debug\UnleashedBlog.Tests.dll" adapterTypeName="Microsoft.VisualStudio.TestTools.TestTypes.Unit.UnitTestAdapter, Microsoft.VisualStudio.QualityTools.Tips.UnitTest.Adapter, Version=9.0.0.0, Culture=neutral, PublicKeyToken=b03f5f7f11d50a3a" className="UnleashedBlog.Tests.Controllers.ArchiveControllerTests, UnleashedBlog.Tests" name="IndexReturnsBlogEntriesByMonth" />
    </UnitTest>
    <UnitTest name="ArchiveYear" storage="c:\users\swalther\documents\books\aspnetmvcunleashed\chapter19 - adding validation\cs\unleashedblog\unleashedblog.tests\bin\debug\unleashedblog.tests.dll" id="2974ea07-7de4-4e6c-4a19-e3002dba59a1">
      <Css projectStructure="" iteration="" />
      <Owners>
        <Owner name="" />
      </Owners>
      <Execution id="638bb9fb-f88f-4a1d-815c-e452517c745f" />
      <TestMethod codeBase="C:\Users\swalther\Documents\Books\AspNetMvcUnleashed\Chapter19 - Adding Validation\CS\UnleashedBlog\UnleashedBlog.Tests\bin\Debug\UnleashedBlog.Tests.dll" adapterTypeName="Microsoft.VisualStudio.TestTools.TestTypes.Unit.UnitTestAdapter, Microsoft.VisualStudio.QualityTools.Tips.UnitTest.Adapter, Version=9.0.0.0, Culture=neutral, PublicKeyToken=b03f5f7f11d50a3a" className="UnleashedBlog.Tests.Routes.RouteTests, UnleashedBlog.Tests" name="ArchiveYear" />
    </UnitTest>
    <UnitTest name="IndexReturnsBlogEntriesByYear" storage="c:\users\swalther\documents\books\aspnetmvcunleashed\chapter19 - adding validation\cs\unleashedblog\unleashedblog.tests\bin\debug\unleashedblog.tests.dll" id="8575298e-a3af-44da-f02a-80c71bfa25b2">
      <Css projectStructure="" iteration="" />
      <Owners>
        <Owner name="" />
      </Owners>
      <Execution id="f517817b-765e-44b4-b22c-254fefc8ae75" />
      <TestMethod codeBase="C:\Users\swalther\Documents\Books\AspNetMvcUnleashed\Chapter19 - Adding Validation\CS\UnleashedBlog\UnleashedBlog.Tests\bin\Debug\UnleashedBlog.Tests.dll" adapterTypeName="Microsoft.VisualStudio.TestTools.TestTypes.Unit.UnitTestAdapter, Microsoft.VisualStudio.QualityTools.Tips.UnitTest.Adapter, Version=9.0.0.0, Culture=neutral, PublicKeyToken=b03f5f7f11d50a3a" className="UnleashedBlog.Tests.Controllers.ArchiveControllerTests, UnleashedBlog.Tests" name="IndexReturnsBlogEntriesByYear" />
    </UnitTest>
    <UnitTest name="ArchiveYearMonthDay" storage="c:\users\swalther\documents\books\aspnetmvcunleashed\chapter19 - adding validation\cs\unleashedblog\unleashedblog.tests\bin\debug\unleashedblog.tests.dll" id="2b21ad28-1d0b-ac19-85ec-db7aaf58c558">
      <Css projectStructure="" iteration="" />
      <Owners>
        <Owner name="" />
      </Owners>
      <Execution id="0df38a59-2c65-4128-b236-fcc95c8f69b7" />
      <TestMethod codeBase="C:\Users\swalther\Documents\Books\AspNetMvcUnleashed\Chapter19 - Adding Validation\CS\UnleashedBlog\UnleashedBlog.Tests\bin\Debug\UnleashedBlog.Tests.dll" adapterTypeName="Microsoft.VisualStudio.TestTools.TestTypes.Unit.UnitTestAdapter, Microsoft.VisualStudio.QualityTools.Tips.UnitTest.Adapter, Version=9.0.0.0, Culture=neutral, PublicKeyToken=b03f5f7f11d50a3a" className="UnleashedBlog.Tests.Routes.RouteTests, UnleashedBlog.Tests" name="ArchiveYearMonthDay" />
    </UnitTest>
    <UnitTest name="CreateTextRequired" storage="c:\users\swalther\documents\books\aspnetmvcunleashed\chapter19 - adding validation\cs\unleashedblog\unleashedblog.tests\bin\debug\unleashedblog.tests.dll" id="393de100-2b43-659f-e85a-377c33ec1014">
      <Css projectStructure="" iteration="" />
      <Owners>
        <Owner name="" />
      </Owners>
      <Execution id="cc37446e-d00a-4dd3-9b50-0993751a0a75" />
      <TestMethod codeBase="C:\Users\swalther\Documents\Books\AspNetMvcUnleashed\Chapter19 - Adding Validation\CS\UnleashedBlog\UnleashedBlog.Tests\bin\Debug\UnleashedBlog.Tests.dll" adapterTypeName="Microsoft.VisualStudio.TestTools.TestTypes.Unit.UnitTestAdapter, Microsoft.VisualStudio.QualityTools.Tips.UnitTest.Adapter, Version=9.0.0.0, Culture=neutral, PublicKeyToken=b03f5f7f11d50a3a" className="UnleashedBlog.Tests.Controllers.BlogControllerTests, UnleashedBlog.Tests" name="CreateTextRequired" />
    </UnitTest>
  </TestDefinitions>
  <TestLists>
    <TestList name="Results Not in a List" id="8c84fa94-04c1-424b-9868-57a2d4851a1d" />
    <TestList name="All Loaded Results" id="19431567-8539-422a-85d7-44ee4e166bda" />
  </TestLists>
  <TestEntries>
    <TestEntry testId="026d23a0-0f2f-e420-eb4a-d0257988d821" executionId="6f51fd5c-c2b2-4ea5-8a28-64edcdd10971" testListId="8c84fa94-04c1-424b-9868-57a2d4851a1d" />
    <TestEntry testId="0426ea28-dda4-1f48-4049-2acae1ced750" executionId="ddfb764b-8346-494e-bdc7-3b3488cb4785" testListId="8c84fa94-04c1-424b-9868-57a2d4851a1d" />
    <TestEntry testId="2974ea07-7de4-4e6c-4a19-e3002dba59a1" executionId="638bb9fb-f88f-4a1d-815c-e452517c745f" testListId="8c84fa94-04c1-424b-9868-57a2d4851a1d" />
    <TestEntry testId="2b21ad28-1d0b-ac19-85ec-db7aaf58c558" executionId="0df38a59-2c65-4128-b236-fcc95c8f69b7" testListId="8c84fa94-04c1-424b-9868-57a2d4851a1d" />
    <TestEntry testId="393de100-2b43-659f-e85a-377c33ec1014" executionId="cc37446e-d00a-4dd3-9b50-0993751a0a75" testListId="8c84fa94-04c1-424b-9868-57a2d4851a1d" />
    <TestEntry testId="3d109e96-d6b0-e1f2-4592-7f307cb1809f" executionId="91a0a32c-e4b5-4760-a8fc-84bf51febebf" testListId="8c84fa94-04c1-424b-9868-57a2d4851a1d" />
    <TestEntry testId="61b7311d-ab65-b688-47ad-3f6effc369f9" executionId="6d25c567-75f0-423e-b202-20b9e5f8b777" testListId="8c84fa94-04c1-424b-9868-57a2d4851a1d" />
    <TestEntry testId="816fee86-e4c6-f66a-8367-34afbe81dea1" executionId="7843fc8c-d011-479c-9794-ad231d745883" testListId="8c84fa94-04c1-424b-9868-57a2d4851a1d" />
    <TestEntry testId="8575298e-a3af-44da-f02a-80c71bfa25b2" executionId="f517817b-765e-44b4-b22c-254fefc8ae75" testListId="8c84fa94-04c1-424b-9868-57a2d4851a1d" />
    <TestEntry testId="8db8b103-f679-e45e-c57f-eaad82eb12aa" executionId="920e599e-dd6a-452c-81b3-81db14c2bd07" testListId="8c84fa94-04c1-424b-9868-57a2d4851a1d" />
    <TestEntry testId="9a1a712c-80f0-6dd6-fcde-89e2b48a68f1" executionId="242f7310-4eb0-4fa4-8004-77a39785430e" testListId="8c84fa94-04c1-424b-9868-57a2d4851a1d" />
    <TestEntry testId="9cd2d8b0-5e13-5da4-773b-45607ed534f2" executionId="31d7227f-83e3-4d42-9699-fdf053edc5ee" testListId="8c84fa94-04c1-424b-9868-57a2d4851a1d" />
    <TestEntry testId="a4e681db-28c1-5812-ac7f-21097a8a356c" executionId="c65a8e76-b091-4f53-b115-b1e88b1fe9a1" testListId="8c84fa94-04c1-424b-9868-57a2d4851a1d" />
    <TestEntry testId="b978bd0a-bc7a-0cab-0427-0737a45fcbe6" executionId="b0740e57-0123-424d-96d6-abdb15228f70" testListId="8c84fa94-04c1-424b-9868-57a2d4851a1d" />
    <TestEntry testId="cddc7caf-da78-b76d-6452-22ab4badf897" executionId="ac7613e4-b43d-4bcf-bd9a-4e3ab618baaf" testListId="8c84fa94-04c1-424b-9868-57a2d4851a1d" />
    <TestEntry testId="ff1c42f4-0f67-ac38-b2f5-2a2b13f18f3b" executionId="2ff6d969-076e-44fb-9ca4-d9fc739df878" testListId="8c84fa94-04c1-424b-9868-57a2d4851a1d" />
  </TestEntries>
  <Results>
    <UnitTestResult executionId="6f51fd5c-c2b2-4ea5-8a28-64edcdd10971" testId="026d23a0-0f2f-e420-eb4a-d0257988d821" testName="CreateTitleRequired" computerName="SWLAPTOP" duration="00:00:00.0133300" startTime="2009-04-14T20:40:26.9236494-07:00" endTime="2009-04-14T20:40:27.5106494-07:00" testType="13cdc9d9-ddb5-4fa4-a97d-d965ccfc6d4b" outcome="Passed" testListId="8c84fa94-04c1-424b-9868-57a2d4851a1d">
      <Output>
      </Output>
    </UnitTestResult>
    <UnitTestResult executionId="ddfb764b-8346-494e-bdc7-3b3488cb4785" testId="0426ea28-dda4-1f48-4049-2acae1ced750" testName="CreateNameNotFromTitle" computerName="SWLAPTOP" duration="00:00:00.0309024" startTime="2009-04-14T20:40:27.5146494-07:00" endTime="2009-04-14T20:40:27.5486494-07:00" testType="13cdc9d9-ddb5-4fa4-a97d-d965ccfc6d4b" outcome="Passed" testListId="8c84fa94-04c1-424b-9868-57a2d4851a1d">
      <Output>
      </Output>
    </UnitTestResult>
    <UnitTestResult executionId="638bb9fb-f88f-4a1d-815c-e452517c745f" testId="2974ea07-7de4-4e6c-4a19-e3002dba59a1" testName="ArchiveYear" computerName="SWLAPTOP" duration="00:00:00.0319779" startTime="2009-04-14T20:40:27.5556494-07:00" endTime="2009-04-14T20:40:27.5906494-07:00" testType="13cdc9d9-ddb5-4fa4-a97d-d965ccfc6d4b" outcome="Passed" testListId="8c84fa94-04c1-424b-9868-57a2d4851a1d">
      <Output>
      </Output>
    </UnitTestResult>
    <UnitTestResult executionId="0df38a59-2c65-4128-b236-fcc95c8f69b7" testId="2b21ad28-1d0b-ac19-85ec-db7aaf58c558" testName="ArchiveYearMonthDay" computerName="SWLAPTOP" duration="00:00:00.0007171" startTime="2009-04-14T20:40:27.5966494-07:00" endTime="2009-04-14T20:40:27.6016494-07:00" testType="13cdc9d9-ddb5-4fa4-a97d-d965ccfc6d4b" outcome="Passed" testListId="8c84fa94-04c1-424b-9868-57a2d4851a1d">
      <Output>
      </Output>
    </UnitTestResult>
    <UnitTestResult executionId="cc37446e-d00a-4dd3-9b50-0993751a0a75" testId="393de100-2b43-659f-e85a-377c33ec1014" testName="CreateTextRequired" computerName="SWLAPTOP" duration="00:00:00.0004759" startTime="2009-04-14T20:40:27.6076494-07:00" endTime="2009-04-14T20:40:27.6116494-07:00" testType="13cdc9d9-ddb5-4fa4-a97d-d965ccfc6d4b" outcome="Passed" testListId="8c84fa94-04c1-424b-9868-57a2d4851a1d">
      <Output>
      </Output>
    </UnitTestResult>
    <UnitTestResult executionId="91a0a32c-e4b5-4760-a8fc-84bf51febebf" testId="3d109e96-d6b0-e1f2-4592-7f307cb1809f" testName="ArchiveYearMonth" computerName="SWLAPTOP" duration="00:00:00.0006522" startTime="2009-04-14T20:40:27.6176494-07:00" endTime="2009-04-14T20:40:27.6216494-07:00" testType="13cdc9d9-ddb5-4fa4-a97d-d965ccfc6d4b" outcome="Passed" testListId="8c84fa94-04c1-424b-9868-57a2d4851a1d">
      <Output>
      </Output>
    </UnitTestResult>
    <UnitTestResult executionId="6d25c567-75f0-423e-b202-20b9e5f8b777" testId="61b7311d-ab65-b688-47ad-3f6effc369f9" testName="DefaultRoute" computerName="SWLAPTOP" duration="00:00:00.0009427" startTime="2009-04-14T20:40:27.6386494-07:00" endTime="2009-04-14T20:40:27.6456494-07:00" testType="13cdc9d9-ddb5-4fa4-a97d-d965ccfc6d4b" outcome="Passed" testListId="8c84fa94-04c1-424b-9868-57a2d4851a1d">
      <Output>
      </Output>
    </UnitTestResult>
    <UnitTestResult executionId="7843fc8c-d011-479c-9794-ad231d745883" testId="816fee86-e4c6-f66a-8367-34afbe81dea1" testName="CreateTitleMaximumLength500" computerName="SWLAPTOP" duration="00:00:00.0004277" startTime="2009-04-14T20:40:27.6646494-07:00" endTime="2009-04-14T20:40:27.6696494-07:00" testType="13cdc9d9-ddb5-4fa4-a97d-d965ccfc6d4b" outcome="Passed" testListId="8c84fa94-04c1-424b-9868-57a2d4851a1d">
      <Output>
      </Output>
    </UnitTestResult>
    <UnitTestResult executionId="f517817b-765e-44b4-b22c-254fefc8ae75" testId="8575298e-a3af-44da-f02a-80c71bfa25b2" testName="IndexReturnsBlogEntriesByYear" computerName="SWLAPTOP" duration="00:00:00.0030001" startTime="2009-04-14T20:40:27.6786494-07:00" endTime="2009-04-14T20:40:27.6846494-07:00" testType="13cdc9d9-ddb5-4fa4-a97d-d965ccfc6d4b" outcome="Passed" testListId="8c84fa94-04c1-424b-9868-57a2d4851a1d">
      <Output>
      </Output>
    </UnitTestResult>
    <UnitTestResult executionId="920e599e-dd6a-452c-81b3-81db14c2bd07" testId="8db8b103-f679-e45e-c57f-eaad82eb12aa" testName="IndexReturnsBlogEntriesByDay" computerName="SWLAPTOP" duration="00:00:00.0047578" startTime="2009-04-14T20:40:27.6896494-07:00" endTime="2009-04-14T20:40:27.6976494-07:00" testType="13cdc9d9-ddb5-4fa4-a97d-d965ccfc6d4b" outcome="Passed" testListId="8c84fa94-04c1-424b-9868-57a2d4851a1d">
      <Output>
      </Output>
    </UnitTestResult>
    <UnitTestResult executionId="242f7310-4eb0-4fa4-8004-77a39785430e" testId="9a1a712c-80f0-6dd6-fcde-89e2b48a68f1" testName="ShowNewBlogEntries" computerName="SWLAPTOP" duration="00:00:00.0017610" startTime="2009-04-14T20:40:27.7046494-07:00" endTime="2009-04-14T20:40:27.7096494-07:00" testType="13cdc9d9-ddb5-4fa4-a97d-d965ccfc6d4b" outcome="Passed" testListId="8c84fa94-04c1-424b-9868-57a2d4851a1d">
      <Output>
      </Output>
    </UnitTestResult>
    <UnitTestResult executionId="31d7227f-83e3-4d42-9699-fdf053edc5ee" testId="9cd2d8b0-5e13-5da4-773b-45607ed534f2" testName="IndexReturnsBlogEntryByName" computerName="SWLAPTOP" duration="00:00:00.0023557" startTime="2009-04-14T20:40:27.7156494-07:00" endTime="2009-04-14T20:40:27.7216494-07:00" testType="13cdc9d9-ddb5-4fa4-a97d-d965ccfc6d4b" outcome="Passed" testListId="8c84fa94-04c1-424b-9868-57a2d4851a1d">
      <Output>
      </Output>
    </UnitTestResult>
    <UnitTestResult executionId="c65a8e76-b091-4f53-b115-b1e88b1fe9a1" testId="a4e681db-28c1-5812-ac7f-21097a8a356c" testName="ArchiveYearMonthDayName" computerName="SWLAPTOP" duration="00:00:00.0008126" startTime="2009-04-14T20:40:27.7286494-07:00" endTime="2009-04-14T20:40:27.7326494-07:00" testType="13cdc9d9-ddb5-4fa4-a97d-d965ccfc6d4b" outcome="Passed" testListId="8c84fa94-04c1-424b-9868-57a2d4851a1d">
      <Output>
      </Output>
    </UnitTestResult>
    <UnitTestResult executionId="b0740e57-0123-424d-96d6-abdb15228f70" testId="b978bd0a-bc7a-0cab-0427-0737a45fcbe6" testName="CreateNameFromTitle" computerName="SWLAPTOP" duration="00:00:00.0262322" startTime="2009-04-14T20:40:27.7376494-07:00" endTime="2009-04-14T20:40:27.7676494-07:00" testType="13cdc9d9-ddb5-4fa4-a97d-d965ccfc6d4b" outcome="Failed" testListId="8c84fa94-04c1-424b-9868-57a2d4851a1d">
      <Output>
        <ErrorInfo>
          <Message>Assert.AreEqual failed. Expected:&lt;1&gt;. Actual:&lt;0&gt;. </Message>
          <StackTrace>   at UnleashedBlog.Tests.Controllers.BlogControllerTests.CreateNameFromTitle() in C:\Users\swalther\Documents\Books\AspNetMvcUnleashed\Chapter19 - Adding Validation\CS\UnleashedBlog\UnleashedBlog.Tests\Controllers\BlogControllerTests.cs:line 133
</StackTrace>
        </ErrorInfo>
      </Output>
    </UnitTestResult>
    <UnitTestResult executionId="ac7613e4-b43d-4bcf-bd9a-4e3ab618baaf" testId="cddc7caf-da78-b76d-6452-22ab4badf897" testName="CreateBlogEntry" computerName="SWLAPTOP" duration="00:00:00.0007395" startTime="2009-04-14T20:40:27.7756494-07:00" endTime="2009-04-14T20:40:27.7796494-07:00" testType="13cdc9d9-ddb5-4fa4-a97d-d965ccfc6d4b" outcome="Passed" testListId="8c84fa94-04c1-424b-9868-57a2d4851a1d">
      <Output>
      </Output>
    </UnitTestResult>
    <UnitTestResult executionId="2ff6d969-076e-44fb-9ca4-d9fc739df878" testId="ff1c42f4-0f67-ac38-b2f5-2a2b13f18f3b" testName="IndexReturnsBlogEntriesByMonth" computerName="SWLAPTOP" duration="00:00:00.0035591" startTime="2009-04-14T20:40:27.7846494-07:00" endTime="2009-04-14T20:40:27.7916494-07:00" testType="13cdc9d9-ddb5-4fa4-a97d-d965ccfc6d4b" outcome="Passed" testListId="8c84fa94-04c1-424b-9868-57a2d4851a1d">
      <Output>
      </Output>
    </UnitTestResult>
  </Results>
</TestRun>