<?xml version="1.0" encoding="UTF-8"?>
<TestRun id="7c245d56-905b-4148-8c59-d4bda6e23678" name="swalther@SWLAPTOP 2009-04-15 19:29:33" runUser="REDMOND\swalther" xmlns="http://microsoft.com/schemas/VisualStudio/TeamTest/2006">
  <TestRunConfiguration name="Default Run Configuration" id="bea5c274-cf64-4755-b2f1-c766fee37a74">
    <Deployment runDeploymentRoot="C:\Users\swalther\Documents\Books\AspNetMvcUnleashed\Chapter20 - Views and Ajax\CS\UnleashedBlog\TestResults\swalther_SWLAPTOP 2009-04-15 19_29_33">
      <DeploymentItem filename="C:\Users\swalther\Documents\Books\AspNetMvcUnleashed\Chapter20 - Views and Ajax\CS\UnleashedBlog\UnleashedBlog\bin\UnleashedBlog.dll" />
      <DeploymentItem filename="C:\Users\swalther\Downloads\AspNetMvcReleases\RTM\DataAnnotationsModelBinder\src\bin\Debug\System.ComponentModel.DataAnnotations.dll" />
      <DeploymentItem filename="C:\Users\swalther\Downloads\AspNetMvcReleases\RTM\DataAnnotationsModelBinder\src\bin\Debug\Microsoft.Web.Mvc.DataAnnotations.dll" />
      <DeploymentItem filename="C:\Users\swalther\Documents\Books\AspNetMvcUnleashed\CommonCode\RouteDebugger\RouteDebugger\bin\Debug\RouteDebugger.dll" />
      <DeploymentItem filename="C:\Users\swalther\Documents\Books\AspNetMvcUnleashed\CommonCode\MvcFakes\MvcFakes\bin\Debug\MvcFakes.dll" />
    </Deployment>
    <Hosts skipUnhostableTests="false" />
    <TestTypeSpecific />
  </TestRunConfiguration>
  <ResultSummary outcome="Completed">
    <Counters total="20" executed="20" passed="20" error="0" failed="0" timeout="0" aborted="0" inconclusive="0" passedButRunAborted="0" notRunnable="0" notExecuted="0" disconnected="0" warning="0" completed="0" inProgress="0" pending="0" />
  </ResultSummary>
  <Times creation="2009-04-15T19:29:33.2576816-07:00" queuing="2009-04-15T19:29:38.2756850-07:00" start="2009-04-15T19:29:38.6697638-07:00" finish="2009-04-15T19:29:39.9390176-07:00" />
  <TestDefinitions>
    <UnitTest name="CreateTitleMaximumLength500" storage="c:\users\swalther\documents\books\aspnetmvcunleashed\chapter20 - views and ajax\cs\unleashedblog\unleashedblog.tests\bin\debug\unleashedblog.tests.dll" id="816fee86-e4c6-f66a-8367-34afbe81dea1">
      <Css projectStructure="" iteration="" />
      <Owners>
        <Owner name="" />
      </Owners>
      <Execution id="a31eac67-0b5a-4b70-a741-e19859aeab7d" />
      <TestMethod codeBase="C:\Users\swalther\Documents\Books\AspNetMvcUnleashed\Chapter20 - Views and Ajax\CS\UnleashedBlog\UnleashedBlog.Tests\bin\Debug\UnleashedBlog.Tests.dll" adapterTypeName="Microsoft.VisualStudio.TestTools.TestTypes.Unit.UnitTestAdapter, Microsoft.VisualStudio.QualityTools.Tips.UnitTest.Adapter, Version=9.0.0.0, Culture=neutral, PublicKeyToken=b03f5f7f11d50a3a" className="UnleashedBlog.Tests.Controllers.BlogControllerTests, UnleashedBlog.Tests" name="CreateTitleMaximumLength500" />
    </UnitTest>
    <UnitTest name="IndexAcceptsPage" storage="c:\users\swalther\documents\books\aspnetmvcunleashed\chapter20 - views and ajax\cs\unleashedblog\unleashedblog.tests\bin\debug\unleashedblog.tests.dll" id="f57dcbe0-c07d-72e8-a818-e9a18b364894">
      <Css projectStructure="" iteration="" />
      <Owners>
        <Owner name="" />
      </Owners>
      <Execution id="f7d272b2-6e33-4f56-9d47-03b9bf0b81ba" />
      <TestMethod codeBase="C:\Users\swalther\Documents\Books\AspNetMvcUnleashed\Chapter20 - Views and Ajax\CS\UnleashedBlog\UnleashedBlog.Tests\bin\Debug\UnleashedBlog.Tests.dll" adapterTypeName="Microsoft.VisualStudio.TestTools.TestTypes.Unit.UnitTestAdapter, Microsoft.VisualStudio.QualityTools.Tips.UnitTest.Adapter, Version=9.0.0.0, Culture=neutral, PublicKeyToken=b03f5f7f11d50a3a" className="UnleashedBlog.Tests.Controllers.BlogControllerTests, UnleashedBlog.Tests" name="IndexAcceptsPage" />
    </UnitTest>
    <UnitTest name="IndexReturnsBlogEntriesByDay" storage="c:\users\swalther\documents\books\aspnetmvcunleashed\chapter20 - views and ajax\cs\unleashedblog\unleashedblog.tests\bin\debug\unleashedblog.tests.dll" id="8db8b103-f679-e45e-c57f-eaad82eb12aa">
      <Css projectStructure="" iteration="" />
      <Owners>
        <Owner name="" />
      </Owners>
      <Execution id="7df547b4-2ba7-4cad-b33a-73dc39b14fd1" />
      <TestMethod codeBase="C:\Users\swalther\Documents\Books\AspNetMvcUnleashed\Chapter20 - Views and Ajax\CS\UnleashedBlog\UnleashedBlog.Tests\bin\Debug\UnleashedBlog.Tests.dll" adapterTypeName="Microsoft.VisualStudio.TestTools.TestTypes.Unit.UnitTestAdapter, Microsoft.VisualStudio.QualityTools.Tips.UnitTest.Adapter, Version=9.0.0.0, Culture=neutral, PublicKeyToken=b03f5f7f11d50a3a" className="UnleashedBlog.Tests.Controllers.ArchiveControllerTests, UnleashedBlog.Tests" name="IndexReturnsBlogEntriesByDay" />
    </UnitTest>
    <UnitTest name="CreateTextRequired" storage="c:\users\swalther\documents\books\aspnetmvcunleashed\chapter20 - views and ajax\cs\unleashedblog\unleashedblog.tests\bin\debug\unleashedblog.tests.dll" id="393de100-2b43-659f-e85a-377c33ec1014">
      <Css projectStructure="" iteration="" />
      <Owners>
        <Owner name="" />
      </Owners>
      <Execution id="261b324f-fb28-4daa-bb13-1acb743be69f" />
      <TestMethod codeBase="C:\Users\swalther\Documents\Books\AspNetMvcUnleashed\Chapter20 - Views and Ajax\CS\UnleashedBlog\UnleashedBlog.Tests\bin\Debug\UnleashedBlog.Tests.dll" adapterTypeName="Microsoft.VisualStudio.TestTools.TestTypes.Unit.UnitTestAdapter, Microsoft.VisualStudio.QualityTools.Tips.UnitTest.Adapter, Version=9.0.0.0, Culture=neutral, PublicKeyToken=b03f5f7f11d50a3a" className="UnleashedBlog.Tests.Controllers.BlogControllerTests, UnleashedBlog.Tests" name="CreateTextRequired" />
    </UnitTest>
    <UnitTest name="IndexReturnsBlogEntriesInOrderOfDatePublished" storage="c:\users\swalther\documents\books\aspnetmvcunleashed\chapter20 - views and ajax\cs\unleashedblog\unleashedblog.tests\bin\debug\unleashedblog.tests.dll" id="9fcc2892-b4ef-fd32-4fec-b0a5d5f7c32c">
      <Css projectStructure="" iteration="" />
      <Owners>
        <Owner name="" />
      </Owners>
      <Execution id="ab73cc68-14f1-45c4-acb4-3808cc38902c" />
      <TestMethod codeBase="C:\Users\swalther\Documents\Books\AspNetMvcUnleashed\Chapter20 - Views and Ajax\CS\UnleashedBlog\UnleashedBlog.Tests\bin\Debug\UnleashedBlog.Tests.dll" adapterTypeName="Microsoft.VisualStudio.TestTools.TestTypes.Unit.UnitTestAdapter, Microsoft.VisualStudio.QualityTools.Tips.UnitTest.Adapter, Version=9.0.0.0, Culture=neutral, PublicKeyToken=b03f5f7f11d50a3a" className="UnleashedBlog.Tests.Controllers.BlogControllerTests, UnleashedBlog.Tests" name="IndexReturnsBlogEntriesInOrderOfDatePublished" />
    </UnitTest>
    <UnitTest name="IndexReturnsBlogEntriesByYear" storage="c:\users\swalther\documents\books\aspnetmvcunleashed\chapter20 - views and ajax\cs\unleashedblog\unleashedblog.tests\bin\debug\unleashedblog.tests.dll" id="8575298e-a3af-44da-f02a-80c71bfa25b2">
      <Css projectStructure="" iteration="" />
      <Owners>
        <Owner name="" />
      </Owners>
      <Execution id="31cc0cab-4116-4846-acc0-92d83f90960f" />
      <TestMethod codeBase="C:\Users\swalther\Documents\Books\AspNetMvcUnleashed\Chapter20 - Views and Ajax\CS\UnleashedBlog\UnleashedBlog.Tests\bin\Debug\UnleashedBlog.Tests.dll" adapterTypeName="Microsoft.VisualStudio.TestTools.TestTypes.Unit.UnitTestAdapter, Microsoft.VisualStudio.QualityTools.Tips.UnitTest.Adapter, Version=9.0.0.0, Culture=neutral, PublicKeyToken=b03f5f7f11d50a3a" className="UnleashedBlog.Tests.Controllers.ArchiveControllerTests, UnleashedBlog.Tests" name="IndexReturnsBlogEntriesByYear" />
    </UnitTest>
    <UnitTest name="CreateNameIsValid" storage="c:\users\swalther\documents\books\aspnetmvcunleashed\chapter20 - views and ajax\cs\unleashedblog\unleashedblog.tests\bin\debug\unleashedblog.tests.dll" id="a371d235-dc0b-4d12-d600-db6e161b5338">
      <Css projectStructure="" iteration="" />
      <Owners>
        <Owner name="" />
      </Owners>
      <Execution id="cedecb3a-4ae9-4640-a228-bfbdce64e5ab" />
      <TestMethod codeBase="C:\Users\swalther\Documents\Books\AspNetMvcUnleashed\Chapter20 - Views and Ajax\CS\UnleashedBlog\UnleashedBlog.Tests\bin\Debug\UnleashedBlog.Tests.dll" adapterTypeName="Microsoft.VisualStudio.TestTools.TestTypes.Unit.UnitTestAdapter, Microsoft.VisualStudio.QualityTools.Tips.UnitTest.Adapter, Version=9.0.0.0, Culture=neutral, PublicKeyToken=b03f5f7f11d50a3a" className="UnleashedBlog.Tests.Controllers.BlogControllerTests, UnleashedBlog.Tests" name="CreateNameIsValid" />
    </UnitTest>
    <UnitTest name="CreateTitleRequired" storage="c:\users\swalther\documents\books\aspnetmvcunleashed\chapter20 - views and ajax\cs\unleashedblog\unleashedblog.tests\bin\debug\unleashedblog.tests.dll" id="026d23a0-0f2f-e420-eb4a-d0257988d821">
      <Css projectStructure="" iteration="" />
      <Owners>
        <Owner name="" />
      </Owners>
      <Execution id="2c1e965a-da92-45a3-b751-278b99022eab" />
      <TestMethod codeBase="C:\Users\swalther\Documents\Books\AspNetMvcUnleashed\Chapter20 - Views and Ajax\CS\UnleashedBlog\UnleashedBlog.Tests\bin\Debug\UnleashedBlog.Tests.dll" adapterTypeName="Microsoft.VisualStudio.TestTools.TestTypes.Unit.UnitTestAdapter, Microsoft.VisualStudio.QualityTools.Tips.UnitTest.Adapter, Version=9.0.0.0, Culture=neutral, PublicKeyToken=b03f5f7f11d50a3a" className="UnleashedBlog.Tests.Controllers.BlogControllerTests, UnleashedBlog.Tests" name="CreateTitleRequired" />
    </UnitTest>
    <UnitTest name="IndexReturnsBlogEntryByName" storage="c:\users\swalther\documents\books\aspnetmvcunleashed\chapter20 - views and ajax\cs\unleashedblog\unleashedblog.tests\bin\debug\unleashedblog.tests.dll" id="9cd2d8b0-5e13-5da4-773b-45607ed534f2">
      <Css projectStructure="" iteration="" />
      <Owners>
        <Owner name="" />
      </Owners>
      <Execution id="cd2dbeb1-d15c-480a-a8c6-378d8e3d7496" />
      <TestMethod codeBase="C:\Users\swalther\Documents\Books\AspNetMvcUnleashed\Chapter20 - Views and Ajax\CS\UnleashedBlog\UnleashedBlog.Tests\bin\Debug\UnleashedBlog.Tests.dll" adapterTypeName="Microsoft.VisualStudio.TestTools.TestTypes.Unit.UnitTestAdapter, Microsoft.VisualStudio.QualityTools.Tips.UnitTest.Adapter, Version=9.0.0.0, Culture=neutral, PublicKeyToken=b03f5f7f11d50a3a" className="UnleashedBlog.Tests.Controllers.ArchiveControllerTests, UnleashedBlog.Tests" name="IndexReturnsBlogEntryByName" />
    </UnitTest>
    <UnitTest name="CreateBlogEntry" storage="c:\users\swalther\documents\books\aspnetmvcunleashed\chapter20 - views and ajax\cs\unleashedblog\unleashedblog.tests\bin\debug\unleashedblog.tests.dll" id="cddc7caf-da78-b76d-6452-22ab4badf897">
      <Css projectStructure="" iteration="" />
      <Owners>
        <Owner name="" />
      </Owners>
      <Execution id="2edf27f8-2ede-4e7e-9d6b-fbf7cdcbb1f2" />
      <TestMethod codeBase="C:\Users\swalther\Documents\Books\AspNetMvcUnleashed\Chapter20 - Views and Ajax\CS\UnleashedBlog\UnleashedBlog.Tests\bin\Debug\UnleashedBlog.Tests.dll" adapterTypeName="Microsoft.VisualStudio.TestTools.TestTypes.Unit.UnitTestAdapter, Microsoft.VisualStudio.QualityTools.Tips.UnitTest.Adapter, Version=9.0.0.0, Culture=neutral, PublicKeyToken=b03f5f7f11d50a3a" className="UnleashedBlog.Tests.Controllers.BlogControllerTests, UnleashedBlog.Tests" name="CreateBlogEntry" />
    </UnitTest>
    <UnitTest name="CreateNameFromTitle" storage="c:\users\swalther\documents\books\aspnetmvcunleashed\chapter20 - views and ajax\cs\unleashedblog\unleashedblog.tests\bin\debug\unleashedblog.tests.dll" id="b978bd0a-bc7a-0cab-0427-0737a45fcbe6">
      <Css projectStructure="" iteration="" />
      <Owners>
        <Owner name="" />
      </Owners>
      <Execution id="9e89f77b-1889-4253-ad38-48b1f920bad7" />
      <TestMethod codeBase="C:\Users\swalther\Documents\Books\AspNetMvcUnleashed\Chapter20 - Views and Ajax\CS\UnleashedBlog\UnleashedBlog.Tests\bin\Debug\UnleashedBlog.Tests.dll" adapterTypeName="Microsoft.VisualStudio.TestTools.TestTypes.Unit.UnitTestAdapter, Microsoft.VisualStudio.QualityTools.Tips.UnitTest.Adapter, Version=9.0.0.0, Culture=neutral, PublicKeyToken=b03f5f7f11d50a3a" className="UnleashedBlog.Tests.Controllers.BlogControllerTests, UnleashedBlog.Tests" name="CreateNameFromTitle" />
    </UnitTest>
    <UnitTest name="ArchiveYearMonthDay" storage="c:\users\swalther\documents\books\aspnetmvcunleashed\chapter20 - views and ajax\cs\unleashedblog\unleashedblog.tests\bin\debug\unleashedblog.tests.dll" id="2b21ad28-1d0b-ac19-85ec-db7aaf58c558">
      <Css projectStructure="" iteration="" />
      <Owners>
        <Owner name="" />
      </Owners>
      <Execution id="c6171c6b-ba12-4179-8088-886e6f6a848e" />
      <TestMethod codeBase="C:\Users\swalther\Documents\Books\AspNetMvcUnleashed\Chapter20 - Views and Ajax\CS\UnleashedBlog\UnleashedBlog.Tests\bin\Debug\UnleashedBlog.Tests.dll" adapterTypeName="Microsoft.VisualStudio.TestTools.TestTypes.Unit.UnitTestAdapter, Microsoft.VisualStudio.QualityTools.Tips.UnitTest.Adapter, Version=9.0.0.0, Culture=neutral, PublicKeyToken=b03f5f7f11d50a3a" className="UnleashedBlog.Tests.Routes.RouteTests, UnleashedBlog.Tests" name="ArchiveYearMonthDay" />
    </UnitTest>
    <UnitTest name="IndexReturnsLessThan11BlogEntries" storage="c:\users\swalther\documents\books\aspnetmvcunleashed\chapter20 - views and ajax\cs\unleashedblog\unleashedblog.tests\bin\debug\unleashedblog.tests.dll" id="8f6f8255-7735-0f4b-42c3-4773d81e8e24">
      <Css projectStructure="" iteration="" />
      <Owners>
        <Owner name="" />
      </Owners>
      <Execution id="851aa9f0-7217-40cb-9128-c7a378281d03" />
      <TestMethod codeBase="C:\Users\swalther\Documents\Books\AspNetMvcUnleashed\Chapter20 - Views and Ajax\CS\UnleashedBlog\UnleashedBlog.Tests\bin\Debug\UnleashedBlog.Tests.dll" adapterTypeName="Microsoft.VisualStudio.TestTools.TestTypes.Unit.UnitTestAdapter, Microsoft.VisualStudio.QualityTools.Tips.UnitTest.Adapter, Version=9.0.0.0, Culture=neutral, PublicKeyToken=b03f5f7f11d50a3a" className="UnleashedBlog.Tests.Controllers.BlogControllerTests, UnleashedBlog.Tests" name="IndexReturnsLessThan11BlogEntries" />
    </UnitTest>
    <UnitTest name="ArchiveYearMonthDayName" storage="c:\users\swalther\documents\books\aspnetmvcunleashed\chapter20 - views and ajax\cs\unleashedblog\unleashedblog.tests\bin\debug\unleashedblog.tests.dll" id="a4e681db-28c1-5812-ac7f-21097a8a356c">
      <Css projectStructure="" iteration="" />
      <Owners>
        <Owner name="" />
      </Owners>
      <Execution id="5a4f65af-6c79-494a-b5c9-f5a8ea2c6816" />
      <TestMethod codeBase="C:\Users\swalther\Documents\Books\AspNetMvcUnleashed\Chapter20 - Views and Ajax\CS\UnleashedBlog\UnleashedBlog.Tests\bin\Debug\UnleashedBlog.Tests.dll" adapterTypeName="Microsoft.VisualStudio.TestTools.TestTypes.Unit.UnitTestAdapter, Microsoft.VisualStudio.QualityTools.Tips.UnitTest.Adapter, Version=9.0.0.0, Culture=neutral, PublicKeyToken=b03f5f7f11d50a3a" className="UnleashedBlog.Tests.Routes.RouteTests, UnleashedBlog.Tests" name="ArchiveYearMonthDayName" />
    </UnitTest>
    <UnitTest name="IndexReturnsPagedListForPage" storage="c:\users\swalther\documents\books\aspnetmvcunleashed\chapter20 - views and ajax\cs\unleashedblog\unleashedblog.tests\bin\debug\unleashedblog.tests.dll" id="bb2c80e7-902a-25e8-8499-75000ac0f166">
      <Css projectStructure="" iteration="" />
      <Owners>
        <Owner name="" />
      </Owners>
      <Execution id="7e8e61d3-0665-4a63-9b59-1208d98930ed" />
      <TestMethod codeBase="C:\Users\swalther\Documents\Books\AspNetMvcUnleashed\Chapter20 - Views and Ajax\CS\UnleashedBlog\UnleashedBlog.Tests\bin\Debug\UnleashedBlog.Tests.dll" adapterTypeName="Microsoft.VisualStudio.TestTools.TestTypes.Unit.UnitTestAdapter, Microsoft.VisualStudio.QualityTools.Tips.UnitTest.Adapter, Version=9.0.0.0, Culture=neutral, PublicKeyToken=b03f5f7f11d50a3a" className="UnleashedBlog.Tests.Controllers.BlogControllerTests, UnleashedBlog.Tests" name="IndexReturnsPagedListForPage" />
    </UnitTest>
    <UnitTest name="ArchiveYearMonth" storage="c:\users\swalther\documents\books\aspnetmvcunleashed\chapter20 - views and ajax\cs\unleashedblog\unleashedblog.tests\bin\debug\unleashedblog.tests.dll" id="3d109e96-d6b0-e1f2-4592-7f307cb1809f">
      <Css projectStructure="" iteration="" />
      <Owners>
        <Owner name="" />
      </Owners>
      <Execution id="0b274fba-6867-4ab5-a3f9-f73408a7709e" />
      <TestMethod codeBase="C:\Users\swalther\Documents\Books\AspNetMvcUnleashed\Chapter20 - Views and Ajax\CS\UnleashedBlog\UnleashedBlog.Tests\bin\Debug\UnleashedBlog.Tests.dll" adapterTypeName="Microsoft.VisualStudio.TestTools.TestTypes.Unit.UnitTestAdapter, Microsoft.VisualStudio.QualityTools.Tips.UnitTest.Adapter, Version=9.0.0.0, Culture=neutral, PublicKeyToken=b03f5f7f11d50a3a" className="UnleashedBlog.Tests.Routes.RouteTests, UnleashedBlog.Tests" name="ArchiveYearMonth" />
    </UnitTest>
    <UnitTest name="ShowNewBlogEntries" storage="c:\users\swalther\documents\books\aspnetmvcunleashed\chapter20 - views and ajax\cs\unleashedblog\unleashedblog.tests\bin\debug\unleashedblog.tests.dll" id="9a1a712c-80f0-6dd6-fcde-89e2b48a68f1">
      <Css projectStructure="" iteration="" />
      <Owners>
        <Owner name="" />
      </Owners>
      <Execution id="edc0405f-86d9-46b4-91fb-fcc6dcbf4290" />
      <TestMethod codeBase="C:\Users\swalther\Documents\Books\AspNetMvcUnleashed\Chapter20 - Views and Ajax\CS\UnleashedBlog\UnleashedBlog.Tests\bin\Debug\UnleashedBlog.Tests.dll" adapterTypeName="Microsoft.VisualStudio.TestTools.TestTypes.Unit.UnitTestAdapter, Microsoft.VisualStudio.QualityTools.Tips.UnitTest.Adapter, Version=9.0.0.0, Culture=neutral, PublicKeyToken=b03f5f7f11d50a3a" className="UnleashedBlog.Tests.Controllers.BlogControllerTests, UnleashedBlog.Tests" name="ShowNewBlogEntries" />
    </UnitTest>
    <UnitTest name="IndexReturnsBlogEntriesByMonth" storage="c:\users\swalther\documents\books\aspnetmvcunleashed\chapter20 - views and ajax\cs\unleashedblog\unleashedblog.tests\bin\debug\unleashedblog.tests.dll" id="ff1c42f4-0f67-ac38-b2f5-2a2b13f18f3b">
      <Css projectStructure="" iteration="" />
      <Owners>
        <Owner name="" />
      </Owners>
      <Execution id="20bcb502-fd55-458b-8ab7-52b6a6b789a8" />
      <TestMethod codeBase="C:\Users\swalther\Documents\Books\AspNetMvcUnleashed\Chapter20 - Views and Ajax\CS\UnleashedBlog\UnleashedBlog.Tests\bin\Debug\UnleashedBlog.Tests.dll" adapterTypeName="Microsoft.VisualStudio.TestTools.TestTypes.Unit.UnitTestAdapter, Microsoft.VisualStudio.QualityTools.Tips.UnitTest.Adapter, Version=9.0.0.0, Culture=neutral, PublicKeyToken=b03f5f7f11d50a3a" className="UnleashedBlog.Tests.Controllers.ArchiveControllerTests, UnleashedBlog.Tests" name="IndexReturnsBlogEntriesByMonth" />
    </UnitTest>
    <UnitTest name="ArchiveYear" storage="c:\users\swalther\documents\books\aspnetmvcunleashed\chapter20 - views and ajax\cs\unleashedblog\unleashedblog.tests\bin\debug\unleashedblog.tests.dll" id="2974ea07-7de4-4e6c-4a19-e3002dba59a1">
      <Css projectStructure="" iteration="" />
      <Owners>
        <Owner name="" />
      </Owners>
      <Execution id="fd26461d-bc81-435b-8d63-cad71fc48c9c" />
      <TestMethod codeBase="C:\Users\swalther\Documents\Books\AspNetMvcUnleashed\Chapter20 - Views and Ajax\CS\UnleashedBlog\UnleashedBlog.Tests\bin\Debug\UnleashedBlog.Tests.dll" adapterTypeName="Microsoft.VisualStudio.TestTools.TestTypes.Unit.UnitTestAdapter, Microsoft.VisualStudio.QualityTools.Tips.UnitTest.Adapter, Version=9.0.0.0, Culture=neutral, PublicKeyToken=b03f5f7f11d50a3a" className="UnleashedBlog.Tests.Routes.RouteTests, UnleashedBlog.Tests" name="ArchiveYear" />
    </UnitTest>
    <UnitTest name="DefaultRoute" storage="c:\users\swalther\documents\books\aspnetmvcunleashed\chapter20 - views and ajax\cs\unleashedblog\unleashedblog.tests\bin\debug\unleashedblog.tests.dll" id="61b7311d-ab65-b688-47ad-3f6effc369f9">
      <Css projectStructure="" iteration="" />
      <Owners>
        <Owner name="" />
      </Owners>
      <Execution id="0ddf7165-c2ec-48d9-9336-270f6b2276b4" />
      <TestMethod codeBase="C:\Users\swalther\Documents\Books\AspNetMvcUnleashed\Chapter20 - Views and Ajax\CS\UnleashedBlog\UnleashedBlog.Tests\bin\Debug\UnleashedBlog.Tests.dll" adapterTypeName="Microsoft.VisualStudio.TestTools.TestTypes.Unit.UnitTestAdapter, Microsoft.VisualStudio.QualityTools.Tips.UnitTest.Adapter, Version=9.0.0.0, Culture=neutral, PublicKeyToken=b03f5f7f11d50a3a" className="UnleashedBlog.Tests.Routes.RouteTests, UnleashedBlog.Tests" name="DefaultRoute" />
    </UnitTest>
  </TestDefinitions>
  <TestLists>
    <TestList name="Results Not in a List" id="8c84fa94-04c1-424b-9868-57a2d4851a1d" />
    <TestList name="All Loaded Results" id="19431567-8539-422a-85d7-44ee4e166bda" />
  </TestLists>
  <TestEntries>
    <TestEntry testId="026d23a0-0f2f-e420-eb4a-d0257988d821" executionId="2c1e965a-da92-45a3-b751-278b99022eab" testListId="8c84fa94-04c1-424b-9868-57a2d4851a1d" />
    <TestEntry testId="2974ea07-7de4-4e6c-4a19-e3002dba59a1" executionId="fd26461d-bc81-435b-8d63-cad71fc48c9c" testListId="8c84fa94-04c1-424b-9868-57a2d4851a1d" />
    <TestEntry testId="2b21ad28-1d0b-ac19-85ec-db7aaf58c558" executionId="c6171c6b-ba12-4179-8088-886e6f6a848e" testListId="8c84fa94-04c1-424b-9868-57a2d4851a1d" />
    <TestEntry testId="393de100-2b43-659f-e85a-377c33ec1014" executionId="261b324f-fb28-4daa-bb13-1acb743be69f" testListId="8c84fa94-04c1-424b-9868-57a2d4851a1d" />
    <TestEntry testId="3d109e96-d6b0-e1f2-4592-7f307cb1809f" executionId="0b274fba-6867-4ab5-a3f9-f73408a7709e" testListId="8c84fa94-04c1-424b-9868-57a2d4851a1d" />
    <TestEntry testId="61b7311d-ab65-b688-47ad-3f6effc369f9" executionId="0ddf7165-c2ec-48d9-9336-270f6b2276b4" testListId="8c84fa94-04c1-424b-9868-57a2d4851a1d" />
    <TestEntry testId="816fee86-e4c6-f66a-8367-34afbe81dea1" executionId="a31eac67-0b5a-4b70-a741-e19859aeab7d" testListId="8c84fa94-04c1-424b-9868-57a2d4851a1d" />
    <TestEntry testId="8575298e-a3af-44da-f02a-80c71bfa25b2" executionId="31cc0cab-4116-4846-acc0-92d83f90960f" testListId="8c84fa94-04c1-424b-9868-57a2d4851a1d" />
    <TestEntry testId="8db8b103-f679-e45e-c57f-eaad82eb12aa" executionId="7df547b4-2ba7-4cad-b33a-73dc39b14fd1" testListId="8c84fa94-04c1-424b-9868-57a2d4851a1d" />
    <TestEntry testId="8f6f8255-7735-0f4b-42c3-4773d81e8e24" executionId="851aa9f0-7217-40cb-9128-c7a378281d03" testListId="8c84fa94-04c1-424b-9868-57a2d4851a1d" />
    <TestEntry testId="9a1a712c-80f0-6dd6-fcde-89e2b48a68f1" executionId="edc0405f-86d9-46b4-91fb-fcc6dcbf4290" testListId="8c84fa94-04c1-424b-9868-57a2d4851a1d" />
    <TestEntry testId="9cd2d8b0-5e13-5da4-773b-45607ed534f2" executionId="cd2dbeb1-d15c-480a-a8c6-378d8e3d7496" testListId="8c84fa94-04c1-424b-9868-57a2d4851a1d" />
    <TestEntry testId="9fcc2892-b4ef-fd32-4fec-b0a5d5f7c32c" executionId="ab73cc68-14f1-45c4-acb4-3808cc38902c" testListId="8c84fa94-04c1-424b-9868-57a2d4851a1d" />
    <TestEntry testId="a371d235-dc0b-4d12-d600-db6e161b5338" executionId="cedecb3a-4ae9-4640-a228-bfbdce64e5ab" testListId="8c84fa94-04c1-424b-9868-57a2d4851a1d" />
    <TestEntry testId="a4e681db-28c1-5812-ac7f-21097a8a356c" executionId="5a4f65af-6c79-494a-b5c9-f5a8ea2c6816" testListId="8c84fa94-04c1-424b-9868-57a2d4851a1d" />
    <TestEntry testId="b978bd0a-bc7a-0cab-0427-0737a45fcbe6" executionId="9e89f77b-1889-4253-ad38-48b1f920bad7" testListId="8c84fa94-04c1-424b-9868-57a2d4851a1d" />
    <TestEntry testId="bb2c80e7-902a-25e8-8499-75000ac0f166" executionId="7e8e61d3-0665-4a63-9b59-1208d98930ed" testListId="8c84fa94-04c1-424b-9868-57a2d4851a1d" />
    <TestEntry testId="cddc7caf-da78-b76d-6452-22ab4badf897" executionId="2edf27f8-2ede-4e7e-9d6b-fbf7cdcbb1f2" testListId="8c84fa94-04c1-424b-9868-57a2d4851a1d" />
    <TestEntry testId="f57dcbe0-c07d-72e8-a818-e9a18b364894" executionId="f7d272b2-6e33-4f56-9d47-03b9bf0b81ba" testListId="8c84fa94-04c1-424b-9868-57a2d4851a1d" />
    <TestEntry testId="ff1c42f4-0f67-ac38-b2f5-2a2b13f18f3b" executionId="20bcb502-fd55-458b-8ab7-52b6a6b789a8" testListId="8c84fa94-04c1-424b-9868-57a2d4851a1d" />
  </TestEntries>
  <Results>
    <UnitTestResult executionId="2c1e965a-da92-45a3-b751-278b99022eab" testId="026d23a0-0f2f-e420-eb4a-d0257988d821" testName="CreateTitleRequired" computerName="SWLAPTOP" duration="00:00:00.0150255" startTime="2009-04-15T19:29:38.7967892-07:00" endTime="2009-04-15T19:29:39.4039106-07:00" testType="13cdc9d9-ddb5-4fa4-a97d-d965ccfc6d4b" outcome="Passed" testListId="8c84fa94-04c1-424b-9868-57a2d4851a1d">
      <Output>
      </Output>
    </UnitTestResult>
    <UnitTestResult executionId="fd26461d-bc81-435b-8d63-cad71fc48c9c" testId="2974ea07-7de4-4e6c-4a19-e3002dba59a1" testName="ArchiveYear" computerName="SWLAPTOP" duration="00:00:00.0406678" startTime="2009-04-15T19:29:39.4099118-07:00" endTime="2009-04-15T19:29:39.4549208-07:00" testType="13cdc9d9-ddb5-4fa4-a97d-d965ccfc6d4b" outcome="Passed" testListId="8c84fa94-04c1-424b-9868-57a2d4851a1d">
      <Output>
      </Output>
    </UnitTestResult>
    <UnitTestResult executionId="c6171c6b-ba12-4179-8088-886e6f6a848e" testId="2b21ad28-1d0b-ac19-85ec-db7aaf58c558" testName="ArchiveYearMonthDay" computerName="SWLAPTOP" duration="00:00:00.0007652" startTime="2009-04-15T19:29:39.4619222-07:00" endTime="2009-04-15T19:29:39.4659230-07:00" testType="13cdc9d9-ddb5-4fa4-a97d-d965ccfc6d4b" outcome="Passed" testListId="8c84fa94-04c1-424b-9868-57a2d4851a1d">
      <Output>
      </Output>
    </UnitTestResult>
    <UnitTestResult executionId="261b324f-fb28-4daa-bb13-1acb743be69f" testId="393de100-2b43-659f-e85a-377c33ec1014" testName="CreateTextRequired" computerName="SWLAPTOP" duration="00:00:00.0005072" startTime="2009-04-15T19:29:39.4739246-07:00" endTime="2009-04-15T19:29:39.4809260-07:00" testType="13cdc9d9-ddb5-4fa4-a97d-d965ccfc6d4b" outcome="Passed" testListId="8c84fa94-04c1-424b-9868-57a2d4851a1d">
      <Output>
      </Output>
    </UnitTestResult>
    <UnitTestResult executionId="0b274fba-6867-4ab5-a3f9-f73408a7709e" testId="3d109e96-d6b0-e1f2-4592-7f307cb1809f" testName="ArchiveYearMonth" computerName="SWLAPTOP" duration="00:00:00.0007953" startTime="2009-04-15T19:29:39.5089316-07:00" endTime="2009-04-15T19:29:39.5149328-07:00" testType="13cdc9d9-ddb5-4fa4-a97d-d965ccfc6d4b" outcome="Passed" testListId="8c84fa94-04c1-424b-9868-57a2d4851a1d">
      <Output>
      </Output>
    </UnitTestResult>
    <UnitTestResult executionId="0ddf7165-c2ec-48d9-9336-270f6b2276b4" testId="61b7311d-ab65-b688-47ad-3f6effc369f9" testName="DefaultRoute" computerName="SWLAPTOP" duration="00:00:00.0006222" startTime="2009-04-15T19:29:39.5249348-07:00" endTime="2009-04-15T19:29:39.5289356-07:00" testType="13cdc9d9-ddb5-4fa4-a97d-d965ccfc6d4b" outcome="Passed" testListId="8c84fa94-04c1-424b-9868-57a2d4851a1d">
      <Output>
      </Output>
    </UnitTestResult>
    <UnitTestResult executionId="a31eac67-0b5a-4b70-a741-e19859aeab7d" testId="816fee86-e4c6-f66a-8367-34afbe81dea1" testName="CreateTitleMaximumLength500" computerName="SWLAPTOP" duration="00:00:00.0004016" startTime="2009-04-15T19:29:39.5359370-07:00" endTime="2009-04-15T19:29:39.5399378-07:00" testType="13cdc9d9-ddb5-4fa4-a97d-d965ccfc6d4b" outcome="Passed" testListId="8c84fa94-04c1-424b-9868-57a2d4851a1d">
      <Output>
      </Output>
    </UnitTestResult>
    <UnitTestResult executionId="31cc0cab-4116-4846-acc0-92d83f90960f" testId="8575298e-a3af-44da-f02a-80c71bfa25b2" testName="IndexReturnsBlogEntriesByYear" computerName="SWLAPTOP" duration="00:00:00.0541035" startTime="2009-04-15T19:29:39.5469392-07:00" endTime="2009-04-15T19:29:39.6049508-07:00" testType="13cdc9d9-ddb5-4fa4-a97d-d965ccfc6d4b" outcome="Passed" testListId="8c84fa94-04c1-424b-9868-57a2d4851a1d">
      <Output>
      </Output>
    </UnitTestResult>
    <UnitTestResult executionId="7df547b4-2ba7-4cad-b33a-73dc39b14fd1" testId="8db8b103-f679-e45e-c57f-eaad82eb12aa" testName="IndexReturnsBlogEntriesByDay" computerName="SWLAPTOP" duration="00:00:00.0096687" startTime="2009-04-15T19:29:39.6359570-07:00" endTime="2009-04-15T19:29:39.6489596-07:00" testType="13cdc9d9-ddb5-4fa4-a97d-d965ccfc6d4b" outcome="Passed" testListId="8c84fa94-04c1-424b-9868-57a2d4851a1d">
      <Output>
      </Output>
    </UnitTestResult>
    <UnitTestResult executionId="851aa9f0-7217-40cb-9128-c7a378281d03" testId="8f6f8255-7735-0f4b-42c3-4773d81e8e24" testName="IndexReturnsLessThan11BlogEntries" computerName="SWLAPTOP" duration="00:00:00.0033220" startTime="2009-04-15T19:29:39.6569612-07:00" endTime="2009-04-15T19:29:39.6639626-07:00" testType="13cdc9d9-ddb5-4fa4-a97d-d965ccfc6d4b" outcome="Passed" testListId="8c84fa94-04c1-424b-9868-57a2d4851a1d">
      <Output>
      </Output>
    </UnitTestResult>
    <UnitTestResult executionId="edc0405f-86d9-46b4-91fb-fcc6dcbf4290" testId="9a1a712c-80f0-6dd6-fcde-89e2b48a68f1" testName="ShowNewBlogEntries" computerName="SWLAPTOP" duration="00:00:00.0033180" startTime="2009-04-15T19:29:39.6709640-07:00" endTime="2009-04-15T19:29:39.6769652-07:00" testType="13cdc9d9-ddb5-4fa4-a97d-d965ccfc6d4b" outcome="Passed" testListId="8c84fa94-04c1-424b-9868-57a2d4851a1d">
      <Output>
      </Output>
    </UnitTestResult>
    <UnitTestResult executionId="cd2dbeb1-d15c-480a-a8c6-378d8e3d7496" testId="9cd2d8b0-5e13-5da4-773b-45607ed534f2" testName="IndexReturnsBlogEntryByName" computerName="SWLAPTOP" duration="00:00:00.0054654" startTime="2009-04-15T19:29:39.6839666-07:00" endTime="2009-04-15T19:29:39.6929684-07:00" testType="13cdc9d9-ddb5-4fa4-a97d-d965ccfc6d4b" outcome="Passed" testListId="8c84fa94-04c1-424b-9868-57a2d4851a1d">
      <Output>
      </Output>
    </UnitTestResult>
    <UnitTestResult executionId="ab73cc68-14f1-45c4-acb4-3808cc38902c" testId="9fcc2892-b4ef-fd32-4fec-b0a5d5f7c32c" testName="IndexReturnsBlogEntriesInOrderOfDatePublished" computerName="SWLAPTOP" duration="00:00:00.0029338" startTime="2009-04-15T19:29:39.7089716-07:00" endTime="2009-04-15T19:29:39.7149728-07:00" testType="13cdc9d9-ddb5-4fa4-a97d-d965ccfc6d4b" outcome="Passed" testListId="8c84fa94-04c1-424b-9868-57a2d4851a1d">
      <Output>
      </Output>
    </UnitTestResult>
    <UnitTestResult executionId="cedecb3a-4ae9-4640-a228-bfbdce64e5ab" testId="a371d235-dc0b-4d12-d600-db6e161b5338" testName="CreateNameIsValid" computerName="SWLAPTOP" duration="00:00:00.0033039" startTime="2009-04-15T19:29:39.7219742-07:00" endTime="2009-04-15T19:29:39.7369772-07:00" testType="13cdc9d9-ddb5-4fa4-a97d-d965ccfc6d4b" outcome="Passed" testListId="8c84fa94-04c1-424b-9868-57a2d4851a1d">
      <Output>
      </Output>
    </UnitTestResult>
    <UnitTestResult executionId="5a4f65af-6c79-494a-b5c9-f5a8ea2c6816" testId="a4e681db-28c1-5812-ac7f-21097a8a356c" testName="ArchiveYearMonthDayName" computerName="SWLAPTOP" duration="00:00:00.0011249" startTime="2009-04-15T19:29:39.7589816-07:00" endTime="2009-04-15T19:29:39.7719842-07:00" testType="13cdc9d9-ddb5-4fa4-a97d-d965ccfc6d4b" outcome="Passed" testListId="8c84fa94-04c1-424b-9868-57a2d4851a1d">
      <Output>
      </Output>
    </UnitTestResult>
    <UnitTestResult executionId="9e89f77b-1889-4253-ad38-48b1f920bad7" testId="b978bd0a-bc7a-0cab-0427-0737a45fcbe6" testName="CreateNameFromTitle" computerName="SWLAPTOP" duration="00:00:00.0050427" startTime="2009-04-15T19:29:39.7809860-07:00" endTime="2009-04-15T19:29:39.7899878-07:00" testType="13cdc9d9-ddb5-4fa4-a97d-d965ccfc6d4b" outcome="Passed" testListId="8c84fa94-04c1-424b-9868-57a2d4851a1d">
      <Output>
      </Output>
    </UnitTestResult>
    <UnitTestResult executionId="7e8e61d3-0665-4a63-9b59-1208d98930ed" testId="bb2c80e7-902a-25e8-8499-75000ac0f166" testName="IndexReturnsPagedListForPage" computerName="SWLAPTOP" duration="00:00:00.0027068" startTime="2009-04-15T19:29:39.7959890-07:00" endTime="2009-04-15T19:29:39.8029904-07:00" testType="13cdc9d9-ddb5-4fa4-a97d-d965ccfc6d4b" outcome="Passed" testListId="8c84fa94-04c1-424b-9868-57a2d4851a1d">
      <Output>
      </Output>
    </UnitTestResult>
    <UnitTestResult executionId="2edf27f8-2ede-4e7e-9d6b-fbf7cdcbb1f2" testId="cddc7caf-da78-b76d-6452-22ab4badf897" testName="CreateBlogEntry" computerName="SWLAPTOP" duration="00:00:00.0022861" startTime="2009-04-15T19:29:39.8089916-07:00" endTime="2009-04-15T19:29:39.8149928-07:00" testType="13cdc9d9-ddb5-4fa4-a97d-d965ccfc6d4b" outcome="Passed" testListId="8c84fa94-04c1-424b-9868-57a2d4851a1d">
      <Output>
      </Output>
    </UnitTestResult>
    <UnitTestResult executionId="f7d272b2-6e33-4f56-9d47-03b9bf0b81ba" testId="f57dcbe0-c07d-72e8-a818-e9a18b364894" testName="IndexAcceptsPage" computerName="SWLAPTOP" duration="00:00:00.0022101" startTime="2009-04-15T19:29:39.8229944-07:00" endTime="2009-04-15T19:29:39.8289956-07:00" testType="13cdc9d9-ddb5-4fa4-a97d-d965ccfc6d4b" outcome="Passed" testListId="8c84fa94-04c1-424b-9868-57a2d4851a1d">
      <Output>
      </Output>
    </UnitTestResult>
    <UnitTestResult executionId="20bcb502-fd55-458b-8ab7-52b6a6b789a8" testId="ff1c42f4-0f67-ac38-b2f5-2a2b13f18f3b" testName="IndexReturnsBlogEntriesByMonth" computerName="SWLAPTOP" duration="00:00:00.0074911" startTime="2009-04-15T19:29:39.8339966-07:00" endTime="2009-04-15T19:29:39.8469992-07:00" testType="13cdc9d9-ddb5-4fa4-a97d-d965ccfc6d4b" outcome="Passed" testListId="8c84fa94-04c1-424b-9868-57a2d4851a1d">
      <Output>
      </Output>
    </UnitTestResult>
  </Results>
</TestRun>