<?xml version="1.0" encoding="UTF-8"?>
<TestRun id="abfa6b47-14cc-4471-88e6-0fd382d6b459" name="swalther@SWLAPTOP 2009-04-15 15:12:16" runUser="REDMOND\swalther" xmlns="http://microsoft.com/schemas/VisualStudio/TeamTest/2006">
  <TestRunConfiguration name="Default Run Configuration" id="a0331f09-82d4-4e37-bf1c-0b48adfd9798">
    <Deployment runDeploymentRoot="C:\Users\swalther\Documents\Books\AspNetMvcUnleashed\Chapter20 - Views and Ajax\CS\UnleashedBlog\TestResults\swalther_SWLAPTOP 2009-04-15 15_12_16">
      <DeploymentItem filename="C:\Users\swalther\Documents\Books\AspNetMvcUnleashed\Chapter20 - Views and Ajax\CS\UnleashedBlog\UnleashedBlog\bin\UnleashedBlog.dll" />
      <DeploymentItem filename="C:\Users\swalther\Downloads\AspNetMvcReleases\RTM\DataAnnotationsModelBinder\src\bin\Debug\System.ComponentModel.DataAnnotations.dll" />
      <DeploymentItem filename="C:\Users\swalther\Downloads\AspNetMvcReleases\RTM\DataAnnotationsModelBinder\src\bin\Debug\Microsoft.Web.Mvc.DataAnnotations.dll" />
      <DeploymentItem filename="C:\Users\swalther\Documents\Books\AspNetMvcUnleashed\CommonCode\RouteDebugger\RouteDebugger\bin\Debug\RouteDebugger.dll" />
      <DeploymentItem filename="C:\Users\swalther\Documents\Books\AspNetMvcUnleashed\CommonCode\MvcFakes\MvcFakes\bin\Debug\MvcFakes.dll" />
    </Deployment>
    <Hosts skipUnhostableTests="false" />
    <TestTypeSpecific />
  </TestRunConfiguration>
  <ResultSummary outcome="Failed">
    <Counters total="20" executed="20" passed="17" error="0" failed="3" timeout="0" aborted="0" inconclusive="0" passedButRunAborted="0" notRunnable="0" notExecuted="0" disconnected="0" warning="0" completed="0" inProgress="0" pending="0" />
  </ResultSummary>
  <Times creation="2009-04-15T15:12:16.0953841-07:00" queuing="2009-04-15T15:12:18.3732949-07:00" start="2009-04-15T15:12:18.6764161-07:00" finish="2009-04-15T15:12:19.8478845-07:00" />
  <TestDefinitions>
    <UnitTest name="CreateTitleMaximumLength500" storage="c:\users\swalther\documents\books\aspnetmvcunleashed\chapter20 - views and ajax\cs\unleashedblog\unleashedblog.tests\bin\debug\unleashedblog.tests.dll" id="816fee86-e4c6-f66a-8367-34afbe81dea1">
      <Css projectStructure="" iteration="" />
      <Owners>
        <Owner name="" />
      </Owners>
      <Execution id="a865f345-1e61-43d0-9f84-ffe29be38388" />
      <TestMethod codeBase="C:\Users\swalther\Documents\Books\AspNetMvcUnleashed\Chapter20 - Views and Ajax\CS\UnleashedBlog\UnleashedBlog.Tests\bin\Debug\UnleashedBlog.Tests.dll" adapterTypeName="Microsoft.VisualStudio.TestTools.TestTypes.Unit.UnitTestAdapter, Microsoft.VisualStudio.QualityTools.Tips.UnitTest.Adapter, Version=9.0.0.0, Culture=neutral, PublicKeyToken=b03f5f7f11d50a3a" className="UnleashedBlog.Tests.Controllers.BlogControllerTests, UnleashedBlog.Tests" name="CreateTitleMaximumLength500" />
    </UnitTest>
    <UnitTest name="IndexAcceptsPage" storage="c:\users\swalther\documents\books\aspnetmvcunleashed\chapter20 - views and ajax\cs\unleashedblog\unleashedblog.tests\bin\debug\unleashedblog.tests.dll" id="f57dcbe0-c07d-72e8-a818-e9a18b364894">
      <Css projectStructure="" iteration="" />
      <Owners>
        <Owner name="" />
      </Owners>
      <Execution id="c513b6af-cb26-4947-92ba-4f5bd8885fc9" />
      <TestMethod codeBase="C:\Users\swalther\Documents\Books\AspNetMvcUnleashed\Chapter20 - Views and Ajax\CS\UnleashedBlog\UnleashedBlog.Tests\bin\Debug\UnleashedBlog.Tests.dll" adapterTypeName="Microsoft.VisualStudio.TestTools.TestTypes.Unit.UnitTestAdapter, Microsoft.VisualStudio.QualityTools.Tips.UnitTest.Adapter, Version=9.0.0.0, Culture=neutral, PublicKeyToken=b03f5f7f11d50a3a" className="UnleashedBlog.Tests.Controllers.BlogControllerTests, UnleashedBlog.Tests" name="IndexAcceptsPage" />
    </UnitTest>
    <UnitTest name="IndexReturnsBlogEntriesByDay" storage="c:\users\swalther\documents\books\aspnetmvcunleashed\chapter20 - views and ajax\cs\unleashedblog\unleashedblog.tests\bin\debug\unleashedblog.tests.dll" id="8db8b103-f679-e45e-c57f-eaad82eb12aa">
      <Css projectStructure="" iteration="" />
      <Owners>
        <Owner name="" />
      </Owners>
      <Execution id="ef52b9ed-4ab4-4977-a556-bfbe9390bb81" />
      <TestMethod codeBase="C:\Users\swalther\Documents\Books\AspNetMvcUnleashed\Chapter20 - Views and Ajax\CS\UnleashedBlog\UnleashedBlog.Tests\bin\Debug\UnleashedBlog.Tests.dll" adapterTypeName="Microsoft.VisualStudio.TestTools.TestTypes.Unit.UnitTestAdapter, Microsoft.VisualStudio.QualityTools.Tips.UnitTest.Adapter, Version=9.0.0.0, Culture=neutral, PublicKeyToken=b03f5f7f11d50a3a" className="UnleashedBlog.Tests.Controllers.ArchiveControllerTests, UnleashedBlog.Tests" name="IndexReturnsBlogEntriesByDay" />
    </UnitTest>
    <UnitTest name="CreateTextRequired" storage="c:\users\swalther\documents\books\aspnetmvcunleashed\chapter20 - views and ajax\cs\unleashedblog\unleashedblog.tests\bin\debug\unleashedblog.tests.dll" id="393de100-2b43-659f-e85a-377c33ec1014">
      <Css projectStructure="" iteration="" />
      <Owners>
        <Owner name="" />
      </Owners>
      <Execution id="734cda49-05ec-4db7-b203-e3cc6c7e8c99" />
      <TestMethod codeBase="C:\Users\swalther\Documents\Books\AspNetMvcUnleashed\Chapter20 - Views and Ajax\CS\UnleashedBlog\UnleashedBlog.Tests\bin\Debug\UnleashedBlog.Tests.dll" adapterTypeName="Microsoft.VisualStudio.TestTools.TestTypes.Unit.UnitTestAdapter, Microsoft.VisualStudio.QualityTools.Tips.UnitTest.Adapter, Version=9.0.0.0, Culture=neutral, PublicKeyToken=b03f5f7f11d50a3a" className="UnleashedBlog.Tests.Controllers.BlogControllerTests, UnleashedBlog.Tests" name="CreateTextRequired" />
    </UnitTest>
    <UnitTest name="IndexReturnsBlogEntriesInOrderOfDatePublished" storage="c:\users\swalther\documents\books\aspnetmvcunleashed\chapter20 - views and ajax\cs\unleashedblog\unleashedblog.tests\bin\debug\unleashedblog.tests.dll" id="9fcc2892-b4ef-fd32-4fec-b0a5d5f7c32c">
      <Css projectStructure="" iteration="" />
      <Owners>
        <Owner name="" />
      </Owners>
      <Execution id="0046e6f7-7224-4280-b1ec-7932adcb6039" />
      <TestMethod codeBase="C:\Users\swalther\Documents\Books\AspNetMvcUnleashed\Chapter20 - Views and Ajax\CS\UnleashedBlog\UnleashedBlog.Tests\bin\Debug\UnleashedBlog.Tests.dll" adapterTypeName="Microsoft.VisualStudio.TestTools.TestTypes.Unit.UnitTestAdapter, Microsoft.VisualStudio.QualityTools.Tips.UnitTest.Adapter, Version=9.0.0.0, Culture=neutral, PublicKeyToken=b03f5f7f11d50a3a" className="UnleashedBlog.Tests.Controllers.BlogControllerTests, UnleashedBlog.Tests" name="IndexReturnsBlogEntriesInOrderOfDatePublished" />
    </UnitTest>
    <UnitTest name="IndexReturnsBlogEntriesByYear" storage="c:\users\swalther\documents\books\aspnetmvcunleashed\chapter20 - views and ajax\cs\unleashedblog\unleashedblog.tests\bin\debug\unleashedblog.tests.dll" id="8575298e-a3af-44da-f02a-80c71bfa25b2">
      <Css projectStructure="" iteration="" />
      <Owners>
        <Owner name="" />
      </Owners>
      <Execution id="f45bdd52-ac44-43ed-b159-20970a47e1ac" />
      <TestMethod codeBase="C:\Users\swalther\Documents\Books\AspNetMvcUnleashed\Chapter20 - Views and Ajax\CS\UnleashedBlog\UnleashedBlog.Tests\bin\Debug\UnleashedBlog.Tests.dll" adapterTypeName="Microsoft.VisualStudio.TestTools.TestTypes.Unit.UnitTestAdapter, Microsoft.VisualStudio.QualityTools.Tips.UnitTest.Adapter, Version=9.0.0.0, Culture=neutral, PublicKeyToken=b03f5f7f11d50a3a" className="UnleashedBlog.Tests.Controllers.ArchiveControllerTests, UnleashedBlog.Tests" name="IndexReturnsBlogEntriesByYear" />
    </UnitTest>
    <UnitTest name="CreateNameIsValid" storage="c:\users\swalther\documents\books\aspnetmvcunleashed\chapter20 - views and ajax\cs\unleashedblog\unleashedblog.tests\bin\debug\unleashedblog.tests.dll" id="a371d235-dc0b-4d12-d600-db6e161b5338">
      <Css projectStructure="" iteration="" />
      <Owners>
        <Owner name="" />
      </Owners>
      <Execution id="ae65859d-afd5-4b4c-8aa0-6166b725d328" />
      <TestMethod codeBase="C:\Users\swalther\Documents\Books\AspNetMvcUnleashed\Chapter20 - Views and Ajax\CS\UnleashedBlog\UnleashedBlog.Tests\bin\Debug\UnleashedBlog.Tests.dll" adapterTypeName="Microsoft.VisualStudio.TestTools.TestTypes.Unit.UnitTestAdapter, Microsoft.VisualStudio.QualityTools.Tips.UnitTest.Adapter, Version=9.0.0.0, Culture=neutral, PublicKeyToken=b03f5f7f11d50a3a" className="UnleashedBlog.Tests.Controllers.BlogControllerTests, UnleashedBlog.Tests" name="CreateNameIsValid" />
    </UnitTest>
    <UnitTest name="CreateTitleRequired" storage="c:\users\swalther\documents\books\aspnetmvcunleashed\chapter20 - views and ajax\cs\unleashedblog\unleashedblog.tests\bin\debug\unleashedblog.tests.dll" id="026d23a0-0f2f-e420-eb4a-d0257988d821">
      <Css projectStructure="" iteration="" />
      <Owners>
        <Owner name="" />
      </Owners>
      <Execution id="f6fe3fb5-959d-4d73-9cab-93125ea231aa" />
      <TestMethod codeBase="C:\Users\swalther\Documents\Books\AspNetMvcUnleashed\Chapter20 - Views and Ajax\CS\UnleashedBlog\UnleashedBlog.Tests\bin\Debug\UnleashedBlog.Tests.dll" adapterTypeName="Microsoft.VisualStudio.TestTools.TestTypes.Unit.UnitTestAdapter, Microsoft.VisualStudio.QualityTools.Tips.UnitTest.Adapter, Version=9.0.0.0, Culture=neutral, PublicKeyToken=b03f5f7f11d50a3a" className="UnleashedBlog.Tests.Controllers.BlogControllerTests, UnleashedBlog.Tests" name="CreateTitleRequired" />
    </UnitTest>
    <UnitTest name="IndexReturnsBlogEntryByName" storage="c:\users\swalther\documents\books\aspnetmvcunleashed\chapter20 - views and ajax\cs\unleashedblog\unleashedblog.tests\bin\debug\unleashedblog.tests.dll" id="9cd2d8b0-5e13-5da4-773b-45607ed534f2">
      <Css projectStructure="" iteration="" />
      <Owners>
        <Owner name="" />
      </Owners>
      <Execution id="08395f51-cddc-4c91-8673-fe4cc472f322" />
      <TestMethod codeBase="C:\Users\swalther\Documents\Books\AspNetMvcUnleashed\Chapter20 - Views and Ajax\CS\UnleashedBlog\UnleashedBlog.Tests\bin\Debug\UnleashedBlog.Tests.dll" adapterTypeName="Microsoft.VisualStudio.TestTools.TestTypes.Unit.UnitTestAdapter, Microsoft.VisualStudio.QualityTools.Tips.UnitTest.Adapter, Version=9.0.0.0, Culture=neutral, PublicKeyToken=b03f5f7f11d50a3a" className="UnleashedBlog.Tests.Controllers.ArchiveControllerTests, UnleashedBlog.Tests" name="IndexReturnsBlogEntryByName" />
    </UnitTest>
    <UnitTest name="CreateBlogEntry" storage="c:\users\swalther\documents\books\aspnetmvcunleashed\chapter20 - views and ajax\cs\unleashedblog\unleashedblog.tests\bin\debug\unleashedblog.tests.dll" id="cddc7caf-da78-b76d-6452-22ab4badf897">
      <Css projectStructure="" iteration="" />
      <Owners>
        <Owner name="" />
      </Owners>
      <Execution id="e8d5b9fb-c663-48d4-8b81-90ba96a5ead6" />
      <TestMethod codeBase="C:\Users\swalther\Documents\Books\AspNetMvcUnleashed\Chapter20 - Views and Ajax\CS\UnleashedBlog\UnleashedBlog.Tests\bin\Debug\UnleashedBlog.Tests.dll" adapterTypeName="Microsoft.VisualStudio.TestTools.TestTypes.Unit.UnitTestAdapter, Microsoft.VisualStudio.QualityTools.Tips.UnitTest.Adapter, Version=9.0.0.0, Culture=neutral, PublicKeyToken=b03f5f7f11d50a3a" className="UnleashedBlog.Tests.Controllers.BlogControllerTests, UnleashedBlog.Tests" name="CreateBlogEntry" />
    </UnitTest>
    <UnitTest name="CreateNameFromTitle" storage="c:\users\swalther\documents\books\aspnetmvcunleashed\chapter20 - views and ajax\cs\unleashedblog\unleashedblog.tests\bin\debug\unleashedblog.tests.dll" id="b978bd0a-bc7a-0cab-0427-0737a45fcbe6">
      <Css projectStructure="" iteration="" />
      <Owners>
        <Owner name="" />
      </Owners>
      <Execution id="3b95f113-b4dc-46d7-8faa-fbcbd2c772a1" />
      <TestMethod codeBase="C:\Users\swalther\Documents\Books\AspNetMvcUnleashed\Chapter20 - Views and Ajax\CS\UnleashedBlog\UnleashedBlog.Tests\bin\Debug\UnleashedBlog.Tests.dll" adapterTypeName="Microsoft.VisualStudio.TestTools.TestTypes.Unit.UnitTestAdapter, Microsoft.VisualStudio.QualityTools.Tips.UnitTest.Adapter, Version=9.0.0.0, Culture=neutral, PublicKeyToken=b03f5f7f11d50a3a" className="UnleashedBlog.Tests.Controllers.BlogControllerTests, UnleashedBlog.Tests" name="CreateNameFromTitle" />
    </UnitTest>
    <UnitTest name="ArchiveYearMonthDay" storage="c:\users\swalther\documents\books\aspnetmvcunleashed\chapter20 - views and ajax\cs\unleashedblog\unleashedblog.tests\bin\debug\unleashedblog.tests.dll" id="2b21ad28-1d0b-ac19-85ec-db7aaf58c558">
      <Css projectStructure="" iteration="" />
      <Owners>
        <Owner name="" />
      </Owners>
      <Execution id="13f654c8-a538-457a-afcc-192b17acd160" />
      <TestMethod codeBase="C:\Users\swalther\Documents\Books\AspNetMvcUnleashed\Chapter20 - Views and Ajax\CS\UnleashedBlog\UnleashedBlog.Tests\bin\Debug\UnleashedBlog.Tests.dll" adapterTypeName="Microsoft.VisualStudio.TestTools.TestTypes.Unit.UnitTestAdapter, Microsoft.VisualStudio.QualityTools.Tips.UnitTest.Adapter, Version=9.0.0.0, Culture=neutral, PublicKeyToken=b03f5f7f11d50a3a" className="UnleashedBlog.Tests.Routes.RouteTests, UnleashedBlog.Tests" name="ArchiveYearMonthDay" />
    </UnitTest>
    <UnitTest name="IndexReturnsLessThan11BlogEntries" storage="c:\users\swalther\documents\books\aspnetmvcunleashed\chapter20 - views and ajax\cs\unleashedblog\unleashedblog.tests\bin\debug\unleashedblog.tests.dll" id="8f6f8255-7735-0f4b-42c3-4773d81e8e24">
      <Css projectStructure="" iteration="" />
      <Owners>
        <Owner name="" />
      </Owners>
      <Execution id="b471cd56-0366-4efe-ad04-d79d54702c5d" />
      <TestMethod codeBase="C:\Users\swalther\Documents\Books\AspNetMvcUnleashed\Chapter20 - Views and Ajax\CS\UnleashedBlog\UnleashedBlog.Tests\bin\Debug\UnleashedBlog.Tests.dll" adapterTypeName="Microsoft.VisualStudio.TestTools.TestTypes.Unit.UnitTestAdapter, Microsoft.VisualStudio.QualityTools.Tips.UnitTest.Adapter, Version=9.0.0.0, Culture=neutral, PublicKeyToken=b03f5f7f11d50a3a" className="UnleashedBlog.Tests.Controllers.BlogControllerTests, UnleashedBlog.Tests" name="IndexReturnsLessThan11BlogEntries" />
    </UnitTest>
    <UnitTest name="ArchiveYearMonthDayName" storage="c:\users\swalther\documents\books\aspnetmvcunleashed\chapter20 - views and ajax\cs\unleashedblog\unleashedblog.tests\bin\debug\unleashedblog.tests.dll" id="a4e681db-28c1-5812-ac7f-21097a8a356c">
      <Css projectStructure="" iteration="" />
      <Owners>
        <Owner name="" />
      </Owners>
      <Execution id="77ecd12b-10e2-43a0-8568-6b3a4ec9262f" />
      <TestMethod codeBase="C:\Users\swalther\Documents\Books\AspNetMvcUnleashed\Chapter20 - Views and Ajax\CS\UnleashedBlog\UnleashedBlog.Tests\bin\Debug\UnleashedBlog.Tests.dll" adapterTypeName="Microsoft.VisualStudio.TestTools.TestTypes.Unit.UnitTestAdapter, Microsoft.VisualStudio.QualityTools.Tips.UnitTest.Adapter, Version=9.0.0.0, Culture=neutral, PublicKeyToken=b03f5f7f11d50a3a" className="UnleashedBlog.Tests.Routes.RouteTests, UnleashedBlog.Tests" name="ArchiveYearMonthDayName" />
    </UnitTest>
    <UnitTest name="IndexReturnsPagedListForPage" storage="c:\users\swalther\documents\books\aspnetmvcunleashed\chapter20 - views and ajax\cs\unleashedblog\unleashedblog.tests\bin\debug\unleashedblog.tests.dll" id="bb2c80e7-902a-25e8-8499-75000ac0f166">
      <Css projectStructure="" iteration="" />
      <Owners>
        <Owner name="" />
      </Owners>
      <Execution id="389d51e4-6c68-4cd2-809a-1fad2d1bfcea" />
      <TestMethod codeBase="C:\Users\swalther\Documents\Books\AspNetMvcUnleashed\Chapter20 - Views and Ajax\CS\UnleashedBlog\UnleashedBlog.Tests\bin\Debug\UnleashedBlog.Tests.dll" adapterTypeName="Microsoft.VisualStudio.TestTools.TestTypes.Unit.UnitTestAdapter, Microsoft.VisualStudio.QualityTools.Tips.UnitTest.Adapter, Version=9.0.0.0, Culture=neutral, PublicKeyToken=b03f5f7f11d50a3a" className="UnleashedBlog.Tests.Controllers.BlogControllerTests, UnleashedBlog.Tests" name="IndexReturnsPagedListForPage" />
    </UnitTest>
    <UnitTest name="ArchiveYearMonth" storage="c:\users\swalther\documents\books\aspnetmvcunleashed\chapter20 - views and ajax\cs\unleashedblog\unleashedblog.tests\bin\debug\unleashedblog.tests.dll" id="3d109e96-d6b0-e1f2-4592-7f307cb1809f">
      <Css projectStructure="" iteration="" />
      <Owners>
        <Owner name="" />
      </Owners>
      <Execution id="9d046266-b3fa-445e-83a1-2fafcbf4e470" />
      <TestMethod codeBase="C:\Users\swalther\Documents\Books\AspNetMvcUnleashed\Chapter20 - Views and Ajax\CS\UnleashedBlog\UnleashedBlog.Tests\bin\Debug\UnleashedBlog.Tests.dll" adapterTypeName="Microsoft.VisualStudio.TestTools.TestTypes.Unit.UnitTestAdapter, Microsoft.VisualStudio.QualityTools.Tips.UnitTest.Adapter, Version=9.0.0.0, Culture=neutral, PublicKeyToken=b03f5f7f11d50a3a" className="UnleashedBlog.Tests.Routes.RouteTests, UnleashedBlog.Tests" name="ArchiveYearMonth" />
    </UnitTest>
    <UnitTest name="ShowNewBlogEntries" storage="c:\users\swalther\documents\books\aspnetmvcunleashed\chapter20 - views and ajax\cs\unleashedblog\unleashedblog.tests\bin\debug\unleashedblog.tests.dll" id="9a1a712c-80f0-6dd6-fcde-89e2b48a68f1">
      <Css projectStructure="" iteration="" />
      <Owners>
        <Owner name="" />
      </Owners>
      <Execution id="3be07662-e6ef-4e90-8390-0b07b34c6537" />
      <TestMethod codeBase="C:\Users\swalther\Documents\Books\AspNetMvcUnleashed\Chapter20 - Views and Ajax\CS\UnleashedBlog\UnleashedBlog.Tests\bin\Debug\UnleashedBlog.Tests.dll" adapterTypeName="Microsoft.VisualStudio.TestTools.TestTypes.Unit.UnitTestAdapter, Microsoft.VisualStudio.QualityTools.Tips.UnitTest.Adapter, Version=9.0.0.0, Culture=neutral, PublicKeyToken=b03f5f7f11d50a3a" className="UnleashedBlog.Tests.Controllers.BlogControllerTests, UnleashedBlog.Tests" name="ShowNewBlogEntries" />
    </UnitTest>
    <UnitTest name="IndexReturnsBlogEntriesByMonth" storage="c:\users\swalther\documents\books\aspnetmvcunleashed\chapter20 - views and ajax\cs\unleashedblog\unleashedblog.tests\bin\debug\unleashedblog.tests.dll" id="ff1c42f4-0f67-ac38-b2f5-2a2b13f18f3b">
      <Css projectStructure="" iteration="" />
      <Owners>
        <Owner name="" />
      </Owners>
      <Execution id="8e28dd66-b695-4e8a-a01b-a21538635cd8" />
      <TestMethod codeBase="C:\Users\swalther\Documents\Books\AspNetMvcUnleashed\Chapter20 - Views and Ajax\CS\UnleashedBlog\UnleashedBlog.Tests\bin\Debug\UnleashedBlog.Tests.dll" adapterTypeName="Microsoft.VisualStudio.TestTools.TestTypes.Unit.UnitTestAdapter, Microsoft.VisualStudio.QualityTools.Tips.UnitTest.Adapter, Version=9.0.0.0, Culture=neutral, PublicKeyToken=b03f5f7f11d50a3a" className="UnleashedBlog.Tests.Controllers.ArchiveControllerTests, UnleashedBlog.Tests" name="IndexReturnsBlogEntriesByMonth" />
    </UnitTest>
    <UnitTest name="ArchiveYear" storage="c:\users\swalther\documents\books\aspnetmvcunleashed\chapter20 - views and ajax\cs\unleashedblog\unleashedblog.tests\bin\debug\unleashedblog.tests.dll" id="2974ea07-7de4-4e6c-4a19-e3002dba59a1">
      <Css projectStructure="" iteration="" />
      <Owners>
        <Owner name="" />
      </Owners>
      <Execution id="0cfee1e9-39f5-4b3a-911a-cfe0c695c404" />
      <TestMethod codeBase="C:\Users\swalther\Documents\Books\AspNetMvcUnleashed\Chapter20 - Views and Ajax\CS\UnleashedBlog\UnleashedBlog.Tests\bin\Debug\UnleashedBlog.Tests.dll" adapterTypeName="Microsoft.VisualStudio.TestTools.TestTypes.Unit.UnitTestAdapter, Microsoft.VisualStudio.QualityTools.Tips.UnitTest.Adapter, Version=9.0.0.0, Culture=neutral, PublicKeyToken=b03f5f7f11d50a3a" className="UnleashedBlog.Tests.Routes.RouteTests, UnleashedBlog.Tests" name="ArchiveYear" />
    </UnitTest>
    <UnitTest name="DefaultRoute" storage="c:\users\swalther\documents\books\aspnetmvcunleashed\chapter20 - views and ajax\cs\unleashedblog\unleashedblog.tests\bin\debug\unleashedblog.tests.dll" id="61b7311d-ab65-b688-47ad-3f6effc369f9">
      <Css projectStructure="" iteration="" />
      <Owners>
        <Owner name="" />
      </Owners>
      <Execution id="7e00558d-12fb-4a3b-9bb3-7dcade00ccd2" />
      <TestMethod codeBase="C:\Users\swalther\Documents\Books\AspNetMvcUnleashed\Chapter20 - Views and Ajax\CS\UnleashedBlog\UnleashedBlog.Tests\bin\Debug\UnleashedBlog.Tests.dll" adapterTypeName="Microsoft.VisualStudio.TestTools.TestTypes.Unit.UnitTestAdapter, Microsoft.VisualStudio.QualityTools.Tips.UnitTest.Adapter, Version=9.0.0.0, Culture=neutral, PublicKeyToken=b03f5f7f11d50a3a" className="UnleashedBlog.Tests.Routes.RouteTests, UnleashedBlog.Tests" name="DefaultRoute" />
    </UnitTest>
  </TestDefinitions>
  <TestLists>
    <TestList name="Results Not in a List" id="8c84fa94-04c1-424b-9868-57a2d4851a1d" />
    <TestList name="All Loaded Results" id="19431567-8539-422a-85d7-44ee4e166bda" />
  </TestLists>
  <TestEntries>
    <TestEntry testId="026d23a0-0f2f-e420-eb4a-d0257988d821" executionId="f6fe3fb5-959d-4d73-9cab-93125ea231aa" testListId="8c84fa94-04c1-424b-9868-57a2d4851a1d" />
    <TestEntry testId="2974ea07-7de4-4e6c-4a19-e3002dba59a1" executionId="0cfee1e9-39f5-4b3a-911a-cfe0c695c404" testListId="8c84fa94-04c1-424b-9868-57a2d4851a1d" />
    <TestEntry testId="2b21ad28-1d0b-ac19-85ec-db7aaf58c558" executionId="13f654c8-a538-457a-afcc-192b17acd160" testListId="8c84fa94-04c1-424b-9868-57a2d4851a1d" />
    <TestEntry testId="393de100-2b43-659f-e85a-377c33ec1014" executionId="734cda49-05ec-4db7-b203-e3cc6c7e8c99" testListId="8c84fa94-04c1-424b-9868-57a2d4851a1d" />
    <TestEntry testId="3d109e96-d6b0-e1f2-4592-7f307cb1809f" executionId="9d046266-b3fa-445e-83a1-2fafcbf4e470" testListId="8c84fa94-04c1-424b-9868-57a2d4851a1d" />
    <TestEntry testId="61b7311d-ab65-b688-47ad-3f6effc369f9" executionId="7e00558d-12fb-4a3b-9bb3-7dcade00ccd2" testListId="8c84fa94-04c1-424b-9868-57a2d4851a1d" />
    <TestEntry testId="816fee86-e4c6-f66a-8367-34afbe81dea1" executionId="a865f345-1e61-43d0-9f84-ffe29be38388" testListId="8c84fa94-04c1-424b-9868-57a2d4851a1d" />
    <TestEntry testId="8575298e-a3af-44da-f02a-80c71bfa25b2" executionId="f45bdd52-ac44-43ed-b159-20970a47e1ac" testListId="8c84fa94-04c1-424b-9868-57a2d4851a1d" />
    <TestEntry testId="8db8b103-f679-e45e-c57f-eaad82eb12aa" executionId="ef52b9ed-4ab4-4977-a556-bfbe9390bb81" testListId="8c84fa94-04c1-424b-9868-57a2d4851a1d" />
    <TestEntry testId="8f6f8255-7735-0f4b-42c3-4773d81e8e24" executionId="b471cd56-0366-4efe-ad04-d79d54702c5d" testListId="8c84fa94-04c1-424b-9868-57a2d4851a1d" />
    <TestEntry testId="9a1a712c-80f0-6dd6-fcde-89e2b48a68f1" executionId="3be07662-e6ef-4e90-8390-0b07b34c6537" testListId="8c84fa94-04c1-424b-9868-57a2d4851a1d" />
    <TestEntry testId="9cd2d8b0-5e13-5da4-773b-45607ed534f2" executionId="08395f51-cddc-4c91-8673-fe4cc472f322" testListId="8c84fa94-04c1-424b-9868-57a2d4851a1d" />
    <TestEntry testId="9fcc2892-b4ef-fd32-4fec-b0a5d5f7c32c" executionId="0046e6f7-7224-4280-b1ec-7932adcb6039" testListId="8c84fa94-04c1-424b-9868-57a2d4851a1d" />
    <TestEntry testId="a371d235-dc0b-4d12-d600-db6e161b5338" executionId="ae65859d-afd5-4b4c-8aa0-6166b725d328" testListId="8c84fa94-04c1-424b-9868-57a2d4851a1d" />
    <TestEntry testId="a4e681db-28c1-5812-ac7f-21097a8a356c" executionId="77ecd12b-10e2-43a0-8568-6b3a4ec9262f" testListId="8c84fa94-04c1-424b-9868-57a2d4851a1d" />
    <TestEntry testId="b978bd0a-bc7a-0cab-0427-0737a45fcbe6" executionId="3b95f113-b4dc-46d7-8faa-fbcbd2c772a1" testListId="8c84fa94-04c1-424b-9868-57a2d4851a1d" />
    <TestEntry testId="bb2c80e7-902a-25e8-8499-75000ac0f166" executionId="389d51e4-6c68-4cd2-809a-1fad2d1bfcea" testListId="8c84fa94-04c1-424b-9868-57a2d4851a1d" />
    <TestEntry testId="cddc7caf-da78-b76d-6452-22ab4badf897" executionId="e8d5b9fb-c663-48d4-8b81-90ba96a5ead6" testListId="8c84fa94-04c1-424b-9868-57a2d4851a1d" />
    <TestEntry testId="f57dcbe0-c07d-72e8-a818-e9a18b364894" executionId="c513b6af-cb26-4947-92ba-4f5bd8885fc9" testListId="8c84fa94-04c1-424b-9868-57a2d4851a1d" />
    <TestEntry testId="ff1c42f4-0f67-ac38-b2f5-2a2b13f18f3b" executionId="8e28dd66-b695-4e8a-a01b-a21538635cd8" testListId="8c84fa94-04c1-424b-9868-57a2d4851a1d" />
  </TestEntries>
  <Results>
    <UnitTestResult executionId="f6fe3fb5-959d-4d73-9cab-93125ea231aa" testId="026d23a0-0f2f-e420-eb4a-d0257988d821" testName="CreateTitleRequired" computerName="SWLAPTOP" duration="00:00:00.0145037" startTime="2009-04-15T15:12:18.7714541-07:00" endTime="2009-04-15T15:12:19.3706937-07:00" testType="13cdc9d9-ddb5-4fa4-a97d-d965ccfc6d4b" outcome="Passed" testListId="8c84fa94-04c1-424b-9868-57a2d4851a1d">
      <Output>
      </Output>
    </UnitTestResult>
    <UnitTestResult executionId="0cfee1e9-39f5-4b3a-911a-cfe0c695c404" testId="2974ea07-7de4-4e6c-4a19-e3002dba59a1" testName="ArchiveYear" computerName="SWLAPTOP" duration="00:00:00.0490669" startTime="2009-04-15T15:12:19.3746953-07:00" endTime="2009-04-15T15:12:19.4277165-07:00" testType="13cdc9d9-ddb5-4fa4-a97d-d965ccfc6d4b" outcome="Passed" testListId="8c84fa94-04c1-424b-9868-57a2d4851a1d">
      <Output>
      </Output>
    </UnitTestResult>
    <UnitTestResult executionId="13f654c8-a538-457a-afcc-192b17acd160" testId="2b21ad28-1d0b-ac19-85ec-db7aaf58c558" testName="ArchiveYearMonthDay" computerName="SWLAPTOP" duration="00:00:00.0008125" startTime="2009-04-15T15:12:19.4367201-07:00" endTime="2009-04-15T15:12:19.4417221-07:00" testType="13cdc9d9-ddb5-4fa4-a97d-d965ccfc6d4b" outcome="Passed" testListId="8c84fa94-04c1-424b-9868-57a2d4851a1d">
      <Output>
      </Output>
    </UnitTestResult>
    <UnitTestResult executionId="734cda49-05ec-4db7-b203-e3cc6c7e8c99" testId="393de100-2b43-659f-e85a-377c33ec1014" testName="CreateTextRequired" computerName="SWLAPTOP" duration="00:00:00.0004979" startTime="2009-04-15T15:12:19.4477245-07:00" endTime="2009-04-15T15:12:19.4517261-07:00" testType="13cdc9d9-ddb5-4fa4-a97d-d965ccfc6d4b" outcome="Passed" testListId="8c84fa94-04c1-424b-9868-57a2d4851a1d">
      <Output>
      </Output>
    </UnitTestResult>
    <UnitTestResult executionId="9d046266-b3fa-445e-83a1-2fafcbf4e470" testId="3d109e96-d6b0-e1f2-4592-7f307cb1809f" testName="ArchiveYearMonth" computerName="SWLAPTOP" duration="00:00:00.0007035" startTime="2009-04-15T15:12:19.4567281-07:00" endTime="2009-04-15T15:12:19.4607297-07:00" testType="13cdc9d9-ddb5-4fa4-a97d-d965ccfc6d4b" outcome="Passed" testListId="8c84fa94-04c1-424b-9868-57a2d4851a1d">
      <Output>
      </Output>
    </UnitTestResult>
    <UnitTestResult executionId="7e00558d-12fb-4a3b-9bb3-7dcade00ccd2" testId="61b7311d-ab65-b688-47ad-3f6effc369f9" testName="DefaultRoute" computerName="SWLAPTOP" duration="00:00:00.0006648" startTime="2009-04-15T15:12:19.4667321-07:00" endTime="2009-04-15T15:12:19.4707337-07:00" testType="13cdc9d9-ddb5-4fa4-a97d-d965ccfc6d4b" outcome="Passed" testListId="8c84fa94-04c1-424b-9868-57a2d4851a1d">
      <Output>
      </Output>
    </UnitTestResult>
    <UnitTestResult executionId="a865f345-1e61-43d0-9f84-ffe29be38388" testId="816fee86-e4c6-f66a-8367-34afbe81dea1" testName="CreateTitleMaximumLength500" computerName="SWLAPTOP" duration="00:00:00.0004114" startTime="2009-04-15T15:12:19.4767361-07:00" endTime="2009-04-15T15:12:19.4797373-07:00" testType="13cdc9d9-ddb5-4fa4-a97d-d965ccfc6d4b" outcome="Passed" testListId="8c84fa94-04c1-424b-9868-57a2d4851a1d">
      <Output>
      </Output>
    </UnitTestResult>
    <UnitTestResult executionId="f45bdd52-ac44-43ed-b159-20970a47e1ac" testId="8575298e-a3af-44da-f02a-80c71bfa25b2" testName="IndexReturnsBlogEntriesByYear" computerName="SWLAPTOP" duration="00:00:00.0166621" startTime="2009-04-15T15:12:19.4857397-07:00" endTime="2009-04-15T15:12:19.5047473-07:00" testType="13cdc9d9-ddb5-4fa4-a97d-d965ccfc6d4b" outcome="Passed" testListId="8c84fa94-04c1-424b-9868-57a2d4851a1d">
      <Output>
      </Output>
    </UnitTestResult>
    <UnitTestResult executionId="ef52b9ed-4ab4-4977-a556-bfbe9390bb81" testId="8db8b103-f679-e45e-c57f-eaad82eb12aa" testName="IndexReturnsBlogEntriesByDay" computerName="SWLAPTOP" duration="00:00:00.0047556" startTime="2009-04-15T15:12:19.5107497-07:00" endTime="2009-04-15T15:12:19.5197533-07:00" testType="13cdc9d9-ddb5-4fa4-a97d-d965ccfc6d4b" outcome="Passed" testListId="8c84fa94-04c1-424b-9868-57a2d4851a1d">
      <Output>
      </Output>
    </UnitTestResult>
    <UnitTestResult executionId="b471cd56-0366-4efe-ad04-d79d54702c5d" testId="8f6f8255-7735-0f4b-42c3-4773d81e8e24" testName="IndexReturnsLessThan11BlogEntries" computerName="SWLAPTOP" duration="00:00:00.0212085" startTime="2009-04-15T15:12:19.5567681-07:00" endTime="2009-04-15T15:12:19.5817781-07:00" testType="13cdc9d9-ddb5-4fa4-a97d-d965ccfc6d4b" outcome="Failed" testListId="8c84fa94-04c1-424b-9868-57a2d4851a1d">
      <Output>
        <ErrorInfo>
          <Message>Test method UnleashedBlog.Tests.Controllers.BlogControllerTests.IndexReturnsLessThan11BlogEntries threw exception:  System.InvalidCastException: Unable to cast object of type 'System.Collections.Generic.List`1[UnleashedBlog.Models.BlogEntry]' to type 'Paging.PagedList`1[UnleashedBlog.Models.BlogEntry]'..</Message>
          <StackTrace>    at UnleashedBlog.Tests.Controllers.BlogControllerTests.IndexReturnsLessThan11BlogEntries() in C:\Users\swalther\Documents\Books\AspNetMvcUnleashed\Chapter20 - Views and Ajax\CS\UnleashedBlog\UnleashedBlog.Tests\Controllers\BlogControllerTests.cs:line 195
</StackTrace>
        </ErrorInfo>
      </Output>
    </UnitTestResult>
    <UnitTestResult executionId="3be07662-e6ef-4e90-8390-0b07b34c6537" testId="9a1a712c-80f0-6dd6-fcde-89e2b48a68f1" testName="ShowNewBlogEntries" computerName="SWLAPTOP" duration="00:00:00.0014378" startTime="2009-04-15T15:12:19.5987849-07:00" endTime="2009-04-15T15:12:19.6037869-07:00" testType="13cdc9d9-ddb5-4fa4-a97d-d965ccfc6d4b" outcome="Passed" testListId="8c84fa94-04c1-424b-9868-57a2d4851a1d">
      <Output>
      </Output>
    </UnitTestResult>
    <UnitTestResult executionId="08395f51-cddc-4c91-8673-fe4cc472f322" testId="9cd2d8b0-5e13-5da4-773b-45607ed534f2" testName="IndexReturnsBlogEntryByName" computerName="SWLAPTOP" duration="00:00:00.0023537" startTime="2009-04-15T15:12:19.6087889-07:00" endTime="2009-04-15T15:12:19.6147913-07:00" testType="13cdc9d9-ddb5-4fa4-a97d-d965ccfc6d4b" outcome="Passed" testListId="8c84fa94-04c1-424b-9868-57a2d4851a1d">
      <Output>
      </Output>
    </UnitTestResult>
    <UnitTestResult executionId="0046e6f7-7224-4280-b1ec-7932adcb6039" testId="9fcc2892-b4ef-fd32-4fec-b0a5d5f7c32c" testName="IndexReturnsBlogEntriesInOrderOfDatePublished" computerName="SWLAPTOP" duration="00:00:00.0086034" startTime="2009-04-15T15:12:19.6207937-07:00" endTime="2009-04-15T15:12:19.6337989-07:00" testType="13cdc9d9-ddb5-4fa4-a97d-d965ccfc6d4b" outcome="Failed" testListId="8c84fa94-04c1-424b-9868-57a2d4851a1d">
      <Output>
        <ErrorInfo>
          <Message>Test method UnleashedBlog.Tests.Controllers.BlogControllerTests.IndexReturnsBlogEntriesInOrderOfDatePublished threw exception:  System.InvalidCastException: Unable to cast object of type 'System.Collections.Generic.List`1[UnleashedBlog.Models.BlogEntry]' to type 'Paging.PagedList`1[UnleashedBlog.Models.BlogEntry]'..</Message>
          <StackTrace>    at UnleashedBlog.Tests.Controllers.BlogControllerTests.IndexReturnsBlogEntriesInOrderOfDatePublished() in C:\Users\swalther\Documents\Books\AspNetMvcUnleashed\Chapter20 - Views and Ajax\CS\UnleashedBlog\UnleashedBlog.Tests\Controllers\BlogControllerTests.cs:line 211
</StackTrace>
        </ErrorInfo>
      </Output>
    </UnitTestResult>
    <UnitTestResult executionId="ae65859d-afd5-4b4c-8aa0-6166b725d328" testId="a371d235-dc0b-4d12-d600-db6e161b5338" testName="CreateNameIsValid" computerName="SWLAPTOP" duration="00:00:00.0012716" startTime="2009-04-15T15:12:19.6718141-07:00" endTime="2009-04-15T15:12:19.6768161-07:00" testType="13cdc9d9-ddb5-4fa4-a97d-d965ccfc6d4b" outcome="Passed" testListId="8c84fa94-04c1-424b-9868-57a2d4851a1d">
      <Output>
      </Output>
    </UnitTestResult>
    <UnitTestResult executionId="77ecd12b-10e2-43a0-8568-6b3a4ec9262f" testId="a4e681db-28c1-5812-ac7f-21097a8a356c" testName="ArchiveYearMonthDayName" computerName="SWLAPTOP" duration="00:00:00.0008676" startTime="2009-04-15T15:12:19.6828185-07:00" endTime="2009-04-15T15:12:19.6868201-07:00" testType="13cdc9d9-ddb5-4fa4-a97d-d965ccfc6d4b" outcome="Passed" testListId="8c84fa94-04c1-424b-9868-57a2d4851a1d">
      <Output>
      </Output>
    </UnitTestResult>
    <UnitTestResult executionId="3b95f113-b4dc-46d7-8faa-fbcbd2c772a1" testId="b978bd0a-bc7a-0cab-0427-0737a45fcbe6" testName="CreateNameFromTitle" computerName="SWLAPTOP" duration="00:00:00.0023738" startTime="2009-04-15T15:12:19.6928225-07:00" endTime="2009-04-15T15:12:19.6988249-07:00" testType="13cdc9d9-ddb5-4fa4-a97d-d965ccfc6d4b" outcome="Passed" testListId="8c84fa94-04c1-424b-9868-57a2d4851a1d">
      <Output>
      </Output>
    </UnitTestResult>
    <UnitTestResult executionId="389d51e4-6c68-4cd2-809a-1fad2d1bfcea" testId="bb2c80e7-902a-25e8-8499-75000ac0f166" testName="IndexReturnsPagedListForPage" computerName="SWLAPTOP" duration="00:00:00.0084820" startTime="2009-04-15T15:12:19.7058277-07:00" endTime="2009-04-15T15:12:19.7178325-07:00" testType="13cdc9d9-ddb5-4fa4-a97d-d965ccfc6d4b" outcome="Failed" testListId="8c84fa94-04c1-424b-9868-57a2d4851a1d">
      <Output>
        <ErrorInfo>
          <Message>Test method UnleashedBlog.Tests.Controllers.BlogControllerTests.IndexReturnsPagedListForPage threw exception:  System.InvalidCastException: Unable to cast object of type 'System.Collections.Generic.List`1[UnleashedBlog.Models.BlogEntry]' to type 'Paging.PagedList`1[UnleashedBlog.Models.BlogEntry]'..</Message>
          <StackTrace>    at UnleashedBlog.Tests.Controllers.BlogControllerTests.IndexReturnsPagedListForPage() in C:\Users\swalther\Documents\Books\AspNetMvcUnleashed\Chapter20 - Views and Ajax\CS\UnleashedBlog\UnleashedBlog.Tests\Controllers\BlogControllerTests.cs:line 180
</StackTrace>
        </ErrorInfo>
      </Output>
    </UnitTestResult>
    <UnitTestResult executionId="e8d5b9fb-c663-48d4-8b81-90ba96a5ead6" testId="cddc7caf-da78-b76d-6452-22ab4badf897" testName="CreateBlogEntry" computerName="SWLAPTOP" duration="00:00:00.0007679" startTime="2009-04-15T15:12:19.7258357-07:00" endTime="2009-04-15T15:12:19.7298373-07:00" testType="13cdc9d9-ddb5-4fa4-a97d-d965ccfc6d4b" outcome="Passed" testListId="8c84fa94-04c1-424b-9868-57a2d4851a1d">
      <Output>
      </Output>
    </UnitTestResult>
    <UnitTestResult executionId="c513b6af-cb26-4947-92ba-4f5bd8885fc9" testId="f57dcbe0-c07d-72e8-a818-e9a18b364894" testName="IndexAcceptsPage" computerName="SWLAPTOP" duration="00:00:00.0003088" startTime="2009-04-15T15:12:19.7348393-07:00" endTime="2009-04-15T15:12:19.7388409-07:00" testType="13cdc9d9-ddb5-4fa4-a97d-d965ccfc6d4b" outcome="Passed" testListId="8c84fa94-04c1-424b-9868-57a2d4851a1d">
      <Output>
      </Output>
    </UnitTestResult>
    <UnitTestResult executionId="8e28dd66-b695-4e8a-a01b-a21538635cd8" testId="ff1c42f4-0f67-ac38-b2f5-2a2b13f18f3b" testName="IndexReturnsBlogEntriesByMonth" computerName="SWLAPTOP" duration="00:00:00.0035331" startTime="2009-04-15T15:12:19.7438429-07:00" endTime="2009-04-15T15:12:19.7508457-07:00" testType="13cdc9d9-ddb5-4fa4-a97d-d965ccfc6d4b" outcome="Passed" testListId="8c84fa94-04c1-424b-9868-57a2d4851a1d">
      <Output>
      </Output>
    </UnitTestResult>
  </Results>
</TestRun>