<?xml version="1.0" encoding="UTF-8"?>
<TestRun id="32a46157-bd90-45c1-bcb6-56b6b3618435" name="swalther@SWLAPTOP 2009-05-02 08:29:30" runUser="REDMOND\swalther" xmlns="http://microsoft.com/schemas/VisualStudio/TeamTest/2006">
  <TestRunConfiguration name="Default Run Configuration" id="e9cee9a4-4c47-4af2-bc13-8b65c66d5c8a">
    <Deployment runDeploymentRoot="C:\Users\swalther\Documents\Books\AspNetMvcUnleashed\Chapter08 - Validation\VB\MvcApplication1\TestResults\swalther_SWLAPTOP 2009-05-02 08_29_30">
      <DeploymentItem filename="C:\Users\swalther\Documents\Books\AspNetMvcUnleashed\Chapter08 - Validation\VB\MvcApplication1\MvcApplication1\bin\MvcApplication1.dll" />
    </Deployment>
    <Hosts skipUnhostableTests="false" />
    <TestTypeSpecific />
  </TestRunConfiguration>
  <ResultSummary outcome="Completed">
    <Counters total="26" executed="26" passed="26" error="0" failed="0" timeout="0" aborted="0" inconclusive="0" passedButRunAborted="0" notRunnable="0" notExecuted="0" disconnected="0" warning="0" completed="0" inProgress="0" pending="0" />
  </ResultSummary>
  <Times creation="2009-05-02T08:29:30.4177682-07:00" queuing="2009-05-02T08:29:34.6328747-07:00" start="2009-05-02T08:29:34.9140152-07:00" finish="2009-05-02T08:29:36.2967062-07:00" />
  <TestDefinitions>
    <UnitTest name="ConstructorSetsPropertiesToDefaultValues" storage="c:\users\swalther\documents\books\aspnetmvcunleashed\chapter08 - validation\vb\mvcapplication1\mvcapplication1.tests\bin\debug\mvcapplication1.tests.dll" id="d99ab20f-3321-dd14-17dc-1767d8b7df0e">
      <Css projectStructure="" iteration="" />
      <Owners>
        <Owner name="" />
      </Owners>
      <Execution id="8bdde405-e2b0-414b-89ca-088918e381dc" />
      <TestMethod codeBase="C:\Users\swalther\Documents\Books\AspNetMvcUnleashed\Chapter08 - Validation\VB\MvcApplication1\MvcApplication1.Tests\bin\Debug\MvcApplication1.Tests.dll" adapterTypeName="Microsoft.VisualStudio.TestTools.TestTypes.Unit.UnitTestAdapter, Microsoft.VisualStudio.QualityTools.Tips.UnitTest.Adapter, Version=9.0.0.0, Culture=neutral, PublicKeyToken=b03f5f7f11d50a3a" className="MvcApplication1.Tests.AccountControllerTest, MvcApplication1.Tests" name="ConstructorSetsPropertiesToDefaultValues" />
    </UnitTest>
    <UnitTest name="ChangePasswordSuccess" storage="c:\users\swalther\documents\books\aspnetmvcunleashed\chapter08 - validation\vb\mvcapplication1\mvcapplication1.tests\bin\debug\mvcapplication1.tests.dll" id="1d05c884-6989-a90f-bec1-9646af62660e">
      <Css projectStructure="" iteration="" />
      <Owners>
        <Owner name="" />
      </Owners>
      <Execution id="88b50e4b-2253-4388-8f70-19781922565b" />
      <TestMethod codeBase="C:\Users\swalther\Documents\Books\AspNetMvcUnleashed\Chapter08 - Validation\VB\MvcApplication1\MvcApplication1.Tests\bin\Debug\MvcApplication1.Tests.dll" adapterTypeName="Microsoft.VisualStudio.TestTools.TestTypes.Unit.UnitTestAdapter, Microsoft.VisualStudio.QualityTools.Tips.UnitTest.Adapter, Version=9.0.0.0, Culture=neutral, PublicKeyToken=b03f5f7f11d50a3a" className="MvcApplication1.Tests.AccountControllerTest, MvcApplication1.Tests" name="ChangePasswordSuccess" />
    </UnitTest>
    <UnitTest name="ConstructorSetsProperties" storage="c:\users\swalther\documents\books\aspnetmvcunleashed\chapter08 - validation\vb\mvcapplication1\mvcapplication1.tests\bin\debug\mvcapplication1.tests.dll" id="adf2178a-040c-56e1-9e50-2d3a5675cdca">
      <Css projectStructure="" iteration="" />
      <Owners>
        <Owner name="" />
      </Owners>
      <Execution id="86feec8d-428d-43db-b060-7e303131c25f" />
      <TestMethod codeBase="C:\Users\swalther\Documents\Books\AspNetMvcUnleashed\Chapter08 - Validation\VB\MvcApplication1\MvcApplication1.Tests\bin\Debug\MvcApplication1.Tests.dll" adapterTypeName="Microsoft.VisualStudio.TestTools.TestTypes.Unit.UnitTestAdapter, Microsoft.VisualStudio.QualityTools.Tips.UnitTest.Adapter, Version=9.0.0.0, Culture=neutral, PublicKeyToken=b03f5f7f11d50a3a" className="MvcApplication1.Tests.AccountControllerTest, MvcApplication1.Tests" name="ConstructorSetsProperties" />
    </UnitTest>
    <UnitTest name="RegisterGet" storage="c:\users\swalther\documents\books\aspnetmvcunleashed\chapter08 - validation\vb\mvcapplication1\mvcapplication1.tests\bin\debug\mvcapplication1.tests.dll" id="c7788098-799a-3b2e-46e6-9fbbac923989">
      <Css projectStructure="" iteration="" />
      <Owners>
        <Owner name="" />
      </Owners>
      <Execution id="e137820c-d0f2-40de-87d7-01af6b20f968" />
      <TestMethod codeBase="C:\Users\swalther\Documents\Books\AspNetMvcUnleashed\Chapter08 - Validation\VB\MvcApplication1\MvcApplication1.Tests\bin\Debug\MvcApplication1.Tests.dll" adapterTypeName="Microsoft.VisualStudio.TestTools.TestTypes.Unit.UnitTestAdapter, Microsoft.VisualStudio.QualityTools.Tips.UnitTest.Adapter, Version=9.0.0.0, Culture=neutral, PublicKeyToken=b03f5f7f11d50a3a" className="MvcApplication1.Tests.AccountControllerTest, MvcApplication1.Tests" name="RegisterGet" />
    </UnitTest>
    <UnitTest name="RegisterPostReturnsViewIfNewPasswordDoesNotMatchConfirmPassword" storage="c:\users\swalther\documents\books\aspnetmvcunleashed\chapter08 - validation\vb\mvcapplication1\mvcapplication1.tests\bin\debug\mvcapplication1.tests.dll" id="3e5ce089-d9b3-a562-7245-0258f75f1ce4">
      <Css projectStructure="" iteration="" />
      <Owners>
        <Owner name="" />
      </Owners>
      <Execution id="43ac084a-4ece-4af0-8764-f83e2af6ca3b" />
      <TestMethod codeBase="C:\Users\swalther\Documents\Books\AspNetMvcUnleashed\Chapter08 - Validation\VB\MvcApplication1\MvcApplication1.Tests\bin\Debug\MvcApplication1.Tests.dll" adapterTypeName="Microsoft.VisualStudio.TestTools.TestTypes.Unit.UnitTestAdapter, Microsoft.VisualStudio.QualityTools.Tips.UnitTest.Adapter, Version=9.0.0.0, Culture=neutral, PublicKeyToken=b03f5f7f11d50a3a" className="MvcApplication1.Tests.AccountControllerTest, MvcApplication1.Tests" name="RegisterPostReturnsViewIfNewPasswordDoesNotMatchConfirmPassword" />
    </UnitTest>
    <UnitTest name="DirectorRequired" storage="c:\users\swalther\documents\books\aspnetmvcunleashed\chapter08 - validation\vb\mvcapplication1\mvcapplication1.tests\bin\debug\mvcapplication1.tests.dll" id="38beac63-16b6-e9cf-8d0b-11219e2b52ab">
      <Css projectStructure="" iteration="" />
      <Owners>
        <Owner name="" />
      </Owners>
      <Execution id="86052b36-9ca8-45cd-a054-7b0d11a2e33e" />
      <TestMethod codeBase="C:\Users\swalther\Documents\Books\AspNetMvcUnleashed\Chapter08 - Validation\VB\MvcApplication1\MvcApplication1.Tests\bin\Debug\MvcApplication1.Tests.dll" adapterTypeName="Microsoft.VisualStudio.TestTools.TestTypes.Unit.UnitTestAdapter, Microsoft.VisualStudio.QualityTools.Tips.UnitTest.Adapter, Version=9.0.0.0, Culture=neutral, PublicKeyToken=b03f5f7f11d50a3a" className="MvcApplication1.Tests.Movie2ControllerTests, MvcApplication1.Tests" name="DirectorRequired" />
    </UnitTest>
    <UnitTest name="LoginPostReturnsViewIfUsernameOrPasswordIsIncorrect" storage="c:\users\swalther\documents\books\aspnetmvcunleashed\chapter08 - validation\vb\mvcapplication1\mvcapplication1.tests\bin\debug\mvcapplication1.tests.dll" id="00ea5fac-2b09-d602-9397-2f4d0e881b62">
      <Css projectStructure="" iteration="" />
      <Owners>
        <Owner name="" />
      </Owners>
      <Execution id="3f5601e0-3f33-44d4-9c70-a6f688b099e4" />
      <TestMethod codeBase="C:\Users\swalther\Documents\Books\AspNetMvcUnleashed\Chapter08 - Validation\VB\MvcApplication1\MvcApplication1.Tests\bin\Debug\MvcApplication1.Tests.dll" adapterTypeName="Microsoft.VisualStudio.TestTools.TestTypes.Unit.UnitTestAdapter, Microsoft.VisualStudio.QualityTools.Tips.UnitTest.Adapter, Version=9.0.0.0, Culture=neutral, PublicKeyToken=b03f5f7f11d50a3a" className="MvcApplication1.Tests.AccountControllerTest, MvcApplication1.Tests" name="LoginPostReturnsViewIfUsernameOrPasswordIsIncorrect" />
    </UnitTest>
    <UnitTest name="LoginGet" storage="c:\users\swalther\documents\books\aspnetmvcunleashed\chapter08 - validation\vb\mvcapplication1\mvcapplication1.tests\bin\debug\mvcapplication1.tests.dll" id="565100ab-7c3e-7bb5-ad92-12b195f92f4a">
      <Css projectStructure="" iteration="" />
      <Owners>
        <Owner name="" />
      </Owners>
      <Execution id="64f022f4-f283-4f0b-b308-fca55bf1299e" />
      <TestMethod codeBase="C:\Users\swalther\Documents\Books\AspNetMvcUnleashed\Chapter08 - Validation\VB\MvcApplication1\MvcApplication1.Tests\bin\Debug\MvcApplication1.Tests.dll" adapterTypeName="Microsoft.VisualStudio.TestTools.TestTypes.Unit.UnitTestAdapter, Microsoft.VisualStudio.QualityTools.Tips.UnitTest.Adapter, Version=9.0.0.0, Culture=neutral, PublicKeyToken=b03f5f7f11d50a3a" className="MvcApplication1.Tests.AccountControllerTest, MvcApplication1.Tests" name="LoginGet" />
    </UnitTest>
    <UnitTest name="LoginPostReturnsViewIfPasswordNotSpecified" storage="c:\users\swalther\documents\books\aspnetmvcunleashed\chapter08 - validation\vb\mvcapplication1\mvcapplication1.tests\bin\debug\mvcapplication1.tests.dll" id="805cca92-f868-00d7-4f79-91b650f49c2e">
      <Css projectStructure="" iteration="" />
      <Owners>
        <Owner name="" />
      </Owners>
      <Execution id="42c2384d-6815-4189-9b7d-22d1c5404f40" />
      <TestMethod codeBase="C:\Users\swalther\Documents\Books\AspNetMvcUnleashed\Chapter08 - Validation\VB\MvcApplication1\MvcApplication1.Tests\bin\Debug\MvcApplication1.Tests.dll" adapterTypeName="Microsoft.VisualStudio.TestTools.TestTypes.Unit.UnitTestAdapter, Microsoft.VisualStudio.QualityTools.Tips.UnitTest.Adapter, Version=9.0.0.0, Culture=neutral, PublicKeyToken=b03f5f7f11d50a3a" className="MvcApplication1.Tests.AccountControllerTest, MvcApplication1.Tests" name="LoginPostReturnsViewIfPasswordNotSpecified" />
    </UnitTest>
    <UnitTest name="ChangePasswordPostReturnsViewIfCurrentPasswordNotSpecified" storage="c:\users\swalther\documents\books\aspnetmvcunleashed\chapter08 - validation\vb\mvcapplication1\mvcapplication1.tests\bin\debug\mvcapplication1.tests.dll" id="fef46445-334b-60f5-796d-54dc572bf60b">
      <Css projectStructure="" iteration="" />
      <Owners>
        <Owner name="" />
      </Owners>
      <Execution id="7cc05240-0c95-472b-97cc-e81183130038" />
      <TestMethod codeBase="C:\Users\swalther\Documents\Books\AspNetMvcUnleashed\Chapter08 - Validation\VB\MvcApplication1\MvcApplication1.Tests\bin\Debug\MvcApplication1.Tests.dll" adapterTypeName="Microsoft.VisualStudio.TestTools.TestTypes.Unit.UnitTestAdapter, Microsoft.VisualStudio.QualityTools.Tips.UnitTest.Adapter, Version=9.0.0.0, Culture=neutral, PublicKeyToken=b03f5f7f11d50a3a" className="MvcApplication1.Tests.AccountControllerTest, MvcApplication1.Tests" name="ChangePasswordPostReturnsViewIfCurrentPasswordNotSpecified" />
    </UnitTest>
    <UnitTest name="LoginPostRedirectsToReturnUrlIfLoginSuccessfulAndReturnUrlGiven" storage="c:\users\swalther\documents\books\aspnetmvcunleashed\chapter08 - validation\vb\mvcapplication1\mvcapplication1.tests\bin\debug\mvcapplication1.tests.dll" id="2bd4db97-938b-bc7c-9f96-2e0524c781e1">
      <Css projectStructure="" iteration="" />
      <Owners>
        <Owner name="" />
      </Owners>
      <Execution id="74faa18b-09b5-4682-bb83-e7997ac1a264" />
      <TestMethod codeBase="C:\Users\swalther\Documents\Books\AspNetMvcUnleashed\Chapter08 - Validation\VB\MvcApplication1\MvcApplication1.Tests\bin\Debug\MvcApplication1.Tests.dll" adapterTypeName="Microsoft.VisualStudio.TestTools.TestTypes.Unit.UnitTestAdapter, Microsoft.VisualStudio.QualityTools.Tips.UnitTest.Adapter, Version=9.0.0.0, Culture=neutral, PublicKeyToken=b03f5f7f11d50a3a" className="MvcApplication1.Tests.AccountControllerTest, MvcApplication1.Tests" name="LoginPostRedirectsToReturnUrlIfLoginSuccessfulAndReturnUrlGiven" />
    </UnitTest>
    <UnitTest name="ChangePasswordPostReturnsViewIfNewPasswordIsTooShort" storage="c:\users\swalther\documents\books\aspnetmvcunleashed\chapter08 - validation\vb\mvcapplication1\mvcapplication1.tests\bin\debug\mvcapplication1.tests.dll" id="39354425-2da1-8f60-7909-4a4851f9e520">
      <Css projectStructure="" iteration="" />
      <Owners>
        <Owner name="" />
      </Owners>
      <Execution id="a28df8a2-c882-4614-a0b9-b935a0df0b84" />
      <TestMethod codeBase="C:\Users\swalther\Documents\Books\AspNetMvcUnleashed\Chapter08 - Validation\VB\MvcApplication1\MvcApplication1.Tests\bin\Debug\MvcApplication1.Tests.dll" adapterTypeName="Microsoft.VisualStudio.TestTools.TestTypes.Unit.UnitTestAdapter, Microsoft.VisualStudio.QualityTools.Tips.UnitTest.Adapter, Version=9.0.0.0, Culture=neutral, PublicKeyToken=b03f5f7f11d50a3a" className="MvcApplication1.Tests.AccountControllerTest, MvcApplication1.Tests" name="ChangePasswordPostReturnsViewIfNewPasswordIsTooShort" />
    </UnitTest>
    <UnitTest name="LoginPostReturnsViewIfUsernameNotSpecified" storage="c:\users\swalther\documents\books\aspnetmvcunleashed\chapter08 - validation\vb\mvcapplication1\mvcapplication1.tests\bin\debug\mvcapplication1.tests.dll" id="d8a57955-2031-7761-265b-afb8a35e658c">
      <Css projectStructure="" iteration="" />
      <Owners>
        <Owner name="" />
      </Owners>
      <Execution id="7ef9137d-8cd7-42dc-bb13-693d230a545e" />
      <TestMethod codeBase="C:\Users\swalther\Documents\Books\AspNetMvcUnleashed\Chapter08 - Validation\VB\MvcApplication1\MvcApplication1.Tests\bin\Debug\MvcApplication1.Tests.dll" adapterTypeName="Microsoft.VisualStudio.TestTools.TestTypes.Unit.UnitTestAdapter, Microsoft.VisualStudio.QualityTools.Tips.UnitTest.Adapter, Version=9.0.0.0, Culture=neutral, PublicKeyToken=b03f5f7f11d50a3a" className="MvcApplication1.Tests.AccountControllerTest, MvcApplication1.Tests" name="LoginPostReturnsViewIfUsernameNotSpecified" />
    </UnitTest>
    <UnitTest name="LogOff" storage="c:\users\swalther\documents\books\aspnetmvcunleashed\chapter08 - validation\vb\mvcapplication1\mvcapplication1.tests\bin\debug\mvcapplication1.tests.dll" id="7a43e370-da46-f962-399c-99097b036bec">
      <Css projectStructure="" iteration="" />
      <Owners>
        <Owner name="" />
      </Owners>
      <Execution id="542894b9-e438-4d66-a3b8-26298d6dd00b" />
      <TestMethod codeBase="C:\Users\swalther\Documents\Books\AspNetMvcUnleashed\Chapter08 - Validation\VB\MvcApplication1\MvcApplication1.Tests\bin\Debug\MvcApplication1.Tests.dll" adapterTypeName="Microsoft.VisualStudio.TestTools.TestTypes.Unit.UnitTestAdapter, Microsoft.VisualStudio.QualityTools.Tips.UnitTest.Adapter, Version=9.0.0.0, Culture=neutral, PublicKeyToken=b03f5f7f11d50a3a" className="MvcApplication1.Tests.AccountControllerTest, MvcApplication1.Tests" name="LogOff" />
    </UnitTest>
    <UnitTest name="RegisterPostReturnsViewIfEmailNotSpecified" storage="c:\users\swalther\documents\books\aspnetmvcunleashed\chapter08 - validation\vb\mvcapplication1\mvcapplication1.tests\bin\debug\mvcapplication1.tests.dll" id="936e2432-61b4-151f-4b71-660595ab93d1">
      <Css projectStructure="" iteration="" />
      <Owners>
        <Owner name="" />
      </Owners>
      <Execution id="c11eda04-f6af-4bd6-ae22-0289f21b0405" />
      <TestMethod codeBase="C:\Users\swalther\Documents\Books\AspNetMvcUnleashed\Chapter08 - Validation\VB\MvcApplication1\MvcApplication1.Tests\bin\Debug\MvcApplication1.Tests.dll" adapterTypeName="Microsoft.VisualStudio.TestTools.TestTypes.Unit.UnitTestAdapter, Microsoft.VisualStudio.QualityTools.Tips.UnitTest.Adapter, Version=9.0.0.0, Culture=neutral, PublicKeyToken=b03f5f7f11d50a3a" className="MvcApplication1.Tests.AccountControllerTest, MvcApplication1.Tests" name="RegisterPostReturnsViewIfEmailNotSpecified" />
    </UnitTest>
    <UnitTest name="LoginPostRedirectsHomeIfLoginSuccessfulButNoReturnUrlGiven" storage="c:\users\swalther\documents\books\aspnetmvcunleashed\chapter08 - validation\vb\mvcapplication1\mvcapplication1.tests\bin\debug\mvcapplication1.tests.dll" id="cbddc9b8-a8ce-280d-8aa4-e6c9021bdc2e">
      <Css projectStructure="" iteration="" />
      <Owners>
        <Owner name="" />
      </Owners>
      <Execution id="a8794c8d-8330-4ffc-a8c7-207916f51e87" />
      <TestMethod codeBase="C:\Users\swalther\Documents\Books\AspNetMvcUnleashed\Chapter08 - Validation\VB\MvcApplication1\MvcApplication1.Tests\bin\Debug\MvcApplication1.Tests.dll" adapterTypeName="Microsoft.VisualStudio.TestTools.TestTypes.Unit.UnitTestAdapter, Microsoft.VisualStudio.QualityTools.Tips.UnitTest.Adapter, Version=9.0.0.0, Culture=neutral, PublicKeyToken=b03f5f7f11d50a3a" className="MvcApplication1.Tests.AccountControllerTest, MvcApplication1.Tests" name="LoginPostRedirectsHomeIfLoginSuccessfulButNoReturnUrlGiven" />
    </UnitTest>
    <UnitTest name="ChangePasswordGetReturnsView" storage="c:\users\swalther\documents\books\aspnetmvcunleashed\chapter08 - validation\vb\mvcapplication1\mvcapplication1.tests\bin\debug\mvcapplication1.tests.dll" id="9b71f843-de34-d902-743e-9ae7738adbce">
      <Css projectStructure="" iteration="" />
      <Owners>
        <Owner name="" />
      </Owners>
      <Execution id="21611a2c-113b-4f01-8029-2aa6a03269c1" />
      <TestMethod codeBase="C:\Users\swalther\Documents\Books\AspNetMvcUnleashed\Chapter08 - Validation\VB\MvcApplication1\MvcApplication1.Tests\bin\Debug\MvcApplication1.Tests.dll" adapterTypeName="Microsoft.VisualStudio.TestTools.TestTypes.Unit.UnitTestAdapter, Microsoft.VisualStudio.QualityTools.Tips.UnitTest.Adapter, Version=9.0.0.0, Culture=neutral, PublicKeyToken=b03f5f7f11d50a3a" className="MvcApplication1.Tests.AccountControllerTest, MvcApplication1.Tests" name="ChangePasswordGetReturnsView" />
    </UnitTest>
    <UnitTest name="ChangePasswordPostReturnsViewIfNewPasswordIsNothing" storage="c:\users\swalther\documents\books\aspnetmvcunleashed\chapter08 - validation\vb\mvcapplication1\mvcapplication1.tests\bin\debug\mvcapplication1.tests.dll" id="b4082959-81fc-6a54-05c9-08d08bae15c5">
      <Css projectStructure="" iteration="" />
      <Owners>
        <Owner name="" />
      </Owners>
      <Execution id="d8bba3d3-565b-43ad-beec-6b010d7fca32" />
      <TestMethod codeBase="C:\Users\swalther\Documents\Books\AspNetMvcUnleashed\Chapter08 - Validation\VB\MvcApplication1\MvcApplication1.Tests\bin\Debug\MvcApplication1.Tests.dll" adapterTypeName="Microsoft.VisualStudio.TestTools.TestTypes.Unit.UnitTestAdapter, Microsoft.VisualStudio.QualityTools.Tips.UnitTest.Adapter, Version=9.0.0.0, Culture=neutral, PublicKeyToken=b03f5f7f11d50a3a" className="MvcApplication1.Tests.AccountControllerTest, MvcApplication1.Tests" name="ChangePasswordPostReturnsViewIfNewPasswordIsNothing" />
    </UnitTest>
    <UnitTest name="ChangePasswordPostReturnsViewIfProviderRejectsPassword" storage="c:\users\swalther\documents\books\aspnetmvcunleashed\chapter08 - validation\vb\mvcapplication1\mvcapplication1.tests\bin\debug\mvcapplication1.tests.dll" id="6c326838-8120-9a32-a63a-7e1a206e9dc4">
      <Css projectStructure="" iteration="" />
      <Owners>
        <Owner name="" />
      </Owners>
      <Execution id="a22f9487-967a-4c68-8498-401f7db84d42" />
      <TestMethod codeBase="C:\Users\swalther\Documents\Books\AspNetMvcUnleashed\Chapter08 - Validation\VB\MvcApplication1\MvcApplication1.Tests\bin\Debug\MvcApplication1.Tests.dll" adapterTypeName="Microsoft.VisualStudio.TestTools.TestTypes.Unit.UnitTestAdapter, Microsoft.VisualStudio.QualityTools.Tips.UnitTest.Adapter, Version=9.0.0.0, Culture=neutral, PublicKeyToken=b03f5f7f11d50a3a" className="MvcApplication1.Tests.AccountControllerTest, MvcApplication1.Tests" name="ChangePasswordPostReturnsViewIfProviderRejectsPassword" />
    </UnitTest>
    <UnitTest name="ChangePasswordPostReturnsViewIfNewPasswordDoesNotMatchConfirmPassword" storage="c:\users\swalther\documents\books\aspnetmvcunleashed\chapter08 - validation\vb\mvcapplication1\mvcapplication1.tests\bin\debug\mvcapplication1.tests.dll" id="3f54d0ba-f92d-0fdc-2601-46fa082ffd01">
      <Css projectStructure="" iteration="" />
      <Owners>
        <Owner name="" />
      </Owners>
      <Execution id="f85dfca3-0a36-48e5-9b28-8682c659f3bd" />
      <TestMethod codeBase="C:\Users\swalther\Documents\Books\AspNetMvcUnleashed\Chapter08 - Validation\VB\MvcApplication1\MvcApplication1.Tests\bin\Debug\MvcApplication1.Tests.dll" adapterTypeName="Microsoft.VisualStudio.TestTools.TestTypes.Unit.UnitTestAdapter, Microsoft.VisualStudio.QualityTools.Tips.UnitTest.Adapter, Version=9.0.0.0, Culture=neutral, PublicKeyToken=b03f5f7f11d50a3a" className="MvcApplication1.Tests.AccountControllerTest, MvcApplication1.Tests" name="ChangePasswordPostReturnsViewIfNewPasswordDoesNotMatchConfirmPassword" />
    </UnitTest>
    <UnitTest name="RegisterPostReturnsViewIfPasswordIsNothing" storage="c:\users\swalther\documents\books\aspnetmvcunleashed\chapter08 - validation\vb\mvcapplication1\mvcapplication1.tests\bin\debug\mvcapplication1.tests.dll" id="55a10668-537a-3d59-5ff2-169b72ec0a08">
      <Css projectStructure="" iteration="" />
      <Owners>
        <Owner name="" />
      </Owners>
      <Execution id="bfd66734-9506-474b-bb97-afc75e7e32c7" />
      <TestMethod codeBase="C:\Users\swalther\Documents\Books\AspNetMvcUnleashed\Chapter08 - Validation\VB\MvcApplication1\MvcApplication1.Tests\bin\Debug\MvcApplication1.Tests.dll" adapterTypeName="Microsoft.VisualStudio.TestTools.TestTypes.Unit.UnitTestAdapter, Microsoft.VisualStudio.QualityTools.Tips.UnitTest.Adapter, Version=9.0.0.0, Culture=neutral, PublicKeyToken=b03f5f7f11d50a3a" className="MvcApplication1.Tests.AccountControllerTest, MvcApplication1.Tests" name="RegisterPostReturnsViewIfPasswordIsNothing" />
    </UnitTest>
    <UnitTest name="RegisterPostReturnsViewIfRegistrationFails" storage="c:\users\swalther\documents\books\aspnetmvcunleashed\chapter08 - validation\vb\mvcapplication1\mvcapplication1.tests\bin\debug\mvcapplication1.tests.dll" id="10560c36-6c20-f064-d572-fc78fdcadc13">
      <Css projectStructure="" iteration="" />
      <Owners>
        <Owner name="" />
      </Owners>
      <Execution id="63d898a5-5e72-4bad-a95d-c5b4bd97c196" />
      <TestMethod codeBase="C:\Users\swalther\Documents\Books\AspNetMvcUnleashed\Chapter08 - Validation\VB\MvcApplication1\MvcApplication1.Tests\bin\Debug\MvcApplication1.Tests.dll" adapterTypeName="Microsoft.VisualStudio.TestTools.TestTypes.Unit.UnitTestAdapter, Microsoft.VisualStudio.QualityTools.Tips.UnitTest.Adapter, Version=9.0.0.0, Culture=neutral, PublicKeyToken=b03f5f7f11d50a3a" className="MvcApplication1.Tests.AccountControllerTest, MvcApplication1.Tests" name="RegisterPostReturnsViewIfRegistrationFails" />
    </UnitTest>
    <UnitTest name="RegisterPostRedirectsHomeIfRegistrationSuccessful" storage="c:\users\swalther\documents\books\aspnetmvcunleashed\chapter08 - validation\vb\mvcapplication1\mvcapplication1.tests\bin\debug\mvcapplication1.tests.dll" id="6adf0474-54d1-e260-5bf3-53052c7e6588">
      <Css projectStructure="" iteration="" />
      <Owners>
        <Owner name="" />
      </Owners>
      <Execution id="2093a44e-bce1-40d8-8dbb-8273e0f29ebd" />
      <TestMethod codeBase="C:\Users\swalther\Documents\Books\AspNetMvcUnleashed\Chapter08 - Validation\VB\MvcApplication1\MvcApplication1.Tests\bin\Debug\MvcApplication1.Tests.dll" adapterTypeName="Microsoft.VisualStudio.TestTools.TestTypes.Unit.UnitTestAdapter, Microsoft.VisualStudio.QualityTools.Tips.UnitTest.Adapter, Version=9.0.0.0, Culture=neutral, PublicKeyToken=b03f5f7f11d50a3a" className="MvcApplication1.Tests.AccountControllerTest, MvcApplication1.Tests" name="RegisterPostRedirectsHomeIfRegistrationSuccessful" />
    </UnitTest>
    <UnitTest name="ChangePasswordPostRedirectsOnSuccess" storage="c:\users\swalther\documents\books\aspnetmvcunleashed\chapter08 - validation\vb\mvcapplication1\mvcapplication1.tests\bin\debug\mvcapplication1.tests.dll" id="935ff67c-8ab2-26e0-1d50-83bbb6efc06b">
      <Css projectStructure="" iteration="" />
      <Owners>
        <Owner name="" />
      </Owners>
      <Execution id="230384cb-270f-4dc7-bcb1-7631847a5d2a" />
      <TestMethod codeBase="C:\Users\swalther\Documents\Books\AspNetMvcUnleashed\Chapter08 - Validation\VB\MvcApplication1\MvcApplication1.Tests\bin\Debug\MvcApplication1.Tests.dll" adapterTypeName="Microsoft.VisualStudio.TestTools.TestTypes.Unit.UnitTestAdapter, Microsoft.VisualStudio.QualityTools.Tips.UnitTest.Adapter, Version=9.0.0.0, Culture=neutral, PublicKeyToken=b03f5f7f11d50a3a" className="MvcApplication1.Tests.AccountControllerTest, MvcApplication1.Tests" name="ChangePasswordPostRedirectsOnSuccess" />
    </UnitTest>
    <UnitTest name="RegisterPostReturnsViewIfPasswordIsTooShort" storage="c:\users\swalther\documents\books\aspnetmvcunleashed\chapter08 - validation\vb\mvcapplication1\mvcapplication1.tests\bin\debug\mvcapplication1.tests.dll" id="2ac230b4-0f6c-047f-c27e-06d4f0e94ca0">
      <Css projectStructure="" iteration="" />
      <Owners>
        <Owner name="" />
      </Owners>
      <Execution id="897dc51d-ca53-4f0c-a2da-aa1f512f328b" />
      <TestMethod codeBase="C:\Users\swalther\Documents\Books\AspNetMvcUnleashed\Chapter08 - Validation\VB\MvcApplication1\MvcApplication1.Tests\bin\Debug\MvcApplication1.Tests.dll" adapterTypeName="Microsoft.VisualStudio.TestTools.TestTypes.Unit.UnitTestAdapter, Microsoft.VisualStudio.QualityTools.Tips.UnitTest.Adapter, Version=9.0.0.0, Culture=neutral, PublicKeyToken=b03f5f7f11d50a3a" className="MvcApplication1.Tests.AccountControllerTest, MvcApplication1.Tests" name="RegisterPostReturnsViewIfPasswordIsTooShort" />
    </UnitTest>
    <UnitTest name="RegisterPostReturnsViewIfUsernameNotSpecified" storage="c:\users\swalther\documents\books\aspnetmvcunleashed\chapter08 - validation\vb\mvcapplication1\mvcapplication1.tests\bin\debug\mvcapplication1.tests.dll" id="736d5758-a5ab-1cfd-7e38-ade06a46d4db">
      <Css projectStructure="" iteration="" />
      <Owners>
        <Owner name="" />
      </Owners>
      <Execution id="21f3f9f2-788d-4839-977e-bced19042447" />
      <TestMethod codeBase="C:\Users\swalther\Documents\Books\AspNetMvcUnleashed\Chapter08 - Validation\VB\MvcApplication1\MvcApplication1.Tests\bin\Debug\MvcApplication1.Tests.dll" adapterTypeName="Microsoft.VisualStudio.TestTools.TestTypes.Unit.UnitTestAdapter, Microsoft.VisualStudio.QualityTools.Tips.UnitTest.Adapter, Version=9.0.0.0, Culture=neutral, PublicKeyToken=b03f5f7f11d50a3a" className="MvcApplication1.Tests.AccountControllerTest, MvcApplication1.Tests" name="RegisterPostReturnsViewIfUsernameNotSpecified" />
    </UnitTest>
  </TestDefinitions>
  <TestLists>
    <TestList name="Results Not in a List" id="8c84fa94-04c1-424b-9868-57a2d4851a1d" />
    <TestList name="All Loaded Results" id="19431567-8539-422a-85d7-44ee4e166bda" />
  </TestLists>
  <TestEntries>
    <TestEntry testId="9b71f843-de34-d902-743e-9ae7738adbce" executionId="21611a2c-113b-4f01-8029-2aa6a03269c1" testListId="8c84fa94-04c1-424b-9868-57a2d4851a1d" />
    <TestEntry testId="935ff67c-8ab2-26e0-1d50-83bbb6efc06b" executionId="230384cb-270f-4dc7-bcb1-7631847a5d2a" testListId="8c84fa94-04c1-424b-9868-57a2d4851a1d" />
    <TestEntry testId="fef46445-334b-60f5-796d-54dc572bf60b" executionId="7cc05240-0c95-472b-97cc-e81183130038" testListId="8c84fa94-04c1-424b-9868-57a2d4851a1d" />
    <TestEntry testId="3f54d0ba-f92d-0fdc-2601-46fa082ffd01" executionId="f85dfca3-0a36-48e5-9b28-8682c659f3bd" testListId="8c84fa94-04c1-424b-9868-57a2d4851a1d" />
    <TestEntry testId="b4082959-81fc-6a54-05c9-08d08bae15c5" executionId="d8bba3d3-565b-43ad-beec-6b010d7fca32" testListId="8c84fa94-04c1-424b-9868-57a2d4851a1d" />
    <TestEntry testId="39354425-2da1-8f60-7909-4a4851f9e520" executionId="a28df8a2-c882-4614-a0b9-b935a0df0b84" testListId="8c84fa94-04c1-424b-9868-57a2d4851a1d" />
    <TestEntry testId="6c326838-8120-9a32-a63a-7e1a206e9dc4" executionId="a22f9487-967a-4c68-8498-401f7db84d42" testListId="8c84fa94-04c1-424b-9868-57a2d4851a1d" />
    <TestEntry testId="1d05c884-6989-a90f-bec1-9646af62660e" executionId="88b50e4b-2253-4388-8f70-19781922565b" testListId="8c84fa94-04c1-424b-9868-57a2d4851a1d" />
    <TestEntry testId="adf2178a-040c-56e1-9e50-2d3a5675cdca" executionId="86feec8d-428d-43db-b060-7e303131c25f" testListId="8c84fa94-04c1-424b-9868-57a2d4851a1d" />
    <TestEntry testId="d99ab20f-3321-dd14-17dc-1767d8b7df0e" executionId="8bdde405-e2b0-414b-89ca-088918e381dc" testListId="8c84fa94-04c1-424b-9868-57a2d4851a1d" />
    <TestEntry testId="565100ab-7c3e-7bb5-ad92-12b195f92f4a" executionId="64f022f4-f283-4f0b-b308-fca55bf1299e" testListId="8c84fa94-04c1-424b-9868-57a2d4851a1d" />
    <TestEntry testId="cbddc9b8-a8ce-280d-8aa4-e6c9021bdc2e" executionId="a8794c8d-8330-4ffc-a8c7-207916f51e87" testListId="8c84fa94-04c1-424b-9868-57a2d4851a1d" />
    <TestEntry testId="2bd4db97-938b-bc7c-9f96-2e0524c781e1" executionId="74faa18b-09b5-4682-bb83-e7997ac1a264" testListId="8c84fa94-04c1-424b-9868-57a2d4851a1d" />
    <TestEntry testId="805cca92-f868-00d7-4f79-91b650f49c2e" executionId="42c2384d-6815-4189-9b7d-22d1c5404f40" testListId="8c84fa94-04c1-424b-9868-57a2d4851a1d" />
    <TestEntry testId="d8a57955-2031-7761-265b-afb8a35e658c" executionId="7ef9137d-8cd7-42dc-bb13-693d230a545e" testListId="8c84fa94-04c1-424b-9868-57a2d4851a1d" />
    <TestEntry testId="00ea5fac-2b09-d602-9397-2f4d0e881b62" executionId="3f5601e0-3f33-44d4-9c70-a6f688b099e4" testListId="8c84fa94-04c1-424b-9868-57a2d4851a1d" />
    <TestEntry testId="7a43e370-da46-f962-399c-99097b036bec" executionId="542894b9-e438-4d66-a3b8-26298d6dd00b" testListId="8c84fa94-04c1-424b-9868-57a2d4851a1d" />
    <TestEntry testId="c7788098-799a-3b2e-46e6-9fbbac923989" executionId="e137820c-d0f2-40de-87d7-01af6b20f968" testListId="8c84fa94-04c1-424b-9868-57a2d4851a1d" />
    <TestEntry testId="6adf0474-54d1-e260-5bf3-53052c7e6588" executionId="2093a44e-bce1-40d8-8dbb-8273e0f29ebd" testListId="8c84fa94-04c1-424b-9868-57a2d4851a1d" />
    <TestEntry testId="936e2432-61b4-151f-4b71-660595ab93d1" executionId="c11eda04-f6af-4bd6-ae22-0289f21b0405" testListId="8c84fa94-04c1-424b-9868-57a2d4851a1d" />
    <TestEntry testId="3e5ce089-d9b3-a562-7245-0258f75f1ce4" executionId="43ac084a-4ece-4af0-8764-f83e2af6ca3b" testListId="8c84fa94-04c1-424b-9868-57a2d4851a1d" />
    <TestEntry testId="55a10668-537a-3d59-5ff2-169b72ec0a08" executionId="bfd66734-9506-474b-bb97-afc75e7e32c7" testListId="8c84fa94-04c1-424b-9868-57a2d4851a1d" />
    <TestEntry testId="2ac230b4-0f6c-047f-c27e-06d4f0e94ca0" executionId="897dc51d-ca53-4f0c-a2da-aa1f512f328b" testListId="8c84fa94-04c1-424b-9868-57a2d4851a1d" />
    <TestEntry testId="10560c36-6c20-f064-d572-fc78fdcadc13" executionId="63d898a5-5e72-4bad-a95d-c5b4bd97c196" testListId="8c84fa94-04c1-424b-9868-57a2d4851a1d" />
    <TestEntry testId="736d5758-a5ab-1cfd-7e38-ade06a46d4db" executionId="21f3f9f2-788d-4839-977e-bced19042447" testListId="8c84fa94-04c1-424b-9868-57a2d4851a1d" />
    <TestEntry testId="38beac63-16b6-e9cf-8d0b-11219e2b52ab" executionId="86052b36-9ca8-45cd-a054-7b0d11a2e33e" testListId="8c84fa94-04c1-424b-9868-57a2d4851a1d" />
  </TestEntries>
  <Results>
    <UnitTestResult executionId="21611a2c-113b-4f01-8029-2aa6a03269c1" testId="9b71f843-de34-d902-743e-9ae7738adbce" testName="ChangePasswordGetReturnsView" computerName="SWLAPTOP" duration="00:00:00.0729477" startTime="2009-05-02T08:29:35.0040602-07:00" endTime="2009-05-02T08:29:35.7044102-07:00" testType="13cdc9d9-ddb5-4fa4-a97d-d965ccfc6d4b" outcome="Passed" testListId="8c84fa94-04c1-424b-9868-57a2d4851a1d">
      <Output>
      </Output>
    </UnitTestResult>
    <UnitTestResult executionId="230384cb-270f-4dc7-bcb1-7631847a5d2a" testId="935ff67c-8ab2-26e0-1d50-83bbb6efc06b" testName="ChangePasswordPostRedirectsOnSuccess" computerName="SWLAPTOP" duration="00:00:00.0041081" startTime="2009-05-02T08:29:35.7224192-07:00" endTime="2009-05-02T08:29:35.7544352-07:00" testType="13cdc9d9-ddb5-4fa4-a97d-d965ccfc6d4b" outcome="Passed" testListId="8c84fa94-04c1-424b-9868-57a2d4851a1d">
      <Output>
      </Output>
    </UnitTestResult>
    <UnitTestResult executionId="7cc05240-0c95-472b-97cc-e81183130038" testId="fef46445-334b-60f5-796d-54dc572bf60b" testName="ChangePasswordPostReturnsViewIfCurrentPasswordNotSpecified" computerName="SWLAPTOP" duration="00:00:00.0011230" startTime="2009-05-02T08:29:35.7594377-07:00" endTime="2009-05-02T08:29:35.7644402-07:00" testType="13cdc9d9-ddb5-4fa4-a97d-d965ccfc6d4b" outcome="Passed" testListId="8c84fa94-04c1-424b-9868-57a2d4851a1d">
      <Output>
      </Output>
    </UnitTestResult>
    <UnitTestResult executionId="f85dfca3-0a36-48e5-9b28-8682c659f3bd" testId="3f54d0ba-f92d-0fdc-2601-46fa082ffd01" testName="ChangePasswordPostReturnsViewIfNewPasswordDoesNotMatchConfirmPassword" computerName="SWLAPTOP" duration="00:00:00.0005522" startTime="2009-05-02T08:29:35.7714437-07:00" endTime="2009-05-02T08:29:35.7754457-07:00" testType="13cdc9d9-ddb5-4fa4-a97d-d965ccfc6d4b" outcome="Passed" testListId="8c84fa94-04c1-424b-9868-57a2d4851a1d">
      <Output>
      </Output>
    </UnitTestResult>
    <UnitTestResult executionId="d8bba3d3-565b-43ad-beec-6b010d7fca32" testId="b4082959-81fc-6a54-05c9-08d08bae15c5" testName="ChangePasswordPostReturnsViewIfNewPasswordIsNothing" computerName="SWLAPTOP" duration="00:00:00.0005325" startTime="2009-05-02T08:29:35.7814487-07:00" endTime="2009-05-02T08:29:35.7854507-07:00" testType="13cdc9d9-ddb5-4fa4-a97d-d965ccfc6d4b" outcome="Passed" testListId="8c84fa94-04c1-424b-9868-57a2d4851a1d">
      <Output>
      </Output>
    </UnitTestResult>
    <UnitTestResult executionId="a28df8a2-c882-4614-a0b9-b935a0df0b84" testId="39354425-2da1-8f60-7909-4a4851f9e520" testName="ChangePasswordPostReturnsViewIfNewPasswordIsTooShort" computerName="SWLAPTOP" duration="00:00:00.0005947" startTime="2009-05-02T08:29:35.7914537-07:00" endTime="2009-05-02T08:29:35.7954557-07:00" testType="13cdc9d9-ddb5-4fa4-a97d-d965ccfc6d4b" outcome="Passed" testListId="8c84fa94-04c1-424b-9868-57a2d4851a1d">
      <Output>
      </Output>
    </UnitTestResult>
    <UnitTestResult executionId="a22f9487-967a-4c68-8498-401f7db84d42" testId="6c326838-8120-9a32-a63a-7e1a206e9dc4" testName="ChangePasswordPostReturnsViewIfProviderRejectsPassword" computerName="SWLAPTOP" duration="00:00:00.0005465" startTime="2009-05-02T08:29:35.8004582-07:00" endTime="2009-05-02T08:29:35.8044602-07:00" testType="13cdc9d9-ddb5-4fa4-a97d-d965ccfc6d4b" outcome="Passed" testListId="8c84fa94-04c1-424b-9868-57a2d4851a1d">
      <Output>
      </Output>
    </UnitTestResult>
    <UnitTestResult executionId="88b50e4b-2253-4388-8f70-19781922565b" testId="1d05c884-6989-a90f-bec1-9646af62660e" testName="ChangePasswordSuccess" computerName="SWLAPTOP" duration="00:00:00.0006678" startTime="2009-05-02T08:29:35.8084622-07:00" endTime="2009-05-02T08:29:35.8124642-07:00" testType="13cdc9d9-ddb5-4fa4-a97d-d965ccfc6d4b" outcome="Passed" testListId="8c84fa94-04c1-424b-9868-57a2d4851a1d">
      <Output>
      </Output>
    </UnitTestResult>
    <UnitTestResult executionId="86feec8d-428d-43db-b060-7e303131c25f" testId="adf2178a-040c-56e1-9e50-2d3a5675cdca" testName="ConstructorSetsProperties" computerName="SWLAPTOP" duration="00:00:00.1068540" startTime="2009-05-02T08:29:35.8174667-07:00" endTime="2009-05-02T08:29:35.9275217-07:00" testType="13cdc9d9-ddb5-4fa4-a97d-d965ccfc6d4b" outcome="Passed" testListId="8c84fa94-04c1-424b-9868-57a2d4851a1d">
      <Output>
      </Output>
    </UnitTestResult>
    <UnitTestResult executionId="8bdde405-e2b0-414b-89ca-088918e381dc" testId="d99ab20f-3321-dd14-17dc-1767d8b7df0e" testName="ConstructorSetsPropertiesToDefaultValues" computerName="SWLAPTOP" duration="00:00:00.0004971" startTime="2009-05-02T08:29:35.9325242-07:00" endTime="2009-05-02T08:29:35.9365262-07:00" testType="13cdc9d9-ddb5-4fa4-a97d-d965ccfc6d4b" outcome="Passed" testListId="8c84fa94-04c1-424b-9868-57a2d4851a1d">
      <Output>
      </Output>
    </UnitTestResult>
    <UnitTestResult executionId="64f022f4-f283-4f0b-b308-fca55bf1299e" testId="565100ab-7c3e-7bb5-ad92-12b195f92f4a" testName="LoginGet" computerName="SWLAPTOP" duration="00:00:00.0004547" startTime="2009-05-02T08:29:35.9425292-07:00" endTime="2009-05-02T08:29:35.9455307-07:00" testType="13cdc9d9-ddb5-4fa4-a97d-d965ccfc6d4b" outcome="Passed" testListId="8c84fa94-04c1-424b-9868-57a2d4851a1d">
      <Output>
      </Output>
    </UnitTestResult>
    <UnitTestResult executionId="a8794c8d-8330-4ffc-a8c7-207916f51e87" testId="cbddc9b8-a8ce-280d-8aa4-e6c9021bdc2e" testName="LoginPostRedirectsHomeIfLoginSuccessfulButNoReturnUrlGiven" computerName="SWLAPTOP" duration="00:00:00.0012881" startTime="2009-05-02T08:29:35.9505332-07:00" endTime="2009-05-02T08:29:35.9555357-07:00" testType="13cdc9d9-ddb5-4fa4-a97d-d965ccfc6d4b" outcome="Passed" testListId="8c84fa94-04c1-424b-9868-57a2d4851a1d">
      <Output>
      </Output>
    </UnitTestResult>
    <UnitTestResult executionId="74faa18b-09b5-4682-bb83-e7997ac1a264" testId="2bd4db97-938b-bc7c-9f96-2e0524c781e1" testName="LoginPostRedirectsToReturnUrlIfLoginSuccessfulAndReturnUrlGiven" computerName="SWLAPTOP" duration="00:00:00.0003705" startTime="2009-05-02T08:29:35.9595377-07:00" endTime="2009-05-02T08:29:35.9635397-07:00" testType="13cdc9d9-ddb5-4fa4-a97d-d965ccfc6d4b" outcome="Passed" testListId="8c84fa94-04c1-424b-9868-57a2d4851a1d">
      <Output>
      </Output>
    </UnitTestResult>
    <UnitTestResult executionId="42c2384d-6815-4189-9b7d-22d1c5404f40" testId="805cca92-f868-00d7-4f79-91b650f49c2e" testName="LoginPostReturnsViewIfPasswordNotSpecified" computerName="SWLAPTOP" duration="00:00:00.0005120" startTime="2009-05-02T08:29:35.9835497-07:00" endTime="2009-05-02T08:29:35.9895527-07:00" testType="13cdc9d9-ddb5-4fa4-a97d-d965ccfc6d4b" outcome="Passed" testListId="8c84fa94-04c1-424b-9868-57a2d4851a1d">
      <Output>
      </Output>
    </UnitTestResult>
    <UnitTestResult executionId="7ef9137d-8cd7-42dc-bb13-693d230a545e" testId="d8a57955-2031-7761-265b-afb8a35e658c" testName="LoginPostReturnsViewIfUsernameNotSpecified" computerName="SWLAPTOP" duration="00:00:00.0004691" startTime="2009-05-02T08:29:35.9945552-07:00" endTime="2009-05-02T08:29:35.9985572-07:00" testType="13cdc9d9-ddb5-4fa4-a97d-d965ccfc6d4b" outcome="Passed" testListId="8c84fa94-04c1-424b-9868-57a2d4851a1d">
      <Output>
      </Output>
    </UnitTestResult>
    <UnitTestResult executionId="3f5601e0-3f33-44d4-9c70-a6f688b099e4" testId="00ea5fac-2b09-d602-9397-2f4d0e881b62" testName="LoginPostReturnsViewIfUsernameOrPasswordIsIncorrect" computerName="SWLAPTOP" duration="00:00:00.0004608" startTime="2009-05-02T08:29:36.0035597-07:00" endTime="2009-05-02T08:29:36.0075617-07:00" testType="13cdc9d9-ddb5-4fa4-a97d-d965ccfc6d4b" outcome="Passed" testListId="8c84fa94-04c1-424b-9868-57a2d4851a1d">
      <Output>
      </Output>
    </UnitTestResult>
    <UnitTestResult executionId="542894b9-e438-4d66-a3b8-26298d6dd00b" testId="7a43e370-da46-f962-399c-99097b036bec" testName="LogOff" computerName="SWLAPTOP" duration="00:00:00.0006303" startTime="2009-05-02T08:29:36.0195677-07:00" endTime="2009-05-02T08:29:36.0255707-07:00" testType="13cdc9d9-ddb5-4fa4-a97d-d965ccfc6d4b" outcome="Passed" testListId="8c84fa94-04c1-424b-9868-57a2d4851a1d">
      <Output>
      </Output>
    </UnitTestResult>
    <UnitTestResult executionId="e137820c-d0f2-40de-87d7-01af6b20f968" testId="c7788098-799a-3b2e-46e6-9fbbac923989" testName="RegisterGet" computerName="SWLAPTOP" duration="00:00:00.0005366" startTime="2009-05-02T08:29:36.0325742-07:00" endTime="2009-05-02T08:29:36.0365762-07:00" testType="13cdc9d9-ddb5-4fa4-a97d-d965ccfc6d4b" outcome="Passed" testListId="8c84fa94-04c1-424b-9868-57a2d4851a1d">
      <Output>
      </Output>
    </UnitTestResult>
    <UnitTestResult executionId="2093a44e-bce1-40d8-8dbb-8273e0f29ebd" testId="6adf0474-54d1-e260-5bf3-53052c7e6588" testName="RegisterPostRedirectsHomeIfRegistrationSuccessful" computerName="SWLAPTOP" duration="00:00:00.0020801" startTime="2009-05-02T08:29:36.0415787-07:00" endTime="2009-05-02T08:29:36.0475817-07:00" testType="13cdc9d9-ddb5-4fa4-a97d-d965ccfc6d4b" outcome="Passed" testListId="8c84fa94-04c1-424b-9868-57a2d4851a1d">
      <Output>
      </Output>
    </UnitTestResult>
    <UnitTestResult executionId="c11eda04-f6af-4bd6-ae22-0289f21b0405" testId="936e2432-61b4-151f-4b71-660595ab93d1" testName="RegisterPostReturnsViewIfEmailNotSpecified" computerName="SWLAPTOP" duration="00:00:00.0005356" startTime="2009-05-02T08:29:36.0535847-07:00" endTime="2009-05-02T08:29:36.0565862-07:00" testType="13cdc9d9-ddb5-4fa4-a97d-d965ccfc6d4b" outcome="Passed" testListId="8c84fa94-04c1-424b-9868-57a2d4851a1d">
      <Output>
      </Output>
    </UnitTestResult>
    <UnitTestResult executionId="43ac084a-4ece-4af0-8764-f83e2af6ca3b" testId="3e5ce089-d9b3-a562-7245-0258f75f1ce4" testName="RegisterPostReturnsViewIfNewPasswordDoesNotMatchConfirmPassword" computerName="SWLAPTOP" duration="00:00:00.0005392" startTime="2009-05-02T08:29:36.0625892-07:00" endTime="2009-05-02T08:29:36.0665912-07:00" testType="13cdc9d9-ddb5-4fa4-a97d-d965ccfc6d4b" outcome="Passed" testListId="8c84fa94-04c1-424b-9868-57a2d4851a1d">
      <Output>
      </Output>
    </UnitTestResult>
    <UnitTestResult executionId="bfd66734-9506-474b-bb97-afc75e7e32c7" testId="55a10668-537a-3d59-5ff2-169b72ec0a08" testName="RegisterPostReturnsViewIfPasswordIsNothing" computerName="SWLAPTOP" duration="00:00:00.0005405" startTime="2009-05-02T08:29:36.0725942-07:00" endTime="2009-05-02T08:29:36.0765962-07:00" testType="13cdc9d9-ddb5-4fa4-a97d-d965ccfc6d4b" outcome="Passed" testListId="8c84fa94-04c1-424b-9868-57a2d4851a1d">
      <Output>
      </Output>
    </UnitTestResult>
    <UnitTestResult executionId="897dc51d-ca53-4f0c-a2da-aa1f512f328b" testId="2ac230b4-0f6c-047f-c27e-06d4f0e94ca0" testName="RegisterPostReturnsViewIfPasswordIsTooShort" computerName="SWLAPTOP" duration="00:00:00.0005207" startTime="2009-05-02T08:29:36.0825992-07:00" endTime="2009-05-02T08:29:36.0866012-07:00" testType="13cdc9d9-ddb5-4fa4-a97d-d965ccfc6d4b" outcome="Passed" testListId="8c84fa94-04c1-424b-9868-57a2d4851a1d">
      <Output>
      </Output>
    </UnitTestResult>
    <UnitTestResult executionId="63d898a5-5e72-4bad-a95d-c5b4bd97c196" testId="10560c36-6c20-f064-d572-fc78fdcadc13" testName="RegisterPostReturnsViewIfRegistrationFails" computerName="SWLAPTOP" duration="00:00:00.0099808" startTime="2009-05-02T08:29:36.0926042-07:00" endTime="2009-05-02T08:29:36.1066112-07:00" testType="13cdc9d9-ddb5-4fa4-a97d-d965ccfc6d4b" outcome="Passed" testListId="8c84fa94-04c1-424b-9868-57a2d4851a1d">
      <Output>
      </Output>
    </UnitTestResult>
    <UnitTestResult executionId="21f3f9f2-788d-4839-977e-bced19042447" testId="736d5758-a5ab-1cfd-7e38-ade06a46d4db" testName="RegisterPostReturnsViewIfUsernameNotSpecified" computerName="SWLAPTOP" duration="00:00:00.0005872" startTime="2009-05-02T08:29:36.1116137-07:00" endTime="2009-05-02T08:29:36.1156157-07:00" testType="13cdc9d9-ddb5-4fa4-a97d-d965ccfc6d4b" outcome="Passed" testListId="8c84fa94-04c1-424b-9868-57a2d4851a1d">
      <Output>
      </Output>
    </UnitTestResult>
    <UnitTestResult executionId="86052b36-9ca8-45cd-a054-7b0d11a2e33e" testId="38beac63-16b6-e9cf-8d0b-11219e2b52ab" testName="DirectorRequired" computerName="SWLAPTOP" duration="00:00:00.0117411" startTime="2009-05-02T08:29:36.1206182-07:00" endTime="2009-05-02T08:29:36.1366262-07:00" testType="13cdc9d9-ddb5-4fa4-a97d-d965ccfc6d4b" outcome="Passed" testListId="8c84fa94-04c1-424b-9868-57a2d4851a1d">
      <Output>
      </Output>
    </UnitTestResult>
  </Results>
</TestRun>