<?xml version="1.0" encoding="UTF-8"?>
<TestRun id="6978d533-17b9-4014-817e-8716bb898f96" name="swalther@SWLAPTOP 2009-05-02 08:29:46" runUser="REDMOND\swalther" xmlns="http://microsoft.com/schemas/VisualStudio/TeamTest/2006">
  <TestRunConfiguration name="Default Run Configuration" id="af25fdc3-b164-4c75-8943-1f442cc321b1">
    <Deployment runDeploymentRoot="C:\Users\swalther\Documents\Books\AspNetMvcUnleashed\Chapter08 - Validation\VB\MvcApplication1\TestResults\swalther_SWLAPTOP 2009-05-02 08_29_46">
      <DeploymentItem filename="C:\Users\swalther\Documents\Books\AspNetMvcUnleashed\Chapter08 - Validation\VB\MvcApplication1\MvcApplication1\bin\MvcApplication1.dll" />
    </Deployment>
    <Hosts skipUnhostableTests="false" />
    <TestTypeSpecific />
  </TestRunConfiguration>
  <ResultSummary outcome="Failed">
    <Counters total="1" executed="1" error="0" failed="1" timeout="0" aborted="0" inconclusive="0" passedButRunAborted="0" notRunnable="0" notExecuted="0" disconnected="0" warning="0" passed="0" completed="0" inProgress="0" pending="0" />
  </ResultSummary>
  <Times creation="2009-05-02T08:29:46.5158132-07:00" queuing="2009-05-02T08:29:49.3422257-07:00" start="2009-05-02T08:29:49.7114102-07:00" finish="2009-05-02T08:29:50.5788437-07:00" />
  <TestDefinitions>
    <UnitTest name="DirectorRequired" storage="c:\users\swalther\documents\books\aspnetmvcunleashed\chapter08 - validation\vb\mvcapplication1\mvcapplication1.tests\bin\debug\mvcapplication1.tests.dll" id="38beac63-16b6-e9cf-8d0b-11219e2b52ab">
      <Css projectStructure="" iteration="" />
      <Owners>
        <Owner name="" />
      </Owners>
      <Execution id="39a1cd91-e866-44ae-93c8-baec58a55aad" />
      <TestMethod codeBase="C:\Users\swalther\Documents\Books\AspNetMvcUnleashed\Chapter08 - Validation\VB\MvcApplication1\MvcApplication1.Tests\bin\Debug\MvcApplication1.Tests.dll" adapterTypeName="Microsoft.VisualStudio.TestTools.TestTypes.Unit.UnitTestAdapter, Microsoft.VisualStudio.QualityTools.Tips.UnitTest.Adapter, Version=9.0.0.0, Culture=neutral, PublicKeyToken=b03f5f7f11d50a3a" className="MvcApplication1.Tests.Movie2ControllerTests, MvcApplication1.Tests" name="DirectorRequired" />
    </UnitTest>
  </TestDefinitions>
  <TestLists>
    <TestList name="Results Not in a List" id="8c84fa94-04c1-424b-9868-57a2d4851a1d" />
    <TestList name="All Loaded Results" id="19431567-8539-422a-85d7-44ee4e166bda" />
  </TestLists>
  <TestEntries>
    <TestEntry testId="38beac63-16b6-e9cf-8d0b-11219e2b52ab" executionId="39a1cd91-e866-44ae-93c8-baec58a55aad" testListId="8c84fa94-04c1-424b-9868-57a2d4851a1d" />
  </TestEntries>
  <Results>
    <UnitTestResult executionId="39a1cd91-e866-44ae-93c8-baec58a55aad" testId="38beac63-16b6-e9cf-8d0b-11219e2b52ab" testName="DirectorRequired" computerName="SWLAPTOP" duration="00:00:00.0917402" startTime="2009-05-02T08:29:49.7984537-07:00" endTime="2009-05-02T08:29:50.4837962-07:00" testType="13cdc9d9-ddb5-4fa4-a97d-d965ccfc6d4b" outcome="Failed" testListId="8c84fa94-04c1-424b-9868-57a2d4851a1d">
      <Output>
        <ErrorInfo>
          <Message>Assert.IsTrue failed. </Message>
          <StackTrace>   at MvcApplication1.Tests.Movie2ControllerTests.DirectorRequired() in C:\Users\swalther\Documents\Books\AspNetMvcUnleashed\Chapter08 - Validation\VB\MvcApplication1\MvcApplication1.Tests\Controllers\Movie2ControllerTests.vb:line 19
</StackTrace>
        </ErrorInfo>
      </Output>
    </UnitTestResult>
  </Results>
</TestRun>