<?xml version="1.0" encoding="UTF-8"?>
<TestRun id="dd81d3d1-6488-4158-97e5-9fbeb95ad855" name="swalther@SWLAPTOP 2009-04-15 11:11:01" runUser="REDMOND\swalther" xmlns="http://microsoft.com/schemas/VisualStudio/TeamTest/2006">
  <TestRunConfiguration name="Default Run Configuration" id="7c0c8383-e36a-4988-9926-019bd21de5b5">
    <Deployment runDeploymentRoot="C:\Users\swalther\Documents\Books\AspNetMvcUnleashed\Chapter19 - Adding Validation\VB\UnleashedBlog\TestResults\swalther_SWLAPTOP 2009-04-15 11_11_01">
      <DeploymentItem filename="C:\Users\swalther\Documents\Books\AspNetMvcUnleashed\Chapter19 - Adding Validation\VB\UnleashedBlog\UnleashedBlog\bin\UnleashedBlog.dll" />
      <DeploymentItem filename="C:\Users\swalther\Documents\Books\AspNetMvcUnleashed\CommonCode\RouteDebugger\RouteDebugger\bin\Debug\RouteDebugger.dll" />
      <DeploymentItem filename="C:\Users\swalther\Documents\Books\AspNetMvcUnleashed\CommonCode\MvcFakes\MvcFakes\bin\Debug\MvcFakes.dll" />
    </Deployment>
    <Hosts skipUnhostableTests="false" />
    <TestTypeSpecific />
  </TestRunConfiguration>
  <ResultSummary outcome="Failed">
    <Counters total="13" executed="13" passed="9" error="0" failed="4" timeout="0" aborted="0" inconclusive="0" passedButRunAborted="0" notRunnable="0" notExecuted="0" disconnected="0" warning="0" completed="0" inProgress="0" pending="0" />
  </ResultSummary>
  <Times creation="2009-04-15T11:11:01.4778227-07:00" queuing="2009-04-15T11:11:02.7107747-07:00" start="2009-04-15T11:11:02.9784155-07:00" finish="2009-04-15T11:11:04.0519859-07:00" />
  <TestDefinitions>
    <UnitTest name="IndexReturnsBlogEntriesByYear" storage="c:\users\swalther\documents\books\aspnetmvcunleashed\chapter19 - adding validation\vb\unleashedblog\unleashedblog.tests\bin\debug\unleashedblog.tests.dll" id="6c8c66f0-684e-7c39-5959-1c504aed450a">
      <Css projectStructure="" iteration="" />
      <Owners>
        <Owner name="" />
      </Owners>
      <Execution id="d25365c5-cb31-44ae-b103-9d2175f9931d" />
      <TestMethod codeBase="C:\Users\swalther\Documents\Books\AspNetMvcUnleashed\Chapter19 - Adding Validation\VB\UnleashedBlog\UnleashedBlog.Tests\bin\Debug\UnleashedBlog.Tests.dll" adapterTypeName="Microsoft.VisualStudio.TestTools.TestTypes.Unit.UnitTestAdapter, Microsoft.VisualStudio.QualityTools.Tips.UnitTest.Adapter, Version=9.0.0.0, Culture=neutral, PublicKeyToken=b03f5f7f11d50a3a" className="UnleashedBlog.Tests.ArchiveControllerTests, UnleashedBlog.Tests" name="IndexReturnsBlogEntriesByYear" />
    </UnitTest>
    <UnitTest name="IndexReturnsBlogEntriesByDay" storage="c:\users\swalther\documents\books\aspnetmvcunleashed\chapter19 - adding validation\vb\unleashedblog\unleashedblog.tests\bin\debug\unleashedblog.tests.dll" id="af204010-4a90-5f4e-550f-6c15b2bce1f7">
      <Css projectStructure="" iteration="" />
      <Owners>
        <Owner name="" />
      </Owners>
      <Execution id="c505c060-9982-4c67-b0ec-493f6b94b778" />
      <TestMethod codeBase="C:\Users\swalther\Documents\Books\AspNetMvcUnleashed\Chapter19 - Adding Validation\VB\UnleashedBlog\UnleashedBlog.Tests\bin\Debug\UnleashedBlog.Tests.dll" adapterTypeName="Microsoft.VisualStudio.TestTools.TestTypes.Unit.UnitTestAdapter, Microsoft.VisualStudio.QualityTools.Tips.UnitTest.Adapter, Version=9.0.0.0, Culture=neutral, PublicKeyToken=b03f5f7f11d50a3a" className="UnleashedBlog.Tests.ArchiveControllerTests, UnleashedBlog.Tests" name="IndexReturnsBlogEntriesByDay" />
    </UnitTest>
    <UnitTest name="CreateTitleRequired" storage="c:\users\swalther\documents\books\aspnetmvcunleashed\chapter19 - adding validation\vb\unleashedblog\unleashedblog.tests\bin\debug\unleashedblog.tests.dll" id="2b8a9527-ef33-89d0-311f-70824e8a073e">
      <Css projectStructure="" iteration="" />
      <Owners>
        <Owner name="" />
      </Owners>
      <Execution id="2037e6ba-ca34-43af-ba42-115ddece332f" />
      <TestMethod codeBase="C:\Users\swalther\Documents\Books\AspNetMvcUnleashed\Chapter19 - Adding Validation\VB\UnleashedBlog\UnleashedBlog.Tests\bin\Debug\UnleashedBlog.Tests.dll" adapterTypeName="Microsoft.VisualStudio.TestTools.TestTypes.Unit.UnitTestAdapter, Microsoft.VisualStudio.QualityTools.Tips.UnitTest.Adapter, Version=9.0.0.0, Culture=neutral, PublicKeyToken=b03f5f7f11d50a3a" className="UnleashedBlog.Tests.BlogControllerTests, UnleashedBlog.Tests" name="CreateTitleRequired" />
    </UnitTest>
    <UnitTest name="IndexReturnsBlogEntryByName" storage="c:\users\swalther\documents\books\aspnetmvcunleashed\chapter19 - adding validation\vb\unleashedblog\unleashedblog.tests\bin\debug\unleashedblog.tests.dll" id="4d187e8f-0397-8aa2-e993-61c2514155aa">
      <Css projectStructure="" iteration="" />
      <Owners>
        <Owner name="" />
      </Owners>
      <Execution id="cebc9d3f-4592-4c7d-b88d-2eabb1a376f0" />
      <TestMethod codeBase="C:\Users\swalther\Documents\Books\AspNetMvcUnleashed\Chapter19 - Adding Validation\VB\UnleashedBlog\UnleashedBlog.Tests\bin\Debug\UnleashedBlog.Tests.dll" adapterTypeName="Microsoft.VisualStudio.TestTools.TestTypes.Unit.UnitTestAdapter, Microsoft.VisualStudio.QualityTools.Tips.UnitTest.Adapter, Version=9.0.0.0, Culture=neutral, PublicKeyToken=b03f5f7f11d50a3a" className="UnleashedBlog.Tests.ArchiveControllerTests, UnleashedBlog.Tests" name="IndexReturnsBlogEntryByName" />
    </UnitTest>
    <UnitTest name="CreateTitleMaximumLength500" storage="c:\users\swalther\documents\books\aspnetmvcunleashed\chapter19 - adding validation\vb\unleashedblog\unleashedblog.tests\bin\debug\unleashedblog.tests.dll" id="aeae9ec9-7c37-b9e8-1cce-65c8f216d49d">
      <Css projectStructure="" iteration="" />
      <Owners>
        <Owner name="" />
      </Owners>
      <Execution id="99dc2b3c-3d7d-43c1-8376-2c4bf77f0fdf" />
      <TestMethod codeBase="C:\Users\swalther\Documents\Books\AspNetMvcUnleashed\Chapter19 - Adding Validation\VB\UnleashedBlog\UnleashedBlog.Tests\bin\Debug\UnleashedBlog.Tests.dll" adapterTypeName="Microsoft.VisualStudio.TestTools.TestTypes.Unit.UnitTestAdapter, Microsoft.VisualStudio.QualityTools.Tips.UnitTest.Adapter, Version=9.0.0.0, Culture=neutral, PublicKeyToken=b03f5f7f11d50a3a" className="UnleashedBlog.Tests.BlogControllerTests, UnleashedBlog.Tests" name="CreateTitleMaximumLength500" />
    </UnitTest>
    <UnitTest name="ArchiveYearMonth" storage="c:\users\swalther\documents\books\aspnetmvcunleashed\chapter19 - adding validation\vb\unleashedblog\unleashedblog.tests\bin\debug\unleashedblog.tests.dll" id="355130d8-598a-83c1-df35-ebf160d85abc">
      <Css projectStructure="" iteration="" />
      <Owners>
        <Owner name="" />
      </Owners>
      <Execution id="78bfe61c-53e5-43ed-8126-eaa5c53bd44d" />
      <TestMethod codeBase="C:\Users\swalther\Documents\Books\AspNetMvcUnleashed\Chapter19 - Adding Validation\VB\UnleashedBlog\UnleashedBlog.Tests\bin\Debug\UnleashedBlog.Tests.dll" adapterTypeName="Microsoft.VisualStudio.TestTools.TestTypes.Unit.UnitTestAdapter, Microsoft.VisualStudio.QualityTools.Tips.UnitTest.Adapter, Version=9.0.0.0, Culture=neutral, PublicKeyToken=b03f5f7f11d50a3a" className="UnleashedBlog.Tests.RouteTests, UnleashedBlog.Tests" name="ArchiveYearMonth" />
    </UnitTest>
    <UnitTest name="IndexReturnsBlogEntriesByMonth" storage="c:\users\swalther\documents\books\aspnetmvcunleashed\chapter19 - adding validation\vb\unleashedblog\unleashedblog.tests\bin\debug\unleashedblog.tests.dll" id="3bb81d9b-0fca-a52c-f916-bc086d10bc1e">
      <Css projectStructure="" iteration="" />
      <Owners>
        <Owner name="" />
      </Owners>
      <Execution id="1537b3cb-3e00-4300-8a2b-7f995b0f3135" />
      <TestMethod codeBase="C:\Users\swalther\Documents\Books\AspNetMvcUnleashed\Chapter19 - Adding Validation\VB\UnleashedBlog\UnleashedBlog.Tests\bin\Debug\UnleashedBlog.Tests.dll" adapterTypeName="Microsoft.VisualStudio.TestTools.TestTypes.Unit.UnitTestAdapter, Microsoft.VisualStudio.QualityTools.Tips.UnitTest.Adapter, Version=9.0.0.0, Culture=neutral, PublicKeyToken=b03f5f7f11d50a3a" className="UnleashedBlog.Tests.ArchiveControllerTests, UnleashedBlog.Tests" name="IndexReturnsBlogEntriesByMonth" />
    </UnitTest>
    <UnitTest name="CreateBlogEntry" storage="c:\users\swalther\documents\books\aspnetmvcunleashed\chapter19 - adding validation\vb\unleashedblog\unleashedblog.tests\bin\debug\unleashedblog.tests.dll" id="53abb6ba-e0eb-c900-8e80-8a422fd5dcfa">
      <Css projectStructure="" iteration="" />
      <Owners>
        <Owner name="" />
      </Owners>
      <Execution id="00d3d35c-404e-4ed0-8fd2-ff09c268c182" />
      <TestMethod codeBase="C:\Users\swalther\Documents\Books\AspNetMvcUnleashed\Chapter19 - Adding Validation\VB\UnleashedBlog\UnleashedBlog.Tests\bin\Debug\UnleashedBlog.Tests.dll" adapterTypeName="Microsoft.VisualStudio.TestTools.TestTypes.Unit.UnitTestAdapter, Microsoft.VisualStudio.QualityTools.Tips.UnitTest.Adapter, Version=9.0.0.0, Culture=neutral, PublicKeyToken=b03f5f7f11d50a3a" className="UnleashedBlog.Tests.BlogControllerTests, UnleashedBlog.Tests" name="CreateBlogEntry" />
    </UnitTest>
    <UnitTest name="ArchiveYearMonthDayName" storage="c:\users\swalther\documents\books\aspnetmvcunleashed\chapter19 - adding validation\vb\unleashedblog\unleashedblog.tests\bin\debug\unleashedblog.tests.dll" id="df07a596-7e6d-c02e-823f-fe7062312347">
      <Css projectStructure="" iteration="" />
      <Owners>
        <Owner name="" />
      </Owners>
      <Execution id="6d8d0f8d-1862-4165-befd-5c6858ebfe5b" />
      <TestMethod codeBase="C:\Users\swalther\Documents\Books\AspNetMvcUnleashed\Chapter19 - Adding Validation\VB\UnleashedBlog\UnleashedBlog.Tests\bin\Debug\UnleashedBlog.Tests.dll" adapterTypeName="Microsoft.VisualStudio.TestTools.TestTypes.Unit.UnitTestAdapter, Microsoft.VisualStudio.QualityTools.Tips.UnitTest.Adapter, Version=9.0.0.0, Culture=neutral, PublicKeyToken=b03f5f7f11d50a3a" className="UnleashedBlog.Tests.RouteTests, UnleashedBlog.Tests" name="ArchiveYearMonthDayName" />
    </UnitTest>
    <UnitTest name="DefaultRoute" storage="c:\users\swalther\documents\books\aspnetmvcunleashed\chapter19 - adding validation\vb\unleashedblog\unleashedblog.tests\bin\debug\unleashedblog.tests.dll" id="be9839c3-6da0-3afa-1128-5cf4d1a20fa9">
      <Css projectStructure="" iteration="" />
      <Owners>
        <Owner name="" />
      </Owners>
      <Execution id="83fc8ade-39bc-4b26-9ff7-580f77b7d142" />
      <TestMethod codeBase="C:\Users\swalther\Documents\Books\AspNetMvcUnleashed\Chapter19 - Adding Validation\VB\UnleashedBlog\UnleashedBlog.Tests\bin\Debug\UnleashedBlog.Tests.dll" adapterTypeName="Microsoft.VisualStudio.TestTools.TestTypes.Unit.UnitTestAdapter, Microsoft.VisualStudio.QualityTools.Tips.UnitTest.Adapter, Version=9.0.0.0, Culture=neutral, PublicKeyToken=b03f5f7f11d50a3a" className="UnleashedBlog.Tests.RouteTests, UnleashedBlog.Tests" name="DefaultRoute" />
    </UnitTest>
    <UnitTest name="ArchiveYearMonthDay" storage="c:\users\swalther\documents\books\aspnetmvcunleashed\chapter19 - adding validation\vb\unleashedblog\unleashedblog.tests\bin\debug\unleashedblog.tests.dll" id="bc759681-b9de-918d-c7be-b64f31944942">
      <Css projectStructure="" iteration="" />
      <Owners>
        <Owner name="" />
      </Owners>
      <Execution id="8b8c308d-f771-49ff-8b30-6317285e156a" />
      <TestMethod codeBase="C:\Users\swalther\Documents\Books\AspNetMvcUnleashed\Chapter19 - Adding Validation\VB\UnleashedBlog\UnleashedBlog.Tests\bin\Debug\UnleashedBlog.Tests.dll" adapterTypeName="Microsoft.VisualStudio.TestTools.TestTypes.Unit.UnitTestAdapter, Microsoft.VisualStudio.QualityTools.Tips.UnitTest.Adapter, Version=9.0.0.0, Culture=neutral, PublicKeyToken=b03f5f7f11d50a3a" className="UnleashedBlog.Tests.RouteTests, UnleashedBlog.Tests" name="ArchiveYearMonthDay" />
    </UnitTest>
    <UnitTest name="ArchiveYear" storage="c:\users\swalther\documents\books\aspnetmvcunleashed\chapter19 - adding validation\vb\unleashedblog\unleashedblog.tests\bin\debug\unleashedblog.tests.dll" id="34bf8981-8595-fbb9-702b-14c78eb42274">
      <Css projectStructure="" iteration="" />
      <Owners>
        <Owner name="" />
      </Owners>
      <Execution id="2dba8055-2376-432d-bf6f-d605f2c9b13c" />
      <TestMethod codeBase="C:\Users\swalther\Documents\Books\AspNetMvcUnleashed\Chapter19 - Adding Validation\VB\UnleashedBlog\UnleashedBlog.Tests\bin\Debug\UnleashedBlog.Tests.dll" adapterTypeName="Microsoft.VisualStudio.TestTools.TestTypes.Unit.UnitTestAdapter, Microsoft.VisualStudio.QualityTools.Tips.UnitTest.Adapter, Version=9.0.0.0, Culture=neutral, PublicKeyToken=b03f5f7f11d50a3a" className="UnleashedBlog.Tests.RouteTests, UnleashedBlog.Tests" name="ArchiveYear" />
    </UnitTest>
    <UnitTest name="ShowNewBlogEntries" storage="c:\users\swalther\documents\books\aspnetmvcunleashed\chapter19 - adding validation\vb\unleashedblog\unleashedblog.tests\bin\debug\unleashedblog.tests.dll" id="9d685191-81df-c621-a3ae-5e9f3eb979d1">
      <Css projectStructure="" iteration="" />
      <Owners>
        <Owner name="" />
      </Owners>
      <Execution id="b0c631c3-d557-4fce-a1a5-fccfba68c787" />
      <TestMethod codeBase="C:\Users\swalther\Documents\Books\AspNetMvcUnleashed\Chapter19 - Adding Validation\VB\UnleashedBlog\UnleashedBlog.Tests\bin\Debug\UnleashedBlog.Tests.dll" adapterTypeName="Microsoft.VisualStudio.TestTools.TestTypes.Unit.UnitTestAdapter, Microsoft.VisualStudio.QualityTools.Tips.UnitTest.Adapter, Version=9.0.0.0, Culture=neutral, PublicKeyToken=b03f5f7f11d50a3a" className="UnleashedBlog.Tests.BlogControllerTests, UnleashedBlog.Tests" name="ShowNewBlogEntries" />
    </UnitTest>
  </TestDefinitions>
  <TestLists>
    <TestList name="Results Not in a List" id="8c84fa94-04c1-424b-9868-57a2d4851a1d" />
    <TestList name="All Loaded Results" id="19431567-8539-422a-85d7-44ee4e166bda" />
  </TestLists>
  <TestEntries>
    <TestEntry testId="2b8a9527-ef33-89d0-311f-70824e8a073e" executionId="2037e6ba-ca34-43af-ba42-115ddece332f" testListId="8c84fa94-04c1-424b-9868-57a2d4851a1d" />
    <TestEntry testId="34bf8981-8595-fbb9-702b-14c78eb42274" executionId="2dba8055-2376-432d-bf6f-d605f2c9b13c" testListId="8c84fa94-04c1-424b-9868-57a2d4851a1d" />
    <TestEntry testId="355130d8-598a-83c1-df35-ebf160d85abc" executionId="78bfe61c-53e5-43ed-8126-eaa5c53bd44d" testListId="8c84fa94-04c1-424b-9868-57a2d4851a1d" />
    <TestEntry testId="3bb81d9b-0fca-a52c-f916-bc086d10bc1e" executionId="1537b3cb-3e00-4300-8a2b-7f995b0f3135" testListId="8c84fa94-04c1-424b-9868-57a2d4851a1d" />
    <TestEntry testId="4d187e8f-0397-8aa2-e993-61c2514155aa" executionId="cebc9d3f-4592-4c7d-b88d-2eabb1a376f0" testListId="8c84fa94-04c1-424b-9868-57a2d4851a1d" />
    <TestEntry testId="53abb6ba-e0eb-c900-8e80-8a422fd5dcfa" executionId="00d3d35c-404e-4ed0-8fd2-ff09c268c182" testListId="8c84fa94-04c1-424b-9868-57a2d4851a1d" />
    <TestEntry testId="6c8c66f0-684e-7c39-5959-1c504aed450a" executionId="d25365c5-cb31-44ae-b103-9d2175f9931d" testListId="8c84fa94-04c1-424b-9868-57a2d4851a1d" />
    <TestEntry testId="9d685191-81df-c621-a3ae-5e9f3eb979d1" executionId="b0c631c3-d557-4fce-a1a5-fccfba68c787" testListId="8c84fa94-04c1-424b-9868-57a2d4851a1d" />
    <TestEntry testId="aeae9ec9-7c37-b9e8-1cce-65c8f216d49d" executionId="99dc2b3c-3d7d-43c1-8376-2c4bf77f0fdf" testListId="8c84fa94-04c1-424b-9868-57a2d4851a1d" />
    <TestEntry testId="af204010-4a90-5f4e-550f-6c15b2bce1f7" executionId="c505c060-9982-4c67-b0ec-493f6b94b778" testListId="8c84fa94-04c1-424b-9868-57a2d4851a1d" />
    <TestEntry testId="bc759681-b9de-918d-c7be-b64f31944942" executionId="8b8c308d-f771-49ff-8b30-6317285e156a" testListId="8c84fa94-04c1-424b-9868-57a2d4851a1d" />
    <TestEntry testId="be9839c3-6da0-3afa-1128-5cf4d1a20fa9" executionId="83fc8ade-39bc-4b26-9ff7-580f77b7d142" testListId="8c84fa94-04c1-424b-9868-57a2d4851a1d" />
    <TestEntry testId="df07a596-7e6d-c02e-823f-fe7062312347" executionId="6d8d0f8d-1862-4165-befd-5c6858ebfe5b" testListId="8c84fa94-04c1-424b-9868-57a2d4851a1d" />
  </TestEntries>
  <Results>
    <UnitTestResult executionId="2037e6ba-ca34-43af-ba42-115ddece332f" testId="2b8a9527-ef33-89d0-311f-70824e8a073e" testName="CreateTitleRequired" computerName="SWLAPTOP" duration="00:00:00.0124689" startTime="2009-04-15T11:11:03.0706363-07:00" endTime="2009-04-15T11:11:03.6510259-07:00" testType="13cdc9d9-ddb5-4fa4-a97d-d965ccfc6d4b" outcome="Passed" testListId="8c84fa94-04c1-424b-9868-57a2d4851a1d">
      <Output>
      </Output>
    </UnitTestResult>
    <UnitTestResult executionId="2dba8055-2376-432d-bf6f-d605f2c9b13c" testId="34bf8981-8595-fbb9-702b-14c78eb42274" testName="ArchiveYear" computerName="SWLAPTOP" duration="00:00:00.0817512" startTime="2009-04-15T11:11:03.6590451-07:00" endTime="2009-04-15T11:11:03.7693091-07:00" testType="13cdc9d9-ddb5-4fa4-a97d-d965ccfc6d4b" outcome="Passed" testListId="8c84fa94-04c1-424b-9868-57a2d4851a1d">
      <Output>
      </Output>
    </UnitTestResult>
    <UnitTestResult executionId="78bfe61c-53e5-43ed-8126-eaa5c53bd44d" testId="355130d8-598a-83c1-df35-ebf160d85abc" testName="ArchiveYearMonth" computerName="SWLAPTOP" duration="00:00:00.0007506" startTime="2009-04-15T11:11:03.7783307-07:00" endTime="2009-04-15T11:11:03.7823403-07:00" testType="13cdc9d9-ddb5-4fa4-a97d-d965ccfc6d4b" outcome="Passed" testListId="8c84fa94-04c1-424b-9868-57a2d4851a1d">
      <Output>
      </Output>
    </UnitTestResult>
    <UnitTestResult executionId="1537b3cb-3e00-4300-8a2b-7f995b0f3135" testId="3bb81d9b-0fca-a52c-f916-bc086d10bc1e" testName="IndexReturnsBlogEntriesByMonth" computerName="SWLAPTOP" duration="00:00:00.0221343" startTime="2009-04-15T11:11:03.7873523-07:00" endTime="2009-04-15T11:11:03.8134147-07:00" testType="13cdc9d9-ddb5-4fa4-a97d-d965ccfc6d4b" outcome="Failed" testListId="8c84fa94-04c1-424b-9868-57a2d4851a1d">
      <Output>
        <ErrorInfo>
          <Message>Test method UnleashedBlog.Tests.ArchiveControllerTests.IndexReturnsBlogEntriesByMonth threw exception:  System.NullReferenceException: Object reference not set to an instance of an object..</Message>
          <StackTrace>    at UnleashedBlog.BlogController.Create(BlogEntry blogEntryToCreate) in C:\Users\swalther\Documents\Books\AspNetMvcUnleashed\Chapter19 - Adding Validation\VB\UnleashedBlog\UnleashedBlog\Controllers\BlogController.vb:line 29
   at UnleashedBlog.Tests.ArchiveControllerTests.IndexReturnsBlogEntriesByMonth() in C:\Users\swalther\Documents\Books\AspNetMvcUnleashed\Chapter19 - Adding Validation\VB\UnleashedBlog\UnleashedBlog.Tests\Controllers\ArchiveControllerTests.vb:line 35
</StackTrace>
        </ErrorInfo>
      </Output>
    </UnitTestResult>
    <UnitTestResult executionId="cebc9d3f-4592-4c7d-b88d-2eabb1a376f0" testId="4d187e8f-0397-8aa2-e993-61c2514155aa" testName="IndexReturnsBlogEntryByName" computerName="SWLAPTOP" duration="00:00:00.0088733" startTime="2009-04-15T11:11:03.8284507-07:00" endTime="2009-04-15T11:11:03.8404795-07:00" testType="13cdc9d9-ddb5-4fa4-a97d-d965ccfc6d4b" outcome="Failed" testListId="8c84fa94-04c1-424b-9868-57a2d4851a1d">
      <Output>
        <ErrorInfo>
          <Message>Test method UnleashedBlog.Tests.ArchiveControllerTests.IndexReturnsBlogEntryByName threw exception:  System.NullReferenceException: Object reference not set to an instance of an object..</Message>
          <StackTrace>    at UnleashedBlog.BlogController.Create(BlogEntry blogEntryToCreate) in C:\Users\swalther\Documents\Books\AspNetMvcUnleashed\Chapter19 - Adding Validation\VB\UnleashedBlog\UnleashedBlog\Controllers\BlogController.vb:line 29
   at UnleashedBlog.Tests.ArchiveControllerTests.IndexReturnsBlogEntryByName() in C:\Users\swalther\Documents\Books\AspNetMvcUnleashed\Chapter19 - Adding Validation\VB\UnleashedBlog\UnleashedBlog.Tests\Controllers\ArchiveControllerTests.vb:line 74
</StackTrace>
        </ErrorInfo>
      </Output>
    </UnitTestResult>
    <UnitTestResult executionId="00d3d35c-404e-4ed0-8fd2-ff09c268c182" testId="53abb6ba-e0eb-c900-8e80-8a422fd5dcfa" testName="CreateBlogEntry" computerName="SWLAPTOP" duration="00:00:00.0086493" startTime="2009-04-15T11:11:03.8495011-07:00" endTime="2009-04-15T11:11:03.8615299-07:00" testType="13cdc9d9-ddb5-4fa4-a97d-d965ccfc6d4b" outcome="Failed" testListId="8c84fa94-04c1-424b-9868-57a2d4851a1d">
      <Output>
        <ErrorInfo>
          <Message>Test method UnleashedBlog.Tests.BlogControllerTests.CreateBlogEntry threw exception:  System.NullReferenceException: Object reference not set to an instance of an object..</Message>
          <StackTrace>    at UnleashedBlog.BlogController.Create(BlogEntry blogEntryToCreate) in C:\Users\swalther\Documents\Books\AspNetMvcUnleashed\Chapter19 - Adding Validation\VB\UnleashedBlog\UnleashedBlog\Controllers\BlogController.vb:line 29
   at UnleashedBlog.Tests.BlogControllerTests.CreateBlogEntry() in C:\Users\swalther\Documents\Books\AspNetMvcUnleashed\Chapter19 - Adding Validation\VB\UnleashedBlog\UnleashedBlog.Tests\Controllers\BlogControllerTests.vb:line 31
</StackTrace>
        </ErrorInfo>
      </Output>
    </UnitTestResult>
    <UnitTestResult executionId="d25365c5-cb31-44ae-b103-9d2175f9931d" testId="6c8c66f0-684e-7c39-5959-1c504aed450a" testName="IndexReturnsBlogEntriesByYear" computerName="SWLAPTOP" duration="00:00:00.0170716" startTime="2009-04-15T11:11:03.8695491-07:00" endTime="2009-04-15T11:11:03.8916019-07:00" testType="13cdc9d9-ddb5-4fa4-a97d-d965ccfc6d4b" outcome="Passed" testListId="8c84fa94-04c1-424b-9868-57a2d4851a1d">
      <Output>
      </Output>
    </UnitTestResult>
    <UnitTestResult executionId="b0c631c3-d557-4fce-a1a5-fccfba68c787" testId="9d685191-81df-c621-a3ae-5e9f3eb979d1" testName="ShowNewBlogEntries" computerName="SWLAPTOP" duration="00:00:00.0017931" startTime="2009-04-15T11:11:03.9086427-07:00" endTime="2009-04-15T11:11:03.9146571-07:00" testType="13cdc9d9-ddb5-4fa4-a97d-d965ccfc6d4b" outcome="Passed" testListId="8c84fa94-04c1-424b-9868-57a2d4851a1d">
      <Output>
      </Output>
    </UnitTestResult>
    <UnitTestResult executionId="99dc2b3c-3d7d-43c1-8376-2c4bf77f0fdf" testId="aeae9ec9-7c37-b9e8-1cce-65c8f216d49d" testName="CreateTitleMaximumLength500" computerName="SWLAPTOP" duration="00:00:00.0009954" startTime="2009-04-15T11:11:03.9226763-07:00" endTime="2009-04-15T11:11:03.9286907-07:00" testType="13cdc9d9-ddb5-4fa4-a97d-d965ccfc6d4b" outcome="Passed" testListId="8c84fa94-04c1-424b-9868-57a2d4851a1d">
      <Output>
      </Output>
    </UnitTestResult>
    <UnitTestResult executionId="c505c060-9982-4c67-b0ec-493f6b94b778" testId="af204010-4a90-5f4e-550f-6c15b2bce1f7" testName="IndexReturnsBlogEntriesByDay" computerName="SWLAPTOP" duration="00:00:00.0107096" startTime="2009-04-15T11:11:03.9347051-07:00" endTime="2009-04-15T11:11:03.9497411-07:00" testType="13cdc9d9-ddb5-4fa4-a97d-d965ccfc6d4b" outcome="Failed" testListId="8c84fa94-04c1-424b-9868-57a2d4851a1d">
      <Output>
        <ErrorInfo>
          <Message>Test method UnleashedBlog.Tests.ArchiveControllerTests.IndexReturnsBlogEntriesByDay threw exception:  System.NullReferenceException: Object reference not set to an instance of an object..</Message>
          <StackTrace>    at UnleashedBlog.BlogController.Create(BlogEntry blogEntryToCreate) in C:\Users\swalther\Documents\Books\AspNetMvcUnleashed\Chapter19 - Adding Validation\VB\UnleashedBlog\UnleashedBlog\Controllers\BlogController.vb:line 29
   at UnleashedBlog.Tests.ArchiveControllerTests.IndexReturnsBlogEntriesByDay() in C:\Users\swalther\Documents\Books\AspNetMvcUnleashed\Chapter19 - Adding Validation\VB\UnleashedBlog\UnleashedBlog.Tests\Controllers\ArchiveControllerTests.vb:line 55
</StackTrace>
        </ErrorInfo>
      </Output>
    </UnitTestResult>
    <UnitTestResult executionId="8b8c308d-f771-49ff-8b30-6317285e156a" testId="bc759681-b9de-918d-c7be-b64f31944942" testName="ArchiveYearMonthDay" computerName="SWLAPTOP" duration="00:00:00.0008383" startTime="2009-04-15T11:11:03.9597651-07:00" endTime="2009-04-15T11:11:03.9647771-07:00" testType="13cdc9d9-ddb5-4fa4-a97d-d965ccfc6d4b" outcome="Passed" testListId="8c84fa94-04c1-424b-9868-57a2d4851a1d">
      <Output>
      </Output>
    </UnitTestResult>
    <UnitTestResult executionId="83fc8ade-39bc-4b26-9ff7-580f77b7d142" testId="be9839c3-6da0-3afa-1128-5cf4d1a20fa9" testName="DefaultRoute" computerName="SWLAPTOP" duration="00:00:00.0006324" startTime="2009-04-15T11:11:03.9707915-07:00" endTime="2009-04-15T11:11:03.9737987-07:00" testType="13cdc9d9-ddb5-4fa4-a97d-d965ccfc6d4b" outcome="Passed" testListId="8c84fa94-04c1-424b-9868-57a2d4851a1d">
      <Output>
      </Output>
    </UnitTestResult>
    <UnitTestResult executionId="6d8d0f8d-1862-4165-befd-5c6858ebfe5b" testId="df07a596-7e6d-c02e-823f-fe7062312347" testName="ArchiveYearMonthDayName" computerName="SWLAPTOP" duration="00:00:00.0008618" startTime="2009-04-15T11:11:03.9808155-07:00" endTime="2009-04-15T11:11:03.9848251-07:00" testType="13cdc9d9-ddb5-4fa4-a97d-d965ccfc6d4b" outcome="Passed" testListId="8c84fa94-04c1-424b-9868-57a2d4851a1d">
      <Output>
      </Output>
    </UnitTestResult>
  </Results>
</TestRun>