<?xml version="1.0" encoding="UTF-8"?>
<TestRun id="4aa2c81e-4fee-48ee-a793-1b9afec61468" name="swalther@SWLAPTOP 2009-04-16 09:40:08" runUser="REDMOND\swalther" xmlns="http://microsoft.com/schemas/VisualStudio/TeamTest/2006">
  <TestRunConfiguration name="Default Run Configuration" id="f3cff31b-2bec-49ef-863b-a3c1803d872f">
    <Deployment runDeploymentRoot="C:\Users\swalther\Documents\Books\AspNetMvcUnleashed\Chapter20 - Views and Ajax\VB\UnleashedBlog\TestResults\swalther_SWLAPTOP 2009-04-16 09_40_08">
      <DeploymentItem filename="C:\Users\swalther\Documents\Books\AspNetMvcUnleashed\CommonCode\MvcFakes\MvcFakes\bin\Debug\MvcFakes.dll" />
      <DeploymentItem filename="C:\Users\swalther\Documents\Books\AspNetMvcUnleashed\CommonCode\RouteDebugger\RouteDebugger\bin\Debug\RouteDebugger.dll" />
      <DeploymentItem filename="C:\Users\swalther\Documents\Books\AspNetMvcUnleashed\Chapter20 - Views and Ajax\VB\UnleashedBlog\UnleashedBlog\bin\UnleashedBlog.dll" />
    </Deployment>
    <Hosts skipUnhostableTests="false" />
    <TestTypeSpecific />
  </TestRunConfiguration>
  <ResultSummary outcome="Failed">
    <Counters total="1" executed="1" error="0" failed="1" timeout="0" aborted="0" inconclusive="0" passedButRunAborted="0" notRunnable="0" notExecuted="0" disconnected="0" warning="0" passed="0" completed="0" inProgress="0" pending="0" />
  </ResultSummary>
  <Times creation="2009-04-16T09:40:08.7120537-07:00" queuing="2009-04-16T09:40:10.4782303-07:00" start="2009-04-16T09:40:10.8812706-07:00" finish="2009-04-16T09:41:21.2383056-07:00" />
  <TestDefinitions>
    <UnitTest name="CreateNameFromTitle" storage="c:\users\swalther\documents\books\aspnetmvcunleashed\chapter20 - views and ajax\vb\unleashedblog\unleashedblog.tests\bin\debug\unleashedblog.tests.dll" id="383a9b4c-8610-d106-bb03-82b9b8f8e606">
      <Css projectStructure="" iteration="" />
      <Owners>
        <Owner name="" />
      </Owners>
      <Execution id="b0c2e000-a381-4df6-99e4-b061fe2f1b6a" />
      <TestMethod codeBase="C:\Users\swalther\Documents\Books\AspNetMvcUnleashed\Chapter20 - Views and Ajax\VB\UnleashedBlog\UnleashedBlog.Tests\bin\Debug\UnleashedBlog.Tests.dll" adapterTypeName="Microsoft.VisualStudio.TestTools.TestTypes.Unit.UnitTestAdapter, Microsoft.VisualStudio.QualityTools.Tips.UnitTest.Adapter, Version=9.0.0.0, Culture=neutral, PublicKeyToken=b03f5f7f11d50a3a" className="UnleashedBlog.Tests.BlogControllerTests, UnleashedBlog.Tests" name="CreateNameFromTitle" />
    </UnitTest>
  </TestDefinitions>
  <TestLists>
    <TestList name="Results Not in a List" id="8c84fa94-04c1-424b-9868-57a2d4851a1d" />
    <TestList name="All Loaded Results" id="19431567-8539-422a-85d7-44ee4e166bda" />
  </TestLists>
  <TestEntries>
    <TestEntry testId="383a9b4c-8610-d106-bb03-82b9b8f8e606" executionId="b0c2e000-a381-4df6-99e4-b061fe2f1b6a" testListId="8c84fa94-04c1-424b-9868-57a2d4851a1d" />
  </TestEntries>
  <Results>
    <UnitTestResult executionId="b0c2e000-a381-4df6-99e4-b061fe2f1b6a" testId="383a9b4c-8610-d106-bb03-82b9b8f8e606" testName="CreateNameFromTitle" computerName="SWLAPTOP" duration="00:01:09.2715227" startTime="2009-04-16T09:40:11.0512876-07:00" endTime="2009-04-16T09:41:21.1823000-07:00" testType="13cdc9d9-ddb5-4fa4-a97d-d965ccfc6d4b" outcome="Failed" testListId="8c84fa94-04c1-424b-9868-57a2d4851a1d">
      <Output>
        <ErrorInfo>
          <Message>Test method UnleashedBlog.Tests.BlogControllerTests.CreateNameFromTitle threw exception:  System.InvalidOperationException: Nullable object must have a value..</Message>
          <StackTrace>    at System.ThrowHelper.ThrowInvalidOperationException(ExceptionResource resource)
   at System.Nullable`1.op_Explicit(Nullable`1 value)
   at UnleashedBlog.ArchiveController.Index(Nullable`1 page, Nullable`1 year, Nullable`1 month, Nullable`1 day, String name) in C:\Users\swalther\Documents\Books\AspNetMvcUnleashed\Chapter20 - Views and Ajax\VB\UnleashedBlog\UnleashedBlog\Controllers\ArchiveController.vb:line 15
   at UnleashedBlog.Tests.BlogControllerTests.CreateNameFromTitle() in C:\Users\swalther\Documents\Books\AspNetMvcUnleashed\Chapter20 - Views and Ajax\VB\UnleashedBlog\UnleashedBlog.Tests\Controllers\BlogControllerTests.vb:line 129
</StackTrace>
        </ErrorInfo>
      </Output>
    </UnitTestResult>
  </Results>
</TestRun>