<?xml version="1.0" encoding="UTF-8"?>
<TestRun id="cdb98711-1cb7-447d-b4ae-ef01e32fa842" name="swalther@SWLAPTOP 2009-02-13 17:46:11" runUser="REDMOND\swalther" xmlns="http://microsoft.com/schemas/VisualStudio/TeamTest/2006">
  <TestRunConfiguration name="Default Run Configuration" id="87f6f41a-f702-4889-9167-bd90a39c8d6c">
    <Deployment runDeploymentRoot="C:\Users\swalther\Documents\Books\AspNetMvcUnleashed\Chapter03 - Understanding Controllers\Code\VB\MvcApplication1\TestResults\swalther_SWLAPTOP 2009-02-13 17_46_11">
      <DeploymentItem filename="C:\Users\swalther\Documents\Books\AspNetMvcUnleashed\Chapter03 - Understanding Controllers\Code\VB\MvcApplication1\MvcApplication1\bin\MvcApplication1.dll" />
    </Deployment>
    <Hosts skipUnhostableTests="false" />
    <TestTypeSpecific />
  </TestRunConfiguration>
  <ResultSummary outcome="Failed">
    <Counters total="2" executed="2" passed="1" error="0" failed="1" timeout="0" aborted="0" inconclusive="0" passedButRunAborted="0" notRunnable="0" notExecuted="0" disconnected="0" warning="0" completed="0" inProgress="0" pending="0" />
  </ResultSummary>
  <Times creation="2009-02-13T17:46:11.8720000-08:00" queuing="2009-02-13T17:46:15.4420000-08:00" start="2009-02-13T17:46:15.7180000-08:00" finish="2009-02-13T17:46:16.6990000-08:00" />
  <TestDefinitions>
    <UnitTest name="DetailsWithoutId" storage="c:\users\swalther\documents\books\aspnetmvcunleashed\chapter03 - understanding controllers\code\vb\mvcapplication1\mvcapplication1.tests\bin\debug\mvcapplication1.tests.dll" id="2156d8ad-bde8-345c-4bd5-b641785d6768">
      <Css projectStructure="" iteration="" />
      <Owners>
        <Owner name="" />
      </Owners>
      <Execution id="8b9020bf-e514-4280-a071-887b550e38fe" />
      <TestMethod codeBase="C:\Users\swalther\Documents\Books\AspNetMvcUnleashed\Chapter03 - Understanding Controllers\Code\VB\MvcApplication1\MvcApplication1.Tests\bin\Debug\MvcApplication1.Tests.dll" adapterTypeName="Microsoft.VisualStudio.TestTools.TestTypes.Unit.UnitTestAdapter, Microsoft.VisualStudio.QualityTools.Tips.UnitTest.Adapter, Version=9.0.0.0, Culture=neutral, PublicKeyToken=b03f5f7f11d50a3a" className="MvcApplication1.Tests.PersonControllerTest, MvcApplication1.Tests" name="DetailsWithoutId" />
    </UnitTest>
    <UnitTest name="DetailsWithId" storage="c:\users\swalther\documents\books\aspnetmvcunleashed\chapter03 - understanding controllers\code\vb\mvcapplication1\mvcapplication1.tests\bin\debug\mvcapplication1.tests.dll" id="24e5b427-dbea-62fc-12c8-e6378ab615c8">
      <Css projectStructure="" iteration="" />
      <Owners>
        <Owner name="" />
      </Owners>
      <Execution id="9f645682-1783-46ae-82b3-fe0d48b4663f" />
      <TestMethod codeBase="C:\Users\swalther\Documents\Books\AspNetMvcUnleashed\Chapter03 - Understanding Controllers\Code\VB\MvcApplication1\MvcApplication1.Tests\bin\Debug\MvcApplication1.Tests.dll" adapterTypeName="Microsoft.VisualStudio.TestTools.TestTypes.Unit.UnitTestAdapter, Microsoft.VisualStudio.QualityTools.Tips.UnitTest.Adapter, Version=9.0.0.0, Culture=neutral, PublicKeyToken=b03f5f7f11d50a3a" className="MvcApplication1.Tests.PersonControllerTest, MvcApplication1.Tests" name="DetailsWithId" />
    </UnitTest>
  </TestDefinitions>
  <TestLists>
    <TestList name="Results Not in a List" id="8c84fa94-04c1-424b-9868-57a2d4851a1d" />
    <TestList name="All Loaded Results" id="19431567-8539-422a-85d7-44ee4e166bda" />
  </TestLists>
  <TestEntries>
    <TestEntry testId="2156d8ad-bde8-345c-4bd5-b641785d6768" executionId="8b9020bf-e514-4280-a071-887b550e38fe" testListId="8c84fa94-04c1-424b-9868-57a2d4851a1d" />
    <TestEntry testId="24e5b427-dbea-62fc-12c8-e6378ab615c8" executionId="9f645682-1783-46ae-82b3-fe0d48b4663f" testListId="8c84fa94-04c1-424b-9868-57a2d4851a1d" />
  </TestEntries>
  <Results>
    <UnitTestResult executionId="8b9020bf-e514-4280-a071-887b550e38fe" testId="2156d8ad-bde8-345c-4bd5-b641785d6768" testName="DetailsWithoutId" computerName="SWLAPTOP" duration="00:00:00.0743176" startTime="2009-02-13T17:46:15.8060000-08:00" endTime="2009-02-13T17:46:16.4930000-08:00" testType="13cdc9d9-ddb5-4fa4-a97d-d965ccfc6d4b" outcome="Passed" testListId="8c84fa94-04c1-424b-9868-57a2d4851a1d">
      <Output>
      </Output>
    </UnitTestResult>
    <UnitTestResult executionId="9f645682-1783-46ae-82b3-fe0d48b4663f" testId="24e5b427-dbea-62fc-12c8-e6378ab615c8" testName="DetailsWithId" computerName="SWLAPTOP" duration="00:00:00.0224992" startTime="2009-02-13T17:46:16.5130000-08:00" endTime="2009-02-13T17:46:16.5400000-08:00" testType="13cdc9d9-ddb5-4fa4-a97d-d965ccfc6d4b" outcome="Failed" testListId="8c84fa94-04c1-424b-9868-57a2d4851a1d">
      <Output>
        <ErrorInfo>
          <Message>Assert.AreEqual failed. Expected:&lt;Details&gt;. Actual:&lt;&gt;. </Message>
          <StackTrace>   at MvcApplication1.Tests.PersonControllerTest.DetailsWithId() in C:\Users\swalther\Documents\Books\AspNetMvcUnleashed\Chapter03 - Understanding Controllers\Code\VB\MvcApplication1\MvcApplication1.Tests\Controllers\PersonControllerTest.vb:line 15
</StackTrace>
        </ErrorInfo>
      </Output>
    </UnitTestResult>
  </Results>
</TestRun>