<?xml version="1.0" encoding="UTF-8"?>
<TestRun id="1837d8af-c1c1-4f09-b400-15f23fa633b2" name="swalther@SWLAPTOP 2009-02-13 17:47:03" runUser="REDMOND\swalther" xmlns="http://microsoft.com/schemas/VisualStudio/TeamTest/2006">
  <TestRunConfiguration name="Default Run Configuration" id="427a4706-f172-4073-a27a-3501f1fc8de6">
    <Deployment runDeploymentRoot="C:\Users\swalther\Documents\Books\AspNetMvcUnleashed\Chapter03 - Understanding Controllers\Code\VB\MvcApplication1\TestResults\swalther_SWLAPTOP 2009-02-13 17_47_03">
      <DeploymentItem filename="C:\Users\swalther\Documents\Books\AspNetMvcUnleashed\Chapter03 - Understanding Controllers\Code\VB\MvcApplication1\MvcApplication1\bin\MvcApplication1.dll" />
    </Deployment>
    <Hosts skipUnhostableTests="false" />
    <TestTypeSpecific />
  </TestRunConfiguration>
  <ResultSummary outcome="Completed">
    <Counters total="2" executed="2" passed="2" error="0" failed="0" timeout="0" aborted="0" inconclusive="0" passedButRunAborted="0" notRunnable="0" notExecuted="0" disconnected="0" warning="0" completed="0" inProgress="0" pending="0" />
  </ResultSummary>
  <Times creation="2009-02-13T17:47:03.9430000-08:00" queuing="2009-02-13T17:47:05.6710000-08:00" start="2009-02-13T17:47:06.0780000-08:00" finish="2009-02-13T17:47:07.3190000-08:00" />
  <TestDefinitions>
    <UnitTest name="DetailsWithoutId" storage="c:\users\swalther\documents\books\aspnetmvcunleashed\chapter03 - understanding controllers\code\vb\mvcapplication1\mvcapplication1.tests\bin\debug\mvcapplication1.tests.dll" id="2156d8ad-bde8-345c-4bd5-b641785d6768">
      <Css projectStructure="" iteration="" />
      <Owners>
        <Owner name="" />
      </Owners>
      <Execution id="92097634-5770-4f23-91b5-9b613791424d" />
      <TestMethod codeBase="C:\Users\swalther\Documents\Books\AspNetMvcUnleashed\Chapter03 - Understanding Controllers\Code\VB\MvcApplication1\MvcApplication1.Tests\bin\Debug\MvcApplication1.Tests.dll" adapterTypeName="Microsoft.VisualStudio.TestTools.TestTypes.Unit.UnitTestAdapter, Microsoft.VisualStudio.QualityTools.Tips.UnitTest.Adapter, Version=9.0.0.0, Culture=neutral, PublicKeyToken=b03f5f7f11d50a3a" className="MvcApplication1.Tests.PersonControllerTest, MvcApplication1.Tests" name="DetailsWithoutId" />
    </UnitTest>
    <UnitTest name="DetailsWithId" storage="c:\users\swalther\documents\books\aspnetmvcunleashed\chapter03 - understanding controllers\code\vb\mvcapplication1\mvcapplication1.tests\bin\debug\mvcapplication1.tests.dll" id="24e5b427-dbea-62fc-12c8-e6378ab615c8">
      <Css projectStructure="" iteration="" />
      <Owners>
        <Owner name="" />
      </Owners>
      <Execution id="5a115af9-f698-41c1-9766-2e2a3d2102b9" />
      <TestMethod codeBase="C:\Users\swalther\Documents\Books\AspNetMvcUnleashed\Chapter03 - Understanding Controllers\Code\VB\MvcApplication1\MvcApplication1.Tests\bin\Debug\MvcApplication1.Tests.dll" adapterTypeName="Microsoft.VisualStudio.TestTools.TestTypes.Unit.UnitTestAdapter, Microsoft.VisualStudio.QualityTools.Tips.UnitTest.Adapter, Version=9.0.0.0, Culture=neutral, PublicKeyToken=b03f5f7f11d50a3a" className="MvcApplication1.Tests.PersonControllerTest, MvcApplication1.Tests" name="DetailsWithId" />
    </UnitTest>
  </TestDefinitions>
  <TestLists>
    <TestList name="Results Not in a List" id="8c84fa94-04c1-424b-9868-57a2d4851a1d" />
    <TestList name="All Loaded Results" id="19431567-8539-422a-85d7-44ee4e166bda" />
  </TestLists>
  <TestEntries>
    <TestEntry testId="2156d8ad-bde8-345c-4bd5-b641785d6768" executionId="92097634-5770-4f23-91b5-9b613791424d" testListId="8c84fa94-04c1-424b-9868-57a2d4851a1d" />
    <TestEntry testId="24e5b427-dbea-62fc-12c8-e6378ab615c8" executionId="5a115af9-f698-41c1-9766-2e2a3d2102b9" testListId="8c84fa94-04c1-424b-9868-57a2d4851a1d" />
  </TestEntries>
  <Results>
    <UnitTestResult executionId="92097634-5770-4f23-91b5-9b613791424d" testId="2156d8ad-bde8-345c-4bd5-b641785d6768" testName="DetailsWithoutId" computerName="SWLAPTOP" duration="00:00:00.0761177" startTime="2009-02-13T17:47:06.3410000-08:00" endTime="2009-02-13T17:47:07.2350000-08:00" testType="13cdc9d9-ddb5-4fa4-a97d-d965ccfc6d4b" outcome="Passed" testListId="8c84fa94-04c1-424b-9868-57a2d4851a1d">
      <Output>
      </Output>
    </UnitTestResult>
    <UnitTestResult executionId="5a115af9-f698-41c1-9766-2e2a3d2102b9" testId="24e5b427-dbea-62fc-12c8-e6378ab615c8" testName="DetailsWithId" computerName="SWLAPTOP" duration="00:00:00.0007589" startTime="2009-02-13T17:47:07.2410000-08:00" endTime="2009-02-13T17:47:07.2460000-08:00" testType="13cdc9d9-ddb5-4fa4-a97d-d965ccfc6d4b" outcome="Passed" testListId="8c84fa94-04c1-424b-9868-57a2d4851a1d">
      <Output>
      </Output>
    </UnitTestResult>
  </Results>
</TestRun>