<?xml version="1.0" encoding="UTF-8"?>
<TestRun id="531dd7fe-8006-41d9-8b58-8a5743239706" name="swalther@SWLAPTOP 2009-04-14 20:24:05" runUser="REDMOND\swalther" xmlns="http://microsoft.com/schemas/VisualStudio/TeamTest/2006">
  <TestRunConfiguration name="Default Run Configuration" id="7a76310d-d2f5-43fa-8f78-56d3eeb71a07">
    <Deployment runDeploymentRoot="C:\Users\swalther\Documents\Books\AspNetMvcUnleashed\Chapter18 - Creating the Routes\VB\UnleashedBlog\TestResults\swalther_SWLAPTOP 2009-04-14 20_24_05">
      <DeploymentItem filename="C:\Users\swalther\Documents\Books\AspNetMvcUnleashed\CommonCode\RouteDebugger\RouteDebugger\bin\Debug\RouteDebugger.dll" />
      <DeploymentItem filename="C:\Users\swalther\Documents\Books\AspNetMvcUnleashed\Chapter18 - Creating the Routes\VB\UnleashedBlog\UnleashedBlog\bin\UnleashedBlog.dll" />
      <DeploymentItem filename="C:\Users\swalther\Documents\Books\AspNetMvcUnleashed\CommonCode\MvcFakes\MvcFakes\bin\Debug\MvcFakes.dll" />
    </Deployment>
    <Hosts skipUnhostableTests="false" />
    <TestTypeSpecific />
  </TestRunConfiguration>
  <ResultSummary outcome="Error">
    <Counters total="11" error="0" failed="0" timeout="0" aborted="0" inconclusive="0" passedButRunAborted="0" notRunnable="0" notExecuted="11" disconnected="0" warning="0" passed="0" completed="0" inProgress="0" pending="0" />
    <RunInfos>
      <RunInfo computerName="SWLAPTOP" outcome="Warning" timestamp="2009-04-14T20:24:07.2256494-07:00">
        <Text>The process cannot access the file 'C:\Users\swalther\Documents\Books\AspNetMvcUnleashed\Chapter18 - Creating the Routes\VB\UnleashedBlog\TestResults\swalther_SWLAPTOP 2009-04-14 20_24_05\Out\unleashedblog.tests.dll' because it is being used by another process.</Text>
        <Exception>System.IO.IOException: The process cannot access the file 'C:\Users\swalther\Documents\Books\AspNetMvcUnleashed\Chapter18 - Creating the Routes\VB\UnleashedBlog\TestResults\swalther_SWLAPTOP 2009-04-14 20_24_05\Out\unleashedblog.tests.dll' because it is being used by another process.

Server stack trace: 
   at System.IO.__Error.WinIOError(Int32 errorCode, String maybeFullPath)
   at System.IO.FileStream.Init(String path, FileMode mode, FileAccess access, Int32 rights, Boolean useRights, FileShare share, Int32 bufferSize, FileOptions options, SECURITY_ATTRIBUTES secAttrs, String msgPath, Boolean bFromProxy)
   at System.IO.FileStream..ctor(String path, FileMode mode, FileAccess access, FileShare share, Int32 bufferSize, FileOptions options, String msgPath, Boolean bFromProxy)
   at Microsoft.VisualStudio.TestTools.Common.QTFileStream..ctor(String path, FileMode mode, FileAccess access, FileShare share, Int32 bufferSize, IQTFileStreamCallback callback)
   at Microsoft.VisualStudio.TestTools.Common.FileCopyService.OpenQTFile(String fileNameAndPath)
   at System.Runtime.Remoting.Messaging.StackBuilderSink._PrivateProcessMessage(IntPtr md, Object[] args, Object server, Int32 methodPtr, Boolean fExecuteInContext, Object[]&amp; outArgs)
   at System.Runtime.Remoting.Messaging.StackBuilderSink.PrivateProcessMessage(RuntimeMethodHandle md, Object[] args, Object server, Int32 methodPtr, Boolean fExecuteInContext, Object[]&amp; outArgs)
   at System.Runtime.Remoting.Messaging.StackBuilderSink.SyncProcessMessage(IMessage msg, Int32 methodPtr, Boolean fExecuteInContext)

Exception rethrown at [0]: 
   at System.Runtime.Remoting.Proxies.RealProxy.HandleReturnMessage(IMessage reqMsg, IMessage retMsg)
   at System.Runtime.Remoting.Proxies.RealProxy.PrivateInvoke(MessageData&amp; msgData, Int32 type)
   at Microsoft.VisualStudio.TestTools.Common.FileCopyService.OpenQTFile(String fileNameAndPath)
   at Microsoft.VisualStudio.TestTools.Execution.DeploymentQueue.CopyFiles(DeploymentJob job)
   at Microsoft.VisualStudio.TestTools.Execution.DeploymentQueue.DeploymentQueueThread()</Exception>
      </RunInfo>
    </RunInfos>
  </ResultSummary>
  <Times creation="2009-04-14T20:24:05.6776494-07:00" queuing="2009-04-14T20:24:07.0226494-07:00" start="2009-04-14T20:24:05.6776494-07:00" finish="2009-04-14T20:24:07.2526494-07:00" />
  <TestDefinitions>
    <UnitTest name="IndexReturnsBlogEntriesByYear" storage="c:\users\swalther\documents\books\aspnetmvcunleashed\chapter18 - creating the routes\vb\unleashedblog\unleashedblog.tests\bin\debug\unleashedblog.tests.dll" id="6c8c66f0-684e-7c39-5959-1c504aed450a">
      <Css projectStructure="" iteration="" />
      <Owners>
        <Owner name="" />
      </Owners>
      <Execution id="5a0beeea-5cdd-4120-b30e-d81480e9a96a" />
      <TestMethod codeBase="C:\Users\swalther\Documents\Books\AspNetMvcUnleashed\Chapter18 - Creating the Routes\VB\UnleashedBlog\UnleashedBlog.Tests\bin\Debug\UnleashedBlog.Tests.dll" adapterTypeName="Microsoft.VisualStudio.TestTools.TestTypes.Unit.UnitTestAdapter, Microsoft.VisualStudio.QualityTools.Tips.UnitTest.Adapter, Version=9.0.0.0, Culture=neutral, PublicKeyToken=b03f5f7f11d50a3a" className="UnleashedBlog.Tests.ArchiveControllerTests, UnleashedBlog.Tests" name="IndexReturnsBlogEntriesByYear" />
    </UnitTest>
    <UnitTest name="IndexReturnsBlogEntriesByDay" storage="c:\users\swalther\documents\books\aspnetmvcunleashed\chapter18 - creating the routes\vb\unleashedblog\unleashedblog.tests\bin\debug\unleashedblog.tests.dll" id="af204010-4a90-5f4e-550f-6c15b2bce1f7">
      <Css projectStructure="" iteration="" />
      <Owners>
        <Owner name="" />
      </Owners>
      <Execution id="4550fe58-559c-4421-bb02-7bc282f127ca" />
      <TestMethod codeBase="C:\Users\swalther\Documents\Books\AspNetMvcUnleashed\Chapter18 - Creating the Routes\VB\UnleashedBlog\UnleashedBlog.Tests\bin\Debug\UnleashedBlog.Tests.dll" adapterTypeName="Microsoft.VisualStudio.TestTools.TestTypes.Unit.UnitTestAdapter, Microsoft.VisualStudio.QualityTools.Tips.UnitTest.Adapter, Version=9.0.0.0, Culture=neutral, PublicKeyToken=b03f5f7f11d50a3a" className="UnleashedBlog.Tests.ArchiveControllerTests, UnleashedBlog.Tests" name="IndexReturnsBlogEntriesByDay" />
    </UnitTest>
    <UnitTest name="IndexReturnsBlogEntryByName" storage="c:\users\swalther\documents\books\aspnetmvcunleashed\chapter18 - creating the routes\vb\unleashedblog\unleashedblog.tests\bin\debug\unleashedblog.tests.dll" id="4d187e8f-0397-8aa2-e993-61c2514155aa">
      <Css projectStructure="" iteration="" />
      <Owners>
        <Owner name="" />
      </Owners>
      <Execution id="1f947922-07fa-4e9e-b6d4-f2561f7f6f1f" />
      <TestMethod codeBase="C:\Users\swalther\Documents\Books\AspNetMvcUnleashed\Chapter18 - Creating the Routes\VB\UnleashedBlog\UnleashedBlog.Tests\bin\Debug\UnleashedBlog.Tests.dll" adapterTypeName="Microsoft.VisualStudio.TestTools.TestTypes.Unit.UnitTestAdapter, Microsoft.VisualStudio.QualityTools.Tips.UnitTest.Adapter, Version=9.0.0.0, Culture=neutral, PublicKeyToken=b03f5f7f11d50a3a" className="UnleashedBlog.Tests.ArchiveControllerTests, UnleashedBlog.Tests" name="IndexReturnsBlogEntryByName" />
    </UnitTest>
    <UnitTest name="ArchiveYearMonth" storage="c:\users\swalther\documents\books\aspnetmvcunleashed\chapter18 - creating the routes\vb\unleashedblog\unleashedblog.tests\bin\debug\unleashedblog.tests.dll" id="355130d8-598a-83c1-df35-ebf160d85abc">
      <Css projectStructure="" iteration="" />
      <Owners>
        <Owner name="" />
      </Owners>
      <Execution id="05d77cfc-704a-4e7c-b011-314ff84713ff" />
      <TestMethod codeBase="C:\Users\swalther\Documents\Books\AspNetMvcUnleashed\Chapter18 - Creating the Routes\VB\UnleashedBlog\UnleashedBlog.Tests\bin\Debug\UnleashedBlog.Tests.dll" adapterTypeName="Microsoft.VisualStudio.TestTools.TestTypes.Unit.UnitTestAdapter, Microsoft.VisualStudio.QualityTools.Tips.UnitTest.Adapter, Version=9.0.0.0, Culture=neutral, PublicKeyToken=b03f5f7f11d50a3a" className="UnleashedBlog.Tests.RouteTests, UnleashedBlog.Tests" name="ArchiveYearMonth" />
    </UnitTest>
    <UnitTest name="IndexReturnsBlogEntriesByMonth" storage="c:\users\swalther\documents\books\aspnetmvcunleashed\chapter18 - creating the routes\vb\unleashedblog\unleashedblog.tests\bin\debug\unleashedblog.tests.dll" id="3bb81d9b-0fca-a52c-f916-bc086d10bc1e">
      <Css projectStructure="" iteration="" />
      <Owners>
        <Owner name="" />
      </Owners>
      <Execution id="b1df6ffe-2962-4905-a6a9-b83a8bc070c3" />
      <TestMethod codeBase="C:\Users\swalther\Documents\Books\AspNetMvcUnleashed\Chapter18 - Creating the Routes\VB\UnleashedBlog\UnleashedBlog.Tests\bin\Debug\UnleashedBlog.Tests.dll" adapterTypeName="Microsoft.VisualStudio.TestTools.TestTypes.Unit.UnitTestAdapter, Microsoft.VisualStudio.QualityTools.Tips.UnitTest.Adapter, Version=9.0.0.0, Culture=neutral, PublicKeyToken=b03f5f7f11d50a3a" className="UnleashedBlog.Tests.ArchiveControllerTests, UnleashedBlog.Tests" name="IndexReturnsBlogEntriesByMonth" />
    </UnitTest>
    <UnitTest name="CreateBlogEntry" storage="c:\users\swalther\documents\books\aspnetmvcunleashed\chapter18 - creating the routes\vb\unleashedblog\unleashedblog.tests\bin\debug\unleashedblog.tests.dll" id="53abb6ba-e0eb-c900-8e80-8a422fd5dcfa">
      <Css projectStructure="" iteration="" />
      <Owners>
        <Owner name="" />
      </Owners>
      <Execution id="de564096-4761-426b-9ad6-45859d06942b" />
      <TestMethod codeBase="C:\Users\swalther\Documents\Books\AspNetMvcUnleashed\Chapter18 - Creating the Routes\VB\UnleashedBlog\UnleashedBlog.Tests\bin\Debug\UnleashedBlog.Tests.dll" adapterTypeName="Microsoft.VisualStudio.TestTools.TestTypes.Unit.UnitTestAdapter, Microsoft.VisualStudio.QualityTools.Tips.UnitTest.Adapter, Version=9.0.0.0, Culture=neutral, PublicKeyToken=b03f5f7f11d50a3a" className="UnleashedBlog.Tests.BlogControllerTests, UnleashedBlog.Tests" name="CreateBlogEntry" />
    </UnitTest>
    <UnitTest name="ArchiveYearMonthDayName" storage="c:\users\swalther\documents\books\aspnetmvcunleashed\chapter18 - creating the routes\vb\unleashedblog\unleashedblog.tests\bin\debug\unleashedblog.tests.dll" id="df07a596-7e6d-c02e-823f-fe7062312347">
      <Css projectStructure="" iteration="" />
      <Owners>
        <Owner name="" />
      </Owners>
      <Execution id="23388e73-e553-42a9-9dfa-65bf1f1577ba" />
      <TestMethod codeBase="C:\Users\swalther\Documents\Books\AspNetMvcUnleashed\Chapter18 - Creating the Routes\VB\UnleashedBlog\UnleashedBlog.Tests\bin\Debug\UnleashedBlog.Tests.dll" adapterTypeName="Microsoft.VisualStudio.TestTools.TestTypes.Unit.UnitTestAdapter, Microsoft.VisualStudio.QualityTools.Tips.UnitTest.Adapter, Version=9.0.0.0, Culture=neutral, PublicKeyToken=b03f5f7f11d50a3a" className="UnleashedBlog.Tests.RouteTests, UnleashedBlog.Tests" name="ArchiveYearMonthDayName" />
    </UnitTest>
    <UnitTest name="DefaultRoute" storage="c:\users\swalther\documents\books\aspnetmvcunleashed\chapter18 - creating the routes\vb\unleashedblog\unleashedblog.tests\bin\debug\unleashedblog.tests.dll" id="be9839c3-6da0-3afa-1128-5cf4d1a20fa9">
      <Css projectStructure="" iteration="" />
      <Owners>
        <Owner name="" />
      </Owners>
      <Execution id="5a5caa0a-1adf-47cf-a7f5-c94400b759aa" />
      <TestMethod codeBase="C:\Users\swalther\Documents\Books\AspNetMvcUnleashed\Chapter18 - Creating the Routes\VB\UnleashedBlog\UnleashedBlog.Tests\bin\Debug\UnleashedBlog.Tests.dll" adapterTypeName="Microsoft.VisualStudio.TestTools.TestTypes.Unit.UnitTestAdapter, Microsoft.VisualStudio.QualityTools.Tips.UnitTest.Adapter, Version=9.0.0.0, Culture=neutral, PublicKeyToken=b03f5f7f11d50a3a" className="UnleashedBlog.Tests.RouteTests, UnleashedBlog.Tests" name="DefaultRoute" />
    </UnitTest>
    <UnitTest name="ArchiveYearMonthDay" storage="c:\users\swalther\documents\books\aspnetmvcunleashed\chapter18 - creating the routes\vb\unleashedblog\unleashedblog.tests\bin\debug\unleashedblog.tests.dll" id="bc759681-b9de-918d-c7be-b64f31944942">
      <Css projectStructure="" iteration="" />
      <Owners>
        <Owner name="" />
      </Owners>
      <Execution id="b116f108-700d-4f88-bdc4-f5ed897f146f" />
      <TestMethod codeBase="C:\Users\swalther\Documents\Books\AspNetMvcUnleashed\Chapter18 - Creating the Routes\VB\UnleashedBlog\UnleashedBlog.Tests\bin\Debug\UnleashedBlog.Tests.dll" adapterTypeName="Microsoft.VisualStudio.TestTools.TestTypes.Unit.UnitTestAdapter, Microsoft.VisualStudio.QualityTools.Tips.UnitTest.Adapter, Version=9.0.0.0, Culture=neutral, PublicKeyToken=b03f5f7f11d50a3a" className="UnleashedBlog.Tests.RouteTests, UnleashedBlog.Tests" name="ArchiveYearMonthDay" />
    </UnitTest>
    <UnitTest name="ArchiveYear" storage="c:\users\swalther\documents\books\aspnetmvcunleashed\chapter18 - creating the routes\vb\unleashedblog\unleashedblog.tests\bin\debug\unleashedblog.tests.dll" id="34bf8981-8595-fbb9-702b-14c78eb42274">
      <Css projectStructure="" iteration="" />
      <Owners>
        <Owner name="" />
      </Owners>
      <Execution id="fbf268ee-d9b8-486e-8eb7-c36beb1adc76" />
      <TestMethod codeBase="C:\Users\swalther\Documents\Books\AspNetMvcUnleashed\Chapter18 - Creating the Routes\VB\UnleashedBlog\UnleashedBlog.Tests\bin\Debug\UnleashedBlog.Tests.dll" adapterTypeName="Microsoft.VisualStudio.TestTools.TestTypes.Unit.UnitTestAdapter, Microsoft.VisualStudio.QualityTools.Tips.UnitTest.Adapter, Version=9.0.0.0, Culture=neutral, PublicKeyToken=b03f5f7f11d50a3a" className="UnleashedBlog.Tests.RouteTests, UnleashedBlog.Tests" name="ArchiveYear" />
    </UnitTest>
    <UnitTest name="ShowNewBlogEntries" storage="c:\users\swalther\documents\books\aspnetmvcunleashed\chapter18 - creating the routes\vb\unleashedblog\unleashedblog.tests\bin\debug\unleashedblog.tests.dll" id="9d685191-81df-c621-a3ae-5e9f3eb979d1">
      <Css projectStructure="" iteration="" />
      <Owners>
        <Owner name="" />
      </Owners>
      <Execution id="d626cd7c-3af9-42a9-97b3-e7feeeb62c63" />
      <TestMethod codeBase="C:\Users\swalther\Documents\Books\AspNetMvcUnleashed\Chapter18 - Creating the Routes\VB\UnleashedBlog\UnleashedBlog.Tests\bin\Debug\UnleashedBlog.Tests.dll" adapterTypeName="Microsoft.VisualStudio.TestTools.TestTypes.Unit.UnitTestAdapter, Microsoft.VisualStudio.QualityTools.Tips.UnitTest.Adapter, Version=9.0.0.0, Culture=neutral, PublicKeyToken=b03f5f7f11d50a3a" className="UnleashedBlog.Tests.BlogControllerTests, UnleashedBlog.Tests" name="ShowNewBlogEntries" />
    </UnitTest>
  </TestDefinitions>
  <TestLists>
    <TestList name="Results Not in a List" id="8c84fa94-04c1-424b-9868-57a2d4851a1d" />
    <TestList name="All Loaded Results" id="19431567-8539-422a-85d7-44ee4e166bda" />
  </TestLists>
  <TestEntries>
    <TestEntry testId="34bf8981-8595-fbb9-702b-14c78eb42274" executionId="7ae40f0b-de18-4e54-8345-7fd10d598ea5" testListId="8c84fa94-04c1-424b-9868-57a2d4851a1d" />
    <TestEntry testId="355130d8-598a-83c1-df35-ebf160d85abc" executionId="5a4fdfaf-8bb8-4008-a382-ccead4b77a01" testListId="8c84fa94-04c1-424b-9868-57a2d4851a1d" />
    <TestEntry testId="3bb81d9b-0fca-a52c-f916-bc086d10bc1e" executionId="81e3407d-7189-4f1c-b8e5-3e911ca29d8c" testListId="8c84fa94-04c1-424b-9868-57a2d4851a1d" />
    <TestEntry testId="4d187e8f-0397-8aa2-e993-61c2514155aa" executionId="327955f2-53b5-43bf-af1a-d5ed28662864" testListId="8c84fa94-04c1-424b-9868-57a2d4851a1d" />
    <TestEntry testId="53abb6ba-e0eb-c900-8e80-8a422fd5dcfa" executionId="f2550eb4-5ab7-4690-8cd6-f1e2f076d0c3" testListId="8c84fa94-04c1-424b-9868-57a2d4851a1d" />
    <TestEntry testId="6c8c66f0-684e-7c39-5959-1c504aed450a" executionId="69ddcab7-1cde-4391-83ba-c0414a9b0da0" testListId="8c84fa94-04c1-424b-9868-57a2d4851a1d" />
    <TestEntry testId="9d685191-81df-c621-a3ae-5e9f3eb979d1" executionId="92c367d3-e916-404a-9074-c22e954f1312" testListId="8c84fa94-04c1-424b-9868-57a2d4851a1d" />
    <TestEntry testId="af204010-4a90-5f4e-550f-6c15b2bce1f7" executionId="865c5939-d39e-49ce-835c-9e793ea18139" testListId="8c84fa94-04c1-424b-9868-57a2d4851a1d" />
    <TestEntry testId="bc759681-b9de-918d-c7be-b64f31944942" executionId="f95f307d-ecd1-48ae-8beb-69153b082637" testListId="8c84fa94-04c1-424b-9868-57a2d4851a1d" />
    <TestEntry testId="be9839c3-6da0-3afa-1128-5cf4d1a20fa9" executionId="2768a906-96ff-4e88-8ef8-09f22323f8ff" testListId="8c84fa94-04c1-424b-9868-57a2d4851a1d" />
    <TestEntry testId="df07a596-7e6d-c02e-823f-fe7062312347" executionId="0dfdb11f-0ae8-47c5-ac6d-37f20d864658" testListId="8c84fa94-04c1-424b-9868-57a2d4851a1d" />
  </TestEntries>
  <Results>
    <UnitTestResult executionId="7ae40f0b-de18-4e54-8345-7fd10d598ea5" testId="34bf8981-8595-fbb9-702b-14c78eb42274" testName="ArchiveYear" computerName="SWLAPTOP" duration="00:00:00" startTime="0001-01-01T00:00:00.0000000-08:00" endTime="0001-01-01T00:00:00.0000000-08:00" testType="13cdc9d9-ddb5-4fa4-a97d-d965ccfc6d4b" outcome="NotExecuted" testListId="8c84fa94-04c1-424b-9868-57a2d4851a1d">
    </UnitTestResult>
    <UnitTestResult executionId="5a4fdfaf-8bb8-4008-a382-ccead4b77a01" testId="355130d8-598a-83c1-df35-ebf160d85abc" testName="ArchiveYearMonth" computerName="SWLAPTOP" duration="00:00:00" startTime="0001-01-01T00:00:00.0000000-08:00" endTime="0001-01-01T00:00:00.0000000-08:00" testType="13cdc9d9-ddb5-4fa4-a97d-d965ccfc6d4b" outcome="NotExecuted" testListId="8c84fa94-04c1-424b-9868-57a2d4851a1d">
    </UnitTestResult>
    <UnitTestResult executionId="81e3407d-7189-4f1c-b8e5-3e911ca29d8c" testId="3bb81d9b-0fca-a52c-f916-bc086d10bc1e" testName="IndexReturnsBlogEntriesByMonth" computerName="SWLAPTOP" duration="00:00:00" startTime="0001-01-01T00:00:00.0000000-08:00" endTime="0001-01-01T00:00:00.0000000-08:00" testType="13cdc9d9-ddb5-4fa4-a97d-d965ccfc6d4b" outcome="NotExecuted" testListId="8c84fa94-04c1-424b-9868-57a2d4851a1d">
    </UnitTestResult>
    <UnitTestResult executionId="327955f2-53b5-43bf-af1a-d5ed28662864" testId="4d187e8f-0397-8aa2-e993-61c2514155aa" testName="IndexReturnsBlogEntryByName" computerName="SWLAPTOP" duration="00:00:00" startTime="0001-01-01T00:00:00.0000000-08:00" endTime="0001-01-01T00:00:00.0000000-08:00" testType="13cdc9d9-ddb5-4fa4-a97d-d965ccfc6d4b" outcome="NotExecuted" testListId="8c84fa94-04c1-424b-9868-57a2d4851a1d">
    </UnitTestResult>
    <UnitTestResult executionId="f2550eb4-5ab7-4690-8cd6-f1e2f076d0c3" testId="53abb6ba-e0eb-c900-8e80-8a422fd5dcfa" testName="CreateBlogEntry" computerName="SWLAPTOP" duration="00:00:00" startTime="0001-01-01T00:00:00.0000000-08:00" endTime="0001-01-01T00:00:00.0000000-08:00" testType="13cdc9d9-ddb5-4fa4-a97d-d965ccfc6d4b" outcome="NotExecuted" testListId="8c84fa94-04c1-424b-9868-57a2d4851a1d">
    </UnitTestResult>
    <UnitTestResult executionId="69ddcab7-1cde-4391-83ba-c0414a9b0da0" testId="6c8c66f0-684e-7c39-5959-1c504aed450a" testName="IndexReturnsBlogEntriesByYear" computerName="SWLAPTOP" duration="00:00:00" startTime="0001-01-01T00:00:00.0000000-08:00" endTime="0001-01-01T00:00:00.0000000-08:00" testType="13cdc9d9-ddb5-4fa4-a97d-d965ccfc6d4b" outcome="NotExecuted" testListId="8c84fa94-04c1-424b-9868-57a2d4851a1d">
    </UnitTestResult>
    <UnitTestResult executionId="92c367d3-e916-404a-9074-c22e954f1312" testId="9d685191-81df-c621-a3ae-5e9f3eb979d1" testName="ShowNewBlogEntries" computerName="SWLAPTOP" duration="00:00:00" startTime="0001-01-01T00:00:00.0000000-08:00" endTime="0001-01-01T00:00:00.0000000-08:00" testType="13cdc9d9-ddb5-4fa4-a97d-d965ccfc6d4b" outcome="NotExecuted" testListId="8c84fa94-04c1-424b-9868-57a2d4851a1d">
    </UnitTestResult>
    <UnitTestResult executionId="865c5939-d39e-49ce-835c-9e793ea18139" testId="af204010-4a90-5f4e-550f-6c15b2bce1f7" testName="IndexReturnsBlogEntriesByDay" computerName="SWLAPTOP" duration="00:00:00" startTime="0001-01-01T00:00:00.0000000-08:00" endTime="0001-01-01T00:00:00.0000000-08:00" testType="13cdc9d9-ddb5-4fa4-a97d-d965ccfc6d4b" outcome="NotExecuted" testListId="8c84fa94-04c1-424b-9868-57a2d4851a1d">
    </UnitTestResult>
    <UnitTestResult executionId="f95f307d-ecd1-48ae-8beb-69153b082637" testId="bc759681-b9de-918d-c7be-b64f31944942" testName="ArchiveYearMonthDay" computerName="SWLAPTOP" duration="00:00:00" startTime="0001-01-01T00:00:00.0000000-08:00" endTime="0001-01-01T00:00:00.0000000-08:00" testType="13cdc9d9-ddb5-4fa4-a97d-d965ccfc6d4b" outcome="NotExecuted" testListId="8c84fa94-04c1-424b-9868-57a2d4851a1d">
    </UnitTestResult>
    <UnitTestResult executionId="2768a906-96ff-4e88-8ef8-09f22323f8ff" testId="be9839c3-6da0-3afa-1128-5cf4d1a20fa9" testName="DefaultRoute" computerName="SWLAPTOP" duration="00:00:00" startTime="0001-01-01T00:00:00.0000000-08:00" endTime="0001-01-01T00:00:00.0000000-08:00" testType="13cdc9d9-ddb5-4fa4-a97d-d965ccfc6d4b" outcome="NotExecuted" testListId="8c84fa94-04c1-424b-9868-57a2d4851a1d">
    </UnitTestResult>
    <UnitTestResult executionId="0dfdb11f-0ae8-47c5-ac6d-37f20d864658" testId="df07a596-7e6d-c02e-823f-fe7062312347" testName="ArchiveYearMonthDayName" computerName="SWLAPTOP" duration="00:00:00" startTime="0001-01-01T00:00:00.0000000-08:00" endTime="0001-01-01T00:00:00.0000000-08:00" testType="13cdc9d9-ddb5-4fa4-a97d-d965ccfc6d4b" outcome="NotExecuted" testListId="8c84fa94-04c1-424b-9868-57a2d4851a1d">
    </UnitTestResult>
  </Results>
</TestRun>