<?xml version="1.0" encoding="UTF-8"?>
<TestRun id="8ac20431-98d4-4e54-8c31-385e53864763" name="swalther@SWLAPTOP 2009-04-05 14:47:09" runUser="REDMOND\swalther" xmlns="http://microsoft.com/schemas/VisualStudio/TeamTest/2006">
  <TestRunConfiguration name="Default Run Configuration" id="3c851e76-92f9-4b4d-939c-7d8f8b55a288">
    <Deployment runDeploymentRoot="C:\Users\swalther\Documents\Books\AspNetMvcUnleashed\Chapter17 - Database Access\VB\UnleashedBlog\TestResults\swalther_SWLAPTOP 2009-04-05 14_47_09">
      <DeploymentItem filename="C:\Users\swalther\Documents\Books\AspNetMvcUnleashed\Chapter17 - Database Access\VB\UnleashedBlog\UnleashedBlog\bin\UnleashedBlog.dll" />
    </Deployment>
    <Hosts skipUnhostableTests="false" />
    <TestTypeSpecific />
  </TestRunConfiguration>
  <ResultSummary outcome="Completed">
    <Counters total="2" executed="2" passed="2" error="0" failed="0" timeout="0" aborted="0" inconclusive="0" passedButRunAborted="0" notRunnable="0" notExecuted="0" disconnected="0" warning="0" completed="0" inProgress="0" pending="0" />
  </ResultSummary>
  <Times creation="2009-04-05T14:47:09.6644644-07:00" queuing="2009-04-05T14:47:10.9285908-07:00" start="2009-04-05T14:47:11.1716151-07:00" finish="2009-04-05T14:47:11.9516931-07:00" />
  <TestDefinitions>
    <UnitTest name="CreateBlogEntry" storage="c:\users\swalther\documents\books\aspnetmvcunleashed\chapter17 - database access\vb\unleashedblog\unleashedblog.tests\bin\debug\unleashedblog.tests.dll" id="53abb6ba-e0eb-c900-8e80-8a422fd5dcfa">
      <Css projectStructure="" iteration="" />
      <Owners>
        <Owner name="" />
      </Owners>
      <Execution id="0eaf3a01-96ec-499b-855b-6d6e937d4f37" />
      <TestMethod codeBase="C:\Users\swalther\Documents\Books\AspNetMvcUnleashed\Chapter17 - Database Access\VB\UnleashedBlog\UnleashedBlog.Tests\bin\Debug\UnleashedBlog.Tests.dll" adapterTypeName="Microsoft.VisualStudio.TestTools.TestTypes.Unit.UnitTestAdapter, Microsoft.VisualStudio.QualityTools.Tips.UnitTest.Adapter, Version=9.0.0.0, Culture=neutral, PublicKeyToken=b03f5f7f11d50a3a" className="UnleashedBlog.Tests.BlogControllerTests, UnleashedBlog.Tests" name="CreateBlogEntry" />
    </UnitTest>
    <UnitTest name="ShowNewBlogEntries" storage="c:\users\swalther\documents\books\aspnetmvcunleashed\chapter17 - database access\vb\unleashedblog\unleashedblog.tests\bin\debug\unleashedblog.tests.dll" id="9d685191-81df-c621-a3ae-5e9f3eb979d1">
      <Css projectStructure="" iteration="" />
      <Owners>
        <Owner name="" />
      </Owners>
      <Execution id="998eaa69-608c-49f7-ac16-3b310258b414" />
      <TestMethod codeBase="C:\Users\swalther\Documents\Books\AspNetMvcUnleashed\Chapter17 - Database Access\VB\UnleashedBlog\UnleashedBlog.Tests\bin\Debug\UnleashedBlog.Tests.dll" adapterTypeName="Microsoft.VisualStudio.TestTools.TestTypes.Unit.UnitTestAdapter, Microsoft.VisualStudio.QualityTools.Tips.UnitTest.Adapter, Version=9.0.0.0, Culture=neutral, PublicKeyToken=b03f5f7f11d50a3a" className="UnleashedBlog.Tests.BlogControllerTests, UnleashedBlog.Tests" name="ShowNewBlogEntries" />
    </UnitTest>
  </TestDefinitions>
  <TestLists>
    <TestList name="Results Not in a List" id="8c84fa94-04c1-424b-9868-57a2d4851a1d" />
    <TestList name="All Loaded Results" id="19431567-8539-422a-85d7-44ee4e166bda" />
  </TestLists>
  <TestEntries>
    <TestEntry testId="53abb6ba-e0eb-c900-8e80-8a422fd5dcfa" executionId="0eaf3a01-96ec-499b-855b-6d6e937d4f37" testListId="8c84fa94-04c1-424b-9868-57a2d4851a1d" />
    <TestEntry testId="9d685191-81df-c621-a3ae-5e9f3eb979d1" executionId="998eaa69-608c-49f7-ac16-3b310258b414" testListId="8c84fa94-04c1-424b-9868-57a2d4851a1d" />
  </TestEntries>
  <Results>
    <UnitTestResult executionId="0eaf3a01-96ec-499b-855b-6d6e937d4f37" testId="53abb6ba-e0eb-c900-8e80-8a422fd5dcfa" testName="CreateBlogEntry" computerName="SWLAPTOP" duration="00:00:00.0645475" startTime="2009-04-05T14:47:11.2446224-07:00" endTime="2009-04-05T14:47:11.8426822-07:00" testType="13cdc9d9-ddb5-4fa4-a97d-d965ccfc6d4b" outcome="Passed" testListId="8c84fa94-04c1-424b-9868-57a2d4851a1d">
      <Output>
      </Output>
    </UnitTestResult>
    <UnitTestResult executionId="998eaa69-608c-49f7-ac16-3b310258b414" testId="9d685191-81df-c621-a3ae-5e9f3eb979d1" testName="ShowNewBlogEntries" computerName="SWLAPTOP" duration="00:00:00.0014711" startTime="2009-04-05T14:47:11.8566836-07:00" endTime="2009-04-05T14:47:11.8626842-07:00" testType="13cdc9d9-ddb5-4fa4-a97d-d965ccfc6d4b" outcome="Passed" testListId="8c84fa94-04c1-424b-9868-57a2d4851a1d">
      <Output>
      </Output>
    </UnitTestResult>
  </Results>
</TestRun>